GAS LISTING /tmp/ccOffBpn.s 			page 1


   1              		.file	"main.cpp"
   2              		.option pic
   3              		.option norelax
   4              		.text
   5              	.Ltext0:
   6              		.section	.rodata.str1.8,"aMS",@progbits,1
   7              		.align	3
   8              	.LC0:
   9 0000 75736572 		.string	"user main start:\n"
   9      206D6169 
   9      6E207374 
   9      6172743A 
   9      0A00
  10 0012 00000000 		.align	3
  10      0000
  11              	.LC1:
  12 0018 75736572 		.string	"user main end:\n"
  12      206D6169 
  12      6E20656E 
  12      643A0A00 
  13              		.text
  14              		.align	2
  15              		.globl	_Z11userWrapperPv
  17              	_Z11userWrapperPv:
  18              	.LFB29:
  19              		.file 1 "src/main.cpp"
   1:src/main.cpp  **** 
   2:src/main.cpp  **** #include "../lib/console.h"
   3:src/main.cpp  **** #include  "../lib/hw.h"
   4:src/main.cpp  **** #include "../h/MemoryAllocator.hpp"
   5:src/main.cpp  **** #include "../h/syscall_c.hpp"
   6:src/main.cpp  **** #include  "../h/syscall_cpp.hpp"
   7:src/main.cpp  **** #include "../h/Riscv.hpp"
   8:src/main.cpp  **** #include "../h/print.hpp"
   9:src/main.cpp  **** #include "../h/List.hpp"
  10:src/main.cpp  **** #include  "../h/TCB.hpp"
  11:src/main.cpp  **** #include "../h/workers.hpp"
  12:src/main.cpp  **** 
  13:src/main.cpp  **** 
  14:src/main.cpp  **** 
  15:src/main.cpp  **** 
  16:src/main.cpp  **** 
  17:src/main.cpp  **** void AllocatorTest() {
  18:src/main.cpp  ****     uint64* a1=new uint64;
  19:src/main.cpp  ****     *a1=4;
  20:src/main.cpp  ****     __putc(*a1+'0');
  21:src/main.cpp  ****     __putc('\n');
  22:src/main.cpp  ****     uint64* a2=new uint64;
  23:src/main.cpp  ****     *a2=5;
  24:src/main.cpp  ****     __putc(*a2+'0');
  25:src/main.cpp  ****     __putc('\n');
  26:src/main.cpp  ****     uint64* a3=new uint64;
  27:src/main.cpp  ****     *a3=6;
  28:src/main.cpp  ****     __putc(*a3+'0');
  29:src/main.cpp  ****     __putc('\n');
  30:src/main.cpp  ****     uint64* a4=new uint64;
  31:src/main.cpp  ****     *a4=7;
GAS LISTING /tmp/ccOffBpn.s 			page 2


  32:src/main.cpp  ****     __putc(*a4+'0');
  33:src/main.cpp  ****     __putc('\n');
  34:src/main.cpp  ****     uint64* a5=new uint64;
  35:src/main.cpp  ****     *a5=8;
  36:src/main.cpp  ****     __putc(*a5+'0');
  37:src/main.cpp  ****     __putc('\n');
  38:src/main.cpp  ****     delete a1;
  39:src/main.cpp  ****     delete a3;
  40:src/main.cpp  ****     delete a4;
  41:src/main.cpp  ****     uint64* a6=new uint64;
  42:src/main.cpp  ****     *a6=9;
  43:src/main.cpp  ****     __putc(*a6+'0');
  44:src/main.cpp  ****     __putc('\n');
  45:src/main.cpp  **** }
  46:src/main.cpp  **** extern void userMain();
  47:src/main.cpp  **** 
  48:src/main.cpp  **** void userWrapper(void* arg)
  49:src/main.cpp  **** {
  20              		.loc 1 49 1
  21              		.cfi_startproc
  22              	.LVL0:
  23 0000 130101FF 		addi	sp,sp,-16
  24              		.cfi_def_cfa_offset 16
  25 0004 23341100 		sd	ra,8(sp)
  26 0008 23308100 		sd	s0,0(sp)
  27              		.cfi_offset 1, -8
  28              		.cfi_offset 8, -16
  29 000c 13040101 		addi	s0,sp,16
  30              		.cfi_def_cfa 8, 0
  50:src/main.cpp  ****     printString("user main start:\n");
  31              		.loc 1 50 5
  32              		.loc 1 50 16 is_stmt 0
  33 0010 17050000 		lla	a0,.LC0
  33      13050500 
  34              	.LVL1:
  35 0018 97000000 		call	_Z11printStringPKc@plt
  35      E7800000 
  36              	.LVL2:
  51:src/main.cpp  ****     userMain();
  37              		.loc 1 51 5 is_stmt 1
  38              		.loc 1 51 13 is_stmt 0
  39 0020 97000000 		call	_Z8userMainv@plt
  39      E7800000 
  40              	.LVL3:
  52:src/main.cpp  ****     printString("user main end:\n");
  41              		.loc 1 52 5 is_stmt 1
  42              		.loc 1 52 16 is_stmt 0
  43 0028 17050000 		lla	a0,.LC1
  43      13050500 
  44 0030 97000000 		call	_Z11printStringPKc@plt
  44      E7800000 
  45              	.LVL4:
  53:src/main.cpp  **** }
  46              		.loc 1 53 1
  47 0038 83308100 		ld	ra,8(sp)
  48              		.cfi_restore 1
  49 003c 03340100 		ld	s0,0(sp)
GAS LISTING /tmp/ccOffBpn.s 			page 3


  50              		.cfi_restore 8
  51              		.cfi_def_cfa 2, 16
  52 0040 13010101 		addi	sp,sp,16
  53              		.cfi_def_cfa_offset 0
  54 0044 67800000 		jr	ra
  55              		.cfi_endproc
  56              	.LFE29:
  58              		.align	2
  59              		.globl	_Z13AllocatorTestv
  61              	_Z13AllocatorTestv:
  62              	.LFB28:
  17:src/main.cpp  ****     uint64* a1=new uint64;
  63              		.loc 1 17 22 is_stmt 1
  64              		.cfi_startproc
  65 0048 130101FD 		addi	sp,sp,-48
  66              		.cfi_def_cfa_offset 48
  67 004c 23341102 		sd	ra,40(sp)
  68 0050 23308102 		sd	s0,32(sp)
  69 0054 233C9100 		sd	s1,24(sp)
  70 0058 23382101 		sd	s2,16(sp)
  71 005c 23343101 		sd	s3,8(sp)
  72              		.cfi_offset 1, -8
  73              		.cfi_offset 8, -16
  74              		.cfi_offset 9, -24
  75              		.cfi_offset 18, -32
  76              		.cfi_offset 19, -40
  77 0060 13040103 		addi	s0,sp,48
  78              		.cfi_def_cfa 8, 0
  18:src/main.cpp  ****     *a1=4;
  79              		.loc 1 18 5
  18:src/main.cpp  ****     *a1=4;
  80              		.loc 1 18 20 is_stmt 0
  81 0064 13058000 		li	a0,8
  82 0068 97000000 		call	_Znwm@plt
  82      E7800000 
  83              	.LVL5:
  84 0070 93090500 		mv	s3,a0
  85              	.LVL6:
  19:src/main.cpp  ****     __putc(*a1+'0');
  86              		.loc 1 19 5 is_stmt 1
  19:src/main.cpp  ****     __putc(*a1+'0');
  87              		.loc 1 19 8 is_stmt 0
  88 0074 93074000 		li	a5,4
  89 0078 2330F500 		sd	a5,0(a0)
  20:src/main.cpp  ****     __putc('\n');
  90              		.loc 1 20 5 is_stmt 1
  20:src/main.cpp  ****     __putc('\n');
  91              		.loc 1 20 11 is_stmt 0
  92 007c 13054003 		li	a0,52
  93              	.LVL7:
  94 0080 97000000 		call	__putc@plt
  94      E7800000 
  95              	.LVL8:
  21:src/main.cpp  ****     uint64* a2=new uint64;
  96              		.loc 1 21 5 is_stmt 1
  21:src/main.cpp  ****     uint64* a2=new uint64;
  97              		.loc 1 21 11 is_stmt 0
GAS LISTING /tmp/ccOffBpn.s 			page 4


  98 0088 1305A000 		li	a0,10
  99 008c 97000000 		call	__putc@plt
  99      E7800000 
 100              	.LVL9:
  22:src/main.cpp  ****     *a2=5;
 101              		.loc 1 22 5 is_stmt 1
  22:src/main.cpp  ****     *a2=5;
 102              		.loc 1 22 20 is_stmt 0
 103 0094 13058000 		li	a0,8
 104 0098 97000000 		call	_Znwm@plt
 104      E7800000 
 105              	.LVL10:
  23:src/main.cpp  ****     __putc(*a2+'0');
 106              		.loc 1 23 5 is_stmt 1
  23:src/main.cpp  ****     __putc(*a2+'0');
 107              		.loc 1 23 8 is_stmt 0
 108 00a0 93075000 		li	a5,5
 109 00a4 2330F500 		sd	a5,0(a0)
  24:src/main.cpp  ****     __putc('\n');
 110              		.loc 1 24 5 is_stmt 1
  24:src/main.cpp  ****     __putc('\n');
 111              		.loc 1 24 11 is_stmt 0
 112 00a8 13055003 		li	a0,53
 113              	.LVL11:
 114 00ac 97000000 		call	__putc@plt
 114      E7800000 
 115              	.LVL12:
  25:src/main.cpp  ****     uint64* a3=new uint64;
 116              		.loc 1 25 5 is_stmt 1
  25:src/main.cpp  ****     uint64* a3=new uint64;
 117              		.loc 1 25 11 is_stmt 0
 118 00b4 1305A000 		li	a0,10
 119 00b8 97000000 		call	__putc@plt
 119      E7800000 
 120              	.LVL13:
  26:src/main.cpp  ****     *a3=6;
 121              		.loc 1 26 5 is_stmt 1
  26:src/main.cpp  ****     *a3=6;
 122              		.loc 1 26 20 is_stmt 0
 123 00c0 13058000 		li	a0,8
 124 00c4 97000000 		call	_Znwm@plt
 124      E7800000 
 125              	.LVL14:
 126 00cc 13090500 		mv	s2,a0
 127              	.LVL15:
  27:src/main.cpp  ****     __putc(*a3+'0');
 128              		.loc 1 27 5 is_stmt 1
  27:src/main.cpp  ****     __putc(*a3+'0');
 129              		.loc 1 27 8 is_stmt 0
 130 00d0 93076000 		li	a5,6
 131 00d4 2330F500 		sd	a5,0(a0)
  28:src/main.cpp  ****     __putc('\n');
 132              		.loc 1 28 5 is_stmt 1
  28:src/main.cpp  ****     __putc('\n');
 133              		.loc 1 28 11 is_stmt 0
 134 00d8 13056003 		li	a0,54
 135              	.LVL16:
GAS LISTING /tmp/ccOffBpn.s 			page 5


 136 00dc 97000000 		call	__putc@plt
 136      E7800000 
 137              	.LVL17:
  29:src/main.cpp  ****     uint64* a4=new uint64;
 138              		.loc 1 29 5 is_stmt 1
  29:src/main.cpp  ****     uint64* a4=new uint64;
 139              		.loc 1 29 11 is_stmt 0
 140 00e4 1305A000 		li	a0,10
 141 00e8 97000000 		call	__putc@plt
 141      E7800000 
 142              	.LVL18:
  30:src/main.cpp  ****     *a4=7;
 143              		.loc 1 30 5 is_stmt 1
  30:src/main.cpp  ****     *a4=7;
 144              		.loc 1 30 20 is_stmt 0
 145 00f0 13058000 		li	a0,8
 146 00f4 97000000 		call	_Znwm@plt
 146      E7800000 
 147              	.LVL19:
 148 00fc 93040500 		mv	s1,a0
 149              	.LVL20:
  31:src/main.cpp  ****     __putc(*a4+'0');
 150              		.loc 1 31 5 is_stmt 1
  31:src/main.cpp  ****     __putc(*a4+'0');
 151              		.loc 1 31 8 is_stmt 0
 152 0100 93077000 		li	a5,7
 153 0104 2330F500 		sd	a5,0(a0)
  32:src/main.cpp  ****     __putc('\n');
 154              		.loc 1 32 5 is_stmt 1
  32:src/main.cpp  ****     __putc('\n');
 155              		.loc 1 32 11 is_stmt 0
 156 0108 13057003 		li	a0,55
 157 010c 97000000 		call	__putc@plt
 157      E7800000 
 158              	.LVL21:
  33:src/main.cpp  ****     uint64* a5=new uint64;
 159              		.loc 1 33 5 is_stmt 1
  33:src/main.cpp  ****     uint64* a5=new uint64;
 160              		.loc 1 33 11 is_stmt 0
 161 0114 1305A000 		li	a0,10
 162 0118 97000000 		call	__putc@plt
 162      E7800000 
 163              	.LVL22:
  34:src/main.cpp  ****     *a5=8;
 164              		.loc 1 34 5 is_stmt 1
  34:src/main.cpp  ****     *a5=8;
 165              		.loc 1 34 20 is_stmt 0
 166 0120 13058000 		li	a0,8
 167 0124 97000000 		call	_Znwm@plt
 167      E7800000 
 168              	.LVL23:
  35:src/main.cpp  ****     __putc(*a5+'0');
 169              		.loc 1 35 5 is_stmt 1
  35:src/main.cpp  ****     __putc(*a5+'0');
 170              		.loc 1 35 8 is_stmt 0
 171 012c 93078000 		li	a5,8
 172 0130 2330F500 		sd	a5,0(a0)
GAS LISTING /tmp/ccOffBpn.s 			page 6


  36:src/main.cpp  ****     __putc('\n');
 173              		.loc 1 36 5 is_stmt 1
  36:src/main.cpp  ****     __putc('\n');
 174              		.loc 1 36 11 is_stmt 0
 175 0134 13058003 		li	a0,56
 176              	.LVL24:
 177 0138 97000000 		call	__putc@plt
 177      E7800000 
 178              	.LVL25:
  37:src/main.cpp  ****     delete a1;
 179              		.loc 1 37 5 is_stmt 1
  37:src/main.cpp  ****     delete a1;
 180              		.loc 1 37 11 is_stmt 0
 181 0140 1305A000 		li	a0,10
 182 0144 97000000 		call	__putc@plt
 182      E7800000 
 183              	.LVL26:
  38:src/main.cpp  ****     delete a3;
 184              		.loc 1 38 5 is_stmt 1
  38:src/main.cpp  ****     delete a3;
 185              		.loc 1 38 14 is_stmt 0
 186 014c 63880900 		beqz	s3,.L4
  38:src/main.cpp  ****     delete a3;
 187              		.loc 1 38 12 discriminator 1
 188 0150 13850900 		mv	a0,s3
 189 0154 97000000 		call	_ZdlPv@plt
 189      E7800000 
 190              	.LVL27:
 191              	.L4:
  39:src/main.cpp  ****     delete a4;
 192              		.loc 1 39 5 is_stmt 1
  39:src/main.cpp  ****     delete a4;
 193              		.loc 1 39 14 is_stmt 0
 194 015c 63080900 		beqz	s2,.L5
  39:src/main.cpp  ****     delete a4;
 195              		.loc 1 39 12 discriminator 1
 196 0160 13050900 		mv	a0,s2
 197 0164 97000000 		call	_ZdlPv@plt
 197      E7800000 
 198              	.LVL28:
 199              	.L5:
  40:src/main.cpp  ****     uint64* a6=new uint64;
 200              		.loc 1 40 5 is_stmt 1
  40:src/main.cpp  ****     uint64* a6=new uint64;
 201              		.loc 1 40 14 is_stmt 0
 202 016c 63880400 		beqz	s1,.L6
  40:src/main.cpp  ****     uint64* a6=new uint64;
 203              		.loc 1 40 12 discriminator 1
 204 0170 13850400 		mv	a0,s1
 205 0174 97000000 		call	_ZdlPv@plt
 205      E7800000 
 206              	.LVL29:
 207              	.L6:
  41:src/main.cpp  ****     *a6=9;
 208              		.loc 1 41 5 is_stmt 1
  41:src/main.cpp  ****     *a6=9;
 209              		.loc 1 41 20 is_stmt 0
GAS LISTING /tmp/ccOffBpn.s 			page 7


 210 017c 13058000 		li	a0,8
 211 0180 97000000 		call	_Znwm@plt
 211      E7800000 
 212              	.LVL30:
  42:src/main.cpp  ****     __putc(*a6+'0');
 213              		.loc 1 42 5 is_stmt 1
  42:src/main.cpp  ****     __putc(*a6+'0');
 214              		.loc 1 42 8 is_stmt 0
 215 0188 93079000 		li	a5,9
 216 018c 2330F500 		sd	a5,0(a0)
  43:src/main.cpp  ****     __putc('\n');
 217              		.loc 1 43 5 is_stmt 1
  43:src/main.cpp  ****     __putc('\n');
 218              		.loc 1 43 11 is_stmt 0
 219 0190 13059003 		li	a0,57
 220              	.LVL31:
 221 0194 97000000 		call	__putc@plt
 221      E7800000 
 222              	.LVL32:
  44:src/main.cpp  **** }
 223              		.loc 1 44 5 is_stmt 1
  44:src/main.cpp  **** }
 224              		.loc 1 44 11 is_stmt 0
 225 019c 1305A000 		li	a0,10
 226 01a0 97000000 		call	__putc@plt
 226      E7800000 
 227              	.LVL33:
  45:src/main.cpp  **** extern void userMain();
 228              		.loc 1 45 1
 229 01a8 83308102 		ld	ra,40(sp)
 230              		.cfi_restore 1
 231 01ac 03340102 		ld	s0,32(sp)
 232              		.cfi_restore 8
 233              		.cfi_def_cfa 2, 48
 234 01b0 83348101 		ld	s1,24(sp)
 235              		.cfi_restore 9
 236              	.LVL34:
 237 01b4 03390101 		ld	s2,16(sp)
 238              		.cfi_restore 18
 239              	.LVL35:
 240 01b8 83398100 		ld	s3,8(sp)
 241              		.cfi_restore 19
 242              	.LVL36:
 243 01bc 13010103 		addi	sp,sp,48
 244              		.cfi_def_cfa_offset 0
 245 01c0 67800000 		jr	ra
 246              		.cfi_endproc
 247              	.LFE28:
 249              		.align	2
 250              		.globl	_Z14WorkerAWrapperPv
 252              	_Z14WorkerAWrapperPv:
 253              	.LFB30:
  54:src/main.cpp  **** 
  55:src/main.cpp  **** void WorkerAWrapper(void* arg)
  56:src/main.cpp  **** {
 254              		.loc 1 56 1 is_stmt 1
 255              		.cfi_startproc
GAS LISTING /tmp/ccOffBpn.s 			page 8


 256              	.LVL37:
 257 01c4 130101FF 		addi	sp,sp,-16
 258              		.cfi_def_cfa_offset 16
 259 01c8 23341100 		sd	ra,8(sp)
 260 01cc 23308100 		sd	s0,0(sp)
 261              		.cfi_offset 1, -8
 262              		.cfi_offset 8, -16
 263 01d0 13040101 		addi	s0,sp,16
 264              		.cfi_def_cfa 8, 0
  57:src/main.cpp  ****     //printString("worker A start:\n");
  58:src/main.cpp  ****     workerBodyA();
 265              		.loc 1 58 5
 266              		.loc 1 58 16 is_stmt 0
 267 01d4 97000000 		call	_Z11workerBodyAv@plt
 267      E7800000 
 268              	.LVL38:
  59:src/main.cpp  ****     //printString("worker A end:\n");
  60:src/main.cpp  **** }
 269              		.loc 1 60 1
 270 01dc 83308100 		ld	ra,8(sp)
 271              		.cfi_restore 1
 272 01e0 03340100 		ld	s0,0(sp)
 273              		.cfi_restore 8
 274              		.cfi_def_cfa 2, 16
 275 01e4 13010101 		addi	sp,sp,16
 276              		.cfi_def_cfa_offset 0
 277 01e8 67800000 		jr	ra
 278              		.cfi_endproc
 279              	.LFE30:
 281              		.align	2
 282              		.globl	_Z14WorkerBWrapperPv
 284              	_Z14WorkerBWrapperPv:
 285              	.LFB31:
  61:src/main.cpp  **** 
  62:src/main.cpp  **** void WorkerBWrapper(void* arg)
  63:src/main.cpp  **** {
 286              		.loc 1 63 1 is_stmt 1
 287              		.cfi_startproc
 288              	.LVL39:
 289 01ec 130101FF 		addi	sp,sp,-16
 290              		.cfi_def_cfa_offset 16
 291 01f0 23341100 		sd	ra,8(sp)
 292 01f4 23308100 		sd	s0,0(sp)
 293              		.cfi_offset 1, -8
 294              		.cfi_offset 8, -16
 295 01f8 13040101 		addi	s0,sp,16
 296              		.cfi_def_cfa 8, 0
  64:src/main.cpp  ****     //printString("worker B start:\n");
  65:src/main.cpp  ****     workerBodyB();
 297              		.loc 1 65 5
 298              		.loc 1 65 16 is_stmt 0
 299 01fc 97000000 		call	_Z11workerBodyBv@plt
 299      E7800000 
 300              	.LVL40:
  66:src/main.cpp  ****     //printString("worker B end:\n");
  67:src/main.cpp  **** }
 301              		.loc 1 67 1
GAS LISTING /tmp/ccOffBpn.s 			page 9


 302 0204 83308100 		ld	ra,8(sp)
 303              		.cfi_restore 1
 304 0208 03340100 		ld	s0,0(sp)
 305              		.cfi_restore 8
 306              		.cfi_def_cfa 2, 16
 307 020c 13010101 		addi	sp,sp,16
 308              		.cfi_def_cfa_offset 0
 309 0210 67800000 		jr	ra
 310              		.cfi_endproc
 311              	.LFE31:
 313              		.section	.rodata.str1.8
 314              		.align	3
 315              	.LC2:
 316 0028 46696E69 		.string	"Finished\n"
 316      73686564 
 316      0A00
 317              		.text
 318              		.align	2
 319              		.globl	main
 321              	main:
 322              	.LFB32:
  68:src/main.cpp  **** 
  69:src/main.cpp  **** 
  70:src/main.cpp  **** 
  71:src/main.cpp  **** 
  72:src/main.cpp  **** 
  73:src/main.cpp  **** void main() {
 323              		.loc 1 73 13 is_stmt 1
 324              		.cfi_startproc
 325 0214 130101FC 		addi	sp,sp,-64
 326              		.cfi_def_cfa_offset 64
 327 0218 233C1102 		sd	ra,56(sp)
 328 021c 23388102 		sd	s0,48(sp)
 329 0220 23349102 		sd	s1,40(sp)
 330 0224 23302103 		sd	s2,32(sp)
 331              		.cfi_offset 1, -8
 332              		.cfi_offset 8, -16
 333              		.cfi_offset 9, -24
 334              		.cfi_offset 18, -32
 335 0228 13040104 		addi	s0,sp,64
 336              		.cfi_def_cfa 8, 0
  74:src/main.cpp  ****     Riscv::set_stvec((uint64)Riscv::SupervisorTrap);
 337              		.loc 1 74 5
 338              		.loc 1 74 21 is_stmt 0
 339 022c 97070000 		la	a5,_ZN5Riscv14SupervisorTrapEv
 339      83B70700 
 340              	.LVL41:
 341              	.LBB12:
 342              	.LBB13:
 343              		.file 2 "src/../h/../h/Riscv.hpp"
   1:src/../h/../h/Riscv.hpp **** //
   2:src/../h/../h/Riscv.hpp **** // Created by os on 9/8/25.
   3:src/../h/../h/Riscv.hpp **** //
   4:src/../h/../h/Riscv.hpp **** 
   5:src/../h/../h/Riscv.hpp **** #ifndef PROJECT_BASE_V1_1_COPY_RISCV_HPP
   6:src/../h/../h/Riscv.hpp **** #define PROJECT_BASE_V1_1_COPY_RISCV_HPP
   7:src/../h/../h/Riscv.hpp **** #include "../lib/hw.h"
GAS LISTING /tmp/ccOffBpn.s 			page 10


   8:src/../h/../h/Riscv.hpp **** 
   9:src/../h/../h/Riscv.hpp **** class Riscv {
  10:src/../h/../h/Riscv.hpp **** public:
  11:src/../h/../h/Riscv.hpp ****     static void set_stvec(uint64 stvec);
  12:src/../h/../h/Riscv.hpp ****     static void set_sepc(uint64 sepc);
  13:src/../h/../h/Riscv.hpp ****     static uint64 get_sepc();
  14:src/../h/../h/Riscv.hpp ****     static void set_sstatus(uint64 sstatus);
  15:src/../h/../h/Riscv.hpp ****     static uint64 get_sstatus();
  16:src/../h/../h/Riscv.hpp ****     static uint64 get_scause();
  17:src/../h/../h/Riscv.hpp ****     static uint64 get_stval();
  18:src/../h/../h/Riscv.hpp ****     static void ms_sstatus(uint64 mask);
  19:src/../h/../h/Riscv.hpp ****     static void mc_sstatus(uint64 mask);
  20:src/../h/../h/Riscv.hpp ****     static void mc_sip(uint64 mask);
  21:src/../h/../h/Riscv.hpp ****     static void ms_sie(uint64 mask);
  22:src/../h/../h/Riscv.hpp ****     enum BitMaskSstatus
  23:src/../h/../h/Riscv.hpp ****     {
  24:src/../h/../h/Riscv.hpp ****         SSTATUS_SIE=(1UL<<1),
  25:src/../h/../h/Riscv.hpp ****         SSTATUS_SPIE=(1UL<<5),
  26:src/../h/../h/Riscv.hpp ****         SSTATUS_SPP=(1UL<<8)
  27:src/../h/../h/Riscv.hpp ****     };
  28:src/../h/../h/Riscv.hpp ****     enum BitMaskSip: uint64
  29:src/../h/../h/Riscv.hpp ****     {
  30:src/../h/../h/Riscv.hpp ****         SIP_SSIP=(1UL<<1),
  31:src/../h/../h/Riscv.hpp ****         SIP_STIP=(1UL<<5),
  32:src/../h/../h/Riscv.hpp ****         SIP_SEIP=(1UL<<9)
  33:src/../h/../h/Riscv.hpp ****     };
  34:src/../h/../h/Riscv.hpp ****     enum BitMaskSie: uint64
  35:src/../h/../h/Riscv.hpp ****     {
  36:src/../h/../h/Riscv.hpp ****         SIE_SSIE=(1UL<<1),
  37:src/../h/../h/Riscv.hpp ****         SIE_SEIE=(1UL<<9)
  38:src/../h/../h/Riscv.hpp ****     };
  39:src/../h/../h/Riscv.hpp **** 
  40:src/../h/../h/Riscv.hpp **** 
  41:src/../h/../h/Riscv.hpp ****     static void SupervisorTrap();
  42:src/../h/../h/Riscv.hpp **** 
  43:src/../h/../h/Riscv.hpp ****     static void restorePrivilege();
  44:src/../h/../h/Riscv.hpp ****     static void popSppSpie();
  45:src/../h/../h/Riscv.hpp **** 
  46:src/../h/../h/Riscv.hpp **** 
  47:src/../h/../h/Riscv.hpp **** 
  48:src/../h/../h/Riscv.hpp ****     static void SupervisorTrapHandler();
  49:src/../h/../h/Riscv.hpp **** };
  50:src/../h/../h/Riscv.hpp **** 
  51:src/../h/../h/Riscv.hpp **** 
  52:src/../h/../h/Riscv.hpp **** inline void Riscv::set_stvec(uint64 stvec) {
  53:src/../h/../h/Riscv.hpp ****     __asm__ volatile ("csrw stvec, %[x]" :: [x] "r" (stvec));
 344              		.loc 2 53 5 is_stmt 1
 345              		.loc 2 53 61 is_stmt 0
 346              	#APP
 347              	# 53 "src/../h/../h/Riscv.hpp" 1
  54              	}
 348              		csrw stvec, a5
 349              	# 0 "" 2
 350              	.LVL42:
 351              	#NO_APP
 352              	.LBE13:
 353              	.LBE12:
GAS LISTING /tmp/ccOffBpn.s 			page 11


  75:src/main.cpp  ****     //AllocatorTest();
  76:src/main.cpp  **** 
  77:src/main.cpp  **** 
  78:src/main.cpp  **** 
  79:src/main.cpp  ****      thread_t coroutines[3];
 354              		.loc 1 79 6 is_stmt 1
  80:src/main.cpp  ****      thread_create(&coroutines[0],nullptr,nullptr);
 355              		.loc 1 80 6
 356              		.loc 1 80 19 is_stmt 0
 357 0238 13060000 		li	a2,0
 358 023c 93050000 		li	a1,0
 359 0240 130584FC 		addi	a0,s0,-56
 360 0244 97000000 		call	_Z13thread_createPP3TCBPFvPvES2_@plt
 360      E7800000 
 361              	.LVL43:
  81:src/main.cpp  ****      coroutines[0]->setSysThread(true);
 362              		.loc 1 81 6 is_stmt 1
 363              	.LBB14:
 364              	.LBB15:
 365              		.file 3 "src/../h/TCB.hpp"
   1:src/../h/TCB.hpp **** //
   2:src/../h/TCB.hpp **** // Created by os on 9/23/25.
   3:src/../h/TCB.hpp **** //
   4:src/../h/TCB.hpp **** 
   5:src/../h/TCB.hpp **** #ifndef PROJECT_BASE_V1_1_COPY_TCB_HPP
   6:src/../h/TCB.hpp **** #define PROJECT_BASE_V1_1_COPY_TCB_HPP
   7:src/../h/TCB.hpp **** #include "../lib/hw.h"
   8:src/../h/TCB.hpp **** #include "../h/Scheduler.hpp"
   9:src/../h/TCB.hpp **** #include "../h/Riscv.hpp"
  10:src/../h/TCB.hpp **** #include "../h/MemoryAllocator.hpp"
  11:src/../h/TCB.hpp **** class TCB
  12:src/../h/TCB.hpp **** {
  13:src/../h/TCB.hpp **** public:
  14:src/../h/TCB.hpp ****     void* operator new(size_t size)
  15:src/../h/TCB.hpp **** {
  16:src/../h/TCB.hpp ****     return MemoryAllocator::Instance()->mem_alloc(size);
  17:src/../h/TCB.hpp **** }
  18:src/../h/TCB.hpp **** 
  19:src/../h/TCB.hpp ****     void operator delete(void* ptr)
  20:src/../h/TCB.hpp ****     {
  21:src/../h/TCB.hpp ****         return MemoryAllocator::Instance()->mem_free(ptr);
  22:src/../h/TCB.hpp ****     }
  23:src/../h/TCB.hpp **** 
  24:src/../h/TCB.hpp **** 
  25:src/../h/TCB.hpp ****     using Body=void(*)(void*);
  26:src/../h/TCB.hpp **** 
  27:src/../h/TCB.hpp ****     ~TCB()
  28:src/../h/TCB.hpp ****     {
  29:src/../h/TCB.hpp ****         delete stack;
  30:src/../h/TCB.hpp ****     }
  31:src/../h/TCB.hpp **** 
  32:src/../h/TCB.hpp ****     static TCB* createThread(Body body, void* arg, uint64* stack);
  33:src/../h/TCB.hpp **** 
  34:src/../h/TCB.hpp ****     static void dispatch();
  35:src/../h/TCB.hpp ****     static int exit();
  36:src/../h/TCB.hpp **** 
  37:src/../h/TCB.hpp ****     bool isFinished() const { return finished;}
GAS LISTING /tmp/ccOffBpn.s 			page 12


  38:src/../h/TCB.hpp **** 
  39:src/../h/TCB.hpp ****     void setSysThread(bool sysThread) { this->sysThread = sysThread; }
 366              		.loc 3 39 41
 367              		.loc 3 39 57 is_stmt 0
 368 024c 833784FC 		ld	a5,-56(s0)
 369 0250 13071000 		li	a4,1
 370 0254 238CE700 		sb	a4,24(a5)
 371              	.LVL44:
 372              	.LBE15:
 373              	.LBE14:
  82:src/main.cpp  ****      thread_create(&coroutines[1],userWrapper,nullptr);
 374              		.loc 1 82 6 is_stmt 1
 375              		.loc 1 82 19 is_stmt 0
 376 0258 13060000 		li	a2,0
 377 025c 97050000 		lla	a1,_Z11userWrapperPv
 377      93850500 
 378 0264 130504FD 		addi	a0,s0,-48
 379 0268 97000000 		call	_Z13thread_createPP3TCBPFvPvES2_@plt
 379      E7800000 
 380              	.LVL45:
 381              	.L14:
  83:src/main.cpp  ****      //thread_create(&coroutines[2],WorkerBWrapper,nullptr);
  84:src/main.cpp  **** 
  85:src/main.cpp  **** 
  86:src/main.cpp  ****      while (Scheduler::queue.size>0 ) {
 382              		.loc 1 86 6 is_stmt 1
 383              		.loc 1 86 34
 384              		.loc 1 86 30 is_stmt 0
 385 0270 97070000 		la	a5,_ZN9Scheduler5queueE
 385      83B70700 
 386 0278 83A70701 		lw	a5,16(a5)
 387              		.loc 1 86 34
 388 027c 6358F000 		blez	a5,.L18
  87:src/main.cpp  ****          thread_dispatch();
 389              		.loc 1 87 10 is_stmt 1
 390              		.loc 1 87 25 is_stmt 0
 391 0280 97000000 		call	_Z15thread_dispatchv@plt
 391      E7800000 
 392              	.LVL46:
 393 0288 6FF09FFE 		j	.L14
 394              	.L18:
 395              	.LBB16:
  88:src/main.cpp  ****      }
  89:src/main.cpp  **** 
  90:src/main.cpp  ****      for (auto coroutine: coroutines) { delete coroutine; }
 396              		.loc 1 90 27
 397 028c 930484FC 		addi	s1,s0,-56
 398 0290 6F00C001 		j	.L13
 399              	.LVL47:
 400              	.L17:
 401              	.LBB17:
 402              	.LBB18:
  21:src/../h/TCB.hpp ****     }
 403              		.loc 3 21 9 is_stmt 1
  21:src/../h/TCB.hpp ****     }
 404              		.loc 3 21 53 is_stmt 0
 405 0294 97000000 		call	_ZN15MemoryAllocator8InstanceEv@plt
GAS LISTING /tmp/ccOffBpn.s 			page 13


 405      E7800000 
 406              	.LVL48:
 407 029c 93050900 		mv	a1,s2
 408 02a0 97000000 		call	_ZN15MemoryAllocator8mem_freeEPv@plt
 408      E7800000 
 409              	.LVL49:
 410              	.L16:
 411              	.LBE18:
 412              	.LBE17:
 413              		.loc 1 90 6 is_stmt 1 discriminator 4
 414 02a8 93848400 		addi	s1,s1,8
 415              	.LVL50:
 416              	.L13:
 417              		.loc 1 90 27 discriminator 5
 418 02ac 930704FE 		addi	a5,s0,-32
 419 02b0 6380F402 		beq	s1,a5,.L15
 420              		.loc 1 90 16 is_stmt 0 discriminator 2
 421 02b4 03B90400 		ld	s2,0(s1)
 422              	.LVL51:
 423              		.loc 1 90 41 is_stmt 1 discriminator 2
 424              		.loc 1 90 57 is_stmt 0 discriminator 2
 425 02b8 E30809FE 		beqz	s2,.L16
 426              	.LVL52:
 427              	.LBB19:
 428              	.LBB20:
  29:src/../h/TCB.hpp ****     }
 429              		.loc 3 29 9 is_stmt 1
  29:src/../h/TCB.hpp ****     }
 430              		.loc 3 29 16 is_stmt 0
 431 02bc 03358900 		ld	a0,8(s2)
  29:src/../h/TCB.hpp ****     }
 432              		.loc 3 29 21
 433 02c0 E30A05FC 		beqz	a0,.L17
  29:src/../h/TCB.hpp ****     }
 434              		.loc 3 29 16
 435 02c4 97000000 		call	_ZdlPv@plt
 435      E7800000 
 436              	.LVL53:
 437 02cc 6FF09FFC 		j	.L17
 438              	.LVL54:
 439              	.L15:
 440              	.LBE20:
 441              	.LBE19:
 442              	.LBE16:
  91:src/main.cpp  **** 
  92:src/main.cpp  ****      AllocatorTest();
 443              		.loc 1 92 6 is_stmt 1
 444              		.loc 1 92 19 is_stmt 0
 445 02d0 97000000 		call	_Z13AllocatorTestv
 445      E7800000 
 446              	.LVL55:
  93:src/main.cpp  ****      printString("Finished\n");
 447              		.loc 1 93 6 is_stmt 1
 448              		.loc 1 93 17 is_stmt 0
 449 02d8 17050000 		lla	a0,.LC2
 449      13050500 
 450 02e0 97000000 		call	_Z11printStringPKc@plt
GAS LISTING /tmp/ccOffBpn.s 			page 14


 450      E7800000 
 451              	.LVL56:
  94:src/main.cpp  **** 
  95:src/main.cpp  ****     //printString("OK\n");
  96:src/main.cpp  **** 
  97:src/main.cpp  **** 
  98:src/main.cpp  ****     // size_t pom1= mem_get_free_space();
  99:src/main.cpp  ****     // printString("Free mem: ");
 100:src/main.cpp  ****     // printInteger(pom1);
 101:src/main.cpp  ****     // printString("\n");
 102:src/main.cpp  ****     // size_t pom2= mem_get_largest_free_block();
 103:src/main.cpp  ****     // printString("Largest free block: ");
 104:src/main.cpp  ****     // printInteger(pom2);
 105:src/main.cpp  ****     // printString("\n");
 106:src/main.cpp  **** }
 452              		.loc 1 106 1
 453 02e8 83308103 		ld	ra,56(sp)
 454              		.cfi_restore 1
 455 02ec 03340103 		ld	s0,48(sp)
 456              		.cfi_restore 8
 457              		.cfi_def_cfa 2, 64
 458 02f0 83348102 		ld	s1,40(sp)
 459              		.cfi_restore 9
 460              	.LVL57:
 461 02f4 03390102 		ld	s2,32(sp)
 462              		.cfi_restore 18
 463 02f8 13010104 		addi	sp,sp,64
 464              		.cfi_def_cfa_offset 0
 465 02fc 67800000 		jr	ra
 466              		.cfi_endproc
 467              	.LFE32:
 469              	.Letext0:
 470              		.file 4 "src/../lib/hw.h"
 471              		.file 5 "src/../h/MemoryAllocator.hpp"
 472              		.file 6 "src/../h/syscall_c.hpp"
 473              		.file 7 "src/../h/syscall_cpp.hpp"
 474              		.file 8 "src/../h/print.hpp"
 475              		.file 9 "src/../h/workers.hpp"
 476              		.file 10 "src/../lib/console.h"
GAS LISTING /tmp/ccOffBpn.s 			page 15


DEFINED SYMBOLS
                            *ABS*:0000000000000000 main.cpp
     /tmp/ccOffBpn.s:17     .text:0000000000000000 _Z11userWrapperPv
     /tmp/ccOffBpn.s:21     .text:0000000000000000 .L0 
     /tmp/ccOffBpn.s:23     .text:0000000000000000 .L0 
     /tmp/ccOffBpn.s:24     .text:0000000000000004 .L0 
     /tmp/ccOffBpn.s:27     .text:000000000000000c .L0 
     /tmp/ccOffBpn.s:28     .text:000000000000000c .L0 
     /tmp/ccOffBpn.s:30     .text:0000000000000010 .L0 
     /tmp/ccOffBpn.s:32     .text:0000000000000010 .L0 
     /tmp/ccOffBpn.s:33     .text:0000000000000010 .L0 
     /tmp/ccOffBpn.s:38     .text:0000000000000020 .L0 
     /tmp/ccOffBpn.s:39     .text:0000000000000020 .L0 
     /tmp/ccOffBpn.s:42     .text:0000000000000028 .L0 
     /tmp/ccOffBpn.s:43     .text:0000000000000028 .L0 
     /tmp/ccOffBpn.s:47     .text:0000000000000038 .L0 
     /tmp/ccOffBpn.s:48     .text:000000000000003c .L0 
     /tmp/ccOffBpn.s:50     .text:0000000000000040 .L0 
     /tmp/ccOffBpn.s:51     .text:0000000000000040 .L0 
     /tmp/ccOffBpn.s:53     .text:0000000000000044 .L0 
     /tmp/ccOffBpn.s:55     .text:0000000000000048 .L0 
     /tmp/ccOffBpn.s:61     .text:0000000000000048 _Z13AllocatorTestv
     /tmp/ccOffBpn.s:64     .text:0000000000000048 .L0 
     /tmp/ccOffBpn.s:65     .text:0000000000000048 .L0 
     /tmp/ccOffBpn.s:66     .text:000000000000004c .L0 
     /tmp/ccOffBpn.s:72     .text:0000000000000060 .L0 
     /tmp/ccOffBpn.s:73     .text:0000000000000060 .L0 
     /tmp/ccOffBpn.s:74     .text:0000000000000060 .L0 
     /tmp/ccOffBpn.s:75     .text:0000000000000060 .L0 
     /tmp/ccOffBpn.s:76     .text:0000000000000060 .L0 
     /tmp/ccOffBpn.s:78     .text:0000000000000064 .L0 
     /tmp/ccOffBpn.s:80     .text:0000000000000064 .L0 
     /tmp/ccOffBpn.s:81     .text:0000000000000064 .L0 
     /tmp/ccOffBpn.s:87     .text:0000000000000074 .L0 
     /tmp/ccOffBpn.s:88     .text:0000000000000074 .L0 
     /tmp/ccOffBpn.s:91     .text:000000000000007c .L0 
     /tmp/ccOffBpn.s:92     .text:000000000000007c .L0 
     /tmp/ccOffBpn.s:97     .text:0000000000000088 .L0 
     /tmp/ccOffBpn.s:98     .text:0000000000000088 .L0 
     /tmp/ccOffBpn.s:102    .text:0000000000000094 .L0 
     /tmp/ccOffBpn.s:103    .text:0000000000000094 .L0 
     /tmp/ccOffBpn.s:107    .text:00000000000000a0 .L0 
     /tmp/ccOffBpn.s:108    .text:00000000000000a0 .L0 
     /tmp/ccOffBpn.s:111    .text:00000000000000a8 .L0 
     /tmp/ccOffBpn.s:112    .text:00000000000000a8 .L0 
     /tmp/ccOffBpn.s:117    .text:00000000000000b4 .L0 
     /tmp/ccOffBpn.s:118    .text:00000000000000b4 .L0 
     /tmp/ccOffBpn.s:122    .text:00000000000000c0 .L0 
     /tmp/ccOffBpn.s:123    .text:00000000000000c0 .L0 
     /tmp/ccOffBpn.s:129    .text:00000000000000d0 .L0 
     /tmp/ccOffBpn.s:130    .text:00000000000000d0 .L0 
     /tmp/ccOffBpn.s:133    .text:00000000000000d8 .L0 
     /tmp/ccOffBpn.s:134    .text:00000000000000d8 .L0 
     /tmp/ccOffBpn.s:139    .text:00000000000000e4 .L0 
     /tmp/ccOffBpn.s:140    .text:00000000000000e4 .L0 
     /tmp/ccOffBpn.s:144    .text:00000000000000f0 .L0 
     /tmp/ccOffBpn.s:145    .text:00000000000000f0 .L0 
GAS LISTING /tmp/ccOffBpn.s 			page 16


     /tmp/ccOffBpn.s:151    .text:0000000000000100 .L0 
     /tmp/ccOffBpn.s:152    .text:0000000000000100 .L0 
     /tmp/ccOffBpn.s:155    .text:0000000000000108 .L0 
     /tmp/ccOffBpn.s:156    .text:0000000000000108 .L0 
     /tmp/ccOffBpn.s:160    .text:0000000000000114 .L0 
     /tmp/ccOffBpn.s:161    .text:0000000000000114 .L0 
     /tmp/ccOffBpn.s:165    .text:0000000000000120 .L0 
     /tmp/ccOffBpn.s:166    .text:0000000000000120 .L0 
     /tmp/ccOffBpn.s:170    .text:000000000000012c .L0 
     /tmp/ccOffBpn.s:171    .text:000000000000012c .L0 
     /tmp/ccOffBpn.s:174    .text:0000000000000134 .L0 
     /tmp/ccOffBpn.s:175    .text:0000000000000134 .L0 
     /tmp/ccOffBpn.s:180    .text:0000000000000140 .L0 
     /tmp/ccOffBpn.s:181    .text:0000000000000140 .L0 
     /tmp/ccOffBpn.s:185    .text:000000000000014c .L0 
     /tmp/ccOffBpn.s:186    .text:000000000000014c .L0 
     /tmp/ccOffBpn.s:188    .text:0000000000000150 .L0 
     /tmp/ccOffBpn.s:193    .text:000000000000015c .L0 
     /tmp/ccOffBpn.s:194    .text:000000000000015c .L0 
     /tmp/ccOffBpn.s:196    .text:0000000000000160 .L0 
     /tmp/ccOffBpn.s:201    .text:000000000000016c .L0 
     /tmp/ccOffBpn.s:202    .text:000000000000016c .L0 
     /tmp/ccOffBpn.s:204    .text:0000000000000170 .L0 
     /tmp/ccOffBpn.s:209    .text:000000000000017c .L0 
     /tmp/ccOffBpn.s:210    .text:000000000000017c .L0 
     /tmp/ccOffBpn.s:214    .text:0000000000000188 .L0 
     /tmp/ccOffBpn.s:215    .text:0000000000000188 .L0 
     /tmp/ccOffBpn.s:218    .text:0000000000000190 .L0 
     /tmp/ccOffBpn.s:219    .text:0000000000000190 .L0 
     /tmp/ccOffBpn.s:224    .text:000000000000019c .L0 
     /tmp/ccOffBpn.s:225    .text:000000000000019c .L0 
     /tmp/ccOffBpn.s:229    .text:00000000000001a8 .L0 
     /tmp/ccOffBpn.s:230    .text:00000000000001ac .L0 
     /tmp/ccOffBpn.s:232    .text:00000000000001b0 .L0 
     /tmp/ccOffBpn.s:233    .text:00000000000001b0 .L0 
     /tmp/ccOffBpn.s:235    .text:00000000000001b4 .L0 
     /tmp/ccOffBpn.s:238    .text:00000000000001b8 .L0 
     /tmp/ccOffBpn.s:241    .text:00000000000001bc .L0 
     /tmp/ccOffBpn.s:244    .text:00000000000001c0 .L0 
     /tmp/ccOffBpn.s:246    .text:00000000000001c4 .L0 
     /tmp/ccOffBpn.s:252    .text:00000000000001c4 _Z14WorkerAWrapperPv
     /tmp/ccOffBpn.s:255    .text:00000000000001c4 .L0 
     /tmp/ccOffBpn.s:257    .text:00000000000001c4 .L0 
     /tmp/ccOffBpn.s:258    .text:00000000000001c8 .L0 
     /tmp/ccOffBpn.s:261    .text:00000000000001d0 .L0 
     /tmp/ccOffBpn.s:262    .text:00000000000001d0 .L0 
     /tmp/ccOffBpn.s:264    .text:00000000000001d4 .L0 
     /tmp/ccOffBpn.s:266    .text:00000000000001d4 .L0 
     /tmp/ccOffBpn.s:267    .text:00000000000001d4 .L0 
     /tmp/ccOffBpn.s:270    .text:00000000000001dc .L0 
     /tmp/ccOffBpn.s:271    .text:00000000000001e0 .L0 
     /tmp/ccOffBpn.s:273    .text:00000000000001e4 .L0 
     /tmp/ccOffBpn.s:274    .text:00000000000001e4 .L0 
     /tmp/ccOffBpn.s:276    .text:00000000000001e8 .L0 
     /tmp/ccOffBpn.s:278    .text:00000000000001ec .L0 
     /tmp/ccOffBpn.s:284    .text:00000000000001ec _Z14WorkerBWrapperPv
     /tmp/ccOffBpn.s:287    .text:00000000000001ec .L0 
GAS LISTING /tmp/ccOffBpn.s 			page 17


     /tmp/ccOffBpn.s:289    .text:00000000000001ec .L0 
     /tmp/ccOffBpn.s:290    .text:00000000000001f0 .L0 
     /tmp/ccOffBpn.s:293    .text:00000000000001f8 .L0 
     /tmp/ccOffBpn.s:294    .text:00000000000001f8 .L0 
     /tmp/ccOffBpn.s:296    .text:00000000000001fc .L0 
     /tmp/ccOffBpn.s:298    .text:00000000000001fc .L0 
     /tmp/ccOffBpn.s:299    .text:00000000000001fc .L0 
     /tmp/ccOffBpn.s:302    .text:0000000000000204 .L0 
     /tmp/ccOffBpn.s:303    .text:0000000000000208 .L0 
     /tmp/ccOffBpn.s:305    .text:000000000000020c .L0 
     /tmp/ccOffBpn.s:306    .text:000000000000020c .L0 
     /tmp/ccOffBpn.s:308    .text:0000000000000210 .L0 
     /tmp/ccOffBpn.s:310    .text:0000000000000214 .L0 
     /tmp/ccOffBpn.s:321    .text:0000000000000214 main
     /tmp/ccOffBpn.s:324    .text:0000000000000214 .L0 
     /tmp/ccOffBpn.s:325    .text:0000000000000214 .L0 
     /tmp/ccOffBpn.s:326    .text:0000000000000218 .L0 
     /tmp/ccOffBpn.s:331    .text:0000000000000228 .L0 
     /tmp/ccOffBpn.s:332    .text:0000000000000228 .L0 
     /tmp/ccOffBpn.s:333    .text:0000000000000228 .L0 
     /tmp/ccOffBpn.s:334    .text:0000000000000228 .L0 
     /tmp/ccOffBpn.s:336    .text:000000000000022c .L0 
     /tmp/ccOffBpn.s:338    .text:000000000000022c .L0 
     /tmp/ccOffBpn.s:339    .text:000000000000022c .L0 
     /tmp/ccOffBpn.s:345    .text:0000000000000234 .L0 
src/../h/../h/Riscv.hpp:53     .text:0000000000000234 .L0 
     /tmp/ccOffBpn.s:355    .text:0000000000000238 .L0 
     /tmp/ccOffBpn.s:356    .text:0000000000000238 .L0 
     /tmp/ccOffBpn.s:357    .text:0000000000000238 .L0 
     /tmp/ccOffBpn.s:366    .text:000000000000024c .L0 
     /tmp/ccOffBpn.s:367    .text:000000000000024c .L0 
     /tmp/ccOffBpn.s:368    .text:000000000000024c .L0 
     /tmp/ccOffBpn.s:375    .text:0000000000000258 .L0 
     /tmp/ccOffBpn.s:376    .text:0000000000000258 .L0 
     /tmp/ccOffBpn.s:383    .text:0000000000000270 .L0 
     /tmp/ccOffBpn.s:384    .text:0000000000000270 .L0 
     /tmp/ccOffBpn.s:385    .text:0000000000000270 .L0 
     /tmp/ccOffBpn.s:388    .text:000000000000027c .L0 
     /tmp/ccOffBpn.s:390    .text:0000000000000280 .L0 
     /tmp/ccOffBpn.s:391    .text:0000000000000280 .L0 
     /tmp/ccOffBpn.s:397    .text:000000000000028c .L0 
     /tmp/ccOffBpn.s:404    .text:0000000000000294 .L0 
     /tmp/ccOffBpn.s:405    .text:0000000000000294 .L0 
     /tmp/ccOffBpn.s:414    .text:00000000000002a8 .L0 
     /tmp/ccOffBpn.s:418    .text:00000000000002ac .L0 
     /tmp/ccOffBpn.s:421    .text:00000000000002b4 .L0 
     /tmp/ccOffBpn.s:424    .text:00000000000002b8 .L0 
     /tmp/ccOffBpn.s:425    .text:00000000000002b8 .L0 
     /tmp/ccOffBpn.s:430    .text:00000000000002bc .L0 
     /tmp/ccOffBpn.s:431    .text:00000000000002bc .L0 
     /tmp/ccOffBpn.s:433    .text:00000000000002c0 .L0 
     /tmp/ccOffBpn.s:435    .text:00000000000002c4 .L0 
     /tmp/ccOffBpn.s:444    .text:00000000000002d0 .L0 
     /tmp/ccOffBpn.s:445    .text:00000000000002d0 .L0 
     /tmp/ccOffBpn.s:448    .text:00000000000002d8 .L0 
     /tmp/ccOffBpn.s:449    .text:00000000000002d8 .L0 
     /tmp/ccOffBpn.s:453    .text:00000000000002e8 .L0 
GAS LISTING /tmp/ccOffBpn.s 			page 18


     /tmp/ccOffBpn.s:454    .text:00000000000002ec .L0 
     /tmp/ccOffBpn.s:456    .text:00000000000002f0 .L0 
     /tmp/ccOffBpn.s:457    .text:00000000000002f0 .L0 
     /tmp/ccOffBpn.s:459    .text:00000000000002f4 .L0 
     /tmp/ccOffBpn.s:462    .text:00000000000002f8 .L0 
     /tmp/ccOffBpn.s:464    .text:00000000000002fc .L0 
     /tmp/ccOffBpn.s:466    .text:0000000000000300 .L0 
     /tmp/ccOffBpn.s:477    .text:0000000000000300 .L0 
     /tmp/ccOffBpn.s:8      .rodata.str1.8:0000000000000000 .LC0
     /tmp/ccOffBpn.s:33     .text:0000000000000010 .L0 
     /tmp/ccOffBpn.s:11     .rodata.str1.8:0000000000000018 .LC1
     /tmp/ccOffBpn.s:43     .text:0000000000000028 .L0 
     /tmp/ccOffBpn.s:339    .text:000000000000022c .L0 
     /tmp/ccOffBpn.s:377    .text:000000000000025c .L0 
     /tmp/ccOffBpn.s:385    .text:0000000000000270 .L0 
     /tmp/ccOffBpn.s:315    .rodata.str1.8:0000000000000028 .LC2
     /tmp/ccOffBpn.s:449    .text:00000000000002d8 .L0 
     /tmp/ccOffBpn.s:191    .text:000000000000015c .L4
     /tmp/ccOffBpn.s:199    .text:000000000000016c .L5
     /tmp/ccOffBpn.s:207    .text:000000000000017c .L6
     /tmp/ccOffBpn.s:394    .text:000000000000028c .L18
     /tmp/ccOffBpn.s:381    .text:0000000000000270 .L14
     /tmp/ccOffBpn.s:416    .text:00000000000002ac .L13
     /tmp/ccOffBpn.s:439    .text:00000000000002d0 .L15
     /tmp/ccOffBpn.s:410    .text:00000000000002a8 .L16
     /tmp/ccOffBpn.s:400    .text:0000000000000294 .L17
     /tmp/ccOffBpn.s:1820   .debug_abbrev:0000000000000000 .Ldebug_abbrev0
     /tmp/ccOffBpn.s:3064   .debug_str:00000000000006d3 .LASF126
     /tmp/ccOffBpn.s:2950   .debug_str:0000000000000338 .LASF127
     /tmp/ccOffBpn.s:2970   .debug_str:00000000000003dd .LASF128
     /tmp/ccOffBpn.s:5      .text:0000000000000000 .Ltext0
     /tmp/ccOffBpn.s:469    .text:0000000000000300 .Letext0
     /tmp/ccOffBpn.s:2832   .debug_line:0000000000000000 .Ldebug_line0
     /tmp/ccOffBpn.s:2978   .debug_str:000000000000044a .LASF0
     /tmp/ccOffBpn.s:2992   .debug_str:00000000000004a8 .LASF1
     /tmp/ccOffBpn.s:2968   .debug_str:00000000000003cf .LASF2
     /tmp/ccOffBpn.s:2936   .debug_str:00000000000002f6 .LASF4
     /tmp/ccOffBpn.s:3044   .debug_str:000000000000063f .LASF3
     /tmp/ccOffBpn.s:2864   .debug_str:00000000000000b6 .LASF5
     /tmp/ccOffBpn.s:2998   .debug_str:00000000000004dd .LASF6
     /tmp/ccOffBpn.s:2976   .debug_str:0000000000000437 .LASF7
     /tmp/ccOffBpn.s:3078   .debug_str:00000000000007fb .LASF8
     /tmp/ccOffBpn.s:2924   .debug_str:0000000000000294 .LASF9
     /tmp/ccOffBpn.s:3014   .debug_str:0000000000000556 .LASF10
     /tmp/ccOffBpn.s:3066   .debug_str:0000000000000797 .LASF11
     /tmp/ccOffBpn.s:2866   .debug_str:00000000000000bd .LASF12
     /tmp/ccOffBpn.s:2844   .debug_str:000000000000003f .LASF13
     /tmp/ccOffBpn.s:2876   .debug_str:00000000000000f6 .LASF14
     /tmp/ccOffBpn.s:3038   .debug_str:00000000000005f3 .LASF15
     /tmp/ccOffBpn.s:2886   .debug_str:0000000000000136 .LASF16
     /tmp/ccOffBpn.s:2960   .debug_str:000000000000037f .LASF27
     /tmp/ccOffBpn.s:2880   .debug_str:0000000000000108 .LASF34
     /tmp/ccOffBpn.s:3060   .debug_str:00000000000006c2 .LASF17
     /tmp/ccOffBpn.s:3100   .debug_str:00000000000008f1 .LASF18
     /tmp/ccOffBpn.s:3088   .debug_str:0000000000000845 .LASF19
     /tmp/ccOffBpn.s:2984   .debug_str:0000000000000466 .LASF43
     /tmp/ccOffBpn.s:2966   .debug_str:00000000000003af .LASF45
GAS LISTING /tmp/ccOffBpn.s 			page 19


     /tmp/ccOffBpn.s:3048   .debug_str:0000000000000666 .LASF20
     /tmp/ccOffBpn.s:3056   .debug_str:0000000000000698 .LASF22
     /tmp/ccOffBpn.s:3020   .debug_str:000000000000058a .LASF26
     /tmp/ccOffBpn.s:2922   .debug_str:0000000000000273 .LASF28
     /tmp/ccOffBpn.s:2838   .debug_str:0000000000000018 .LASF21
     /tmp/ccOffBpn.s:2894   .debug_str:0000000000000177 .LASF23
     /tmp/ccOffBpn.s:2986   .debug_str:000000000000046f .LASF24
     /tmp/ccOffBpn.s:3096   .debug_str:00000000000008ba .LASF25
     /tmp/ccOffBpn.s:2896   .debug_str:000000000000019e .LASF29
     /tmp/ccOffBpn.s:3062   .debug_str:00000000000006c7 .LASF30
     /tmp/ccOffBpn.s:3094   .debug_str:0000000000000884 .LASF31
     /tmp/ccOffBpn.s:2890   .debug_str:000000000000015f .LASF32
     /tmp/ccOffBpn.s:2856   .debug_str:000000000000008b .LASF33
     /tmp/ccOffBpn.s:2852   .debug_str:0000000000000072 .LASF35
     /tmp/ccOffBpn.s:3082   .debug_str:0000000000000820 .LASF36
     /tmp/ccOffBpn.s:2862   .debug_str:00000000000000aa .LASF37
     /tmp/ccOffBpn.s:3052   .debug_str:000000000000067c .LASF53
     /tmp/ccOffBpn.s:3032   .debug_str:00000000000005d4 .LASF61
     /tmp/ccOffBpn.s:2898   .debug_str:00000000000001b7 .LASF38
     /tmp/ccOffBpn.s:3026   .debug_str:00000000000005aa .LASF39
     /tmp/ccOffBpn.s:2948   .debug_str:000000000000032b .LASF40
     /tmp/ccOffBpn.s:3090   .debug_str:000000000000084a .LASF41
     /tmp/ccOffBpn.s:3028   .debug_str:00000000000005b6 .LASF42
     /tmp/ccOffBpn.s:2980   .debug_str:0000000000000457 .LASF83
     /tmp/ccOffBpn.s:2908   .debug_str:00000000000001e8 .LASF85
     /tmp/ccOffBpn.s:2956   .debug_str:0000000000000367 .LASF44
     /tmp/ccOffBpn.s:2872   .debug_str:00000000000000e2 .LASF46
     /tmp/ccOffBpn.s:3000   .debug_str:00000000000004f0 .LASF47
     /tmp/ccOffBpn.s:2882   .debug_str:0000000000000115 .LASF48
     /tmp/ccOffBpn.s:2926   .debug_str:00000000000002a2 .LASF49
     /tmp/ccOffBpn.s:2912   .debug_str:0000000000000200 .LASF50
     /tmp/ccOffBpn.s:3074   .debug_str:00000000000007d7 .LASF51
     /tmp/ccOffBpn.s:2972   .debug_str:0000000000000409 .LASF52
     /tmp/ccOffBpn.s:2904   .debug_str:00000000000001d2 .LASF129
     /tmp/ccOffBpn.s:2990   .debug_str:0000000000000491 .LASF130
     /tmp/ccOffBpn.s:2938   .debug_str:00000000000002fd .LASF54
     /tmp/ccOffBpn.s:2982   .debug_str:0000000000000460 .LASF55
     /tmp/ccOffBpn.s:2902   .debug_str:00000000000001c8 .LASF56
     /tmp/ccOffBpn.s:2944   .debug_str:0000000000000316 .LASF57
     /tmp/ccOffBpn.s:2940   .debug_str:0000000000000306 .LASF58
     /tmp/ccOffBpn.s:2964   .debug_str:00000000000003a4 .LASF131
     /tmp/ccOffBpn.s:3072   .debug_str:00000000000007c1 .LASF132
     /tmp/ccOffBpn.s:2878   .debug_str:0000000000000102 .LASF59
     /tmp/ccOffBpn.s:3068   .debug_str:00000000000007a6 .LASF60
     /tmp/ccOffBpn.s:2974   .debug_str:0000000000000421 .LASF62
     /tmp/ccOffBpn.s:3084   .debug_str:000000000000082d .LASF63
     /tmp/ccOffBpn.s:3046   .debug_str:0000000000000651 .LASF64
     /tmp/ccOffBpn.s:3058   .debug_str:00000000000006b9 .LASF65
     /tmp/ccOffBpn.s:2962   .debug_str:000000000000038f .LASF66
     /tmp/ccOffBpn.s:2994   .debug_str:00000000000004bb .LASF67
     /tmp/ccOffBpn.s:2934   .debug_str:00000000000002dd .LASF68
     /tmp/ccOffBpn.s:3050   .debug_str:0000000000000670 .LASF69
     /tmp/ccOffBpn.s:3030   .debug_str:00000000000005bb .LASF70
     /tmp/ccOffBpn.s:2870   .debug_str:00000000000000d7 .LASF71
     /tmp/ccOffBpn.s:3076   .debug_str:00000000000007e3 .LASF72
     /tmp/ccOffBpn.s:2884   .debug_str:000000000000012c .LASF73
     /tmp/ccOffBpn.s:3008   .debug_str:0000000000000514 .LASF74
GAS LISTING /tmp/ccOffBpn.s 			page 20


     /tmp/ccOffBpn.s:3098   .debug_str:00000000000008e6 .LASF75
     /tmp/ccOffBpn.s:3042   .debug_str:0000000000000627 .LASF76
     /tmp/ccOffBpn.s:2942   .debug_str:000000000000030b .LASF77
     /tmp/ccOffBpn.s:2954   .debug_str:000000000000034f .LASF78
     /tmp/ccOffBpn.s:2858   .debug_str:0000000000000097 .LASF79
     /tmp/ccOffBpn.s:2916   .debug_str:000000000000022d .LASF80
     /tmp/ccOffBpn.s:3006   .debug_str:000000000000050d .LASF81
     /tmp/ccOffBpn.s:2888   .debug_str:000000000000014c .LASF82
     /tmp/ccOffBpn.s:3086   .debug_str:0000000000000836 .LASF84
     /tmp/ccOffBpn.s:3016   .debug_str:0000000000000565 .LASF86
     /tmp/ccOffBpn.s:3070   .debug_str:00000000000007b0 .LASF87
     /tmp/ccOffBpn.s:3040   .debug_str:0000000000000609 .LASF88
     /tmp/ccOffBpn.s:3034   .debug_str:00000000000005e1 .LASF89
     /tmp/ccOffBpn.s:3092   .debug_str:000000000000086c .LASF90
     /tmp/ccOffBpn.s:2996   .debug_str:00000000000004c7 .LASF91
     /tmp/ccOffBpn.s:2920   .debug_str:0000000000000250 .LASF92
     /tmp/ccOffBpn.s:2910   .debug_str:00000000000001fb .LASF93
     /tmp/ccOffBpn.s:2834   .debug_str:0000000000000000 .LASF94
     /tmp/ccOffBpn.s:2874   .debug_str:00000000000000f1 .LASF95
     /tmp/ccOffBpn.s:322    .text:0000000000000214 .LFB32
     /tmp/ccOffBpn.s:467    .text:0000000000000300 .LFE32
     /tmp/ccOffBpn.s:3012   .debug_str:000000000000054b .LASF96
     /tmp/ccOffBpn.s:395    .text:000000000000028c .LBB16
     /tmp/ccOffBpn.s:442    .text:00000000000002d0 .LBE16
     /tmp/ccOffBpn.s:2868   .debug_str:00000000000000cd .LASF97
     /tmp/ccOffBpn.s:2679   .debug_loc:0000000000000000 .LLST11
     /tmp/ccOffBpn.s:3002   .debug_str:00000000000004fb .LASF98
     /tmp/ccOffBpn.s:2860   .debug_str:000000000000009e .LASF133
     /tmp/ccOffBpn.s:2690   .debug_loc:0000000000000036 .LLST12
     /tmp/ccOffBpn.s:2952   .debug_str:0000000000000345 .LASF99
     /tmp/ccOffBpn.s:401    .text:0000000000000294 .LBB17
     /tmp/ccOffBpn.s:412    .text:00000000000002a8 .LBE17
     /tmp/ccOffBpn.s:2697   .debug_loc:0000000000000059 .LLST13
     /tmp/ccOffBpn.s:406    .text:000000000000029c .LVL48
     /tmp/ccOffBpn.s:409    .text:00000000000002a8 .LVL49
     /tmp/ccOffBpn.s:427    .text:00000000000002bc .LBB19
     /tmp/ccOffBpn.s:441    .text:00000000000002d0 .LBE19
     /tmp/ccOffBpn.s:2704   .debug_loc:000000000000007c .LLST14
     /tmp/ccOffBpn.s:436    .text:00000000000002cc .LVL53
     /tmp/ccOffBpn.s:341    .text:0000000000000234 .LBB12
     /tmp/ccOffBpn.s:353    .text:0000000000000238 .LBE12
     /tmp/ccOffBpn.s:363    .text:000000000000024c .LBB14
     /tmp/ccOffBpn.s:373    .text:0000000000000258 .LBE14
     /tmp/ccOffBpn.s:2711   .debug_loc:000000000000009f .LLST9
     /tmp/ccOffBpn.s:2719   .debug_loc:00000000000000c3 .LLST10
     /tmp/ccOffBpn.s:361    .text:000000000000024c .LVL43
     /tmp/ccOffBpn.s:380    .text:0000000000000270 .LVL45
     /tmp/ccOffBpn.s:392    .text:0000000000000288 .LVL46
     /tmp/ccOffBpn.s:446    .text:00000000000002d8 .LVL55
     /tmp/ccOffBpn.s:451    .text:00000000000002e8 .LVL56
     /tmp/ccOffBpn.s:2928   .debug_str:00000000000002af .LASF100
     /tmp/ccOffBpn.s:3080   .debug_str:000000000000080b .LASF101
     /tmp/ccOffBpn.s:285    .text:00000000000001ec .LFB31
     /tmp/ccOffBpn.s:311    .text:0000000000000214 .LFE31
     /tmp/ccOffBpn.s:2727   .debug_loc:00000000000000e7 .LLST8
     /tmp/ccOffBpn.s:300    .text:0000000000000204 .LVL40
     /tmp/ccOffBpn.s:2836   .debug_str:0000000000000009 .LASF102
GAS LISTING /tmp/ccOffBpn.s 			page 21


     /tmp/ccOffBpn.s:2930   .debug_str:00000000000002be .LASF103
     /tmp/ccOffBpn.s:253    .text:00000000000001c4 .LFB30
     /tmp/ccOffBpn.s:279    .text:00000000000001ec .LFE30
     /tmp/ccOffBpn.s:2741   .debug_loc:0000000000000120 .LLST7
     /tmp/ccOffBpn.s:268    .text:00000000000001dc .LVL38
     /tmp/ccOffBpn.s:2900   .debug_str:00000000000001bc .LASF104
     /tmp/ccOffBpn.s:3022   .debug_str:0000000000000593 .LASF105
     /tmp/ccOffBpn.s:18     .text:0000000000000000 .LFB29
     /tmp/ccOffBpn.s:56     .text:0000000000000048 .LFE29
     /tmp/ccOffBpn.s:2755   .debug_loc:0000000000000159 .LLST0
     /tmp/ccOffBpn.s:36     .text:0000000000000020 .LVL2
     /tmp/ccOffBpn.s:40     .text:0000000000000028 .LVL3
     /tmp/ccOffBpn.s:45     .text:0000000000000038 .LVL4
     /tmp/ccOffBpn.s:2988   .debug_str:0000000000000483 .LASF106
     /tmp/ccOffBpn.s:2958   .debug_str:000000000000036c .LASF107
     /tmp/ccOffBpn.s:62     .text:0000000000000048 .LFB28
     /tmp/ccOffBpn.s:247    .text:00000000000001c4 .LFE28
     /tmp/ccOffBpn.s:2769   .debug_loc:0000000000000192 .LLST1
     /tmp/ccOffBpn.s:2780   .debug_loc:00000000000001c8 .LLST2
     /tmp/ccOffBpn.s:2787   .debug_loc:00000000000001eb .LLST3
     /tmp/ccOffBpn.s:2798   .debug_loc:0000000000000221 .LLST4
     /tmp/ccOffBpn.s:2805   .debug_loc:0000000000000244 .LLST5
     /tmp/ccOffBpn.s:2812   .debug_loc:0000000000000267 .LLST6
     /tmp/ccOffBpn.s:83     .text:0000000000000070 .LVL5
     /tmp/ccOffBpn.s:95     .text:0000000000000088 .LVL8
     /tmp/ccOffBpn.s:100    .text:0000000000000094 .LVL9
     /tmp/ccOffBpn.s:105    .text:00000000000000a0 .LVL10
     /tmp/ccOffBpn.s:115    .text:00000000000000b4 .LVL12
     /tmp/ccOffBpn.s:120    .text:00000000000000c0 .LVL13
     /tmp/ccOffBpn.s:125    .text:00000000000000cc .LVL14
     /tmp/ccOffBpn.s:137    .text:00000000000000e4 .LVL17
     /tmp/ccOffBpn.s:142    .text:00000000000000f0 .LVL18
     /tmp/ccOffBpn.s:147    .text:00000000000000fc .LVL19
     /tmp/ccOffBpn.s:158    .text:0000000000000114 .LVL21
     /tmp/ccOffBpn.s:163    .text:0000000000000120 .LVL22
     /tmp/ccOffBpn.s:168    .text:000000000000012c .LVL23
     /tmp/ccOffBpn.s:178    .text:0000000000000140 .LVL25
     /tmp/ccOffBpn.s:183    .text:000000000000014c .LVL26
     /tmp/ccOffBpn.s:190    .text:000000000000015c .LVL27
     /tmp/ccOffBpn.s:198    .text:000000000000016c .LVL28
     /tmp/ccOffBpn.s:206    .text:000000000000017c .LVL29
     /tmp/ccOffBpn.s:212    .text:0000000000000188 .LVL30
     /tmp/ccOffBpn.s:222    .text:000000000000019c .LVL32
     /tmp/ccOffBpn.s:227    .text:00000000000001a8 .LVL33
     /tmp/ccOffBpn.s:3024   .debug_str:00000000000005a5 .LASF108
     /tmp/ccOffBpn.s:2932   .debug_str:00000000000002d3 .LASF109
     /tmp/ccOffBpn.s:3054   .debug_str:000000000000068c .LASF134
     /tmp/ccOffBpn.s:3004   .debug_str:0000000000000507 .LASF110
     /tmp/ccOffBpn.s:3102   .debug_str:00000000000008f6 .LASF111
     /tmp/ccOffBpn.s:3010   .debug_str:000000000000052a .LASF112
     /tmp/ccOffBpn.s:2906   .debug_str:00000000000001da .LASF113
     /tmp/ccOffBpn.s:2914   .debug_str:0000000000000218 .LASF114
     /tmp/ccOffBpn.s:2918   .debug_str:0000000000000240 .LASF115
     /tmp/ccOffBpn.s:2892   .debug_str:0000000000000164 .LASF116
     /tmp/ccOffBpn.s:2850   .debug_str:0000000000000066 .LASF117
     /tmp/ccOffBpn.s:2854   .debug_str:000000000000007a .LASF118
     /tmp/ccOffBpn.s:2842   .debug_str:0000000000000033 .LASF119
GAS LISTING /tmp/ccOffBpn.s 			page 22


     /tmp/ccOffBpn.s:2846   .debug_str:000000000000004f .LASF120
     /tmp/ccOffBpn.s:2840   .debug_str:0000000000000027 .LASF121
     /tmp/ccOffBpn.s:2946   .debug_str:000000000000031e .LASF122
     /tmp/ccOffBpn.s:3018   .debug_str:0000000000000581 .LASF123
     /tmp/ccOffBpn.s:2848   .debug_str:0000000000000060 .LASF124
     /tmp/ccOffBpn.s:3036   .debug_str:00000000000005ec .LASF125
     /tmp/ccOffBpn.s:399    .text:0000000000000294 .LVL47
     /tmp/ccOffBpn.s:415    .text:00000000000002ac .LVL50
     /tmp/ccOffBpn.s:422    .text:00000000000002b8 .LVL51
     /tmp/ccOffBpn.s:438    .text:00000000000002d0 .LVL54
     /tmp/ccOffBpn.s:460    .text:00000000000002f4 .LVL57
     /tmp/ccOffBpn.s:426    .text:00000000000002bc .LVL52
     /tmp/ccOffBpn.s:371    .text:0000000000000258 .LVL44
     /tmp/ccOffBpn.s:288    .text:00000000000001ec .LVL39
     /tmp/ccOffBpn.s:256    .text:00000000000001c4 .LVL37
     /tmp/ccOffBpn.s:22     .text:0000000000000000 .LVL0
     /tmp/ccOffBpn.s:34     .text:0000000000000018 .LVL1
     /tmp/ccOffBpn.s:85     .text:0000000000000074 .LVL6
     /tmp/ccOffBpn.s:93     .text:0000000000000080 .LVL7
     /tmp/ccOffBpn.s:242    .text:00000000000001bc .LVL36
     /tmp/ccOffBpn.s:113    .text:00000000000000ac .LVL11
     /tmp/ccOffBpn.s:127    .text:00000000000000d0 .LVL15
     /tmp/ccOffBpn.s:135    .text:00000000000000dc .LVL16
     /tmp/ccOffBpn.s:239    .text:00000000000001b8 .LVL35
     /tmp/ccOffBpn.s:149    .text:0000000000000100 .LVL20
     /tmp/ccOffBpn.s:236    .text:00000000000001b4 .LVL34
     /tmp/ccOffBpn.s:176    .text:0000000000000138 .LVL24
     /tmp/ccOffBpn.s:220    .text:0000000000000194 .LVL31
     /tmp/ccOffBpn.s:478    .debug_info:0000000000000000 .Ldebug_info0

UNDEFINED SYMBOLS
_Z11printStringPKc
_Z8userMainv
_Znwm
__putc
_ZdlPv
_Z11workerBodyAv
_Z11workerBodyBv
_ZN5Riscv14SupervisorTrapEv
_Z13thread_createPP3TCBPFvPvES2_
_ZN9Scheduler5queueE
_Z15thread_dispatchv
_ZN15MemoryAllocator8InstanceEv
_ZN15MemoryAllocator8mem_freeEPv
