GAS LISTING /tmp/ccz9Gv0e.s 			page 1


   1              		.file	"MemoryAllocator.cpp"
   2              		.option pic
   3              		.option norelax
   4              		.text
   5              	.Ltext0:
   6              		.align	2
   7              		.globl	_ZN15MemoryAllocatorC2Ev
   9              	_ZN15MemoryAllocatorC2Ev:
  10              	.LFB1:
  11              		.file 1 "src/MemoryAllocator.cpp"
   1:src/MemoryAllocator.cpp **** //
   2:src/MemoryAllocator.cpp **** // Created by os on 9/7/25.
   3:src/MemoryAllocator.cpp **** //
   4:src/MemoryAllocator.cpp **** 
   5:src/MemoryAllocator.cpp **** #include "../h/MemoryAllocator.hpp"
   6:src/MemoryAllocator.cpp **** #include "../lib/console.h"
   7:src/MemoryAllocator.cpp **** 
   8:src/MemoryAllocator.cpp **** 
   9:src/MemoryAllocator.cpp **** MemoryAllocator::MemoryAllocator() {
  12              		.loc 1 9 1
  13              		.cfi_startproc
  14              	.LVL0:
  15 0000 130101FF 		addi	sp,sp,-16
  16              		.cfi_def_cfa_offset 16
  17 0004 23348100 		sd	s0,8(sp)
  18              		.cfi_offset 8, -8
  19 0008 13040101 		addi	s0,sp,16
  20              		.cfi_def_cfa 8, 0
  21              	.LBB2:
  10:src/MemoryAllocator.cpp ****     this->head = (MemoryHeader*)HEAP_START_ADDR;
  22              		.loc 1 10 5
  23              		.loc 1 10 16 is_stmt 0
  24 000c 97070000 		la	a5,HEAP_START_ADDR
  24      83B70700 
  25 0014 03B70700 		ld	a4,0(a5)
  26 0018 2330E500 		sd	a4,0(a0)
  11:src/MemoryAllocator.cpp ****     // this->tail = (MemoryHeader*)HEAP_START_ADDR;
  12:src/MemoryAllocator.cpp ****     // this->tail->next=nullptr;
  13:src/MemoryAllocator.cpp ****     // this->tail->prev=nullptr;
  14:src/MemoryAllocator.cpp ****     this->head->next=nullptr;
  27              		.loc 1 14 5 is_stmt 1
  28              		.loc 1 14 21 is_stmt 0
  29 001c 23340700 		sd	zero,8(a4)
  15:src/MemoryAllocator.cpp ****     this->head->prev=nullptr;
  30              		.loc 1 15 5 is_stmt 1
  31              		.loc 1 15 11 is_stmt 0
  32 0020 83370500 		ld	a5,0(a0)
  33              		.loc 1 15 21
  34 0024 23B80700 		sd	zero,16(a5)
  16:src/MemoryAllocator.cpp ****     this->head->size = (size_t)((char*)HEAP_END_ADDR - (char*)HEAP_START_ADDR - sizeof(MemoryHeader
  35              		.loc 1 16 5 is_stmt 1
  36              		.loc 1 16 33 is_stmt 0
  37 0028 97070000 		la	a5,HEAP_END_ADDR
  37      83B70700 
  38 0030 83B70700 		ld	a5,0(a5)
  39              		.loc 1 16 54
  40 0034 B387E740 		sub	a5,a5,a4
GAS LISTING /tmp/ccz9Gv0e.s 			page 2


  41              		.loc 1 16 11
  42 0038 03370500 		ld	a4,0(a0)
  43              		.loc 1 16 79
  44 003c 938787FE 		addi	a5,a5,-24
  45              		.loc 1 16 22
  46 0040 2330F700 		sd	a5,0(a4)
  17:src/MemoryAllocator.cpp ****     this->freeMemSize=this->head->size;
  47              		.loc 1 17 5 is_stmt 1
  48              		.loc 1 17 29 is_stmt 0
  49 0044 83370500 		ld	a5,0(a0)
  50              		.loc 1 17 35
  51 0048 83B70700 		ld	a5,0(a5)
  52              		.loc 1 17 22
  53 004c 2334F500 		sd	a5,8(a0)
  54              	.LBE2:
  18:src/MemoryAllocator.cpp **** }
  55              		.loc 1 18 1
  56 0050 03348100 		ld	s0,8(sp)
  57              		.cfi_restore 8
  58              		.cfi_def_cfa 2, 16
  59 0054 13010101 		addi	sp,sp,16
  60              		.cfi_def_cfa_offset 0
  61 0058 67800000 		jr	ra
  62              		.cfi_endproc
  63              	.LFE1:
  65              		.globl	_ZN15MemoryAllocatorC1Ev
  66              		.set	_ZN15MemoryAllocatorC1Ev,_ZN15MemoryAllocatorC2Ev
  67              		.align	2
  68              		.globl	_ZN15MemoryAllocator8InstanceEv
  70              	_ZN15MemoryAllocator8InstanceEv:
  71              	.LFB3:
  19:src/MemoryAllocator.cpp **** 
  20:src/MemoryAllocator.cpp **** 
  21:src/MemoryAllocator.cpp **** 
  22:src/MemoryAllocator.cpp **** 
  23:src/MemoryAllocator.cpp **** MemoryAllocator* MemoryAllocator::Instance() {
  72              		.loc 1 23 46 is_stmt 1
  73              		.cfi_startproc
  24:src/MemoryAllocator.cpp ****     static MemoryAllocator instance;
  74              		.loc 1 24 5
  75              		.loc 1 24 28 is_stmt 0
  76 005c 97070000 		lbu	a5,.LANCHOR0
  76      83C70700 
  77 0064 63880700 		beqz	a5,.L9
  25:src/MemoryAllocator.cpp ****     return &instance;
  78              		.loc 1 25 5 is_stmt 1
  26:src/MemoryAllocator.cpp **** }
  79              		.loc 1 26 1 is_stmt 0
  80 0068 17050000 		lla	a0,.LANCHOR0+8
  80      13050500 
  81 0070 67800000 		ret
  82              	.L9:
  23:src/MemoryAllocator.cpp ****     static MemoryAllocator instance;
  83              		.loc 1 23 46 discriminator 1
  84 0074 130101FF 		addi	sp,sp,-16
  85              		.cfi_def_cfa_offset 16
  86 0078 23341100 		sd	ra,8(sp)
GAS LISTING /tmp/ccz9Gv0e.s 			page 3


  87 007c 23308100 		sd	s0,0(sp)
  88              		.cfi_offset 1, -8
  89              		.cfi_offset 8, -16
  90 0080 13040101 		addi	s0,sp,16
  91              		.cfi_def_cfa 8, 0
  24:src/MemoryAllocator.cpp ****     return &instance;
  92              		.loc 1 24 28 discriminator 1
  93 0084 17050000 		lla	a0,.LANCHOR0+8
  93      13050500 
  94 008c 97000000 		call	_ZN15MemoryAllocatorC1Ev
  94      E7800000 
  95              	.LVL1:
  96 0094 93071000 		li	a5,1
  97 0098 17070000 		sb	a5,.LANCHOR0,a4
  97      2300F700 
  25:src/MemoryAllocator.cpp **** }
  98              		.loc 1 25 5 is_stmt 1 discriminator 1
  99              		.loc 1 26 1 is_stmt 0 discriminator 1
 100 00a0 17050000 		lla	a0,.LANCHOR0+8
 100      13050500 
 101 00a8 83308100 		ld	ra,8(sp)
 102              		.cfi_restore 1
 103 00ac 03340100 		ld	s0,0(sp)
 104              		.cfi_restore 8
 105              		.cfi_def_cfa 2, 16
 106 00b0 13010101 		addi	sp,sp,16
 107              		.cfi_def_cfa_offset 0
 108 00b4 67800000 		jr	ra
 109              		.cfi_endproc
 110              	.LFE3:
 112              		.align	2
 113              		.globl	_ZN15MemoryAllocator9mem_allocEm
 115              	_ZN15MemoryAllocator9mem_allocEm:
 116              	.LFB4:
  27:src/MemoryAllocator.cpp **** 
  28:src/MemoryAllocator.cpp **** 
  29:src/MemoryAllocator.cpp **** void* MemoryAllocator::mem_alloc(size_t size) {
 117              		.loc 1 29 47 is_stmt 1
 118              		.cfi_startproc
 119              	.LVL2:
 120 00b8 13060500 		mv	a2,a0
  30:src/MemoryAllocator.cpp ****     if (this->head==nullptr)
 121              		.loc 1 30 5
 122              		.loc 1 30 15 is_stmt 0
 123 00bc 03350500 		ld	a0,0(a0)
 124              	.LVL3:
 125              		.loc 1 30 5
 126 00c0 630C0512 		beqz	a0,.L27
  31:src/MemoryAllocator.cpp ****         return nullptr;
  32:src/MemoryAllocator.cpp ****     if (size==0) {
 127              		.loc 1 32 5 is_stmt 1
 128 00c4 63820512 		beqz	a1,.L23
  29:src/MemoryAllocator.cpp ****     if (this->head==nullptr)
 129              		.loc 1 29 47 is_stmt 0
 130 00c8 130101FE 		addi	sp,sp,-32
 131              		.cfi_def_cfa_offset 32
 132 00cc 233C1100 		sd	ra,24(sp)
GAS LISTING /tmp/ccz9Gv0e.s 			page 4


 133 00d0 23388100 		sd	s0,16(sp)
 134 00d4 23349100 		sd	s1,8(sp)
 135              		.cfi_offset 1, -8
 136              		.cfi_offset 8, -16
 137              		.cfi_offset 9, -24
 138 00d8 13040102 		addi	s0,sp,32
 139              		.cfi_def_cfa 8, 0
  33:src/MemoryAllocator.cpp ****         return nullptr;
  34:src/MemoryAllocator.cpp ****     }
  35:src/MemoryAllocator.cpp ****     uint64 offset = size % MEM_BLOCK_SIZE;
 140              		.loc 1 35 5 is_stmt 1
 141              		.loc 1 35 12 is_stmt 0
 142 00dc 93F7F503 		andi	a5,a1,63
 143              	.LVL4:
  36:src/MemoryAllocator.cpp ****     if (offset!=0)
 144              		.loc 1 36 5 is_stmt 1
 145 00e0 63840700 		beqz	a5,.L12
  37:src/MemoryAllocator.cpp ****         offset=1;
 146              		.loc 1 37 15 is_stmt 0
 147 00e4 93071000 		li	a5,1
 148              	.LVL5:
 149              	.L12:
  38:src/MemoryAllocator.cpp **** 
  39:src/MemoryAllocator.cpp ****     size_t actulalSize = (size  / MEM_BLOCK_SIZE+offset ) * MEM_BLOCK_SIZE;
 150              		.loc 1 39 5 is_stmt 1
 151              		.loc 1 39 33 is_stmt 0
 152 00e8 13D76500 		srli	a4,a1,6
 153              		.loc 1 39 49
 154 00ec 3307F700 		add	a4,a4,a5
 155              		.loc 1 39 12
 156 00f0 13176700 		slli	a4,a4,6
 157              	.LVL6:
  40:src/MemoryAllocator.cpp **** 
  41:src/MemoryAllocator.cpp **** 
  42:src/MemoryAllocator.cpp ****     MemoryHeader* curr= this->head;
 158              		.loc 1 42 5 is_stmt 1
 159              		.loc 1 42 19 is_stmt 0
 160 00f4 93070500 		mv	a5,a0
 161              	.LVL7:
 162              	.L14:
  43:src/MemoryAllocator.cpp ****     while (curr->next!=nullptr && curr->size < actulalSize) {
 163              		.loc 1 43 5 is_stmt 1
 164              		.loc 1 43 32
 165 00f8 93840700 		mv	s1,a5
 166              		.loc 1 43 18 is_stmt 0
 167 00fc 83B78700 		ld	a5,8(a5)
 168              	.LVL8:
 169              		.loc 1 43 32
 170 0100 63860700 		beqz	a5,.L13
 171              		.loc 1 43 41 discriminator 1
 172 0104 83B60400 		ld	a3,0(s1)
 173              		.loc 1 43 32 discriminator 1
 174 0108 E3E8E6FE 		bltu	a3,a4,.L14
 175              	.L13:
  44:src/MemoryAllocator.cpp ****         curr=curr->next;
  45:src/MemoryAllocator.cpp ****     }
  46:src/MemoryAllocator.cpp ****     if (curr->size < actulalSize) {
GAS LISTING /tmp/ccz9Gv0e.s 			page 5


 176              		.loc 1 46 5 is_stmt 1
 177              		.loc 1 46 15 is_stmt 0
 178 010c 83B60400 		ld	a3,0(s1)
 179              		.loc 1 46 5
 180 0110 63E0E60E 		bltu	a3,a4,.L25
  47:src/MemoryAllocator.cpp ****         return nullptr;
  48:src/MemoryAllocator.cpp ****     }
  49:src/MemoryAllocator.cpp **** 
  50:src/MemoryAllocator.cpp **** 
  51:src/MemoryAllocator.cpp **** 
  52:src/MemoryAllocator.cpp ****     if (curr->size - actulalSize >= MEM_BLOCK_SIZE+sizeof(MemoryHeader)) {
 181              		.loc 1 52 5 is_stmt 1
 182              	.LBB3:
 183              		.loc 1 52 20 is_stmt 0
 184 0114 B386E640 		sub	a3,a3,a4
 185              		.loc 1 52 5
 186 0118 93057005 		li	a1,87
 187              	.LVL9:
 188 011c 63F8D508 		bleu	a3,a1,.L15
 189              	.LBB4:
  53:src/MemoryAllocator.cpp **** 
  54:src/MemoryAllocator.cpp **** 
  55:src/MemoryAllocator.cpp ****         MemoryHeader* new_seg=(MemoryHeader*)((char*)curr + sizeof(MemoryHeader) + actulalSize);
 190              		.loc 1 55 9 is_stmt 1
 191              		.loc 1 55 82 is_stmt 0
 192 0120 93078701 		addi	a5,a4,24
 193              		.loc 1 55 23
 194 0124 B387F400 		add	a5,s1,a5
 195              	.LVL10:
  56:src/MemoryAllocator.cpp ****         new_seg->size = curr->size - actulalSize - sizeof(MemoryHeader);
 196              		.loc 1 56 9 is_stmt 1
 197              		.loc 1 56 50 is_stmt 0
 198 0128 938686FE 		addi	a3,a3,-24
 199              		.loc 1 56 23
 200 012c 23B0D700 		sd	a3,0(a5)
  57:src/MemoryAllocator.cpp ****         new_seg->next=curr->next;
 201              		.loc 1 57 9 is_stmt 1
 202              		.loc 1 57 29 is_stmt 0
 203 0130 83B68400 		ld	a3,8(s1)
 204              		.loc 1 57 22
 205 0134 23B4D700 		sd	a3,8(a5)
  58:src/MemoryAllocator.cpp ****         new_seg->prev=curr->prev;
 206              		.loc 1 58 9 is_stmt 1
 207              		.loc 1 58 29 is_stmt 0
 208 0138 83B60401 		ld	a3,16(s1)
 209              		.loc 1 58 22
 210 013c 23B8D700 		sd	a3,16(a5)
  59:src/MemoryAllocator.cpp ****         if (curr==this->head) {
 211              		.loc 1 59 9 is_stmt 1
 212              		.loc 1 59 25 is_stmt 0
 213 0140 83360600 		ld	a3,0(a2)
 214              		.loc 1 59 9
 215 0144 63809606 		beq	a3,s1,.L30
 216              	.L16:
  60:src/MemoryAllocator.cpp ****             this->head=new_seg;
  61:src/MemoryAllocator.cpp ****         }
  62:src/MemoryAllocator.cpp ****         // if (curr==this->tail) {
GAS LISTING /tmp/ccz9Gv0e.s 			page 6


  63:src/MemoryAllocator.cpp ****         //     this->tail=new_seg;
  64:src/MemoryAllocator.cpp ****         // }
  65:src/MemoryAllocator.cpp ****         if (curr->prev)
 217              		.loc 1 65 9 is_stmt 1
 218              		.loc 1 65 19 is_stmt 0
 219 0148 83B60401 		ld	a3,16(s1)
 220              		.loc 1 65 9
 221 014c 63840600 		beqz	a3,.L17
  66:src/MemoryAllocator.cpp ****             curr->prev->next=new_seg;
 222              		.loc 1 66 13 is_stmt 1
 223              		.loc 1 66 29 is_stmt 0
 224 0150 23B4F600 		sd	a5,8(a3)
 225              	.L17:
  67:src/MemoryAllocator.cpp ****         if (curr->next)
 226              		.loc 1 67 9 is_stmt 1
 227              		.loc 1 67 19 is_stmt 0
 228 0154 83B68400 		ld	a3,8(s1)
 229              		.loc 1 67 9
 230 0158 63840600 		beqz	a3,.L18
  68:src/MemoryAllocator.cpp ****             curr->next->prev=new_seg;
 231              		.loc 1 68 13 is_stmt 1
 232              		.loc 1 68 29 is_stmt 0
 233 015c 23B8F600 		sd	a5,16(a3)
 234              	.L18:
  69:src/MemoryAllocator.cpp **** 
  70:src/MemoryAllocator.cpp **** 
  71:src/MemoryAllocator.cpp ****         curr->size=actulalSize;
 235              		.loc 1 71 9 is_stmt 1
 236              		.loc 1 71 19 is_stmt 0
 237 0160 23B0E400 		sd	a4,0(s1)
  72:src/MemoryAllocator.cpp **** 
  73:src/MemoryAllocator.cpp **** 
  74:src/MemoryAllocator.cpp ****         this->freeMemSize-= (actulalSize + sizeof(MemoryHeader));
 238              		.loc 1 74 9 is_stmt 1
 239              		.loc 1 74 26 is_stmt 0
 240 0164 83378600 		ld	a5,8(a2)
 241              	.LVL11:
 242 0168 3387E740 		sub	a4,a5,a4
 243              	.LVL12:
 244 016c 130787FE 		addi	a4,a4,-24
 245 0170 2334E600 		sd	a4,8(a2)
 246              	.LVL13:
 247              	.L19:
 248              	.LBE4:
 249              	.LBE3:
  75:src/MemoryAllocator.cpp ****     }
  76:src/MemoryAllocator.cpp ****     else {
  77:src/MemoryAllocator.cpp ****         if (curr==this->head) {
  78:src/MemoryAllocator.cpp ****             this->head=curr->next;
  79:src/MemoryAllocator.cpp ****         }
  80:src/MemoryAllocator.cpp ****         if (curr->prev)
  81:src/MemoryAllocator.cpp ****             curr->prev->next=curr->next;
  82:src/MemoryAllocator.cpp ****         if (curr->next)
  83:src/MemoryAllocator.cpp ****             curr->next->prev=curr->prev;
  84:src/MemoryAllocator.cpp ****         this->freeMemSize-= actulalSize;
  85:src/MemoryAllocator.cpp ****     }
  86:src/MemoryAllocator.cpp **** 
GAS LISTING /tmp/ccz9Gv0e.s 			page 7


  87:src/MemoryAllocator.cpp **** 
  88:src/MemoryAllocator.cpp ****     __putc('m');
 250              		.loc 1 88 5 is_stmt 1
 251              		.loc 1 88 11 is_stmt 0
 252 0174 1305D006 		li	a0,109
 253 0178 97000000 		call	__putc@plt
 253      E7800000 
 254              	.LVL14:
  89:src/MemoryAllocator.cpp ****     __putc('\n');
 255              		.loc 1 89 5 is_stmt 1
 256              		.loc 1 89 11 is_stmt 0
 257 0180 1305A000 		li	a0,10
 258 0184 97000000 		call	__putc@plt
 258      E7800000 
 259              	.LVL15:
  90:src/MemoryAllocator.cpp **** 
  91:src/MemoryAllocator.cpp **** 
  92:src/MemoryAllocator.cpp **** 
  93:src/MemoryAllocator.cpp ****     return  (void*)((char*)curr + sizeof(MemoryHeader));
 260              		.loc 1 93 5 is_stmt 1
 261              		.loc 1 93 55 is_stmt 0
 262 018c 13858401 		addi	a0,s1,24
 263              	.L10:
  94:src/MemoryAllocator.cpp **** }
 264              		.loc 1 94 1
 265 0190 83308101 		ld	ra,24(sp)
 266              		.cfi_remember_state
 267              		.cfi_restore 1
 268 0194 03340101 		ld	s0,16(sp)
 269              		.cfi_restore 8
 270              		.cfi_def_cfa 2, 32
 271 0198 83348100 		ld	s1,8(sp)
 272              		.cfi_restore 9
 273              	.LVL16:
 274 019c 13010102 		addi	sp,sp,32
 275              		.cfi_def_cfa_offset 0
 276 01a0 67800000 		jr	ra
 277              	.LVL17:
 278              	.L30:
 279              		.cfi_restore_state
 280              	.LBB6:
 281              	.LBB5:
  60:src/MemoryAllocator.cpp ****         }
 282              		.loc 1 60 13 is_stmt 1
  60:src/MemoryAllocator.cpp ****         }
 283              		.loc 1 60 23 is_stmt 0
 284 01a4 2330F600 		sd	a5,0(a2)
 285 01a8 6FF01FFA 		j	.L16
 286              	.LVL18:
 287              	.L15:
 288              	.LBE5:
  77:src/MemoryAllocator.cpp ****             this->head=curr->next;
 289              		.loc 1 77 9 is_stmt 1
 290 01ac 630A9502 		beq	a0,s1,.L31
 291              	.L20:
  80:src/MemoryAllocator.cpp ****             curr->prev->next=curr->next;
 292              		.loc 1 80 9
GAS LISTING /tmp/ccz9Gv0e.s 			page 8


  80:src/MemoryAllocator.cpp ****             curr->prev->next=curr->next;
 293              		.loc 1 80 19 is_stmt 0
 294 01b0 83B70401 		ld	a5,16(s1)
  80:src/MemoryAllocator.cpp ****             curr->prev->next=curr->next;
 295              		.loc 1 80 9
 296 01b4 63860700 		beqz	a5,.L21
  81:src/MemoryAllocator.cpp ****         if (curr->next)
 297              		.loc 1 81 13 is_stmt 1
  81:src/MemoryAllocator.cpp ****         if (curr->next)
 298              		.loc 1 81 36 is_stmt 0
 299 01b8 83B68400 		ld	a3,8(s1)
  81:src/MemoryAllocator.cpp ****         if (curr->next)
 300              		.loc 1 81 29
 301 01bc 23B4D700 		sd	a3,8(a5)
 302              	.L21:
  82:src/MemoryAllocator.cpp ****             curr->next->prev=curr->prev;
 303              		.loc 1 82 9 is_stmt 1
  82:src/MemoryAllocator.cpp ****             curr->next->prev=curr->prev;
 304              		.loc 1 82 19 is_stmt 0
 305 01c0 83B78400 		ld	a5,8(s1)
  82:src/MemoryAllocator.cpp ****             curr->next->prev=curr->prev;
 306              		.loc 1 82 9
 307 01c4 63860700 		beqz	a5,.L22
  83:src/MemoryAllocator.cpp ****         this->freeMemSize-= actulalSize;
 308              		.loc 1 83 13 is_stmt 1
  83:src/MemoryAllocator.cpp ****         this->freeMemSize-= actulalSize;
 309              		.loc 1 83 36 is_stmt 0
 310 01c8 83B60401 		ld	a3,16(s1)
  83:src/MemoryAllocator.cpp ****         this->freeMemSize-= actulalSize;
 311              		.loc 1 83 29
 312 01cc 23B8D700 		sd	a3,16(a5)
 313              	.L22:
  84:src/MemoryAllocator.cpp ****     }
 314              		.loc 1 84 9 is_stmt 1
  84:src/MemoryAllocator.cpp ****     }
 315              		.loc 1 84 26 is_stmt 0
 316 01d0 83378600 		ld	a5,8(a2)
 317 01d4 3387E740 		sub	a4,a5,a4
 318              	.LVL19:
 319 01d8 2334E600 		sd	a4,8(a2)
 320 01dc 6FF09FF9 		j	.L19
 321              	.LVL20:
 322              	.L31:
  78:src/MemoryAllocator.cpp ****         }
 323              		.loc 1 78 13 is_stmt 1
  78:src/MemoryAllocator.cpp ****         }
 324              		.loc 1 78 23 is_stmt 0
 325 01e0 2330F600 		sd	a5,0(a2)
 326 01e4 6FF0DFFC 		j	.L20
 327              	.LVL21:
 328              	.L23:
 329              		.cfi_def_cfa_register 2
 330              		.cfi_restore 1
 331              		.cfi_restore 8
 332              		.cfi_restore 9
 333              	.LBE6:
  33:src/MemoryAllocator.cpp ****     }
GAS LISTING /tmp/ccz9Gv0e.s 			page 9


 334              		.loc 1 33 16
 335 01e8 13050000 		li	a0,0
 336 01ec 67800000 		ret
 337              	.LVL22:
 338              	.L25:
 339              		.cfi_def_cfa_register 8
 340              		.cfi_offset 1, -8
 341              		.cfi_offset 8, -16
 342              		.cfi_offset 9, -24
  47:src/MemoryAllocator.cpp ****     }
 343              		.loc 1 47 16
 344 01f0 13050000 		li	a0,0
 345 01f4 6FF0DFF9 		j	.L10
 346              	.LVL23:
 347              	.L27:
 348              		.cfi_def_cfa_register 2
 349              		.cfi_restore 1
 350              		.cfi_restore 8
 351              		.cfi_restore 9
 352              		.loc 1 94 1
 353 01f8 67800000 		ret
 354              		.cfi_endproc
 355              	.LFE4:
 357              		.align	2
 358              		.globl	_ZN15MemoryAllocator11try_to_joinEPNS_12MemoryHeaderE
 360              	_ZN15MemoryAllocator11try_to_joinEPNS_12MemoryHeaderE:
 361              	.LFB6:
  95:src/MemoryAllocator.cpp **** 
  96:src/MemoryAllocator.cpp **** 
  97:src/MemoryAllocator.cpp **** void MemoryAllocator::mem_free(void* ptr) {
  98:src/MemoryAllocator.cpp ****     if (ptr==nullptr) {
  99:src/MemoryAllocator.cpp ****         return;
 100:src/MemoryAllocator.cpp ****     }
 101:src/MemoryAllocator.cpp **** 	MemoryHeader* block = (MemoryHeader*)((char*)ptr - sizeof(MemoryHeader));
 102:src/MemoryAllocator.cpp ****     if (this->head==nullptr) {
 103:src/MemoryAllocator.cpp ****         this->head=block;
 104:src/MemoryAllocator.cpp ****         block->next=nullptr;
 105:src/MemoryAllocator.cpp ****         block->prev=nullptr;
 106:src/MemoryAllocator.cpp ****         this->freeMemSize+= block->size;
 107:src/MemoryAllocator.cpp ****         return;
 108:src/MemoryAllocator.cpp ****     }
 109:src/MemoryAllocator.cpp ****     MemoryHeader* curr = this->head;
 110:src/MemoryAllocator.cpp ****     while (curr->next!=nullptr && curr->next < block) {
 111:src/MemoryAllocator.cpp ****         curr=curr->next;
 112:src/MemoryAllocator.cpp ****     }
 113:src/MemoryAllocator.cpp **** 
 114:src/MemoryAllocator.cpp ****     if (curr==this->head and curr > block) {
 115:src/MemoryAllocator.cpp ****         block->next=curr;
 116:src/MemoryAllocator.cpp ****         block->prev=curr->prev;
 117:src/MemoryAllocator.cpp ****         curr->prev=block;
 118:src/MemoryAllocator.cpp ****         this->head=block;
 119:src/MemoryAllocator.cpp ****     }
 120:src/MemoryAllocator.cpp ****     else {
 121:src/MemoryAllocator.cpp ****         block->next=curr->next;
 122:src/MemoryAllocator.cpp ****         block->prev=curr;
 123:src/MemoryAllocator.cpp ****         curr->next=block;
 124:src/MemoryAllocator.cpp ****         if (block->next) {
GAS LISTING /tmp/ccz9Gv0e.s 			page 10


 125:src/MemoryAllocator.cpp ****             block->next->prev=block;
 126:src/MemoryAllocator.cpp ****         }
 127:src/MemoryAllocator.cpp ****     }
 128:src/MemoryAllocator.cpp **** 
 129:src/MemoryAllocator.cpp ****     this->freeMemSize+= block->size;
 130:src/MemoryAllocator.cpp ****     __putc('n');
 131:src/MemoryAllocator.cpp ****     __putc('\n');
 132:src/MemoryAllocator.cpp ****     try_to_join(block->prev);
 133:src/MemoryAllocator.cpp ****     try_to_join(block);
 134:src/MemoryAllocator.cpp **** }
 135:src/MemoryAllocator.cpp **** 
 136:src/MemoryAllocator.cpp **** 
 137:src/MemoryAllocator.cpp **** void MemoryAllocator::try_to_join(MemoryHeader* block) {
 362              		.loc 1 137 56 is_stmt 1
 363              		.cfi_startproc
 364              	.LVL24:
 138:src/MemoryAllocator.cpp ****     if (block==nullptr)
 365              		.loc 1 138 5
 366 01fc 6380050A 		beqz	a1,.L36
 137:src/MemoryAllocator.cpp ****     if (block==nullptr)
 367              		.loc 1 137 56 is_stmt 0
 368 0200 130101FE 		addi	sp,sp,-32
 369              		.cfi_def_cfa_offset 32
 370 0204 233C1100 		sd	ra,24(sp)
 371 0208 23388100 		sd	s0,16(sp)
 372 020c 23349100 		sd	s1,8(sp)
 373 0210 23302101 		sd	s2,0(sp)
 374              		.cfi_offset 1, -8
 375              		.cfi_offset 8, -16
 376              		.cfi_offset 9, -24
 377              		.cfi_offset 18, -32
 378 0214 13040102 		addi	s0,sp,32
 379              		.cfi_def_cfa 8, 0
 380 0218 13090500 		mv	s2,a0
 381 021c 93840500 		mv	s1,a1
 139:src/MemoryAllocator.cpp ****         return;
 140:src/MemoryAllocator.cpp ****     if (block->next!=nullptr && ((char*)block + sizeof(MemoryHeader) + block->size) == (char*)block
 382              		.loc 1 140 5 is_stmt 1
 383              		.loc 1 140 16 is_stmt 0
 384 0220 03B78500 		ld	a4,8(a1)
 385              		.loc 1 140 5
 386 0224 630A0700 		beqz	a4,.L32
 387              		.loc 1 140 79 discriminator 1
 388 0228 83B70500 		ld	a5,0(a1)
 389              		.loc 1 140 70 discriminator 1
 390 022c 93878701 		addi	a5,a5,24
 391 0230 B387F500 		add	a5,a1,a5
 392              		.loc 1 140 30 discriminator 1
 393 0234 630EF700 		beq	a4,a5,.L39
 394              	.LVL25:
 395              	.L32:
 141:src/MemoryAllocator.cpp ****         __putc('t');
 142:src/MemoryAllocator.cpp ****         __putc('\n');
 143:src/MemoryAllocator.cpp ****         block->size += block->next->size;
 144:src/MemoryAllocator.cpp ****         block->next=block->next->next;
 145:src/MemoryAllocator.cpp ****         if (block->next)
 146:src/MemoryAllocator.cpp ****             block->next->prev=block;
GAS LISTING /tmp/ccz9Gv0e.s 			page 11


 147:src/MemoryAllocator.cpp ****         this->freeMemSize+= sizeof(MemoryHeader);
 148:src/MemoryAllocator.cpp ****     }
 149:src/MemoryAllocator.cpp **** }...
 396              		.loc 1 149 1
 397 0238 83308101 		ld	ra,24(sp)
 398              		.cfi_remember_state
 399              		.cfi_restore 1
 400 023c 03340101 		ld	s0,16(sp)
 401              		.cfi_restore 8
 402              		.cfi_def_cfa 2, 32
 403 0240 83348100 		ld	s1,8(sp)
 404              		.cfi_restore 9
 405              	.LVL26:
 406 0244 03390100 		ld	s2,0(sp)
 407              		.cfi_restore 18
 408              	.LVL27:
 409 0248 13010102 		addi	sp,sp,32
 410              		.cfi_def_cfa_offset 0
 411 024c 67800000 		jr	ra
 412              	.LVL28:
 413              	.L39:
 414              		.cfi_restore_state
 141:src/MemoryAllocator.cpp ****         __putc('t');
 415              		.loc 1 141 9 is_stmt 1
 141:src/MemoryAllocator.cpp ****         __putc('t');
 416              		.loc 1 141 15 is_stmt 0
 417 0250 13054007 		li	a0,116
 418              	.LVL29:
 419 0254 97000000 		call	__putc@plt
 419      E7800000 
 420              	.LVL30:
 142:src/MemoryAllocator.cpp ****         __putc('\n');
 421              		.loc 1 142 9 is_stmt 1
 142:src/MemoryAllocator.cpp ****         __putc('\n');
 422              		.loc 1 142 15 is_stmt 0
 423 025c 1305A000 		li	a0,10
 424 0260 97000000 		call	__putc@plt
 424      E7800000 
 425              	.LVL31:
 143:src/MemoryAllocator.cpp ****         block->size += block->next->size;
 426              		.loc 1 143 9 is_stmt 1
 143:src/MemoryAllocator.cpp ****         block->size += block->next->size;
 427              		.loc 1 143 31 is_stmt 0
 428 0268 03B78400 		ld	a4,8(s1)
 143:src/MemoryAllocator.cpp ****         block->size += block->next->size;
 429              		.loc 1 143 37
 430 026c 83360700 		ld	a3,0(a4)
 143:src/MemoryAllocator.cpp ****         block->size += block->next->size;
 431              		.loc 1 143 21
 432 0270 83B70400 		ld	a5,0(s1)
 433 0274 B387D700 		add	a5,a5,a3
 434 0278 23B0F400 		sd	a5,0(s1)
 144:src/MemoryAllocator.cpp ****         block->next=block->next->next;
 435              		.loc 1 144 9 is_stmt 1
 144:src/MemoryAllocator.cpp ****         block->next=block->next->next;
 436              		.loc 1 144 34 is_stmt 0
 437 027c 83378700 		ld	a5,8(a4)
GAS LISTING /tmp/ccz9Gv0e.s 			page 12


 144:src/MemoryAllocator.cpp ****         block->next=block->next->next;
 438              		.loc 1 144 20
 439 0280 23B4F400 		sd	a5,8(s1)
 145:src/MemoryAllocator.cpp ****         if (block->next)
 440              		.loc 1 145 9 is_stmt 1
 441 0284 63840700 		beqz	a5,.L34
 146:src/MemoryAllocator.cpp ****             block->next->prev=block;
 442              		.loc 1 146 13
 146:src/MemoryAllocator.cpp ****             block->next->prev=block;
 443              		.loc 1 146 30 is_stmt 0
 444 0288 23B89700 		sd	s1,16(a5)
 445              	.L34:
 147:src/MemoryAllocator.cpp ****         this->freeMemSize+= sizeof(MemoryHeader);
 446              		.loc 1 147 9 is_stmt 1
 147:src/MemoryAllocator.cpp ****         this->freeMemSize+= sizeof(MemoryHeader);
 447              		.loc 1 147 26 is_stmt 0
 448 028c 83378900 		ld	a5,8(s2)
 449 0290 93878701 		addi	a5,a5,24
 450 0294 2334F900 		sd	a5,8(s2)
 451 0298 6FF01FFA 		j	.L32
 452              	.LVL32:
 453              	.L36:
 454              		.cfi_def_cfa_register 2
 455              		.cfi_restore 1
 456              		.cfi_restore 8
 457              		.cfi_restore 9
 458              		.cfi_restore 18
 459 029c 67800000 		ret
 460              		.cfi_endproc
 461              	.LFE6:
 463              		.align	2
 464              		.globl	_ZN15MemoryAllocator8mem_freeEPv
 466              	_ZN15MemoryAllocator8mem_freeEPv:
 467              	.LFB5:
  97:src/MemoryAllocator.cpp **** void MemoryAllocator::mem_free(void* ptr) {
 468              		.loc 1 97 43 is_stmt 1
 469              		.cfi_startproc
 470              	.LVL33:
  98:src/MemoryAllocator.cpp ****     if (ptr==nullptr) {
 471              		.loc 1 98 5
 472 02a0 63820510 		beqz	a1,.L48
  97:src/MemoryAllocator.cpp **** void MemoryAllocator::mem_free(void* ptr) {
 473              		.loc 1 97 43 is_stmt 0
 474 02a4 130101FD 		addi	sp,sp,-48
 475              		.cfi_def_cfa_offset 48
 476 02a8 23341102 		sd	ra,40(sp)
 477 02ac 23308102 		sd	s0,32(sp)
 478 02b0 233C9100 		sd	s1,24(sp)
 479 02b4 23382101 		sd	s2,16(sp)
 480 02b8 23343101 		sd	s3,8(sp)
 481              		.cfi_offset 1, -8
 482              		.cfi_offset 8, -16
 483              		.cfi_offset 9, -24
 484              		.cfi_offset 18, -32
 485              		.cfi_offset 19, -40
 486 02bc 13040103 		addi	s0,sp,48
 487              		.cfi_def_cfa 8, 0
GAS LISTING /tmp/ccz9Gv0e.s 			page 13


 488 02c0 93090500 		mv	s3,a0
 489 02c4 13890500 		mv	s2,a1
 101:src/MemoryAllocator.cpp **** 	MemoryHeader* block = (MemoryHeader*)((char*)ptr - sizeof(MemoryHeader));
 490              		.loc 1 101 2 is_stmt 1
 101:src/MemoryAllocator.cpp **** 	MemoryHeader* block = (MemoryHeader*)((char*)ptr - sizeof(MemoryHeader));
 491              		.loc 1 101 16 is_stmt 0
 492 02c8 938485FE 		addi	s1,a1,-24
 493              	.LVL34:
 102:src/MemoryAllocator.cpp ****     if (this->head==nullptr) {
 494              		.loc 1 102 5 is_stmt 1
 102:src/MemoryAllocator.cpp ****     if (this->head==nullptr) {
 495              		.loc 1 102 15 is_stmt 0
 496 02cc 83360500 		ld	a3,0(a0)
 102:src/MemoryAllocator.cpp ****     if (this->head==nullptr) {
 497              		.loc 1 102 5
 498 02d0 638C0608 		beqz	a3,.L51
 109:src/MemoryAllocator.cpp ****     MemoryHeader* curr = this->head;
 499              		.loc 1 109 19
 500 02d4 93870600 		mv	a5,a3
 501              	.L42:
 502              	.LVL35:
 110:src/MemoryAllocator.cpp ****     while (curr->next!=nullptr && curr->next < block) {
 503              		.loc 1 110 5 is_stmt 1
 110:src/MemoryAllocator.cpp ****     while (curr->next!=nullptr && curr->next < block) {
 504              		.loc 1 110 32
 505 02d8 13870700 		mv	a4,a5
 110:src/MemoryAllocator.cpp ****     while (curr->next!=nullptr && curr->next < block) {
 506              		.loc 1 110 18 is_stmt 0
 507 02dc 83B78700 		ld	a5,8(a5)
 508              	.LVL36:
 110:src/MemoryAllocator.cpp ****     while (curr->next!=nullptr && curr->next < block) {
 509              		.loc 1 110 32
 510 02e0 63840700 		beqz	a5,.L43
 110:src/MemoryAllocator.cpp ****     while (curr->next!=nullptr && curr->next < block) {
 511              		.loc 1 110 32 discriminator 1
 512 02e4 E3EA97FE 		bltu	a5,s1,.L42
 513              	.L43:
 114:src/MemoryAllocator.cpp ****     if (curr==this->head and curr > block) {
 514              		.loc 1 114 5 is_stmt 1
 515 02e8 6380E60A 		beq	a3,a4,.L52
 516              	.L44:
 121:src/MemoryAllocator.cpp ****         block->next=curr->next;
 517              		.loc 1 121 9
 121:src/MemoryAllocator.cpp ****         block->next=curr->next;
 518              		.loc 1 121 20 is_stmt 0
 519 02ec 2338F9FE 		sd	a5,-16(s2)
 122:src/MemoryAllocator.cpp ****         block->prev=curr;
 520              		.loc 1 122 9 is_stmt 1
 122:src/MemoryAllocator.cpp ****         block->prev=curr;
 521              		.loc 1 122 20 is_stmt 0
 522 02f0 233CE9FE 		sd	a4,-8(s2)
 123:src/MemoryAllocator.cpp ****         curr->next=block;
 523              		.loc 1 123 9 is_stmt 1
 123:src/MemoryAllocator.cpp ****         curr->next=block;
 524              		.loc 1 123 19 is_stmt 0
 525 02f4 23349700 		sd	s1,8(a4)
 124:src/MemoryAllocator.cpp ****         if (block->next) {
GAS LISTING /tmp/ccz9Gv0e.s 			page 14


 526              		.loc 1 124 9 is_stmt 1
 124:src/MemoryAllocator.cpp ****         if (block->next) {
 527              		.loc 1 124 20 is_stmt 0
 528 02f8 833709FF 		ld	a5,-16(s2)
 124:src/MemoryAllocator.cpp ****         if (block->next) {
 529              		.loc 1 124 9
 530 02fc 63840700 		beqz	a5,.L45
 125:src/MemoryAllocator.cpp ****             block->next->prev=block;
 531              		.loc 1 125 13 is_stmt 1
 125:src/MemoryAllocator.cpp ****             block->next->prev=block;
 532              		.loc 1 125 30 is_stmt 0
 533 0300 23B89700 		sd	s1,16(a5)
 534              	.L45:
 129:src/MemoryAllocator.cpp ****     this->freeMemSize+= block->size;
 535              		.loc 1 129 5 is_stmt 1
 129:src/MemoryAllocator.cpp ****     this->freeMemSize+= block->size;
 536              		.loc 1 129 32 is_stmt 0
 537 0304 033789FE 		ld	a4,-24(s2)
 538              	.LVL37:
 129:src/MemoryAllocator.cpp ****     this->freeMemSize+= block->size;
 539              		.loc 1 129 22
 540 0308 83B78900 		ld	a5,8(s3)
 541 030c B387E700 		add	a5,a5,a4
 542 0310 23B4F900 		sd	a5,8(s3)
 130:src/MemoryAllocator.cpp ****     __putc('n');
 543              		.loc 1 130 5 is_stmt 1
 130:src/MemoryAllocator.cpp ****     __putc('n');
 544              		.loc 1 130 11 is_stmt 0
 545 0314 1305E006 		li	a0,110
 546              	.LVL38:
 547 0318 97000000 		call	__putc@plt
 547      E7800000 
 548              	.LVL39:
 131:src/MemoryAllocator.cpp ****     __putc('\n');
 549              		.loc 1 131 5 is_stmt 1
 131:src/MemoryAllocator.cpp ****     __putc('\n');
 550              		.loc 1 131 11 is_stmt 0
 551 0320 1305A000 		li	a0,10
 552 0324 97000000 		call	__putc@plt
 552      E7800000 
 553              	.LVL40:
 132:src/MemoryAllocator.cpp ****     try_to_join(block->prev);
 554              		.loc 1 132 5 is_stmt 1
 132:src/MemoryAllocator.cpp ****     try_to_join(block->prev);
 555              		.loc 1 132 16 is_stmt 0
 556 032c 833589FF 		ld	a1,-8(s2)
 557 0330 13850900 		mv	a0,s3
 558 0334 97000000 		call	_ZN15MemoryAllocator11try_to_joinEPNS_12MemoryHeaderE
 558      E7800000 
 559              	.LVL41:
 133:src/MemoryAllocator.cpp ****     try_to_join(block);
 560              		.loc 1 133 5 is_stmt 1
 133:src/MemoryAllocator.cpp ****     try_to_join(block);
 561              		.loc 1 133 16 is_stmt 0
 562 033c 93850400 		mv	a1,s1
 563 0340 13850900 		mv	a0,s3
 564 0344 97000000 		call	_ZN15MemoryAllocator11try_to_joinEPNS_12MemoryHeaderE
GAS LISTING /tmp/ccz9Gv0e.s 			page 15


 564      E7800000 
 565              	.LVL42:
 566              	.L40:
 134:src/MemoryAllocator.cpp **** }
 567              		.loc 1 134 1
 568 034c 83308102 		ld	ra,40(sp)
 569              		.cfi_remember_state
 570              		.cfi_restore 1
 571 0350 03340102 		ld	s0,32(sp)
 572              		.cfi_restore 8
 573              		.cfi_def_cfa 2, 48
 574 0354 83348101 		ld	s1,24(sp)
 575              		.cfi_restore 9
 576              	.LVL43:
 577 0358 03390101 		ld	s2,16(sp)
 578              		.cfi_restore 18
 579              	.LVL44:
 580 035c 83398100 		ld	s3,8(sp)
 581              		.cfi_restore 19
 582              	.LVL45:
 583 0360 13010103 		addi	sp,sp,48
 584              		.cfi_def_cfa_offset 0
 585 0364 67800000 		jr	ra
 586              	.LVL46:
 587              	.L51:
 588              		.cfi_restore_state
 103:src/MemoryAllocator.cpp ****         this->head=block;
 589              		.loc 1 103 9 is_stmt 1
 103:src/MemoryAllocator.cpp ****         this->head=block;
 590              		.loc 1 103 19 is_stmt 0
 591 0368 23309500 		sd	s1,0(a0)
 104:src/MemoryAllocator.cpp ****         block->next=nullptr;
 592              		.loc 1 104 9 is_stmt 1
 104:src/MemoryAllocator.cpp ****         block->next=nullptr;
 593              		.loc 1 104 20 is_stmt 0
 594 036c 23B805FE 		sd	zero,-16(a1)
 105:src/MemoryAllocator.cpp ****         block->prev=nullptr;
 595              		.loc 1 105 9 is_stmt 1
 105:src/MemoryAllocator.cpp ****         block->prev=nullptr;
 596              		.loc 1 105 20 is_stmt 0
 597 0370 23BC05FE 		sd	zero,-8(a1)
 106:src/MemoryAllocator.cpp ****         this->freeMemSize+= block->size;
 598              		.loc 1 106 9 is_stmt 1
 106:src/MemoryAllocator.cpp ****         this->freeMemSize+= block->size;
 599              		.loc 1 106 36 is_stmt 0
 600 0374 03B785FE 		ld	a4,-24(a1)
 106:src/MemoryAllocator.cpp ****         this->freeMemSize+= block->size;
 601              		.loc 1 106 26
 602 0378 83378500 		ld	a5,8(a0)
 603 037c B387E700 		add	a5,a5,a4
 604 0380 2334F500 		sd	a5,8(a0)
 107:src/MemoryAllocator.cpp ****         return;
 605              		.loc 1 107 9 is_stmt 1
 606 0384 6FF09FFC 		j	.L40
 607              	.LVL47:
 608              	.L52:
 114:src/MemoryAllocator.cpp ****     if (curr==this->head and curr > block) {
GAS LISTING /tmp/ccz9Gv0e.s 			page 16


 609              		.loc 1 114 26 is_stmt 0 discriminator 1
 610 0388 E3F2E4F6 		bleu	a4,s1,.L44
 115:src/MemoryAllocator.cpp ****         block->next=curr;
 611              		.loc 1 115 9 is_stmt 1
 115:src/MemoryAllocator.cpp ****         block->next=curr;
 612              		.loc 1 115 20 is_stmt 0
 613 038c 2338E9FE 		sd	a4,-16(s2)
 116:src/MemoryAllocator.cpp ****         block->prev=curr->prev;
 614              		.loc 1 116 9 is_stmt 1
 116:src/MemoryAllocator.cpp ****         block->prev=curr->prev;
 615              		.loc 1 116 27 is_stmt 0
 616 0390 83370701 		ld	a5,16(a4)
 116:src/MemoryAllocator.cpp ****         block->prev=curr->prev;
 617              		.loc 1 116 20
 618 0394 233CF9FE 		sd	a5,-8(s2)
 117:src/MemoryAllocator.cpp ****         curr->prev=block;
 619              		.loc 1 117 9 is_stmt 1
 117:src/MemoryAllocator.cpp ****         curr->prev=block;
 620              		.loc 1 117 19 is_stmt 0
 621 0398 23389700 		sd	s1,16(a4)
 118:src/MemoryAllocator.cpp ****         this->head=block;
 622              		.loc 1 118 9 is_stmt 1
 118:src/MemoryAllocator.cpp ****         this->head=block;
 623              		.loc 1 118 19 is_stmt 0
 624 039c 23B09900 		sd	s1,0(s3)
 625 03a0 6FF05FF6 		j	.L45
 626              	.LVL48:
 627              	.L48:
 628              		.cfi_def_cfa_register 2
 629              		.cfi_restore 1
 630              		.cfi_restore 8
 631              		.cfi_restore 9
 632              		.cfi_restore 18
 633              		.cfi_restore 19
 634 03a4 67800000 		ret
 635              		.cfi_endproc
 636              	.LFE5:
 638              		.bss
 639              		.align	3
 640              		.set	.LANCHOR0,. + 0
 643              	_ZGVZN15MemoryAllocator8InstanceEvE8instance:
 644 0000 00000000 		.zero	8
 644      00000000 
 647              	_ZZN15MemoryAllocator8InstanceEvE8instance:
 648 0008 00000000 		.zero	16
 648      00000000 
 648      00000000 
 648      00000000 
 649              		.text
 650              	.Letext0:
 651              		.file 2 "src/../h/../lib/hw.h"
 652              		.file 3 "src/../h/MemoryAllocator.hpp"
 653              		.file 4 "src/../lib/console.h"
GAS LISTING /tmp/ccz9Gv0e.s 			page 17


DEFINED SYMBOLS
                            *ABS*:0000000000000000 MemoryAllocator.cpp
     /tmp/ccz9Gv0e.s:9      .text:0000000000000000 _ZN15MemoryAllocatorC2Ev
     /tmp/ccz9Gv0e.s:13     .text:0000000000000000 .L0 
     /tmp/ccz9Gv0e.s:15     .text:0000000000000000 .L0 
     /tmp/ccz9Gv0e.s:16     .text:0000000000000004 .L0 
     /tmp/ccz9Gv0e.s:18     .text:0000000000000008 .L0 
     /tmp/ccz9Gv0e.s:20     .text:000000000000000c .L0 
     /tmp/ccz9Gv0e.s:23     .text:000000000000000c .L0 
     /tmp/ccz9Gv0e.s:24     .text:000000000000000c .L0 
     /tmp/ccz9Gv0e.s:28     .text:000000000000001c .L0 
     /tmp/ccz9Gv0e.s:29     .text:000000000000001c .L0 
     /tmp/ccz9Gv0e.s:31     .text:0000000000000020 .L0 
     /tmp/ccz9Gv0e.s:32     .text:0000000000000020 .L0 
     /tmp/ccz9Gv0e.s:34     .text:0000000000000024 .L0 
     /tmp/ccz9Gv0e.s:36     .text:0000000000000028 .L0 
     /tmp/ccz9Gv0e.s:37     .text:0000000000000028 .L0 
     /tmp/ccz9Gv0e.s:40     .text:0000000000000034 .L0 
     /tmp/ccz9Gv0e.s:42     .text:0000000000000038 .L0 
     /tmp/ccz9Gv0e.s:44     .text:000000000000003c .L0 
     /tmp/ccz9Gv0e.s:46     .text:0000000000000040 .L0 
     /tmp/ccz9Gv0e.s:48     .text:0000000000000044 .L0 
     /tmp/ccz9Gv0e.s:49     .text:0000000000000044 .L0 
     /tmp/ccz9Gv0e.s:51     .text:0000000000000048 .L0 
     /tmp/ccz9Gv0e.s:53     .text:000000000000004c .L0 
     /tmp/ccz9Gv0e.s:56     .text:0000000000000050 .L0 
     /tmp/ccz9Gv0e.s:57     .text:0000000000000054 .L0 
     /tmp/ccz9Gv0e.s:58     .text:0000000000000054 .L0 
     /tmp/ccz9Gv0e.s:60     .text:0000000000000058 .L0 
     /tmp/ccz9Gv0e.s:62     .text:000000000000005c .L0 
     /tmp/ccz9Gv0e.s:9      .text:0000000000000000 _ZN15MemoryAllocatorC1Ev
     /tmp/ccz9Gv0e.s:70     .text:000000000000005c _ZN15MemoryAllocator8InstanceEv
     /tmp/ccz9Gv0e.s:73     .text:000000000000005c .L0 
     /tmp/ccz9Gv0e.s:74     .text:000000000000005c .L0 
     /tmp/ccz9Gv0e.s:75     .text:000000000000005c .L0 
     /tmp/ccz9Gv0e.s:76     .text:000000000000005c .L0 
     /tmp/ccz9Gv0e.s:79     .text:0000000000000068 .L0 
     /tmp/ccz9Gv0e.s:80     .text:0000000000000068 .L0 
     /tmp/ccz9Gv0e.s:84     .text:0000000000000074 .L0 
     /tmp/ccz9Gv0e.s:85     .text:0000000000000078 .L0 
     /tmp/ccz9Gv0e.s:88     .text:0000000000000080 .L0 
     /tmp/ccz9Gv0e.s:89     .text:0000000000000080 .L0 
     /tmp/ccz9Gv0e.s:91     .text:0000000000000084 .L0 
     /tmp/ccz9Gv0e.s:93     .text:0000000000000084 .L0 
     /tmp/ccz9Gv0e.s:99     .text:00000000000000a0 .L0 
     /tmp/ccz9Gv0e.s:100    .text:00000000000000a0 .L0 
     /tmp/ccz9Gv0e.s:102    .text:00000000000000ac .L0 
     /tmp/ccz9Gv0e.s:104    .text:00000000000000b0 .L0 
     /tmp/ccz9Gv0e.s:105    .text:00000000000000b0 .L0 
     /tmp/ccz9Gv0e.s:107    .text:00000000000000b4 .L0 
     /tmp/ccz9Gv0e.s:109    .text:00000000000000b8 .L0 
     /tmp/ccz9Gv0e.s:115    .text:00000000000000b8 _ZN15MemoryAllocator9mem_allocEm
     /tmp/ccz9Gv0e.s:118    .text:00000000000000b8 .L0 
     /tmp/ccz9Gv0e.s:120    .text:00000000000000b8 .L0 
     /tmp/ccz9Gv0e.s:122    .text:00000000000000bc .L0 
     /tmp/ccz9Gv0e.s:123    .text:00000000000000bc .L0 
     /tmp/ccz9Gv0e.s:126    .text:00000000000000c0 .L0 
GAS LISTING /tmp/ccz9Gv0e.s 			page 18


     /tmp/ccz9Gv0e.s:128    .text:00000000000000c4 .L0 
     /tmp/ccz9Gv0e.s:130    .text:00000000000000c8 .L0 
     /tmp/ccz9Gv0e.s:131    .text:00000000000000cc .L0 
     /tmp/ccz9Gv0e.s:135    .text:00000000000000d8 .L0 
     /tmp/ccz9Gv0e.s:136    .text:00000000000000d8 .L0 
     /tmp/ccz9Gv0e.s:137    .text:00000000000000d8 .L0 
     /tmp/ccz9Gv0e.s:139    .text:00000000000000dc .L0 
     /tmp/ccz9Gv0e.s:141    .text:00000000000000dc .L0 
     /tmp/ccz9Gv0e.s:142    .text:00000000000000dc .L0 
     /tmp/ccz9Gv0e.s:145    .text:00000000000000e0 .L0 
     /tmp/ccz9Gv0e.s:147    .text:00000000000000e4 .L0 
     /tmp/ccz9Gv0e.s:151    .text:00000000000000e8 .L0 
     /tmp/ccz9Gv0e.s:152    .text:00000000000000e8 .L0 
     /tmp/ccz9Gv0e.s:154    .text:00000000000000ec .L0 
     /tmp/ccz9Gv0e.s:156    .text:00000000000000f0 .L0 
     /tmp/ccz9Gv0e.s:159    .text:00000000000000f4 .L0 
     /tmp/ccz9Gv0e.s:160    .text:00000000000000f4 .L0 
     /tmp/ccz9Gv0e.s:164    .text:00000000000000f8 .L0 
     /tmp/ccz9Gv0e.s:165    .text:00000000000000f8 .L0 
     /tmp/ccz9Gv0e.s:167    .text:00000000000000fc .L0 
     /tmp/ccz9Gv0e.s:170    .text:0000000000000100 .L0 
     /tmp/ccz9Gv0e.s:172    .text:0000000000000104 .L0 
     /tmp/ccz9Gv0e.s:174    .text:0000000000000108 .L0 
     /tmp/ccz9Gv0e.s:177    .text:000000000000010c .L0 
     /tmp/ccz9Gv0e.s:178    .text:000000000000010c .L0 
     /tmp/ccz9Gv0e.s:180    .text:0000000000000110 .L0 
     /tmp/ccz9Gv0e.s:183    .text:0000000000000114 .L0 
     /tmp/ccz9Gv0e.s:184    .text:0000000000000114 .L0 
     /tmp/ccz9Gv0e.s:186    .text:0000000000000118 .L0 
     /tmp/ccz9Gv0e.s:191    .text:0000000000000120 .L0 
     /tmp/ccz9Gv0e.s:192    .text:0000000000000120 .L0 
     /tmp/ccz9Gv0e.s:194    .text:0000000000000124 .L0 
     /tmp/ccz9Gv0e.s:197    .text:0000000000000128 .L0 
     /tmp/ccz9Gv0e.s:198    .text:0000000000000128 .L0 
     /tmp/ccz9Gv0e.s:200    .text:000000000000012c .L0 
     /tmp/ccz9Gv0e.s:202    .text:0000000000000130 .L0 
     /tmp/ccz9Gv0e.s:203    .text:0000000000000130 .L0 
     /tmp/ccz9Gv0e.s:205    .text:0000000000000134 .L0 
     /tmp/ccz9Gv0e.s:207    .text:0000000000000138 .L0 
     /tmp/ccz9Gv0e.s:208    .text:0000000000000138 .L0 
     /tmp/ccz9Gv0e.s:210    .text:000000000000013c .L0 
     /tmp/ccz9Gv0e.s:212    .text:0000000000000140 .L0 
     /tmp/ccz9Gv0e.s:213    .text:0000000000000140 .L0 
     /tmp/ccz9Gv0e.s:215    .text:0000000000000144 .L0 
     /tmp/ccz9Gv0e.s:218    .text:0000000000000148 .L0 
     /tmp/ccz9Gv0e.s:219    .text:0000000000000148 .L0 
     /tmp/ccz9Gv0e.s:221    .text:000000000000014c .L0 
     /tmp/ccz9Gv0e.s:223    .text:0000000000000150 .L0 
     /tmp/ccz9Gv0e.s:224    .text:0000000000000150 .L0 
     /tmp/ccz9Gv0e.s:227    .text:0000000000000154 .L0 
     /tmp/ccz9Gv0e.s:228    .text:0000000000000154 .L0 
     /tmp/ccz9Gv0e.s:230    .text:0000000000000158 .L0 
     /tmp/ccz9Gv0e.s:232    .text:000000000000015c .L0 
     /tmp/ccz9Gv0e.s:233    .text:000000000000015c .L0 
     /tmp/ccz9Gv0e.s:236    .text:0000000000000160 .L0 
     /tmp/ccz9Gv0e.s:237    .text:0000000000000160 .L0 
     /tmp/ccz9Gv0e.s:239    .text:0000000000000164 .L0 
GAS LISTING /tmp/ccz9Gv0e.s 			page 19


     /tmp/ccz9Gv0e.s:240    .text:0000000000000164 .L0 
     /tmp/ccz9Gv0e.s:251    .text:0000000000000174 .L0 
     /tmp/ccz9Gv0e.s:252    .text:0000000000000174 .L0 
     /tmp/ccz9Gv0e.s:256    .text:0000000000000180 .L0 
     /tmp/ccz9Gv0e.s:257    .text:0000000000000180 .L0 
     /tmp/ccz9Gv0e.s:261    .text:000000000000018c .L0 
     /tmp/ccz9Gv0e.s:262    .text:000000000000018c .L0 
     /tmp/ccz9Gv0e.s:265    .text:0000000000000190 .L0 
     /tmp/ccz9Gv0e.s:266    .text:0000000000000194 .L0 
     /tmp/ccz9Gv0e.s:267    .text:0000000000000194 .L0 
     /tmp/ccz9Gv0e.s:269    .text:0000000000000198 .L0 
     /tmp/ccz9Gv0e.s:270    .text:0000000000000198 .L0 
     /tmp/ccz9Gv0e.s:272    .text:000000000000019c .L0 
     /tmp/ccz9Gv0e.s:275    .text:00000000000001a0 .L0 
     /tmp/ccz9Gv0e.s:279    .text:00000000000001a4 .L0 
     /tmp/ccz9Gv0e.s:283    .text:00000000000001a4 .L0 
     /tmp/ccz9Gv0e.s:284    .text:00000000000001a4 .L0 
     /tmp/ccz9Gv0e.s:290    .text:00000000000001ac .L0 
     /tmp/ccz9Gv0e.s:293    .text:00000000000001b0 .L0 
     /tmp/ccz9Gv0e.s:294    .text:00000000000001b0 .L0 
     /tmp/ccz9Gv0e.s:296    .text:00000000000001b4 .L0 
     /tmp/ccz9Gv0e.s:298    .text:00000000000001b8 .L0 
     /tmp/ccz9Gv0e.s:299    .text:00000000000001b8 .L0 
     /tmp/ccz9Gv0e.s:301    .text:00000000000001bc .L0 
     /tmp/ccz9Gv0e.s:304    .text:00000000000001c0 .L0 
     /tmp/ccz9Gv0e.s:305    .text:00000000000001c0 .L0 
     /tmp/ccz9Gv0e.s:307    .text:00000000000001c4 .L0 
     /tmp/ccz9Gv0e.s:309    .text:00000000000001c8 .L0 
     /tmp/ccz9Gv0e.s:310    .text:00000000000001c8 .L0 
     /tmp/ccz9Gv0e.s:312    .text:00000000000001cc .L0 
     /tmp/ccz9Gv0e.s:315    .text:00000000000001d0 .L0 
     /tmp/ccz9Gv0e.s:316    .text:00000000000001d0 .L0 
     /tmp/ccz9Gv0e.s:324    .text:00000000000001e0 .L0 
     /tmp/ccz9Gv0e.s:325    .text:00000000000001e0 .L0 
     /tmp/ccz9Gv0e.s:329    .text:00000000000001e8 .L0 
     /tmp/ccz9Gv0e.s:330    .text:00000000000001e8 .L0 
     /tmp/ccz9Gv0e.s:331    .text:00000000000001e8 .L0 
     /tmp/ccz9Gv0e.s:332    .text:00000000000001e8 .L0 
     /tmp/ccz9Gv0e.s:335    .text:00000000000001e8 .L0 
     /tmp/ccz9Gv0e.s:339    .text:00000000000001f0 .L0 
     /tmp/ccz9Gv0e.s:340    .text:00000000000001f0 .L0 
     /tmp/ccz9Gv0e.s:341    .text:00000000000001f0 .L0 
     /tmp/ccz9Gv0e.s:342    .text:00000000000001f0 .L0 
     /tmp/ccz9Gv0e.s:344    .text:00000000000001f0 .L0 
     /tmp/ccz9Gv0e.s:348    .text:00000000000001f8 .L0 
     /tmp/ccz9Gv0e.s:349    .text:00000000000001f8 .L0 
     /tmp/ccz9Gv0e.s:350    .text:00000000000001f8 .L0 
     /tmp/ccz9Gv0e.s:351    .text:00000000000001f8 .L0 
     /tmp/ccz9Gv0e.s:353    .text:00000000000001f8 .L0 
     /tmp/ccz9Gv0e.s:354    .text:00000000000001fc .L0 
     /tmp/ccz9Gv0e.s:360    .text:00000000000001fc _ZN15MemoryAllocator11try_to_joinEPNS_12MemoryHeaderE
     /tmp/ccz9Gv0e.s:363    .text:00000000000001fc .L0 
     /tmp/ccz9Gv0e.s:365    .text:00000000000001fc .L0 
     /tmp/ccz9Gv0e.s:366    .text:00000000000001fc .L0 
     /tmp/ccz9Gv0e.s:368    .text:0000000000000200 .L0 
     /tmp/ccz9Gv0e.s:369    .text:0000000000000204 .L0 
     /tmp/ccz9Gv0e.s:374    .text:0000000000000214 .L0 
GAS LISTING /tmp/ccz9Gv0e.s 			page 20


     /tmp/ccz9Gv0e.s:375    .text:0000000000000214 .L0 
     /tmp/ccz9Gv0e.s:376    .text:0000000000000214 .L0 
     /tmp/ccz9Gv0e.s:377    .text:0000000000000214 .L0 
     /tmp/ccz9Gv0e.s:379    .text:0000000000000218 .L0 
     /tmp/ccz9Gv0e.s:383    .text:0000000000000220 .L0 
     /tmp/ccz9Gv0e.s:384    .text:0000000000000220 .L0 
     /tmp/ccz9Gv0e.s:386    .text:0000000000000224 .L0 
     /tmp/ccz9Gv0e.s:388    .text:0000000000000228 .L0 
     /tmp/ccz9Gv0e.s:390    .text:000000000000022c .L0 
     /tmp/ccz9Gv0e.s:393    .text:0000000000000234 .L0 
     /tmp/ccz9Gv0e.s:397    .text:0000000000000238 .L0 
     /tmp/ccz9Gv0e.s:398    .text:000000000000023c .L0 
     /tmp/ccz9Gv0e.s:399    .text:000000000000023c .L0 
     /tmp/ccz9Gv0e.s:401    .text:0000000000000240 .L0 
     /tmp/ccz9Gv0e.s:402    .text:0000000000000240 .L0 
     /tmp/ccz9Gv0e.s:404    .text:0000000000000244 .L0 
     /tmp/ccz9Gv0e.s:407    .text:0000000000000248 .L0 
     /tmp/ccz9Gv0e.s:410    .text:000000000000024c .L0 
     /tmp/ccz9Gv0e.s:414    .text:0000000000000250 .L0 
     /tmp/ccz9Gv0e.s:416    .text:0000000000000250 .L0 
     /tmp/ccz9Gv0e.s:417    .text:0000000000000250 .L0 
     /tmp/ccz9Gv0e.s:422    .text:000000000000025c .L0 
     /tmp/ccz9Gv0e.s:423    .text:000000000000025c .L0 
     /tmp/ccz9Gv0e.s:427    .text:0000000000000268 .L0 
     /tmp/ccz9Gv0e.s:428    .text:0000000000000268 .L0 
     /tmp/ccz9Gv0e.s:430    .text:000000000000026c .L0 
     /tmp/ccz9Gv0e.s:432    .text:0000000000000270 .L0 
     /tmp/ccz9Gv0e.s:436    .text:000000000000027c .L0 
     /tmp/ccz9Gv0e.s:437    .text:000000000000027c .L0 
     /tmp/ccz9Gv0e.s:439    .text:0000000000000280 .L0 
     /tmp/ccz9Gv0e.s:441    .text:0000000000000284 .L0 
     /tmp/ccz9Gv0e.s:443    .text:0000000000000288 .L0 
     /tmp/ccz9Gv0e.s:444    .text:0000000000000288 .L0 
     /tmp/ccz9Gv0e.s:447    .text:000000000000028c .L0 
     /tmp/ccz9Gv0e.s:448    .text:000000000000028c .L0 
     /tmp/ccz9Gv0e.s:454    .text:000000000000029c .L0 
     /tmp/ccz9Gv0e.s:455    .text:000000000000029c .L0 
     /tmp/ccz9Gv0e.s:456    .text:000000000000029c .L0 
     /tmp/ccz9Gv0e.s:457    .text:000000000000029c .L0 
     /tmp/ccz9Gv0e.s:458    .text:000000000000029c .L0 
     /tmp/ccz9Gv0e.s:460    .text:00000000000002a0 .L0 
     /tmp/ccz9Gv0e.s:466    .text:00000000000002a0 _ZN15MemoryAllocator8mem_freeEPv
     /tmp/ccz9Gv0e.s:469    .text:00000000000002a0 .L0 
     /tmp/ccz9Gv0e.s:471    .text:00000000000002a0 .L0 
     /tmp/ccz9Gv0e.s:472    .text:00000000000002a0 .L0 
     /tmp/ccz9Gv0e.s:474    .text:00000000000002a4 .L0 
     /tmp/ccz9Gv0e.s:475    .text:00000000000002a8 .L0 
     /tmp/ccz9Gv0e.s:481    .text:00000000000002bc .L0 
     /tmp/ccz9Gv0e.s:482    .text:00000000000002bc .L0 
     /tmp/ccz9Gv0e.s:483    .text:00000000000002bc .L0 
     /tmp/ccz9Gv0e.s:484    .text:00000000000002bc .L0 
     /tmp/ccz9Gv0e.s:485    .text:00000000000002bc .L0 
     /tmp/ccz9Gv0e.s:487    .text:00000000000002c0 .L0 
     /tmp/ccz9Gv0e.s:491    .text:00000000000002c8 .L0 
     /tmp/ccz9Gv0e.s:492    .text:00000000000002c8 .L0 
     /tmp/ccz9Gv0e.s:495    .text:00000000000002cc .L0 
     /tmp/ccz9Gv0e.s:496    .text:00000000000002cc .L0 
GAS LISTING /tmp/ccz9Gv0e.s 			page 21


     /tmp/ccz9Gv0e.s:498    .text:00000000000002d0 .L0 
     /tmp/ccz9Gv0e.s:500    .text:00000000000002d4 .L0 
     /tmp/ccz9Gv0e.s:504    .text:00000000000002d8 .L0 
     /tmp/ccz9Gv0e.s:505    .text:00000000000002d8 .L0 
     /tmp/ccz9Gv0e.s:507    .text:00000000000002dc .L0 
     /tmp/ccz9Gv0e.s:510    .text:00000000000002e0 .L0 
     /tmp/ccz9Gv0e.s:512    .text:00000000000002e4 .L0 
     /tmp/ccz9Gv0e.s:515    .text:00000000000002e8 .L0 
     /tmp/ccz9Gv0e.s:518    .text:00000000000002ec .L0 
     /tmp/ccz9Gv0e.s:519    .text:00000000000002ec .L0 
     /tmp/ccz9Gv0e.s:521    .text:00000000000002f0 .L0 
     /tmp/ccz9Gv0e.s:522    .text:00000000000002f0 .L0 
     /tmp/ccz9Gv0e.s:524    .text:00000000000002f4 .L0 
     /tmp/ccz9Gv0e.s:525    .text:00000000000002f4 .L0 
     /tmp/ccz9Gv0e.s:527    .text:00000000000002f8 .L0 
     /tmp/ccz9Gv0e.s:528    .text:00000000000002f8 .L0 
     /tmp/ccz9Gv0e.s:530    .text:00000000000002fc .L0 
     /tmp/ccz9Gv0e.s:532    .text:0000000000000300 .L0 
     /tmp/ccz9Gv0e.s:533    .text:0000000000000300 .L0 
     /tmp/ccz9Gv0e.s:536    .text:0000000000000304 .L0 
     /tmp/ccz9Gv0e.s:537    .text:0000000000000304 .L0 
     /tmp/ccz9Gv0e.s:540    .text:0000000000000308 .L0 
     /tmp/ccz9Gv0e.s:544    .text:0000000000000314 .L0 
     /tmp/ccz9Gv0e.s:545    .text:0000000000000314 .L0 
     /tmp/ccz9Gv0e.s:550    .text:0000000000000320 .L0 
     /tmp/ccz9Gv0e.s:551    .text:0000000000000320 .L0 
     /tmp/ccz9Gv0e.s:555    .text:000000000000032c .L0 
     /tmp/ccz9Gv0e.s:556    .text:000000000000032c .L0 
     /tmp/ccz9Gv0e.s:561    .text:000000000000033c .L0 
     /tmp/ccz9Gv0e.s:562    .text:000000000000033c .L0 
     /tmp/ccz9Gv0e.s:568    .text:000000000000034c .L0 
     /tmp/ccz9Gv0e.s:569    .text:0000000000000350 .L0 
     /tmp/ccz9Gv0e.s:570    .text:0000000000000350 .L0 
     /tmp/ccz9Gv0e.s:572    .text:0000000000000354 .L0 
     /tmp/ccz9Gv0e.s:573    .text:0000000000000354 .L0 
     /tmp/ccz9Gv0e.s:575    .text:0000000000000358 .L0 
     /tmp/ccz9Gv0e.s:578    .text:000000000000035c .L0 
     /tmp/ccz9Gv0e.s:581    .text:0000000000000360 .L0 
     /tmp/ccz9Gv0e.s:584    .text:0000000000000364 .L0 
     /tmp/ccz9Gv0e.s:588    .text:0000000000000368 .L0 
     /tmp/ccz9Gv0e.s:590    .text:0000000000000368 .L0 
     /tmp/ccz9Gv0e.s:591    .text:0000000000000368 .L0 
     /tmp/ccz9Gv0e.s:593    .text:000000000000036c .L0 
     /tmp/ccz9Gv0e.s:594    .text:000000000000036c .L0 
     /tmp/ccz9Gv0e.s:596    .text:0000000000000370 .L0 
     /tmp/ccz9Gv0e.s:597    .text:0000000000000370 .L0 
     /tmp/ccz9Gv0e.s:599    .text:0000000000000374 .L0 
     /tmp/ccz9Gv0e.s:600    .text:0000000000000374 .L0 
     /tmp/ccz9Gv0e.s:602    .text:0000000000000378 .L0 
     /tmp/ccz9Gv0e.s:606    .text:0000000000000384 .L0 
     /tmp/ccz9Gv0e.s:610    .text:0000000000000388 .L0 
     /tmp/ccz9Gv0e.s:612    .text:000000000000038c .L0 
     /tmp/ccz9Gv0e.s:613    .text:000000000000038c .L0 
     /tmp/ccz9Gv0e.s:615    .text:0000000000000390 .L0 
     /tmp/ccz9Gv0e.s:616    .text:0000000000000390 .L0 
     /tmp/ccz9Gv0e.s:618    .text:0000000000000394 .L0 
     /tmp/ccz9Gv0e.s:620    .text:0000000000000398 .L0 
GAS LISTING /tmp/ccz9Gv0e.s 			page 22


     /tmp/ccz9Gv0e.s:621    .text:0000000000000398 .L0 
     /tmp/ccz9Gv0e.s:623    .text:000000000000039c .L0 
     /tmp/ccz9Gv0e.s:624    .text:000000000000039c .L0 
     /tmp/ccz9Gv0e.s:628    .text:00000000000003a4 .L0 
     /tmp/ccz9Gv0e.s:629    .text:00000000000003a4 .L0 
     /tmp/ccz9Gv0e.s:630    .text:00000000000003a4 .L0 
     /tmp/ccz9Gv0e.s:631    .text:00000000000003a4 .L0 
     /tmp/ccz9Gv0e.s:632    .text:00000000000003a4 .L0 
     /tmp/ccz9Gv0e.s:633    .text:00000000000003a4 .L0 
     /tmp/ccz9Gv0e.s:635    .text:00000000000003a8 .L0 
     /tmp/ccz9Gv0e.s:640    .bss:0000000000000000 .LANCHOR0
     /tmp/ccz9Gv0e.s:643    .bss:0000000000000000 _ZGVZN15MemoryAllocator8InstanceEvE8instance
     /tmp/ccz9Gv0e.s:647    .bss:0000000000000008 _ZZN15MemoryAllocator8InstanceEvE8instance
     /tmp/ccz9Gv0e.s:654    .text:00000000000003a8 .L0 
     /tmp/ccz9Gv0e.s:24     .text:000000000000000c .L0 
     /tmp/ccz9Gv0e.s:37     .text:0000000000000028 .L0 
     /tmp/ccz9Gv0e.s:76     .text:000000000000005c .L0 
     /tmp/ccz9Gv0e.s:80     .text:0000000000000068 .L0 
     /tmp/ccz9Gv0e.s:93     .text:0000000000000084 .L0 
     /tmp/ccz9Gv0e.s:97     .text:0000000000000098 .L0 
     /tmp/ccz9Gv0e.s:100    .text:00000000000000a0 .L0 
     /tmp/ccz9Gv0e.s:82     .text:0000000000000074 .L9
     /tmp/ccz9Gv0e.s:347    .text:00000000000001f8 .L27
     /tmp/ccz9Gv0e.s:328    .text:00000000000001e8 .L23
     /tmp/ccz9Gv0e.s:149    .text:00000000000000e8 .L12
     /tmp/ccz9Gv0e.s:175    .text:000000000000010c .L13
     /tmp/ccz9Gv0e.s:162    .text:00000000000000f8 .L14
     /tmp/ccz9Gv0e.s:338    .text:00000000000001f0 .L25
     /tmp/ccz9Gv0e.s:287    .text:00000000000001ac .L15
     /tmp/ccz9Gv0e.s:278    .text:00000000000001a4 .L30
     /tmp/ccz9Gv0e.s:225    .text:0000000000000154 .L17
     /tmp/ccz9Gv0e.s:234    .text:0000000000000160 .L18
     /tmp/ccz9Gv0e.s:216    .text:0000000000000148 .L16
     /tmp/ccz9Gv0e.s:322    .text:00000000000001e0 .L31
     /tmp/ccz9Gv0e.s:302    .text:00000000000001c0 .L21
     /tmp/ccz9Gv0e.s:313    .text:00000000000001d0 .L22
     /tmp/ccz9Gv0e.s:247    .text:0000000000000174 .L19
     /tmp/ccz9Gv0e.s:291    .text:00000000000001b0 .L20
     /tmp/ccz9Gv0e.s:263    .text:0000000000000190 .L10
     /tmp/ccz9Gv0e.s:453    .text:000000000000029c .L36
     /tmp/ccz9Gv0e.s:395    .text:0000000000000238 .L32
     /tmp/ccz9Gv0e.s:413    .text:0000000000000250 .L39
     /tmp/ccz9Gv0e.s:445    .text:000000000000028c .L34
     /tmp/ccz9Gv0e.s:627    .text:00000000000003a4 .L48
     /tmp/ccz9Gv0e.s:587    .text:0000000000000368 .L51
     /tmp/ccz9Gv0e.s:513    .text:00000000000002e8 .L43
     /tmp/ccz9Gv0e.s:501    .text:00000000000002d8 .L42
     /tmp/ccz9Gv0e.s:608    .text:0000000000000388 .L52
     /tmp/ccz9Gv0e.s:534    .text:0000000000000304 .L45
     /tmp/ccz9Gv0e.s:566    .text:000000000000034c .L40
     /tmp/ccz9Gv0e.s:516    .text:00000000000002ec .L44
     /tmp/ccz9Gv0e.s:1178   .debug_abbrev:0000000000000000 .Ldebug_abbrev0
     /tmp/ccz9Gv0e.s:2083   .debug_str:000000000000017b .LASF35
     /tmp/ccz9Gv0e.s:2099   .debug_str:00000000000002ab .LASF36
     /tmp/ccz9Gv0e.s:2065   .debug_str:00000000000000d6 .LASF37
     /tmp/ccz9Gv0e.s:5      .text:0000000000000000 .Ltext0
     /tmp/ccz9Gv0e.s:650    .text:00000000000003a8 .Letext0
GAS LISTING /tmp/ccz9Gv0e.s 			page 23


     /tmp/ccz9Gv0e.s:2039   .debug_line:0000000000000000 .Ldebug_line0
     /tmp/ccz9Gv0e.s:2091   .debug_str:0000000000000269 .LASF0
     /tmp/ccz9Gv0e.s:2075   .debug_str:0000000000000148 .LASF1
     /tmp/ccz9Gv0e.s:2069   .debug_str:0000000000000123 .LASF2
     /tmp/ccz9Gv0e.s:2053   .debug_str:000000000000004a .LASF4
     /tmp/ccz9Gv0e.s:2073   .debug_str:0000000000000136 .LASF3
     /tmp/ccz9Gv0e.s:2045   .debug_str:0000000000000023 .LASF5
     /tmp/ccz9Gv0e.s:2041   .debug_str:0000000000000000 .LASF6
     /tmp/ccz9Gv0e.s:2059   .debug_str:000000000000009d .LASF7
     /tmp/ccz9Gv0e.s:2095   .debug_str:0000000000000285 .LASF8
     /tmp/ccz9Gv0e.s:2051   .debug_str:000000000000003c .LASF9
     /tmp/ccz9Gv0e.s:2129   .debug_str:000000000000036b .LASF10
     /tmp/ccz9Gv0e.s:2093   .debug_str:0000000000000276 .LASF11
     /tmp/ccz9Gv0e.s:2117   .debug_str:0000000000000336 .LASF12
     /tmp/ccz9Gv0e.s:2101   .debug_str:00000000000002c3 .LASF13
     /tmp/ccz9Gv0e.s:2077   .debug_str:000000000000015b .LASF14
     /tmp/ccz9Gv0e.s:2057   .debug_str:0000000000000087 .LASF15
     /tmp/ccz9Gv0e.s:2097   .debug_str:0000000000000295 .LASF16
     /tmp/ccz9Gv0e.s:2043   .debug_str:0000000000000013 .LASF21
     /tmp/ccz9Gv0e.s:2047   .debug_str:000000000000002a .LASF38
     /tmp/ccz9Gv0e.s:2123   .debug_str:0000000000000355 .LASF17
     /tmp/ccz9Gv0e.s:2121   .debug_str:0000000000000350 .LASF18
     /tmp/ccz9Gv0e.s:2125   .debug_str:000000000000035a .LASF19
     /tmp/ccz9Gv0e.s:2109   .debug_str:00000000000002ec .LASF39
     /tmp/ccz9Gv0e.s:2061   .debug_str:00000000000000b0 .LASF40
     /tmp/ccz9Gv0e.s:2119   .debug_str:0000000000000346 .LASF41
     /tmp/ccz9Gv0e.s:2113   .debug_str:000000000000030e .LASF42
     /tmp/ccz9Gv0e.s:2103   .debug_str:00000000000002d3 .LASF20
     /tmp/ccz9Gv0e.s:2067   .debug_str:0000000000000102 .LASF22
     /tmp/ccz9Gv0e.s:2085   .debug_str:000000000000023f .LASF23
     /tmp/ccz9Gv0e.s:2079   .debug_str:0000000000000167 .LASF24
     /tmp/ccz9Gv0e.s:2055   .debug_str:0000000000000051 .LASF25
     /tmp/ccz9Gv0e.s:2089   .debug_str:0000000000000264 .LASF26
     /tmp/ccz9Gv0e.s:2087   .debug_str:0000000000000258 .LASF27
     /tmp/ccz9Gv0e.s:361    .text:00000000000001fc .LFB6
     /tmp/ccz9Gv0e.s:461    .text:00000000000002a0 .LFE6
     /tmp/ccz9Gv0e.s:2071   .debug_str:0000000000000131 .LASF28
     /tmp/ccz9Gv0e.s:1749   .debug_loc:0000000000000000 .LLST6
     /tmp/ccz9Gv0e.s:2063   .debug_str:00000000000000d0 .LASF29
     /tmp/ccz9Gv0e.s:1779   .debug_loc:0000000000000085 .LLST7
     /tmp/ccz9Gv0e.s:420    .text:000000000000025c .LVL30
     /tmp/ccz9Gv0e.s:425    .text:0000000000000268 .LVL31
     /tmp/ccz9Gv0e.s:467    .text:00000000000002a0 .LFB5
     /tmp/ccz9Gv0e.s:636    .text:00000000000003a8 .LFE5
     /tmp/ccz9Gv0e.s:1805   .debug_loc:00000000000000f7 .LLST8
     /tmp/ccz9Gv0e.s:1827   .debug_loc:0000000000000156 .LLST9
     /tmp/ccz9Gv0e.s:1849   .debug_loc:00000000000001b5 .LLST10
     /tmp/ccz9Gv0e.s:2049   .debug_str:0000000000000037 .LASF30
     /tmp/ccz9Gv0e.s:1875   .debug_loc:0000000000000218 .LLST11
     /tmp/ccz9Gv0e.s:548    .text:0000000000000320 .LVL39
     /tmp/ccz9Gv0e.s:553    .text:000000000000032c .LVL40
     /tmp/ccz9Gv0e.s:559    .text:000000000000033c .LVL41
     /tmp/ccz9Gv0e.s:565    .text:000000000000034c .LVL42
     /tmp/ccz9Gv0e.s:116    .text:00000000000000b8 .LFB4
     /tmp/ccz9Gv0e.s:355    .text:00000000000001fc .LFE4
     /tmp/ccz9Gv0e.s:1890   .debug_loc:0000000000000261 .LLST0
     /tmp/ccz9Gv0e.s:1912   .debug_loc:00000000000002c0 .LLST1
GAS LISTING /tmp/ccz9Gv0e.s 			page 24


     /tmp/ccz9Gv0e.s:2107   .debug_str:00000000000002e5 .LASF31
     /tmp/ccz9Gv0e.s:1930   .debug_loc:000000000000030c .LLST2
     /tmp/ccz9Gv0e.s:2127   .debug_str:000000000000035f .LASF32
     /tmp/ccz9Gv0e.s:1937   .debug_loc:000000000000032f .LLST3
     /tmp/ccz9Gv0e.s:1961   .debug_loc:000000000000039f .LLST4
     /tmp/ccz9Gv0e.s:2031   .debug_ranges:0000000000000000 .Ldebug_ranges0
     /tmp/ccz9Gv0e.s:2081   .debug_str:0000000000000173 .LASF33
     /tmp/ccz9Gv0e.s:1984   .debug_loc:000000000000040e .LLST5
     /tmp/ccz9Gv0e.s:254    .text:0000000000000180 .LVL14
     /tmp/ccz9Gv0e.s:259    .text:000000000000018c .LVL15
     /tmp/ccz9Gv0e.s:71     .text:000000000000005c .LFB3
     /tmp/ccz9Gv0e.s:110    .text:00000000000000b8 .LFE3
     /tmp/ccz9Gv0e.s:2105   .debug_str:00000000000002dc .LASF34
     /tmp/ccz9Gv0e.s:95     .text:0000000000000094 .LVL1
     /tmp/ccz9Gv0e.s:2111   .debug_str:00000000000002f5 .LASF43
     /tmp/ccz9Gv0e.s:10     .text:0000000000000000 .LFB1
     /tmp/ccz9Gv0e.s:63     .text:000000000000005c .LFE1
     /tmp/ccz9Gv0e.s:2115   .debug_str:000000000000032f .LASF44
     /tmp/ccz9Gv0e.s:364    .text:00000000000001fc .LVL24
     /tmp/ccz9Gv0e.s:394    .text:0000000000000238 .LVL25
     /tmp/ccz9Gv0e.s:408    .text:0000000000000248 .LVL27
     /tmp/ccz9Gv0e.s:412    .text:0000000000000250 .LVL28
     /tmp/ccz9Gv0e.s:418    .text:0000000000000254 .LVL29
     /tmp/ccz9Gv0e.s:452    .text:000000000000029c .LVL32
     /tmp/ccz9Gv0e.s:405    .text:0000000000000244 .LVL26
     /tmp/ccz9Gv0e.s:470    .text:00000000000002a0 .LVL33
     /tmp/ccz9Gv0e.s:546    .text:0000000000000318 .LVL38
     /tmp/ccz9Gv0e.s:582    .text:0000000000000360 .LVL45
     /tmp/ccz9Gv0e.s:586    .text:0000000000000368 .LVL46
     /tmp/ccz9Gv0e.s:579    .text:000000000000035c .LVL44
     /tmp/ccz9Gv0e.s:493    .text:00000000000002cc .LVL34
     /tmp/ccz9Gv0e.s:576    .text:0000000000000358 .LVL43
     /tmp/ccz9Gv0e.s:626    .text:00000000000003a4 .LVL48
     /tmp/ccz9Gv0e.s:502    .text:00000000000002d8 .LVL35
     /tmp/ccz9Gv0e.s:508    .text:00000000000002e0 .LVL36
     /tmp/ccz9Gv0e.s:538    .text:0000000000000308 .LVL37
     /tmp/ccz9Gv0e.s:607    .text:0000000000000388 .LVL47
     /tmp/ccz9Gv0e.s:119    .text:00000000000000b8 .LVL2
     /tmp/ccz9Gv0e.s:124    .text:00000000000000c0 .LVL3
     /tmp/ccz9Gv0e.s:277    .text:00000000000001a4 .LVL17
     /tmp/ccz9Gv0e.s:187    .text:000000000000011c .LVL9
     /tmp/ccz9Gv0e.s:327    .text:00000000000001e8 .LVL21
     /tmp/ccz9Gv0e.s:143    .text:00000000000000e0 .LVL4
     /tmp/ccz9Gv0e.s:161    .text:00000000000000f8 .LVL7
     /tmp/ccz9Gv0e.s:157    .text:00000000000000f4 .LVL6
     /tmp/ccz9Gv0e.s:243    .text:000000000000016c .LVL12
     /tmp/ccz9Gv0e.s:246    .text:0000000000000174 .LVL13
     /tmp/ccz9Gv0e.s:318    .text:00000000000001d8 .LVL19
     /tmp/ccz9Gv0e.s:321    .text:00000000000001e0 .LVL20
     /tmp/ccz9Gv0e.s:337    .text:00000000000001f0 .LVL22
     /tmp/ccz9Gv0e.s:346    .text:00000000000001f8 .LVL23
     /tmp/ccz9Gv0e.s:168    .text:0000000000000100 .LVL8
     /tmp/ccz9Gv0e.s:273    .text:000000000000019c .LVL16
     /tmp/ccz9Gv0e.s:195    .text:0000000000000128 .LVL10
     /tmp/ccz9Gv0e.s:241    .text:0000000000000168 .LVL11
     /tmp/ccz9Gv0e.s:286    .text:00000000000001ac .LVL18
     /tmp/ccz9Gv0e.s:655    .debug_info:0000000000000000 .Ldebug_info0
GAS LISTING /tmp/ccz9Gv0e.s 			page 25


     /tmp/ccz9Gv0e.s:189    .text:0000000000000120 .LBB4
     /tmp/ccz9Gv0e.s:248    .text:0000000000000174 .LBE4
     /tmp/ccz9Gv0e.s:281    .text:00000000000001a4 .LBB5
     /tmp/ccz9Gv0e.s:288    .text:00000000000001ac .LBE5

UNDEFINED SYMBOLS
HEAP_START_ADDR
HEAP_END_ADDR
__putc
