GAS LISTING /tmp/cc7SdnjK.s 			page 1


   1              		.file	"Scheduler.cpp"
   2              		.option pic
   3              		.option norelax
   4              		.text
   5              	.Ltext0:
   6              		.align	2
   8              	_Z41__static_initialization_and_destruction_0ii:
   9              	.LFB14:
  10              		.file 1 "src/Scheduler.cpp"
   1:src/Scheduler.cpp **** #include  "../h/Scheduler.hpp"
   2:src/Scheduler.cpp **** 
   3:src/Scheduler.cpp **** 
   4:src/Scheduler.cpp **** List<TCB> Scheduler::queue;
   5:src/Scheduler.cpp **** 
   6:src/Scheduler.cpp **** 
   7:src/Scheduler.cpp **** TCB *Scheduler::get() {
   8:src/Scheduler.cpp ****     return queue.removeLast();
   9:src/Scheduler.cpp **** }
  10:src/Scheduler.cpp **** 
  11:src/Scheduler.cpp **** void Scheduler::put(TCB *x) {
  12:src/Scheduler.cpp ****     queue.addFirst(x);
  13:src/Scheduler.cpp **** }...
  11              		.loc 1 13 1
  12              		.cfi_startproc
  13              	.LVL0:
  14 0000 130101FF 		addi	sp,sp,-16
  15              		.cfi_def_cfa_offset 16
  16 0004 23348100 		sd	s0,8(sp)
  17              		.cfi_offset 8, -8
  18 0008 13040101 		addi	s0,sp,16
  19              		.cfi_def_cfa 8, 0
  20              		.loc 1 13 1 is_stmt 0
  21 000c 93071000 		li	a5,1
  22 0010 6308F500 		beq	a0,a5,.L4
  23              	.L1:
  24 0014 03348100 		ld	s0,8(sp)
  25              		.cfi_remember_state
  26              		.cfi_restore 8
  27              		.cfi_def_cfa 2, 16
  28 0018 13010101 		addi	sp,sp,16
  29              		.cfi_def_cfa_offset 0
  30 001c 67800000 		jr	ra
  31              	.L4:
  32              		.cfi_restore_state
  33              		.loc 1 13 1 discriminator 1
  34 0020 B7070100 		li	a5,65536
  35 0024 9387F7FF 		addi	a5,a5,-1
  36 0028 E396F5FE 		bne	a1,a5,.L1
  37              	.LVL1:
  38              	.LBB8:
  39              	.LBB9:
  40              	.LBB10:
  41              		.file 2 "src/../h/List.hpp"
   1:src/../h/List.hpp **** //
   2:src/../h/List.hpp **** // Created by os on 9/23/25.
   3:src/../h/List.hpp **** //
   4:src/../h/List.hpp **** 
GAS LISTING /tmp/cc7SdnjK.s 			page 2


   5:src/../h/List.hpp **** #ifndef PROJECT_BASE_V1_1_COPY_LIST_HPP
   6:src/../h/List.hpp **** #define PROJECT_BASE_V1_1_COPY_LIST_HPP
   7:src/../h/List.hpp **** 
   8:src/../h/List.hpp **** 
   9:src/../h/List.hpp **** 
  10:src/../h/List.hpp **** template<typename T>
  11:src/../h/List.hpp **** class List
  12:src/../h/List.hpp **** {
  13:src/../h/List.hpp **** private:
  14:src/../h/List.hpp ****     struct Elem
  15:src/../h/List.hpp ****     {
  16:src/../h/List.hpp ****         T* data;
  17:src/../h/List.hpp ****         Elem* next;
  18:src/../h/List.hpp ****         Elem(T* data, Elem* next=nullptr): data(data), next(next){}
  19:src/../h/List.hpp ****     };
  20:src/../h/List.hpp ****     Elem * head;
  21:src/../h/List.hpp ****     Elem *tail;
  22:src/../h/List.hpp **** 
  23:src/../h/List.hpp **** public:
  24:src/../h/List.hpp ****     List(): head(0), tail(0){}
  42              		.loc 2 24 28
  43 002c 97070000 		lla	a5,.LANCHOR0
  43      93870700 
  44 0034 23B00700 		sd	zero,0(a5)
  45 0038 23B40700 		sd	zero,8(a5)
  46 003c 23A80700 		sw	zero,16(a5)
  47              	.LVL2:
  48              	.LBE10:
  49              	.LBE9:
  50              	.LBE8:
  51              		.loc 1 13 1
  52 0040 6FF05FFD 		j	.L1
  53              		.cfi_endproc
  54              	.LFE14:
  56              		.align	2
  57              		.globl	_ZN9Scheduler3getEv
  59              	_ZN9Scheduler3getEv:
  60              	.LFB4:
   7:src/Scheduler.cpp ****     return queue.removeLast();
  61              		.loc 1 7 23 is_stmt 1
  62              		.cfi_startproc
  63 0044 130101FE 		addi	sp,sp,-32
  64              		.cfi_def_cfa_offset 32
  65 0048 233C1100 		sd	ra,24(sp)
  66 004c 23388100 		sd	s0,16(sp)
  67 0050 23349100 		sd	s1,8(sp)
  68              		.cfi_offset 1, -8
  69              		.cfi_offset 8, -16
  70              		.cfi_offset 9, -24
  71 0054 13040102 		addi	s0,sp,32
  72              		.cfi_def_cfa 8, 0
   8:src/Scheduler.cpp ****     return queue.removeLast();
  73              		.loc 1 8 5
  74              	.LVL3:
  75              	.LBB14:
  76              	.LBB15:
  25:src/../h/List.hpp ****     void addFirst(T* data)
GAS LISTING /tmp/cc7SdnjK.s 			page 3


  26:src/../h/List.hpp ****     {
  27:src/../h/List.hpp ****         Elem* elem=new Elem(data, head);
  28:src/../h/List.hpp ****         head=elem;
  29:src/../h/List.hpp ****         if(!tail){tail=head;}
  30:src/../h/List.hpp ****         size++;
  31:src/../h/List.hpp ****     }
  32:src/../h/List.hpp ****     T* removeLast()
  33:src/../h/List.hpp ****     {
  34:src/../h/List.hpp ****         size--;
  77              		.loc 2 34 9 is_stmt 0
  78 0058 97070000 		lla	a5,.LANCHOR0
  78      93870700 
  79 0060 03A70701 		lw	a4,16(a5)
  80 0064 1B07F7FF 		addiw	a4,a4,-1
  81 0068 23A8E700 		sw	a4,16(a5)
  35:src/../h/List.hpp ****         if(!head){return 0;}
  82              		.loc 2 35 13
  83 006c 83B40700 		ld	s1,0(a5)
  84              		.loc 2 35 9
  85 0070 63860404 		beqz	s1,.L5
  36:src/../h/List.hpp ****         Elem* prev=0;
  86              		.loc 2 36 15
  87 0074 93070000 		li	a5,0
  88              	.L8:
  89              	.LVL4:
  90              	.LBB16:
  37:src/../h/List.hpp ****         for(Elem* curr=head; curr && curr!=tail; prev=curr, curr=curr->next);
  91              		.loc 2 37 35 is_stmt 1
  92 0078 638E0400 		beqz	s1,.L7
  93              		.loc 2 37 44 is_stmt 0
  94 007c 17070000 		ld	a4,.LANCHOR0+8
  94      03370700 
  95              		.loc 2 37 35
  96 0084 6388E400 		beq	s1,a4,.L7
  97              		.loc 2 37 9 is_stmt 1
  98              	.LVL5:
  99 0088 93870400 		mv	a5,s1
 100 008c 83B48400 		ld	s1,8(s1)
 101              	.LVL6:
 102 0090 6FF09FFE 		j	.L8
 103              	.L7:
 104              	.LBE16:
  38:src/../h/List.hpp ****         Elem* elem=tail;
 105              		.loc 2 38 15 is_stmt 0
 106 0094 17050000 		ld	a0,.LANCHOR0+8
 106      03350500 
 107              	.LVL7:
  39:src/../h/List.hpp ****         if(prev) prev->next=0;
 108              		.loc 2 39 9
 109 009c 638C0702 		beqz	a5,.L9
 110              		.loc 2 39 18
 111 00a0 23B40700 		sd	zero,8(a5)
 112              	.L10:
  40:src/../h/List.hpp ****         else head=0;
  41:src/../h/List.hpp ****         tail=prev;
 113              		.loc 2 41 9
 114 00a4 17070000 		sd	a5,.LANCHOR0+8,a4
GAS LISTING /tmp/cc7SdnjK.s 			page 4


 114      2330F700 
  42:src/../h/List.hpp ****         T* retval= elem->data;
 115              		.loc 2 42 12
 116 00ac 83340500 		ld	s1,0(a0)
 117              	.LVL8:
  43:src/../h/List.hpp ****         delete elem;
 118              		.loc 2 43 9
 119 00b0 63060500 		beqz	a0,.L5
 120 00b4 97000000 		call	_ZdlPv@plt
 120      E7800000 
 121              	.LVL9:
 122              	.L5:
 123              	.LBE15:
 124              	.LBE14:
   9:src/Scheduler.cpp **** }
 125              		.loc 1 9 1
 126 00bc 13850400 		mv	a0,s1
 127 00c0 83308101 		ld	ra,24(sp)
 128              		.cfi_remember_state
 129              		.cfi_restore 1
 130 00c4 03340101 		ld	s0,16(sp)
 131              		.cfi_restore 8
 132              		.cfi_def_cfa 2, 32
 133 00c8 83348100 		ld	s1,8(sp)
 134              		.cfi_restore 9
 135 00cc 13010102 		addi	sp,sp,32
 136              		.cfi_def_cfa_offset 0
 137 00d0 67800000 		jr	ra
 138              	.LVL10:
 139              	.L9:
 140              		.cfi_restore_state
 141              	.LBB18:
 142              	.LBB17:
  40:src/../h/List.hpp ****         tail=prev;
 143              		.loc 2 40 14
 144 00d4 17070000 		sd	zero,.LANCHOR0,a4
 144      23300700 
 145 00dc 6FF09FFC 		j	.L10
 146              	.LBE17:
 147              	.LBE18:
 148              		.cfi_endproc
 149              	.LFE4:
 151              		.align	2
 152              		.globl	_ZN9Scheduler3putEP3TCB
 154              	_ZN9Scheduler3putEP3TCB:
 155              	.LFB5:
  11:src/Scheduler.cpp **** void Scheduler::put(TCB *x) {
 156              		.loc 1 11 29 is_stmt 1
 157              		.cfi_startproc
 158              	.LVL11:
 159 00e0 130101FE 		addi	sp,sp,-32
 160              		.cfi_def_cfa_offset 32
 161 00e4 233C1100 		sd	ra,24(sp)
 162 00e8 23388100 		sd	s0,16(sp)
 163 00ec 23349100 		sd	s1,8(sp)
 164              		.cfi_offset 1, -8
 165              		.cfi_offset 8, -16
GAS LISTING /tmp/cc7SdnjK.s 			page 5


 166              		.cfi_offset 9, -24
 167 00f0 13040102 		addi	s0,sp,32
 168              		.cfi_def_cfa 8, 0
 169 00f4 93040500 		mv	s1,a0
  12:src/Scheduler.cpp ****     queue.addFirst(x);
 170              		.loc 1 12 5
 171              	.LVL12:
 172              	.LBB24:
 173              	.LBB25:
  27:src/../h/List.hpp ****         head=elem;
 174              		.loc 2 27 20 is_stmt 0
 175 00f8 13050001 		li	a0,16
 176              	.LVL13:
 177 00fc 97000000 		call	_Znwm@plt
 177      E7800000 
 178              	.LVL14:
 179 0104 97070000 		lla	a5,.LANCHOR0
 179      93870700 
 180 010c 03B70700 		ld	a4,0(a5)
 181              	.LVL15:
 182              	.LBB26:
 183              	.LBB27:
  18:src/../h/List.hpp ****     };
 184              		.loc 2 18 65
 185 0110 23309500 		sd	s1,0(a0)
 186 0114 2334E500 		sd	a4,8(a0)
 187              	.LVL16:
 188              	.LBE27:
 189              	.LBE26:
  28:src/../h/List.hpp ****         if(!tail){tail=head;}
 190              		.loc 2 28 9
 191 0118 23B0A700 		sd	a0,0(a5)
  29:src/../h/List.hpp ****         size++;
 192              		.loc 2 29 13
 193 011c 83B78700 		ld	a5,8(a5)
  29:src/../h/List.hpp ****         size++;
 194              		.loc 2 29 9
 195 0120 63860702 		beqz	a5,.L15
 196              	.L13:
  30:src/../h/List.hpp ****     }
 197              		.loc 2 30 9
 198 0124 17070000 		lla	a4,.LANCHOR0
 198      13070700 
 199 012c 83270701 		lw	a5,16(a4)
 200 0130 9B871700 		addiw	a5,a5,1
 201 0134 2328F700 		sw	a5,16(a4)
 202              	.LVL17:
 203              	.LBE25:
 204              	.LBE24:
 205              		.loc 1 13 1
 206 0138 83308101 		ld	ra,24(sp)
 207              		.cfi_remember_state
 208              		.cfi_restore 1
 209 013c 03340101 		ld	s0,16(sp)
 210              		.cfi_restore 8
 211              		.cfi_def_cfa 2, 32
 212 0140 83348100 		ld	s1,8(sp)
GAS LISTING /tmp/cc7SdnjK.s 			page 6


 213              		.cfi_restore 9
 214              	.LVL18:
 215 0144 13010102 		addi	sp,sp,32
 216              		.cfi_def_cfa_offset 0
 217 0148 67800000 		jr	ra
 218              	.LVL19:
 219              	.L15:
 220              		.cfi_restore_state
 221              	.LBB29:
 222              	.LBB28:
  29:src/../h/List.hpp ****         size++;
 223              		.loc 2 29 19
 224 014c 97070000 		sd	a0,.LANCHOR0+8,a5
 224      23B0A700 
 225 0154 6FF01FFD 		j	.L13
 226              	.LBE28:
 227              	.LBE29:
 228              		.cfi_endproc
 229              	.LFE5:
 231              		.align	2
 233              	_GLOBAL__sub_I__ZN9Scheduler5queueE:
 234              	.LFB15:
 235              		.loc 1 13 1 is_stmt 1
 236              		.cfi_startproc
 237 0158 130101FF 		addi	sp,sp,-16
 238              		.cfi_def_cfa_offset 16
 239 015c 23341100 		sd	ra,8(sp)
 240 0160 23308100 		sd	s0,0(sp)
 241              		.cfi_offset 1, -8
 242              		.cfi_offset 8, -16
 243 0164 13040101 		addi	s0,sp,16
 244              		.cfi_def_cfa 8, 0
 245              		.loc 1 13 1 is_stmt 0
 246 0168 B7050100 		li	a1,65536
 247 016c 9385F5FF 		addi	a1,a1,-1
 248 0170 13051000 		li	a0,1
 249 0174 97000000 		call	_Z41__static_initialization_and_destruction_0ii
 249      E7800000 
 250              	.LVL20:
 251 017c 83308100 		ld	ra,8(sp)
 252              		.cfi_restore 1
 253 0180 03340100 		ld	s0,0(sp)
 254              		.cfi_restore 8
 255              		.cfi_def_cfa 2, 16
 256 0184 13010101 		addi	sp,sp,16
 257              		.cfi_def_cfa_offset 0
 258 0188 67800000 		jr	ra
 259              		.cfi_endproc
 260              	.LFE15:
 262              		.section	.init_array,"aw"
 263              		.align	3
 264 0000 00000000 		.dword	_GLOBAL__sub_I__ZN9Scheduler5queueE
 264      00000000 
 265              		.globl	_ZN9Scheduler5queueE
 266              		.bss
 267              		.align	3
 268              		.set	.LANCHOR0,. + 0
GAS LISTING /tmp/cc7SdnjK.s 			page 7


 271              	_ZN9Scheduler5queueE:
 272 0000 00000000 		.zero	24
 272      00000000 
 272      00000000 
 272      00000000 
 272      00000000 
 273              		.text
 274              	.Letext0:
 275              		.file 3 "src/../h/Scheduler.hpp"
GAS LISTING /tmp/cc7SdnjK.s 			page 8


DEFINED SYMBOLS
                            *ABS*:0000000000000000 Scheduler.cpp
     /tmp/cc7SdnjK.s:8      .text:0000000000000000 _Z41__static_initialization_and_destruction_0ii
     /tmp/cc7SdnjK.s:12     .text:0000000000000000 .L0 
     /tmp/cc7SdnjK.s:14     .text:0000000000000000 .L0 
     /tmp/cc7SdnjK.s:15     .text:0000000000000004 .L0 
     /tmp/cc7SdnjK.s:17     .text:0000000000000008 .L0 
     /tmp/cc7SdnjK.s:19     .text:000000000000000c .L0 
     /tmp/cc7SdnjK.s:21     .text:000000000000000c .L0 
     /tmp/cc7SdnjK.s:25     .text:0000000000000018 .L0 
     /tmp/cc7SdnjK.s:26     .text:0000000000000018 .L0 
     /tmp/cc7SdnjK.s:27     .text:0000000000000018 .L0 
     /tmp/cc7SdnjK.s:29     .text:000000000000001c .L0 
     /tmp/cc7SdnjK.s:32     .text:0000000000000020 .L0 
     /tmp/cc7SdnjK.s:34     .text:0000000000000020 .L0 
     /tmp/cc7SdnjK.s:43     .text:000000000000002c .L0 
     /tmp/cc7SdnjK.s:52     .text:0000000000000040 .L0 
     /tmp/cc7SdnjK.s:53     .text:0000000000000044 .L0 
     /tmp/cc7SdnjK.s:59     .text:0000000000000044 _ZN9Scheduler3getEv
     /tmp/cc7SdnjK.s:62     .text:0000000000000044 .L0 
     /tmp/cc7SdnjK.s:63     .text:0000000000000044 .L0 
     /tmp/cc7SdnjK.s:64     .text:0000000000000048 .L0 
     /tmp/cc7SdnjK.s:68     .text:0000000000000054 .L0 
     /tmp/cc7SdnjK.s:69     .text:0000000000000054 .L0 
     /tmp/cc7SdnjK.s:70     .text:0000000000000054 .L0 
     /tmp/cc7SdnjK.s:72     .text:0000000000000058 .L0 
     /tmp/cc7SdnjK.s:77     .text:0000000000000058 .L0 
     /tmp/cc7SdnjK.s:78     .text:0000000000000058 .L0 
     /tmp/cc7SdnjK.s:83     .text:000000000000006c .L0 
     /tmp/cc7SdnjK.s:85     .text:0000000000000070 .L0 
     /tmp/cc7SdnjK.s:87     .text:0000000000000074 .L0 
     /tmp/cc7SdnjK.s:92     .text:0000000000000078 .L0 
     /tmp/cc7SdnjK.s:94     .text:000000000000007c .L0 
     /tmp/cc7SdnjK.s:96     .text:0000000000000084 .L0 
     /tmp/cc7SdnjK.s:99     .text:0000000000000088 .L0 
     /tmp/cc7SdnjK.s:106    .text:0000000000000094 .L0 
     /tmp/cc7SdnjK.s:109    .text:000000000000009c .L0 
     /tmp/cc7SdnjK.s:111    .text:00000000000000a0 .L0 
     /tmp/cc7SdnjK.s:114    .text:00000000000000a4 .L0 
     /tmp/cc7SdnjK.s:116    .text:00000000000000ac .L0 
     /tmp/cc7SdnjK.s:119    .text:00000000000000b0 .L0 
     /tmp/cc7SdnjK.s:126    .text:00000000000000bc .L0 
     /tmp/cc7SdnjK.s:128    .text:00000000000000c4 .L0 
     /tmp/cc7SdnjK.s:129    .text:00000000000000c4 .L0 
     /tmp/cc7SdnjK.s:131    .text:00000000000000c8 .L0 
     /tmp/cc7SdnjK.s:132    .text:00000000000000c8 .L0 
     /tmp/cc7SdnjK.s:134    .text:00000000000000cc .L0 
     /tmp/cc7SdnjK.s:136    .text:00000000000000d0 .L0 
     /tmp/cc7SdnjK.s:140    .text:00000000000000d4 .L0 
     /tmp/cc7SdnjK.s:144    .text:00000000000000d4 .L0 
     /tmp/cc7SdnjK.s:148    .text:00000000000000e0 .L0 
     /tmp/cc7SdnjK.s:154    .text:00000000000000e0 _ZN9Scheduler3putEP3TCB
     /tmp/cc7SdnjK.s:157    .text:00000000000000e0 .L0 
     /tmp/cc7SdnjK.s:159    .text:00000000000000e0 .L0 
     /tmp/cc7SdnjK.s:160    .text:00000000000000e4 .L0 
     /tmp/cc7SdnjK.s:164    .text:00000000000000f0 .L0 
     /tmp/cc7SdnjK.s:165    .text:00000000000000f0 .L0 
GAS LISTING /tmp/cc7SdnjK.s 			page 9


     /tmp/cc7SdnjK.s:166    .text:00000000000000f0 .L0 
     /tmp/cc7SdnjK.s:168    .text:00000000000000f4 .L0 
     /tmp/cc7SdnjK.s:174    .text:00000000000000f8 .L0 
     /tmp/cc7SdnjK.s:175    .text:00000000000000f8 .L0 
     /tmp/cc7SdnjK.s:185    .text:0000000000000110 .L0 
     /tmp/cc7SdnjK.s:191    .text:0000000000000118 .L0 
     /tmp/cc7SdnjK.s:193    .text:000000000000011c .L0 
     /tmp/cc7SdnjK.s:195    .text:0000000000000120 .L0 
     /tmp/cc7SdnjK.s:198    .text:0000000000000124 .L0 
     /tmp/cc7SdnjK.s:206    .text:0000000000000138 .L0 
     /tmp/cc7SdnjK.s:207    .text:000000000000013c .L0 
     /tmp/cc7SdnjK.s:208    .text:000000000000013c .L0 
     /tmp/cc7SdnjK.s:210    .text:0000000000000140 .L0 
     /tmp/cc7SdnjK.s:211    .text:0000000000000140 .L0 
     /tmp/cc7SdnjK.s:213    .text:0000000000000144 .L0 
     /tmp/cc7SdnjK.s:216    .text:0000000000000148 .L0 
     /tmp/cc7SdnjK.s:220    .text:000000000000014c .L0 
     /tmp/cc7SdnjK.s:224    .text:000000000000014c .L0 
     /tmp/cc7SdnjK.s:228    .text:0000000000000158 .L0 
     /tmp/cc7SdnjK.s:233    .text:0000000000000158 _GLOBAL__sub_I__ZN9Scheduler5queueE
     /tmp/cc7SdnjK.s:236    .text:0000000000000158 .L0 
     /tmp/cc7SdnjK.s:237    .text:0000000000000158 .L0 
     /tmp/cc7SdnjK.s:238    .text:000000000000015c .L0 
     /tmp/cc7SdnjK.s:241    .text:0000000000000164 .L0 
     /tmp/cc7SdnjK.s:242    .text:0000000000000164 .L0 
     /tmp/cc7SdnjK.s:244    .text:0000000000000168 .L0 
     /tmp/cc7SdnjK.s:246    .text:0000000000000168 .L0 
     /tmp/cc7SdnjK.s:252    .text:0000000000000180 .L0 
     /tmp/cc7SdnjK.s:254    .text:0000000000000184 .L0 
     /tmp/cc7SdnjK.s:255    .text:0000000000000184 .L0 
     /tmp/cc7SdnjK.s:257    .text:0000000000000188 .L0 
     /tmp/cc7SdnjK.s:259    .text:000000000000018c .L0 
     /tmp/cc7SdnjK.s:271    .bss:0000000000000000 _ZN9Scheduler5queueE
     /tmp/cc7SdnjK.s:268    .bss:0000000000000000 .LANCHOR0
     /tmp/cc7SdnjK.s:276    .text:000000000000018c .L0 
     /tmp/cc7SdnjK.s:43     .text:000000000000002c .L0 
     /tmp/cc7SdnjK.s:78     .text:0000000000000058 .L0 
     /tmp/cc7SdnjK.s:94     .text:000000000000007c .L0 
     /tmp/cc7SdnjK.s:106    .text:0000000000000094 .L0 
     /tmp/cc7SdnjK.s:114    .text:00000000000000a4 .L0 
     /tmp/cc7SdnjK.s:144    .text:00000000000000d4 .L0 
     /tmp/cc7SdnjK.s:179    .text:0000000000000104 .L0 
     /tmp/cc7SdnjK.s:198    .text:0000000000000124 .L0 
     /tmp/cc7SdnjK.s:224    .text:000000000000014c .L0 
     /tmp/cc7SdnjK.s:31     .text:0000000000000020 .L4
     /tmp/cc7SdnjK.s:23     .text:0000000000000014 .L1
     /tmp/cc7SdnjK.s:122    .text:00000000000000bc .L5
     /tmp/cc7SdnjK.s:103    .text:0000000000000094 .L7
     /tmp/cc7SdnjK.s:88     .text:0000000000000078 .L8
     /tmp/cc7SdnjK.s:139    .text:00000000000000d4 .L9
     /tmp/cc7SdnjK.s:112    .text:00000000000000a4 .L10
     /tmp/cc7SdnjK.s:219    .text:000000000000014c .L15
     /tmp/cc7SdnjK.s:196    .text:0000000000000124 .L13
     /tmp/cc7SdnjK.s:744    .debug_abbrev:0000000000000000 .Ldebug_abbrev0
     /tmp/cc7SdnjK.s:1579   .debug_str:0000000000000177 .LASF25
     /tmp/cc7SdnjK.s:1547   .debug_str:0000000000000061 .LASF26
     /tmp/cc7SdnjK.s:1553   .debug_str:0000000000000096 .LASF27
GAS LISTING /tmp/cc7SdnjK.s 			page 10


     /tmp/cc7SdnjK.s:5      .text:0000000000000000 .Ltext0
     /tmp/cc7SdnjK.s:274    .text:000000000000018c .Letext0
     /tmp/cc7SdnjK.s:1531   .debug_line:0000000000000000 .Ldebug_line0
     /tmp/cc7SdnjK.s:1593   .debug_str:000000000000028e .LASF0
     /tmp/cc7SdnjK.s:1539   .debug_str:0000000000000024 .LASF28
     /tmp/cc7SdnjK.s:1599   .debug_str:00000000000002ba .LASF29
     /tmp/cc7SdnjK.s:1551   .debug_str:0000000000000090 .LASF30
     /tmp/cc7SdnjK.s:1533   .debug_str:0000000000000000 .LASF1
     /tmp/cc7SdnjK.s:1601   .debug_str:00000000000002ce .LASF31
     /tmp/cc7SdnjK.s:1563   .debug_str:00000000000000fd .LASF2
     /tmp/cc7SdnjK.s:1605   .debug_str:00000000000002da .LASF3
     /tmp/cc7SdnjK.s:1583   .debug_str:0000000000000246 .LASF32
     /tmp/cc7SdnjK.s:1545   .debug_str:000000000000005c .LASF4
     /tmp/cc7SdnjK.s:1555   .debug_str:00000000000000c2 .LASF5
     /tmp/cc7SdnjK.s:1561   .debug_str:00000000000000f8 .LASF6
     /tmp/cc7SdnjK.s:1541   .debug_str:000000000000003c .LASF8
     /tmp/cc7SdnjK.s:1571   .debug_str:000000000000013a .LASF7
     /tmp/cc7SdnjK.s:1549   .debug_str:0000000000000073 .LASF9
     /tmp/cc7SdnjK.s:1581   .debug_str:000000000000023b .LASF33
     /tmp/cc7SdnjK.s:1595   .debug_str:0000000000000298 .LASF34
     /tmp/cc7SdnjK.s:1535   .debug_str:000000000000000a .LASF35
     /tmp/cc7SdnjK.s:1537   .debug_str:000000000000000f .LASF36
     /tmp/cc7SdnjK.s:1565   .debug_str:0000000000000102 .LASF10
     /tmp/cc7SdnjK.s:234    .text:0000000000000158 .LFB15
     /tmp/cc7SdnjK.s:260    .text:000000000000018c .LFE15
     /tmp/cc7SdnjK.s:250    .text:000000000000017c .LVL20
     /tmp/cc7SdnjK.s:1559   .debug_str:00000000000000ce .LASF11
     /tmp/cc7SdnjK.s:9      .text:0000000000000000 .LFB14
     /tmp/cc7SdnjK.s:54     .text:0000000000000044 .LFE14
     /tmp/cc7SdnjK.s:1567   .debug_str:0000000000000126 .LASF12
     /tmp/cc7SdnjK.s:1585   .debug_str:0000000000000265 .LASF13
     /tmp/cc7SdnjK.s:38     .text:000000000000002c .LBB8
     /tmp/cc7SdnjK.s:50     .text:0000000000000040 .LBE8
     /tmp/cc7SdnjK.s:1350   .debug_loc:0000000000000000 .LLST0
     /tmp/cc7SdnjK.s:1569   .debug_str:0000000000000135 .LASF14
     /tmp/cc7SdnjK.s:1577   .debug_str:0000000000000158 .LASF19
     /tmp/cc7SdnjK.s:1573   .debug_str:0000000000000143 .LASF15
     /tmp/cc7SdnjK.s:1597   .debug_str:00000000000002b5 .LASF16
     /tmp/cc7SdnjK.s:1603   .debug_str:00000000000002d3 .LASF17
     /tmp/cc7SdnjK.s:1591   .debug_str:0000000000000289 .LASF18
     /tmp/cc7SdnjK.s:1587   .debug_str:0000000000000270 .LASF20
     /tmp/cc7SdnjK.s:155    .text:00000000000000e0 .LFB5
     /tmp/cc7SdnjK.s:229    .text:0000000000000158 .LFE5
     /tmp/cc7SdnjK.s:1359   .debug_loc:000000000000002c .LLST6
     /tmp/cc7SdnjK.s:172    .text:00000000000000f8 .LBB24
     /tmp/cc7SdnjK.s:1517   .debug_ranges:0000000000000000 .Ldebug_ranges0
     /tmp/cc7SdnjK.s:1381   .debug_loc:000000000000008b .LLST7
     /tmp/cc7SdnjK.s:1396   .debug_loc:00000000000000d4 .LLST8
     /tmp/cc7SdnjK.s:182    .text:0000000000000110 .LBB26
     /tmp/cc7SdnjK.s:189    .text:0000000000000118 .LBE26
     /tmp/cc7SdnjK.s:1411   .debug_loc:000000000000011c .LLST9
     /tmp/cc7SdnjK.s:1418   .debug_loc:000000000000013f .LLST10
     /tmp/cc7SdnjK.s:1425   .debug_loc:0000000000000162 .LLST11
     /tmp/cc7SdnjK.s:178    .text:0000000000000104 .LVL14
     /tmp/cc7SdnjK.s:60     .text:0000000000000044 .LFB4
     /tmp/cc7SdnjK.s:149    .text:00000000000000e0 .LFE4
     /tmp/cc7SdnjK.s:75     .text:0000000000000058 .LBB14
GAS LISTING /tmp/cc7SdnjK.s 			page 11


     /tmp/cc7SdnjK.s:1432   .debug_loc:0000000000000185 .LLST1
     /tmp/cc7SdnjK.s:1447   .debug_loc:00000000000001cd .LLST2
     /tmp/cc7SdnjK.s:1466   .debug_loc:0000000000000229 .LLST3
     /tmp/cc7SdnjK.s:1477   .debug_loc:000000000000025f .LLST4
     /tmp/cc7SdnjK.s:90     .text:0000000000000078 .LBB16
     /tmp/cc7SdnjK.s:104    .text:0000000000000094 .LBE16
     /tmp/cc7SdnjK.s:1484   .debug_loc:0000000000000282 .LLST5
     /tmp/cc7SdnjK.s:121    .text:00000000000000bc .LVL9
     /tmp/cc7SdnjK.s:1589   .debug_str:0000000000000283 .LASF21
     /tmp/cc7SdnjK.s:1543   .debug_str:000000000000004f .LASF23
     /tmp/cc7SdnjK.s:1557   .debug_str:00000000000000c7 .LASF22
     /tmp/cc7SdnjK.s:1575   .debug_str:0000000000000148 .LASF24
     /tmp/cc7SdnjK.s:37     .text:000000000000002c .LVL1
     /tmp/cc7SdnjK.s:47     .text:0000000000000040 .LVL2
     /tmp/cc7SdnjK.s:158    .text:00000000000000e0 .LVL11
     /tmp/cc7SdnjK.s:176    .text:00000000000000fc .LVL13
     /tmp/cc7SdnjK.s:214    .text:0000000000000144 .LVL18
     /tmp/cc7SdnjK.s:218    .text:000000000000014c .LVL19
     /tmp/cc7SdnjK.s:171    .text:00000000000000f8 .LVL12
     /tmp/cc7SdnjK.s:202    .text:0000000000000138 .LVL17
     /tmp/cc7SdnjK.s:181    .text:0000000000000110 .LVL15
     /tmp/cc7SdnjK.s:187    .text:0000000000000118 .LVL16
     /tmp/cc7SdnjK.s:74     .text:0000000000000058 .LVL3
     /tmp/cc7SdnjK.s:138    .text:00000000000000d4 .LVL10
     /tmp/cc7SdnjK.s:89     .text:0000000000000078 .LVL4
     /tmp/cc7SdnjK.s:98     .text:0000000000000088 .LVL5
     /tmp/cc7SdnjK.s:101    .text:0000000000000090 .LVL6
     /tmp/cc7SdnjK.s:107    .text:000000000000009c .LVL7
     /tmp/cc7SdnjK.s:117    .text:00000000000000b0 .LVL8
     /tmp/cc7SdnjK.s:277    .debug_info:0000000000000000 .Ldebug_info0
     /tmp/cc7SdnjK.s:124    .text:00000000000000bc .LBE14
     /tmp/cc7SdnjK.s:141    .text:00000000000000d4 .LBB18
     /tmp/cc7SdnjK.s:147    .text:00000000000000e0 .LBE18
     /tmp/cc7SdnjK.s:204    .text:0000000000000138 .LBE24
     /tmp/cc7SdnjK.s:221    .text:000000000000014c .LBB29
     /tmp/cc7SdnjK.s:227    .text:0000000000000158 .LBE29

UNDEFINED SYMBOLS
_ZdlPv
_Znwm
