GAS LISTING /tmp/ccoihGmF.s 			page 1


   1              		.file	"SEM.cpp"
   2              		.option pic
   3              		.option norelax
   4              		.text
   5              	.Ltext0:
   6              		.align	2
   7              		.globl	_ZN3SEMC2Ej
   9              	_ZN3SEMC2Ej:
  10              	.LFB22:
  11              		.file 1 "src/SEM.cpp"
   1:src/SEM.cpp   **** #include "../h/SEM.hpp"
   2:src/SEM.cpp   **** #include "../h/syscall_cpp.hpp"
   3:src/SEM.cpp   **** #include "../h/syscall_c.hpp"
   4:src/SEM.cpp   **** #include "../h/print.hpp"
   5:src/SEM.cpp   **** 
   6:src/SEM.cpp   **** SEM::SEM(unsigned init) {
  12              		.loc 1 6 1
  13              		.cfi_startproc
  14              	.LVL0:
  15 0000 130101FF 		addi	sp,sp,-16
  16              		.cfi_def_cfa_offset 16
  17 0004 23348100 		sd	s0,8(sp)
  18              		.cfi_offset 8, -8
  19 0008 13040101 		addi	s0,sp,16
  20              		.cfi_def_cfa 8, 0
  21              	.LVL1:
  22              	.LBB18:
  23              	.LBB19:
  24              	.LBB20:
  25              		.file 2 "src/../h/List.hpp"
   1:src/../h/List.hpp **** //
   2:src/../h/List.hpp **** // Created by os on 9/23/25.
   3:src/../h/List.hpp **** //
   4:src/../h/List.hpp **** 
   5:src/../h/List.hpp **** #ifndef PROJECT_BASE_V1_1_COPY_LIST_HPP
   6:src/../h/List.hpp **** #define PROJECT_BASE_V1_1_COPY_LIST_HPP
   7:src/../h/List.hpp **** 
   8:src/../h/List.hpp **** 
   9:src/../h/List.hpp **** 
  10:src/../h/List.hpp **** template<typename T>
  11:src/../h/List.hpp **** class List
  12:src/../h/List.hpp **** {
  13:src/../h/List.hpp **** private:
  14:src/../h/List.hpp ****     struct Elem
  15:src/../h/List.hpp ****     {
  16:src/../h/List.hpp ****         T* data;
  17:src/../h/List.hpp ****         Elem* next;
  18:src/../h/List.hpp ****         Elem(T* data, Elem* next=nullptr): data(data), next(next){}
  19:src/../h/List.hpp ****     };
  20:src/../h/List.hpp ****     Elem * head;
  21:src/../h/List.hpp ****     Elem *tail;
  22:src/../h/List.hpp **** 
  23:src/../h/List.hpp **** public:
  24:src/../h/List.hpp ****     List(): head(0), tail(0){}
  26              		.loc 2 24 28 is_stmt 0
  27 000c 23340500 		sd	zero,8(a0)
  28 0010 23380500 		sd	zero,16(a0)
GAS LISTING /tmp/ccoihGmF.s 			page 2


  29 0014 232C0500 		sw	zero,24(a0)
  30              	.LVL2:
  31              	.LBE20:
  32              	.LBE19:
   7:src/SEM.cpp   ****     this->val=init;
  33              		.loc 1 7 5 is_stmt 1
  34              		.loc 1 7 14 is_stmt 0
  35 0018 2320B500 		sw	a1,0(a0)
   8:src/SEM.cpp   ****     this->closed=false;
  36              		.loc 1 8 5 is_stmt 1
  37              		.loc 1 8 17 is_stmt 0
  38 001c 23020500 		sb	zero,4(a0)
  39              	.LBE18:
   9:src/SEM.cpp   **** 
  10:src/SEM.cpp   **** }
  40              		.loc 1 10 1
  41 0020 03348100 		ld	s0,8(sp)
  42              		.cfi_restore 8
  43              		.cfi_def_cfa 2, 16
  44 0024 13010101 		addi	sp,sp,16
  45              		.cfi_def_cfa_offset 0
  46 0028 67800000 		jr	ra
  47              		.cfi_endproc
  48              	.LFE22:
  50              		.globl	_ZN3SEMC1Ej
  51              		.set	_ZN3SEMC1Ej,_ZN3SEMC2Ej
  52              		.align	2
  53              		.globl	_ZN3SEM4openEj
  55              	_ZN3SEM4openEj:
  56              	.LFB24:
  11:src/SEM.cpp   **** 
  12:src/SEM.cpp   **** SEM* SEM::open(unsigned init) {
  57              		.loc 1 12 31 is_stmt 1
  58              		.cfi_startproc
  59              	.LVL3:
  60 002c 130101FE 		addi	sp,sp,-32
  61              		.cfi_def_cfa_offset 32
  62 0030 233C1100 		sd	ra,24(sp)
  63 0034 23388100 		sd	s0,16(sp)
  64 0038 23349100 		sd	s1,8(sp)
  65 003c 23302101 		sd	s2,0(sp)
  66              		.cfi_offset 1, -8
  67              		.cfi_offset 8, -16
  68              		.cfi_offset 9, -24
  69              		.cfi_offset 18, -32
  70 0040 13040102 		addi	s0,sp,32
  71              		.cfi_def_cfa 8, 0
  72 0044 13090500 		mv	s2,a0
  13:src/SEM.cpp   ****     //pprintString("Sem::open\n ");
  14:src/SEM.cpp   ****     return new SEM(init);
  73              		.loc 1 14 5
  74              		.loc 1 14 24 is_stmt 0
  75 0048 13050002 		li	a0,32
  76              	.LVL4:
  77 004c 97000000 		call	_Znwm@plt
  77      E7800000 
  78              	.LVL5:
GAS LISTING /tmp/ccoihGmF.s 			page 3


  79 0054 93040500 		mv	s1,a0
  80 0058 93050900 		mv	a1,s2
  81 005c 97000000 		call	_ZN3SEMC1Ej
  81      E7800000 
  82              	.LVL6:
  15:src/SEM.cpp   **** }
  83              		.loc 1 15 1
  84 0064 13850400 		mv	a0,s1
  85 0068 83308101 		ld	ra,24(sp)
  86              		.cfi_restore 1
  87 006c 03340101 		ld	s0,16(sp)
  88              		.cfi_restore 8
  89              		.cfi_def_cfa 2, 32
  90 0070 83348100 		ld	s1,8(sp)
  91              		.cfi_restore 9
  92 0074 03390100 		ld	s2,0(sp)
  93              		.cfi_restore 18
  94 0078 13010102 		addi	sp,sp,32
  95              		.cfi_def_cfa_offset 0
  96 007c 67800000 		jr	ra
  97              		.cfi_endproc
  98              	.LFE24:
 100              		.align	2
 101              		.globl	_ZN3SEM5closeEv
 103              	_ZN3SEM5closeEv:
 104              	.LFB25:
  16:src/SEM.cpp   **** 
  17:src/SEM.cpp   **** int SEM::close() {
 105              		.loc 1 17 18 is_stmt 1
 106              		.cfi_startproc
 107              	.LVL7:
  18:src/SEM.cpp   ****     //pprintString("Sem::close\n");
  19:src/SEM.cpp   ****     if (this->closed) {
 108              		.loc 1 19 5
 109              		.loc 1 19 15 is_stmt 0
 110 0080 83474500 		lbu	a5,4(a0)
 111              		.loc 1 19 5
 112 0084 6392070A 		bnez	a5,.L13
  17:src/SEM.cpp   ****     //pprintString("Sem::close\n");
 113              		.loc 1 17 18
 114 0088 130101FE 		addi	sp,sp,-32
 115              		.cfi_def_cfa_offset 32
 116 008c 233C1100 		sd	ra,24(sp)
 117 0090 23388100 		sd	s0,16(sp)
 118 0094 23349100 		sd	s1,8(sp)
 119 0098 23302101 		sd	s2,0(sp)
 120              		.cfi_offset 1, -8
 121              		.cfi_offset 8, -16
 122              		.cfi_offset 9, -24
 123              		.cfi_offset 18, -32
 124 009c 13040102 		addi	s0,sp,32
 125              		.cfi_def_cfa 8, 0
 126 00a0 13090500 		mv	s2,a0
  20:src/SEM.cpp   ****         return -1;
  21:src/SEM.cpp   ****     }
  22:src/SEM.cpp   ****     this->closed=true;
 127              		.loc 1 22 5 is_stmt 1
GAS LISTING /tmp/ccoihGmF.s 			page 4


 128              		.loc 1 22 17 is_stmt 0
 129 00a4 93071000 		li	a5,1
 130 00a8 2302F500 		sb	a5,4(a0)
 131 00ac 6F008003 		j	.L12
 132              	.LVL8:
 133              	.L8:
 134              	.LBB27:
 135              	.LBB28:
 136              	.LBB29:
  25:src/../h/List.hpp ****     void addFirst(T* data)
  26:src/../h/List.hpp ****     {
  27:src/../h/List.hpp ****         Elem* elem=new Elem(data, head);
  28:src/../h/List.hpp ****         head=elem;
  29:src/../h/List.hpp ****         if(!tail){tail=head;}
  30:src/../h/List.hpp ****         size++;
  31:src/../h/List.hpp ****     }
  32:src/../h/List.hpp ****     T* removeLast()
  33:src/../h/List.hpp ****     {
  34:src/../h/List.hpp ****         size--;
  35:src/../h/List.hpp ****         if(!head){return 0;}
  36:src/../h/List.hpp ****         Elem* prev=0;
  37:src/../h/List.hpp ****         for(Elem* curr=head; curr && curr!=tail; prev=curr, curr=curr->next);
  38:src/../h/List.hpp ****         Elem* elem=tail;
 137              		.loc 2 38 15
 138 00b0 03B58700 		ld	a0,8(a5)
 139              	.LVL9:
  39:src/../h/List.hpp ****         if(prev) prev->next=0;
 140              		.loc 2 39 9
 141 00b4 63060706 		beqz	a4,.L10
 142              		.loc 2 39 18
 143 00b8 23340700 		sd	zero,8(a4)
 144              	.L11:
  40:src/../h/List.hpp ****         else head=0;
  41:src/../h/List.hpp ****         tail=prev;
 145              		.loc 2 41 9
 146 00bc 23B4E700 		sd	a4,8(a5)
  42:src/../h/List.hpp ****         T* retval= elem->data;
 147              		.loc 2 42 12
 148 00c0 83340500 		ld	s1,0(a0)
 149              	.LVL10:
  43:src/../h/List.hpp ****         delete elem;
 150              		.loc 2 43 9
 151 00c4 63060500 		beqz	a0,.L7
 152 00c8 97000000 		call	_ZdlPv@plt
 152      E7800000 
 153              	.LVL11:
 154              	.L7:
 155              	.LBE29:
 156              	.LBE28:
  23:src/SEM.cpp   **** 
  24:src/SEM.cpp   ****     while (blockedQueue.size> 0) {
  25:src/SEM.cpp   ****         TCB* tcb = blockedQueue.removeLast();
  26:src/SEM.cpp   ****         if (tcb == nullptr) {
 157              		.loc 1 26 9 is_stmt 1
 158 00d0 638E0406 		beqz	s1,.L15
  27:src/SEM.cpp   ****             return -1;
  28:src/SEM.cpp   ****         }
GAS LISTING /tmp/ccoihGmF.s 			page 5


  29:src/SEM.cpp   ****         tcb->unblock();
 159              		.loc 1 29 9
 160              	.LVL12:
 161              	.LBB32:
 162              	.LBB33:
 163              		.file 3 "src/../h/TCB.hpp"
   1:src/../h/TCB.hpp **** //
   2:src/../h/TCB.hpp **** // Created by os on 9/23/25.
   3:src/../h/TCB.hpp **** //
   4:src/../h/TCB.hpp **** 
   5:src/../h/TCB.hpp **** #ifndef PROJECT_BASE_V1_1_COPY_TCB_HPP
   6:src/../h/TCB.hpp **** #define PROJECT_BASE_V1_1_COPY_TCB_HPP
   7:src/../h/TCB.hpp **** #include "../lib/hw.h"
   8:src/../h/TCB.hpp **** #include "../h/Scheduler.hpp"
   9:src/../h/TCB.hpp **** #include "../h/MemoryAllocator.hpp"
  10:src/../h/TCB.hpp **** 
  11:src/../h/TCB.hpp **** class TCB
  12:src/../h/TCB.hpp **** {
  13:src/../h/TCB.hpp **** public:
  14:src/../h/TCB.hpp ****     void* operator new(size_t size)
  15:src/../h/TCB.hpp **** {
  16:src/../h/TCB.hpp ****     return MemoryAllocator::Instance()->mem_alloc(size);
  17:src/../h/TCB.hpp **** }
  18:src/../h/TCB.hpp **** 
  19:src/../h/TCB.hpp ****     void operator delete(void* ptr)
  20:src/../h/TCB.hpp ****     {
  21:src/../h/TCB.hpp ****         return MemoryAllocator::Instance()->mem_free(ptr);
  22:src/../h/TCB.hpp ****     }
  23:src/../h/TCB.hpp **** 
  24:src/../h/TCB.hpp **** 
  25:src/../h/TCB.hpp ****     using Body=void(*)(void*);
  26:src/../h/TCB.hpp **** 
  27:src/../h/TCB.hpp ****     ~TCB()
  28:src/../h/TCB.hpp ****     {
  29:src/../h/TCB.hpp ****         delete stack;
  30:src/../h/TCB.hpp ****     }
  31:src/../h/TCB.hpp **** 
  32:src/../h/TCB.hpp ****     static TCB* createThread(Body body, void* arg, uint64* stack);
  33:src/../h/TCB.hpp **** 
  34:src/../h/TCB.hpp ****     static void dispatch();
  35:src/../h/TCB.hpp ****     static int exit();
  36:src/../h/TCB.hpp **** 
  37:src/../h/TCB.hpp **** 
  38:src/../h/TCB.hpp ****     bool isFinished() const { return finished;}
  39:src/../h/TCB.hpp **** 
  40:src/../h/TCB.hpp ****     void block() { this->blocked = true; }
  41:src/../h/TCB.hpp ****     void unblock() { this->blocked = false; }
 164              		.loc 3 41 22
 165              		.loc 3 41 36 is_stmt 0
 166 00d4 23880402 		sb	zero,48(s1)
 167              	.LVL13:
 168              	.LBE33:
 169              	.LBE32:
  30:src/SEM.cpp   ****         Scheduler::put(tcb);
 170              		.loc 1 30 9 is_stmt 1
 171              		.loc 1 30 23 is_stmt 0
 172 00d8 13850400 		mv	a0,s1
GAS LISTING /tmp/ccoihGmF.s 			page 6


 173 00dc 97000000 		call	_ZN9Scheduler3putEP3TCB@plt
 173      E7800000 
 174              	.LVL14:
 175              	.L12:
 176              	.LBE27:
  24:src/SEM.cpp   ****         TCB* tcb = blockedQueue.removeLast();
 177              		.loc 1 24 5 is_stmt 1
  24:src/SEM.cpp   ****         TCB* tcb = blockedQueue.removeLast();
 178              		.loc 1 24 29
  24:src/SEM.cpp   ****         TCB* tcb = blockedQueue.removeLast();
 179              		.loc 1 24 25 is_stmt 0
 180 00e4 83278901 		lw	a5,24(s2)
  24:src/SEM.cpp   ****         TCB* tcb = blockedQueue.removeLast();
 181              		.loc 1 24 29
 182 00e8 6354F004 		blez	a5,.L14
 183              	.LBB35:
  25:src/SEM.cpp   ****         if (tcb == nullptr) {
 184              		.loc 1 25 9 is_stmt 1
  25:src/SEM.cpp   ****         if (tcb == nullptr) {
 185              		.loc 1 25 43 is_stmt 0
 186 00ec 93078900 		addi	a5,s2,8
 187              	.LVL15:
 188              	.LBB34:
 189              	.LBB31:
  34:src/../h/List.hpp ****         if(!head){return 0;}
 190              		.loc 2 34 9
 191 00f0 03A70701 		lw	a4,16(a5)
 192 00f4 1B07F7FF 		addiw	a4,a4,-1
 193 00f8 23A8E700 		sw	a4,16(a5)
  35:src/../h/List.hpp ****         Elem* prev=0;
 194              		.loc 2 35 13
 195 00fc 83348900 		ld	s1,8(s2)
  35:src/../h/List.hpp ****         Elem* prev=0;
 196              		.loc 2 35 9
 197 0100 E38804FC 		beqz	s1,.L7
  36:src/../h/List.hpp ****         for(Elem* curr=head; curr && curr!=tail; prev=curr, curr=curr->next);
 198              		.loc 2 36 15
 199 0104 13070000 		li	a4,0
 200              	.L9:
 201              	.LVL16:
 202              	.LBB30:
  37:src/../h/List.hpp ****         Elem* elem=tail;
 203              		.loc 2 37 35 is_stmt 1
 204 0108 E38404FA 		beqz	s1,.L8
  37:src/../h/List.hpp ****         Elem* elem=tail;
 205              		.loc 2 37 44 is_stmt 0
 206 010c 83B68700 		ld	a3,8(a5)
  37:src/../h/List.hpp ****         Elem* elem=tail;
 207              		.loc 2 37 35
 208 0110 E380D4FA 		beq	s1,a3,.L8
  37:src/../h/List.hpp ****         Elem* elem=tail;
 209              		.loc 2 37 9 is_stmt 1
 210              	.LVL17:
 211 0114 13870400 		mv	a4,s1
 212 0118 83B48400 		ld	s1,8(s1)
 213              	.LVL18:
 214 011c 6FF0DFFE 		j	.L9
GAS LISTING /tmp/ccoihGmF.s 			page 7


 215              	.LVL19:
 216              	.L10:
 217              	.LBE30:
  40:src/../h/List.hpp ****         tail=prev;
 218              		.loc 2 40 14 is_stmt 0
 219 0120 23340900 		sd	zero,8(s2)
 220 0124 6FF09FF9 		j	.L11
 221              	.LVL20:
 222              	.L13:
 223              		.cfi_def_cfa_register 2
 224              		.cfi_restore 1
 225              		.cfi_restore 8
 226              		.cfi_restore 9
 227              		.cfi_restore 18
 228              	.LBE31:
 229              	.LBE34:
 230              	.LBE35:
  20:src/SEM.cpp   ****     }
 231              		.loc 1 20 17
 232 0128 1305F0FF 		li	a0,-1
 233              	.LVL21:
  31:src/SEM.cpp   ****     }
  32:src/SEM.cpp   ****     return 0;
  33:src/SEM.cpp   **** }
 234              		.loc 1 33 1
 235 012c 67800000 		ret
 236              	.LVL22:
 237              	.L14:
 238              		.cfi_def_cfa_register 8
 239              		.cfi_offset 1, -8
 240              		.cfi_offset 8, -16
 241              		.cfi_offset 9, -24
 242              		.cfi_offset 18, -32
  32:src/SEM.cpp   **** }
 243              		.loc 1 32 12
 244 0130 13050000 		li	a0,0
 245              	.L6:
 246              		.loc 1 33 1
 247 0134 83308101 		ld	ra,24(sp)
 248              		.cfi_remember_state
 249              		.cfi_restore 1
 250 0138 03340101 		ld	s0,16(sp)
 251              		.cfi_restore 8
 252              		.cfi_def_cfa 2, 32
 253 013c 83348100 		ld	s1,8(sp)
 254              		.cfi_restore 9
 255 0140 03390100 		ld	s2,0(sp)
 256              		.cfi_restore 18
 257              	.LVL23:
 258 0144 13010102 		addi	sp,sp,32
 259              		.cfi_def_cfa_offset 0
 260 0148 67800000 		jr	ra
 261              	.LVL24:
 262              	.L15:
 263              		.cfi_restore_state
 264              	.LBB36:
  27:src/SEM.cpp   ****         }
GAS LISTING /tmp/ccoihGmF.s 			page 8


 265              		.loc 1 27 21
 266 014c 1305F0FF 		li	a0,-1
 267 0150 6FF05FFE 		j	.L6
 268              	.LBE36:
 269              		.cfi_endproc
 270              	.LFE25:
 272              		.align	2
 273              		.globl	_ZN3SEM4waitEv
 275              	_ZN3SEM4waitEv:
 276              	.LFB26:
  34:src/SEM.cpp   **** 
  35:src/SEM.cpp   **** int SEM::wait() {
 277              		.loc 1 35 17 is_stmt 1
 278              		.cfi_startproc
 279              	.LVL25:
  36:src/SEM.cpp   ****     //pprintString("Sem::wait\n");
  37:src/SEM.cpp   ****     if (this->closed) {
 280              		.loc 1 37 5
 281              		.loc 1 37 15 is_stmt 0
 282 0154 83474500 		lbu	a5,4(a0)
 283              		.loc 1 37 5
 284 0158 639C070A 		bnez	a5,.L23
  35:src/SEM.cpp   ****     //pprintString("Sem::wait\n");
 285              		.loc 1 35 17
 286 015c 130101FD 		addi	sp,sp,-48
 287              		.cfi_def_cfa_offset 48
 288 0160 23341102 		sd	ra,40(sp)
 289 0164 23308102 		sd	s0,32(sp)
 290 0168 233C9100 		sd	s1,24(sp)
 291 016c 23382101 		sd	s2,16(sp)
 292 0170 23343101 		sd	s3,8(sp)
 293              		.cfi_offset 1, -8
 294              		.cfi_offset 8, -16
 295              		.cfi_offset 9, -24
 296              		.cfi_offset 18, -32
 297              		.cfi_offset 19, -40
 298 0174 13040103 		addi	s0,sp,48
 299              		.cfi_def_cfa 8, 0
 300 0178 93040500 		mv	s1,a0
  38:src/SEM.cpp   ****         return -1;
  39:src/SEM.cpp   ****     }
  40:src/SEM.cpp   ****     val--;
 301              		.loc 1 40 5 is_stmt 1
 302 017c 83270500 		lw	a5,0(a0)
 303              		.loc 1 40 8 is_stmt 0
 304 0180 9B87F7FF 		addiw	a5,a5,-1
 305 0184 2320F500 		sw	a5,0(a0)
  41:src/SEM.cpp   ****     if (val<0) {
 306              		.loc 1 41 5 is_stmt 1
 307 0188 13970702 		slli	a4,a5,32
 308 018c 63420702 		bltz	a4,.L29
  42:src/SEM.cpp   ****         TCB::running->block();
  43:src/SEM.cpp   ****         blockedQueue.addFirst(TCB::running);
  44:src/SEM.cpp   ****         //thread_dispatch();
  45:src/SEM.cpp   ****         TCB::dispatch();
  46:src/SEM.cpp   ****     }
  47:src/SEM.cpp   ****     return 0;
GAS LISTING /tmp/ccoihGmF.s 			page 9


 309              		.loc 1 47 12 is_stmt 0
 310 0190 13050000 		li	a0,0
 311              	.LVL26:
 312              	.L21:
  48:src/SEM.cpp   **** }
 313              		.loc 1 48 1
 314 0194 83308102 		ld	ra,40(sp)
 315              		.cfi_remember_state
 316              		.cfi_restore 1
 317 0198 03340102 		ld	s0,32(sp)
 318              		.cfi_restore 8
 319              		.cfi_def_cfa 2, 48
 320 019c 83348101 		ld	s1,24(sp)
 321              		.cfi_restore 9
 322              	.LVL27:
 323 01a0 03390101 		ld	s2,16(sp)
 324              		.cfi_restore 18
 325 01a4 83398100 		ld	s3,8(sp)
 326              		.cfi_restore 19
 327 01a8 13010103 		addi	sp,sp,48
 328              		.cfi_def_cfa_offset 0
 329 01ac 67800000 		jr	ra
 330              	.LVL28:
 331              	.L29:
 332              		.cfi_restore_state
  42:src/SEM.cpp   ****         TCB::running->block();
 333              		.loc 1 42 9 is_stmt 1
  42:src/SEM.cpp   ****         TCB::running->block();
 334              		.loc 1 42 28 is_stmt 0
 335 01b0 97070000 		la	a5,_ZN3TCB7runningE
 335      83B70700 
 336 01b8 83B90700 		ld	s3,0(a5)
 337              	.LVL29:
 338              	.LBB44:
 339              	.LBB45:
  40:src/../h/TCB.hpp ****     void unblock() { this->blocked = false; }
 340              		.loc 3 40 20 is_stmt 1
  40:src/../h/TCB.hpp ****     void unblock() { this->blocked = false; }
 341              		.loc 3 40 34 is_stmt 0
 342 01bc 93071000 		li	a5,1
 343 01c0 2388F902 		sb	a5,48(s3)
 344              	.LVL30:
 345              	.LBE45:
 346              	.LBE44:
  43:src/SEM.cpp   ****         //thread_dispatch();
 347              		.loc 1 43 9 is_stmt 1
  43:src/SEM.cpp   ****         //thread_dispatch();
 348              		.loc 1 43 30 is_stmt 0
 349 01c4 13098500 		addi	s2,a0,8
 350              	.LVL31:
 351              	.LBB46:
 352              	.LBB47:
  27:src/../h/List.hpp ****         head=elem;
 353              		.loc 2 27 20
 354 01c8 13050001 		li	a0,16
 355 01cc 97000000 		call	_Znwm@plt
 355      E7800000 
GAS LISTING /tmp/ccoihGmF.s 			page 10


 356              	.LVL32:
 357 01d4 83B78400 		ld	a5,8(s1)
 358              	.LVL33:
 359              	.LBB48:
 360              	.LBB49:
  18:src/../h/List.hpp ****     };
 361              		.loc 2 18 65
 362 01d8 23303501 		sd	s3,0(a0)
 363 01dc 2334F500 		sd	a5,8(a0)
 364              	.LVL34:
 365              	.LBE49:
 366              	.LBE48:
  28:src/../h/List.hpp ****         if(!tail){tail=head;}
 367              		.loc 2 28 9
 368 01e0 23B4A400 		sd	a0,8(s1)
  29:src/../h/List.hpp ****         size++;
 369              		.loc 2 29 13
 370 01e4 83378900 		ld	a5,8(s2)
  29:src/../h/List.hpp ****         size++;
 371              		.loc 2 29 9
 372 01e8 63800702 		beqz	a5,.L30
 373              	.L22:
  30:src/../h/List.hpp ****     }
 374              		.loc 2 30 9
 375 01ec 83270901 		lw	a5,16(s2)
 376 01f0 9B871700 		addiw	a5,a5,1
 377 01f4 2328F900 		sw	a5,16(s2)
 378              	.LVL35:
 379              	.LBE47:
 380              	.LBE46:
  45:src/SEM.cpp   ****     }
 381              		.loc 1 45 9 is_stmt 1
  45:src/SEM.cpp   ****     }
 382              		.loc 1 45 22 is_stmt 0
 383 01f8 97000000 		call	_ZN3TCB8dispatchEv@plt
 383      E7800000 
 384              	.LVL36:
  47:src/SEM.cpp   **** }
 385              		.loc 1 47 12
 386 0200 13050000 		li	a0,0
 387 0204 6FF01FF9 		j	.L21
 388              	.LVL37:
 389              	.L30:
 390              	.LBB51:
 391              	.LBB50:
  29:src/../h/List.hpp ****         size++;
 392              		.loc 2 29 19
 393 0208 2334A900 		sd	a0,8(s2)
 394 020c 6FF01FFE 		j	.L22
 395              	.LVL38:
 396              	.L23:
 397              		.cfi_def_cfa_register 2
 398              		.cfi_restore 1
 399              		.cfi_restore 8
 400              		.cfi_restore 9
 401              		.cfi_restore 18
 402              		.cfi_restore 19
GAS LISTING /tmp/ccoihGmF.s 			page 11


 403              	.LBE50:
 404              	.LBE51:
  38:src/SEM.cpp   ****     }
 405              		.loc 1 38 17
 406 0210 1305F0FF 		li	a0,-1
 407              	.LVL39:
 408              		.loc 1 48 1
 409 0214 67800000 		ret
 410              		.cfi_endproc
 411              	.LFE26:
 413              		.align	2
 414              		.globl	_ZN3SEM6signalEv
 416              	_ZN3SEM6signalEv:
 417              	.LFB27:
  49:src/SEM.cpp   **** 
  50:src/SEM.cpp   **** int SEM::signal() {
 418              		.loc 1 50 19 is_stmt 1
 419              		.cfi_startproc
 420              	.LVL40:
  51:src/SEM.cpp   ****     //pprintString("Sem::signal\n");
  52:src/SEM.cpp   ****     if (this->closed) {
 421              		.loc 1 52 5
 422              		.loc 1 52 15 is_stmt 0
 423 0218 83474500 		lbu	a5,4(a0)
 424              		.loc 1 52 5
 425 021c 6390070C 		bnez	a5,.L38
  53:src/SEM.cpp   ****         return -1;
  54:src/SEM.cpp   ****     }
  55:src/SEM.cpp   ****     val++;
 426              		.loc 1 55 5 is_stmt 1
 427 0220 83270500 		lw	a5,0(a0)
 428              		.loc 1 55 8 is_stmt 0
 429 0224 9B871700 		addiw	a5,a5,1
 430 0228 1B870700 		sext.w	a4,a5
 431 022c 2320F500 		sw	a5,0(a0)
  56:src/SEM.cpp   ****     if (val<=0) {
 432              		.loc 1 56 5 is_stmt 1
 433              	.LBB59:
 434 0230 6356E000 		blez	a4,.L45
 435              	.LBE59:
  57:src/SEM.cpp   ****         TCB *unblockTcb = blockedQueue.removeLast();
  58:src/SEM.cpp   ****         if (unblockTcb == nullptr) {
  59:src/SEM.cpp   ****                 return -1;
  60:src/SEM.cpp   ****         }
  61:src/SEM.cpp   ****         unblockTcb->unblock();
  62:src/SEM.cpp   ****         Scheduler::put(unblockTcb);
  63:src/SEM.cpp   ****     }
  64:src/SEM.cpp   ****     return 0;
 436              		.loc 1 64 12 is_stmt 0
 437 0234 13050000 		li	a0,0
 438              	.LVL41:
  65:src/SEM.cpp   **** }
 439              		.loc 1 65 1
 440 0238 67800000 		ret
 441              	.LVL42:
 442              	.L45:
  50:src/SEM.cpp   ****     //pprintString("Sem::signal\n");
GAS LISTING /tmp/ccoihGmF.s 			page 12


 443              		.loc 1 50 19
 444 023c 130101FE 		addi	sp,sp,-32
 445              		.cfi_def_cfa_offset 32
 446 0240 233C1100 		sd	ra,24(sp)
 447 0244 23388100 		sd	s0,16(sp)
 448 0248 23349100 		sd	s1,8(sp)
 449              		.cfi_offset 1, -8
 450              		.cfi_offset 8, -16
 451              		.cfi_offset 9, -24
 452 024c 13040102 		addi	s0,sp,32
 453              		.cfi_def_cfa 8, 0
 454              	.LBB70:
 455              	.LBB60:
  57:src/SEM.cpp   ****         TCB *unblockTcb = blockedQueue.removeLast();
 456              		.loc 1 57 9 is_stmt 1
  57:src/SEM.cpp   ****         TCB *unblockTcb = blockedQueue.removeLast();
 457              		.loc 1 57 50 is_stmt 0
 458 0250 93078500 		addi	a5,a0,8
 459              	.LVL43:
 460              	.LBB61:
 461              	.LBB62:
  34:src/../h/List.hpp ****         if(!head){return 0;}
 462              		.loc 2 34 9
 463 0254 03A70701 		lw	a4,16(a5)
 464 0258 1B07F7FF 		addiw	a4,a4,-1
 465 025c 23A8E700 		sw	a4,16(a5)
  35:src/../h/List.hpp ****         Elem* prev=0;
 466              		.loc 2 35 13
 467 0260 83348500 		ld	s1,8(a0)
  35:src/../h/List.hpp ****         Elem* prev=0;
 468              		.loc 2 35 9
 469 0264 63820404 		beqz	s1,.L33
  36:src/../h/List.hpp ****         for(Elem* curr=head; curr && curr!=tail; prev=curr, curr=curr->next);
 470              		.loc 2 36 15
 471 0268 93060000 		li	a3,0
 472              	.L35:
 473              	.LVL44:
 474              	.LBB63:
  37:src/../h/List.hpp ****         Elem* elem=tail;
 475              		.loc 2 37 35 is_stmt 1
 476 026c 638C0400 		beqz	s1,.L34
  37:src/../h/List.hpp ****         Elem* elem=tail;
 477              		.loc 2 37 44 is_stmt 0
 478 0270 03B78700 		ld	a4,8(a5)
  37:src/../h/List.hpp ****         Elem* elem=tail;
 479              		.loc 2 37 35
 480 0274 6388E400 		beq	s1,a4,.L34
  37:src/../h/List.hpp ****         Elem* elem=tail;
 481              		.loc 2 37 9 is_stmt 1
 482              	.LVL45:
 483 0278 93860400 		mv	a3,s1
 484 027c 83B48400 		ld	s1,8(s1)
 485              	.LVL46:
 486 0280 6FF0DFFE 		j	.L35
 487              	.L34:
 488              	.LBE63:
  38:src/../h/List.hpp ****         if(prev) prev->next=0;
GAS LISTING /tmp/ccoihGmF.s 			page 13


 489              		.loc 2 38 15 is_stmt 0
 490 0284 03B78700 		ld	a4,8(a5)
 491              	.LVL47:
  39:src/../h/List.hpp ****         else head=0;
 492              		.loc 2 39 9
 493 0288 63860604 		beqz	a3,.L36
  39:src/../h/List.hpp ****         else head=0;
 494              		.loc 2 39 18
 495 028c 23B40600 		sd	zero,8(a3)
 496              	.L37:
  41:src/../h/List.hpp ****         T* retval= elem->data;
 497              		.loc 2 41 9
 498 0290 23B4D700 		sd	a3,8(a5)
  42:src/../h/List.hpp ****         delete elem;
 499              		.loc 2 42 12
 500 0294 83340700 		ld	s1,0(a4)
 501              	.LVL48:
 502              		.loc 2 43 9
 503 0298 63080700 		beqz	a4,.L33
 504 029c 13050700 		mv	a0,a4
 505              	.LVL49:
 506 02a0 97000000 		call	_ZdlPv@plt
 506      E7800000 
 507              	.LVL50:
 508              	.L33:
 509              	.LBE62:
 510              	.LBE61:
  58:src/SEM.cpp   ****                 return -1;
 511              		.loc 1 58 9 is_stmt 1
 512 02a8 638E0402 		beqz	s1,.L40
  61:src/SEM.cpp   ****         Scheduler::put(unblockTcb);
 513              		.loc 1 61 9
 514              	.LVL51:
 515              	.LBB65:
 516              	.LBB66:
 517              		.loc 3 41 22
 518              		.loc 3 41 36 is_stmt 0
 519 02ac 23880402 		sb	zero,48(s1)
 520              	.LVL52:
 521              	.LBE66:
 522              	.LBE65:
  62:src/SEM.cpp   ****     }
 523              		.loc 1 62 9 is_stmt 1
  62:src/SEM.cpp   ****     }
 524              		.loc 1 62 23 is_stmt 0
 525 02b0 13850400 		mv	a0,s1
 526 02b4 97000000 		call	_ZN9Scheduler3putEP3TCB@plt
 526      E7800000 
 527              	.LVL53:
 528              	.LBE60:
 529              	.LBE70:
  64:src/SEM.cpp   **** }
 530              		.loc 1 64 12
 531 02bc 13050000 		li	a0,0
 532              	.L32:
 533              		.loc 1 65 1
 534 02c0 83308101 		ld	ra,24(sp)
GAS LISTING /tmp/ccoihGmF.s 			page 14


 535              		.cfi_remember_state
 536              		.cfi_restore 1
 537 02c4 03340101 		ld	s0,16(sp)
 538              		.cfi_restore 8
 539              		.cfi_def_cfa 2, 32
 540 02c8 83348100 		ld	s1,8(sp)
 541              		.cfi_restore 9
 542              	.LVL54:
 543 02cc 13010102 		addi	sp,sp,32
 544              		.cfi_def_cfa_offset 0
 545 02d0 67800000 		jr	ra
 546              	.LVL55:
 547              	.L36:
 548              		.cfi_restore_state
 549              	.LBB71:
 550              	.LBB68:
 551              	.LBB67:
 552              	.LBB64:
  40:src/../h/List.hpp ****         tail=prev;
 553              		.loc 2 40 14
 554 02d4 23340500 		sd	zero,8(a0)
 555 02d8 6FF09FFB 		j	.L37
 556              	.LVL56:
 557              	.L38:
 558              		.cfi_def_cfa_register 2
 559              		.cfi_restore 1
 560              		.cfi_restore 8
 561              		.cfi_restore 9
 562              	.LBE64:
 563              	.LBE67:
 564              	.LBE68:
 565              	.LBE71:
  53:src/SEM.cpp   ****     }
 566              		.loc 1 53 17
 567 02dc 1305F0FF 		li	a0,-1
 568              	.LVL57:
 569 02e0 67800000 		ret
 570              	.LVL58:
 571              	.L40:
 572              		.cfi_def_cfa_register 8
 573              		.cfi_offset 1, -8
 574              		.cfi_offset 8, -16
 575              		.cfi_offset 9, -24
 576              	.LBB72:
 577              	.LBB69:
  59:src/SEM.cpp   ****         }
 578              		.loc 1 59 25
 579 02e4 1305F0FF 		li	a0,-1
 580 02e8 6FF09FFD 		j	.L32
 581              	.LBE69:
 582              	.LBE72:
 583              		.cfi_endproc
 584              	.LFE27:
 586              	.Letext0:
 587              		.file 4 "src/../h/../lib/hw.h"
 588              		.file 5 "src/../h/../h/Scheduler.hpp"
 589              		.file 6 "src/../h/SEM.hpp"
GAS LISTING /tmp/ccoihGmF.s 			page 15


 590              		.file 7 "src/../h/syscall_cpp.hpp"
GAS LISTING /tmp/ccoihGmF.s 			page 16


DEFINED SYMBOLS
                            *ABS*:0000000000000000 SEM.cpp
     /tmp/ccoihGmF.s:9      .text:0000000000000000 _ZN3SEMC2Ej
     /tmp/ccoihGmF.s:13     .text:0000000000000000 .L0 
     /tmp/ccoihGmF.s:15     .text:0000000000000000 .L0 
     /tmp/ccoihGmF.s:16     .text:0000000000000004 .L0 
     /tmp/ccoihGmF.s:18     .text:0000000000000008 .L0 
     /tmp/ccoihGmF.s:20     .text:000000000000000c .L0 
     /tmp/ccoihGmF.s:27     .text:000000000000000c .L0 
     /tmp/ccoihGmF.s:34     .text:0000000000000018 .L0 
     /tmp/ccoihGmF.s:35     .text:0000000000000018 .L0 
     /tmp/ccoihGmF.s:37     .text:000000000000001c .L0 
     /tmp/ccoihGmF.s:38     .text:000000000000001c .L0 
     /tmp/ccoihGmF.s:41     .text:0000000000000020 .L0 
     /tmp/ccoihGmF.s:42     .text:0000000000000024 .L0 
     /tmp/ccoihGmF.s:43     .text:0000000000000024 .L0 
     /tmp/ccoihGmF.s:45     .text:0000000000000028 .L0 
     /tmp/ccoihGmF.s:47     .text:000000000000002c .L0 
     /tmp/ccoihGmF.s:9      .text:0000000000000000 _ZN3SEMC1Ej
     /tmp/ccoihGmF.s:55     .text:000000000000002c _ZN3SEM4openEj
     /tmp/ccoihGmF.s:58     .text:000000000000002c .L0 
     /tmp/ccoihGmF.s:60     .text:000000000000002c .L0 
     /tmp/ccoihGmF.s:61     .text:0000000000000030 .L0 
     /tmp/ccoihGmF.s:66     .text:0000000000000040 .L0 
     /tmp/ccoihGmF.s:67     .text:0000000000000040 .L0 
     /tmp/ccoihGmF.s:68     .text:0000000000000040 .L0 
     /tmp/ccoihGmF.s:69     .text:0000000000000040 .L0 
     /tmp/ccoihGmF.s:71     .text:0000000000000044 .L0 
     /tmp/ccoihGmF.s:74     .text:0000000000000048 .L0 
     /tmp/ccoihGmF.s:75     .text:0000000000000048 .L0 
     /tmp/ccoihGmF.s:84     .text:0000000000000064 .L0 
     /tmp/ccoihGmF.s:86     .text:000000000000006c .L0 
     /tmp/ccoihGmF.s:88     .text:0000000000000070 .L0 
     /tmp/ccoihGmF.s:89     .text:0000000000000070 .L0 
     /tmp/ccoihGmF.s:91     .text:0000000000000074 .L0 
     /tmp/ccoihGmF.s:93     .text:0000000000000078 .L0 
     /tmp/ccoihGmF.s:95     .text:000000000000007c .L0 
     /tmp/ccoihGmF.s:97     .text:0000000000000080 .L0 
     /tmp/ccoihGmF.s:103    .text:0000000000000080 _ZN3SEM5closeEv
     /tmp/ccoihGmF.s:106    .text:0000000000000080 .L0 
     /tmp/ccoihGmF.s:108    .text:0000000000000080 .L0 
     /tmp/ccoihGmF.s:109    .text:0000000000000080 .L0 
     /tmp/ccoihGmF.s:110    .text:0000000000000080 .L0 
     /tmp/ccoihGmF.s:112    .text:0000000000000084 .L0 
     /tmp/ccoihGmF.s:114    .text:0000000000000088 .L0 
     /tmp/ccoihGmF.s:115    .text:000000000000008c .L0 
     /tmp/ccoihGmF.s:120    .text:000000000000009c .L0 
     /tmp/ccoihGmF.s:121    .text:000000000000009c .L0 
     /tmp/ccoihGmF.s:122    .text:000000000000009c .L0 
     /tmp/ccoihGmF.s:123    .text:000000000000009c .L0 
     /tmp/ccoihGmF.s:125    .text:00000000000000a0 .L0 
     /tmp/ccoihGmF.s:128    .text:00000000000000a4 .L0 
     /tmp/ccoihGmF.s:129    .text:00000000000000a4 .L0 
     /tmp/ccoihGmF.s:138    .text:00000000000000b0 .L0 
     /tmp/ccoihGmF.s:141    .text:00000000000000b4 .L0 
     /tmp/ccoihGmF.s:143    .text:00000000000000b8 .L0 
     /tmp/ccoihGmF.s:146    .text:00000000000000bc .L0 
GAS LISTING /tmp/ccoihGmF.s 			page 17


     /tmp/ccoihGmF.s:148    .text:00000000000000c0 .L0 
     /tmp/ccoihGmF.s:151    .text:00000000000000c4 .L0 
     /tmp/ccoihGmF.s:158    .text:00000000000000d0 .L0 
     /tmp/ccoihGmF.s:164    .text:00000000000000d4 .L0 
     /tmp/ccoihGmF.s:165    .text:00000000000000d4 .L0 
     /tmp/ccoihGmF.s:166    .text:00000000000000d4 .L0 
     /tmp/ccoihGmF.s:171    .text:00000000000000d8 .L0 
     /tmp/ccoihGmF.s:172    .text:00000000000000d8 .L0 
     /tmp/ccoihGmF.s:178    .text:00000000000000e4 .L0 
     /tmp/ccoihGmF.s:179    .text:00000000000000e4 .L0 
     /tmp/ccoihGmF.s:180    .text:00000000000000e4 .L0 
     /tmp/ccoihGmF.s:182    .text:00000000000000e8 .L0 
     /tmp/ccoihGmF.s:185    .text:00000000000000ec .L0 
     /tmp/ccoihGmF.s:186    .text:00000000000000ec .L0 
     /tmp/ccoihGmF.s:191    .text:00000000000000f0 .L0 
     /tmp/ccoihGmF.s:195    .text:00000000000000fc .L0 
     /tmp/ccoihGmF.s:197    .text:0000000000000100 .L0 
     /tmp/ccoihGmF.s:199    .text:0000000000000104 .L0 
     /tmp/ccoihGmF.s:204    .text:0000000000000108 .L0 
     /tmp/ccoihGmF.s:206    .text:000000000000010c .L0 
     /tmp/ccoihGmF.s:208    .text:0000000000000110 .L0 
     /tmp/ccoihGmF.s:211    .text:0000000000000114 .L0 
     /tmp/ccoihGmF.s:219    .text:0000000000000120 .L0 
     /tmp/ccoihGmF.s:223    .text:0000000000000128 .L0 
     /tmp/ccoihGmF.s:224    .text:0000000000000128 .L0 
     /tmp/ccoihGmF.s:225    .text:0000000000000128 .L0 
     /tmp/ccoihGmF.s:226    .text:0000000000000128 .L0 
     /tmp/ccoihGmF.s:227    .text:0000000000000128 .L0 
     /tmp/ccoihGmF.s:232    .text:0000000000000128 .L0 
     /tmp/ccoihGmF.s:235    .text:000000000000012c .L0 
     /tmp/ccoihGmF.s:238    .text:0000000000000130 .L0 
     /tmp/ccoihGmF.s:239    .text:0000000000000130 .L0 
     /tmp/ccoihGmF.s:240    .text:0000000000000130 .L0 
     /tmp/ccoihGmF.s:241    .text:0000000000000130 .L0 
     /tmp/ccoihGmF.s:242    .text:0000000000000130 .L0 
     /tmp/ccoihGmF.s:244    .text:0000000000000130 .L0 
     /tmp/ccoihGmF.s:247    .text:0000000000000134 .L0 
     /tmp/ccoihGmF.s:248    .text:0000000000000138 .L0 
     /tmp/ccoihGmF.s:249    .text:0000000000000138 .L0 
     /tmp/ccoihGmF.s:251    .text:000000000000013c .L0 
     /tmp/ccoihGmF.s:252    .text:000000000000013c .L0 
     /tmp/ccoihGmF.s:254    .text:0000000000000140 .L0 
     /tmp/ccoihGmF.s:256    .text:0000000000000144 .L0 
     /tmp/ccoihGmF.s:259    .text:0000000000000148 .L0 
     /tmp/ccoihGmF.s:263    .text:000000000000014c .L0 
     /tmp/ccoihGmF.s:266    .text:000000000000014c .L0 
     /tmp/ccoihGmF.s:269    .text:0000000000000154 .L0 
     /tmp/ccoihGmF.s:275    .text:0000000000000154 _ZN3SEM4waitEv
     /tmp/ccoihGmF.s:278    .text:0000000000000154 .L0 
     /tmp/ccoihGmF.s:280    .text:0000000000000154 .L0 
     /tmp/ccoihGmF.s:281    .text:0000000000000154 .L0 
     /tmp/ccoihGmF.s:282    .text:0000000000000154 .L0 
     /tmp/ccoihGmF.s:284    .text:0000000000000158 .L0 
     /tmp/ccoihGmF.s:286    .text:000000000000015c .L0 
     /tmp/ccoihGmF.s:287    .text:0000000000000160 .L0 
     /tmp/ccoihGmF.s:293    .text:0000000000000174 .L0 
     /tmp/ccoihGmF.s:294    .text:0000000000000174 .L0 
GAS LISTING /tmp/ccoihGmF.s 			page 18


     /tmp/ccoihGmF.s:295    .text:0000000000000174 .L0 
     /tmp/ccoihGmF.s:296    .text:0000000000000174 .L0 
     /tmp/ccoihGmF.s:297    .text:0000000000000174 .L0 
     /tmp/ccoihGmF.s:299    .text:0000000000000178 .L0 
     /tmp/ccoihGmF.s:302    .text:000000000000017c .L0 
     /tmp/ccoihGmF.s:304    .text:0000000000000180 .L0 
     /tmp/ccoihGmF.s:307    .text:0000000000000188 .L0 
     /tmp/ccoihGmF.s:310    .text:0000000000000190 .L0 
     /tmp/ccoihGmF.s:314    .text:0000000000000194 .L0 
     /tmp/ccoihGmF.s:315    .text:0000000000000198 .L0 
     /tmp/ccoihGmF.s:316    .text:0000000000000198 .L0 
     /tmp/ccoihGmF.s:318    .text:000000000000019c .L0 
     /tmp/ccoihGmF.s:319    .text:000000000000019c .L0 
     /tmp/ccoihGmF.s:321    .text:00000000000001a0 .L0 
     /tmp/ccoihGmF.s:324    .text:00000000000001a4 .L0 
     /tmp/ccoihGmF.s:326    .text:00000000000001a8 .L0 
     /tmp/ccoihGmF.s:328    .text:00000000000001ac .L0 
     /tmp/ccoihGmF.s:332    .text:00000000000001b0 .L0 
     /tmp/ccoihGmF.s:334    .text:00000000000001b0 .L0 
     /tmp/ccoihGmF.s:335    .text:00000000000001b0 .L0 
     /tmp/ccoihGmF.s:341    .text:00000000000001bc .L0 
     /tmp/ccoihGmF.s:342    .text:00000000000001bc .L0 
     /tmp/ccoihGmF.s:348    .text:00000000000001c4 .L0 
     /tmp/ccoihGmF.s:349    .text:00000000000001c4 .L0 
     /tmp/ccoihGmF.s:354    .text:00000000000001c8 .L0 
     /tmp/ccoihGmF.s:362    .text:00000000000001d8 .L0 
     /tmp/ccoihGmF.s:368    .text:00000000000001e0 .L0 
     /tmp/ccoihGmF.s:370    .text:00000000000001e4 .L0 
     /tmp/ccoihGmF.s:372    .text:00000000000001e8 .L0 
     /tmp/ccoihGmF.s:375    .text:00000000000001ec .L0 
     /tmp/ccoihGmF.s:382    .text:00000000000001f8 .L0 
     /tmp/ccoihGmF.s:383    .text:00000000000001f8 .L0 
     /tmp/ccoihGmF.s:386    .text:0000000000000200 .L0 
     /tmp/ccoihGmF.s:393    .text:0000000000000208 .L0 
     /tmp/ccoihGmF.s:397    .text:0000000000000210 .L0 
     /tmp/ccoihGmF.s:398    .text:0000000000000210 .L0 
     /tmp/ccoihGmF.s:399    .text:0000000000000210 .L0 
     /tmp/ccoihGmF.s:400    .text:0000000000000210 .L0 
     /tmp/ccoihGmF.s:401    .text:0000000000000210 .L0 
     /tmp/ccoihGmF.s:402    .text:0000000000000210 .L0 
     /tmp/ccoihGmF.s:406    .text:0000000000000210 .L0 
     /tmp/ccoihGmF.s:409    .text:0000000000000214 .L0 
     /tmp/ccoihGmF.s:410    .text:0000000000000218 .L0 
     /tmp/ccoihGmF.s:416    .text:0000000000000218 _ZN3SEM6signalEv
     /tmp/ccoihGmF.s:419    .text:0000000000000218 .L0 
     /tmp/ccoihGmF.s:421    .text:0000000000000218 .L0 
     /tmp/ccoihGmF.s:422    .text:0000000000000218 .L0 
     /tmp/ccoihGmF.s:423    .text:0000000000000218 .L0 
     /tmp/ccoihGmF.s:425    .text:000000000000021c .L0 
     /tmp/ccoihGmF.s:427    .text:0000000000000220 .L0 
     /tmp/ccoihGmF.s:429    .text:0000000000000224 .L0 
     /tmp/ccoihGmF.s:434    .text:0000000000000230 .L0 
     /tmp/ccoihGmF.s:437    .text:0000000000000234 .L0 
     /tmp/ccoihGmF.s:440    .text:0000000000000238 .L0 
     /tmp/ccoihGmF.s:444    .text:000000000000023c .L0 
     /tmp/ccoihGmF.s:445    .text:0000000000000240 .L0 
     /tmp/ccoihGmF.s:449    .text:000000000000024c .L0 
GAS LISTING /tmp/ccoihGmF.s 			page 19


     /tmp/ccoihGmF.s:450    .text:000000000000024c .L0 
     /tmp/ccoihGmF.s:451    .text:000000000000024c .L0 
     /tmp/ccoihGmF.s:453    .text:0000000000000250 .L0 
     /tmp/ccoihGmF.s:457    .text:0000000000000250 .L0 
     /tmp/ccoihGmF.s:458    .text:0000000000000250 .L0 
     /tmp/ccoihGmF.s:463    .text:0000000000000254 .L0 
     /tmp/ccoihGmF.s:467    .text:0000000000000260 .L0 
     /tmp/ccoihGmF.s:469    .text:0000000000000264 .L0 
     /tmp/ccoihGmF.s:471    .text:0000000000000268 .L0 
     /tmp/ccoihGmF.s:476    .text:000000000000026c .L0 
     /tmp/ccoihGmF.s:478    .text:0000000000000270 .L0 
     /tmp/ccoihGmF.s:480    .text:0000000000000274 .L0 
     /tmp/ccoihGmF.s:483    .text:0000000000000278 .L0 
     /tmp/ccoihGmF.s:490    .text:0000000000000284 .L0 
     /tmp/ccoihGmF.s:493    .text:0000000000000288 .L0 
     /tmp/ccoihGmF.s:495    .text:000000000000028c .L0 
     /tmp/ccoihGmF.s:498    .text:0000000000000290 .L0 
     /tmp/ccoihGmF.s:500    .text:0000000000000294 .L0 
     /tmp/ccoihGmF.s:503    .text:0000000000000298 .L0 
     /tmp/ccoihGmF.s:512    .text:00000000000002a8 .L0 
     /tmp/ccoihGmF.s:517    .text:00000000000002ac .L0 
     /tmp/ccoihGmF.s:518    .text:00000000000002ac .L0 
     /tmp/ccoihGmF.s:519    .text:00000000000002ac .L0 
     /tmp/ccoihGmF.s:524    .text:00000000000002b0 .L0 
     /tmp/ccoihGmF.s:525    .text:00000000000002b0 .L0 
     /tmp/ccoihGmF.s:531    .text:00000000000002bc .L0 
     /tmp/ccoihGmF.s:534    .text:00000000000002c0 .L0 
     /tmp/ccoihGmF.s:535    .text:00000000000002c4 .L0 
     /tmp/ccoihGmF.s:536    .text:00000000000002c4 .L0 
     /tmp/ccoihGmF.s:538    .text:00000000000002c8 .L0 
     /tmp/ccoihGmF.s:539    .text:00000000000002c8 .L0 
     /tmp/ccoihGmF.s:541    .text:00000000000002cc .L0 
     /tmp/ccoihGmF.s:544    .text:00000000000002d0 .L0 
     /tmp/ccoihGmF.s:548    .text:00000000000002d4 .L0 
     /tmp/ccoihGmF.s:554    .text:00000000000002d4 .L0 
     /tmp/ccoihGmF.s:558    .text:00000000000002dc .L0 
     /tmp/ccoihGmF.s:559    .text:00000000000002dc .L0 
     /tmp/ccoihGmF.s:560    .text:00000000000002dc .L0 
     /tmp/ccoihGmF.s:561    .text:00000000000002dc .L0 
     /tmp/ccoihGmF.s:567    .text:00000000000002dc .L0 
     /tmp/ccoihGmF.s:572    .text:00000000000002e4 .L0 
     /tmp/ccoihGmF.s:573    .text:00000000000002e4 .L0 
     /tmp/ccoihGmF.s:574    .text:00000000000002e4 .L0 
     /tmp/ccoihGmF.s:575    .text:00000000000002e4 .L0 
     /tmp/ccoihGmF.s:579    .text:00000000000002e4 .L0 
     /tmp/ccoihGmF.s:583    .text:00000000000002ec .L0 
     /tmp/ccoihGmF.s:591    .text:00000000000002ec .L0 
     /tmp/ccoihGmF.s:335    .text:00000000000001b0 .L0 
     /tmp/ccoihGmF.s:222    .text:0000000000000128 .L13
     /tmp/ccoihGmF.s:175    .text:00000000000000e4 .L12
     /tmp/ccoihGmF.s:216    .text:0000000000000120 .L10
     /tmp/ccoihGmF.s:154    .text:00000000000000d0 .L7
     /tmp/ccoihGmF.s:262    .text:000000000000014c .L15
     /tmp/ccoihGmF.s:237    .text:0000000000000130 .L14
     /tmp/ccoihGmF.s:133    .text:00000000000000b0 .L8
     /tmp/ccoihGmF.s:200    .text:0000000000000108 .L9
     /tmp/ccoihGmF.s:144    .text:00000000000000bc .L11
GAS LISTING /tmp/ccoihGmF.s 			page 20


     /tmp/ccoihGmF.s:245    .text:0000000000000134 .L6
     /tmp/ccoihGmF.s:396    .text:0000000000000210 .L23
     /tmp/ccoihGmF.s:331    .text:00000000000001b0 .L29
     /tmp/ccoihGmF.s:389    .text:0000000000000208 .L30
     /tmp/ccoihGmF.s:312    .text:0000000000000194 .L21
     /tmp/ccoihGmF.s:373    .text:00000000000001ec .L22
     /tmp/ccoihGmF.s:557    .text:00000000000002dc .L38
     /tmp/ccoihGmF.s:442    .text:000000000000023c .L45
     /tmp/ccoihGmF.s:508    .text:00000000000002a8 .L33
     /tmp/ccoihGmF.s:487    .text:0000000000000284 .L34
     /tmp/ccoihGmF.s:472    .text:000000000000026c .L35
     /tmp/ccoihGmF.s:547    .text:00000000000002d4 .L36
     /tmp/ccoihGmF.s:571    .text:00000000000002e4 .L40
     /tmp/ccoihGmF.s:496    .text:0000000000000290 .L37
     /tmp/ccoihGmF.s:532    .text:00000000000002c0 .L32
     /tmp/ccoihGmF.s:1750   .debug_abbrev:0000000000000000 .Ldebug_abbrev0
     /tmp/ccoihGmF.s:3359   .debug_str:0000000000000453 .LASF88
     /tmp/ccoihGmF.s:3269   .debug_str:000000000000022f .LASF89
     /tmp/ccoihGmF.s:3291   .debug_str:00000000000002a6 .LASF90
     /tmp/ccoihGmF.s:5      .text:0000000000000000 .Ltext0
     /tmp/ccoihGmF.s:586    .text:00000000000002ec .Letext0
     /tmp/ccoihGmF.s:3185   .debug_line:0000000000000000 .Ldebug_line0
     /tmp/ccoihGmF.s:3303   .debug_str:0000000000000324 .LASF0
     /tmp/ccoihGmF.s:3315   .debug_str:000000000000035d .LASF1
     /tmp/ccoihGmF.s:3289   .debug_str:0000000000000298 .LASF2
     /tmp/ccoihGmF.s:3263   .debug_str:000000000000021a .LASF4
     /tmp/ccoihGmF.s:3349   .debug_str:000000000000040f .LASF3
     /tmp/ccoihGmF.s:3203   .debug_str:0000000000000075 .LASF5
     /tmp/ccoihGmF.s:3229   .debug_str:000000000000012c .LASF6
     /tmp/ccoihGmF.s:3317   .debug_str:0000000000000370 .LASF7
     /tmp/ccoihGmF.s:3301   .debug_str:0000000000000311 .LASF8
     /tmp/ccoihGmF.s:3371   .debug_str:000000000000055e .LASF9
     /tmp/ccoihGmF.s:3253   .debug_str:00000000000001d5 .LASF10
     /tmp/ccoihGmF.s:3325   .debug_str:000000000000039f .LASF11
     /tmp/ccoihGmF.s:3363   .debug_str:0000000000000521 .LASF12
     /tmp/ccoihGmF.s:3207   .debug_str:0000000000000084 .LASF13
     /tmp/ccoihGmF.s:3189   .debug_str:0000000000000008 .LASF14
     /tmp/ccoihGmF.s:3215   .debug_str:00000000000000c0 .LASF15
     /tmp/ccoihGmF.s:3343   .debug_str:00000000000003ee .LASF16
     /tmp/ccoihGmF.s:3225   .debug_str:0000000000000111 .LASF17
     /tmp/ccoihGmF.s:3323   .debug_str:0000000000000395 .LASF19
     /tmp/ccoihGmF.s:3213   .debug_str:00000000000000a8 .LASF44
     /tmp/ccoihGmF.s:3259   .debug_str:0000000000000201 .LASF91
     /tmp/ccoihGmF.s:3337   .debug_str:00000000000003ce .LASF18
     /tmp/ccoihGmF.s:3239   .debug_str:0000000000000163 .LASF28
     /tmp/ccoihGmF.s:3277   .debug_str:0000000000000269 .LASF63
     /tmp/ccoihGmF.s:3193   .debug_str:0000000000000022 .LASF92
     /tmp/ccoihGmF.s:3377   .debug_str:0000000000000583 .LASF21
     /tmp/ccoihGmF.s:3355   .debug_str:000000000000043e .LASF23
     /tmp/ccoihGmF.s:3353   .debug_str:000000000000042e .LASF20
     /tmp/ccoihGmF.s:3351   .debug_str:0000000000000421 .LASF93
     /tmp/ccoihGmF.s:3233   .debug_str:0000000000000150 .LASF22
     /tmp/ccoihGmF.s:3331   .debug_str:00000000000003b8 .LASF24
     /tmp/ccoihGmF.s:3271   .debug_str:000000000000023b .LASF25
     /tmp/ccoihGmF.s:3381   .debug_str:0000000000000595 .LASF26
     /tmp/ccoihGmF.s:3333   .debug_str:00000000000003c4 .LASF94
     /tmp/ccoihGmF.s:3305   .debug_str:0000000000000331 .LASF95
GAS LISTING /tmp/ccoihGmF.s 			page 21


     /tmp/ccoihGmF.s:3241   .debug_str:000000000000017b .LASF96
     /tmp/ccoihGmF.s:3279   .debug_str:000000000000026f .LASF27
     /tmp/ccoihGmF.s:3211   .debug_str:0000000000000099 .LASF29
     /tmp/ccoihGmF.s:3319   .debug_str:0000000000000383 .LASF34
     /tmp/ccoihGmF.s:3251   .debug_str:00000000000001be .LASF36
     /tmp/ccoihGmF.s:3235   .debug_str:0000000000000155 .LASF30
     /tmp/ccoihGmF.s:3249   .debug_str:00000000000001ae .LASF31
     /tmp/ccoihGmF.s:3205   .debug_str:000000000000007c .LASF32
     /tmp/ccoihGmF.s:3255   .debug_str:00000000000001e3 .LASF33
     /tmp/ccoihGmF.s:3191   .debug_str:0000000000000018 .LASF35
     /tmp/ccoihGmF.s:3275   .debug_str:0000000000000254 .LASF37
     /tmp/ccoihGmF.s:3281   .debug_str:0000000000000274 .LASF38
     /tmp/ccoihGmF.s:3201   .debug_str:000000000000005c .LASF39
     /tmp/ccoihGmF.s:3237   .debug_str:000000000000015b .LASF40
     /tmp/ccoihGmF.s:3257   .debug_str:00000000000001f5 .LASF41
     /tmp/ccoihGmF.s:3313   .debug_str:0000000000000357 .LASF42
     /tmp/ccoihGmF.s:3293   .debug_str:00000000000002d2 .LASF43
     /tmp/ccoihGmF.s:3383   .debug_str:00000000000005b7 .LASF45
     /tmp/ccoihGmF.s:3265   .debug_str:0000000000000221 .LASF46
     /tmp/ccoihGmF.s:3309   .debug_str:0000000000000349 .LASF47
     /tmp/ccoihGmF.s:3311   .debug_str:000000000000034f .LASF48
     /tmp/ccoihGmF.s:3267   .debug_str:000000000000022a .LASF49
     /tmp/ccoihGmF.s:3187   .debug_str:0000000000000000 .LASF50
     /tmp/ccoihGmF.s:3361   .debug_str:0000000000000517 .LASF51
     /tmp/ccoihGmF.s:3285   .debug_str:0000000000000286 .LASF97
     /tmp/ccoihGmF.s:3367   .debug_str:0000000000000535 .LASF98
     /tmp/ccoihGmF.s:3245   .debug_str:0000000000000193 .LASF52
     /tmp/ccoihGmF.s:3365   .debug_str:0000000000000530 .LASF99
     /tmp/ccoihGmF.s:3335   .debug_str:00000000000003c9 .LASF53
     /tmp/ccoihGmF.s:3385   .debug_str:00000000000005cd .LASF54
     /tmp/ccoihGmF.s:3297   .debug_str:00000000000002ed .LASF100
     /tmp/ccoihGmF.s:3227   .debug_str:0000000000000127 .LASF55
     /tmp/ccoihGmF.s:3283   .debug_str:0000000000000281 .LASF56
     /tmp/ccoihGmF.s:3261   .debug_str:0000000000000215 .LASF57
     /tmp/ccoihGmF.s:3369   .debug_str:000000000000054b .LASF58
     /tmp/ccoihGmF.s:3357   .debug_str:000000000000044a .LASF59
     /tmp/ccoihGmF.s:3231   .debug_str:0000000000000133 .LASF60
     /tmp/ccoihGmF.s:3295   .debug_str:00000000000002e2 .LASF61
     /tmp/ccoihGmF.s:3197   .debug_str:000000000000003a .LASF62
     /tmp/ccoihGmF.s:3299   .debug_str:000000000000030c .LASF64
     /tmp/ccoihGmF.s:3243   .debug_str:000000000000018e .LASF65
     /tmp/ccoihGmF.s:3209   .debug_str:0000000000000094 .LASF66
     /tmp/ccoihGmF.s:3373   .debug_str:000000000000056e .LASF67
     /tmp/ccoihGmF.s:3321   .debug_str:000000000000038e .LASF68
     /tmp/ccoihGmF.s:3247   .debug_str:000000000000019d .LASF69
     /tmp/ccoihGmF.s:3199   .debug_str:0000000000000057 .LASF70
     /tmp/ccoihGmF.s:3307   .debug_str:000000000000033a .LASF71
     /tmp/ccoihGmF.s:3375   .debug_str:000000000000057d .LASF72
     /tmp/ccoihGmF.s:3195   .debug_str:000000000000002a .LASF73
     /tmp/ccoihGmF.s:3223   .debug_str:0000000000000105 .LASF74
     /tmp/ccoihGmF.s:3287   .debug_str:0000000000000291 .LASF75
     /tmp/ccoihGmF.s:3339   .debug_str:00000000000003d6 .LASF76
     /tmp/ccoihGmF.s:3329   .debug_str:00000000000003b3 .LASF77
     /tmp/ccoihGmF.s:3219   .debug_str:00000000000000df .LASF82
     /tmp/ccoihGmF.s:3345   .debug_str:0000000000000404 .LASF78
     /tmp/ccoihGmF.s:3379   .debug_str:0000000000000590 .LASF79
     /tmp/ccoihGmF.s:3221   .debug_str:00000000000000fe .LASF80
GAS LISTING /tmp/ccoihGmF.s 			page 22


     /tmp/ccoihGmF.s:3327   .debug_str:00000000000003ae .LASF81
     /tmp/ccoihGmF.s:3217   .debug_str:00000000000000cc .LASF83
     /tmp/ccoihGmF.s:417    .text:0000000000000218 .LFB27
     /tmp/ccoihGmF.s:584    .text:00000000000002ec .LFE27
     /tmp/ccoihGmF.s:2753   .debug_loc:0000000000000000 .LLST18
     /tmp/ccoihGmF.s:3149   .debug_ranges:0000000000000000 .Ldebug_ranges0
     /tmp/ccoihGmF.s:3341   .debug_str:00000000000003e3 .LASF84
     /tmp/ccoihGmF.s:2795   .debug_loc:00000000000000a0 .LLST19
     /tmp/ccoihGmF.s:460    .text:0000000000000254 .LBB61
     /tmp/ccoihGmF.s:2806   .debug_loc:00000000000000d6 .LLST20
     /tmp/ccoihGmF.s:2826   .debug_loc:0000000000000124 .LLST21
     /tmp/ccoihGmF.s:2845   .debug_loc:0000000000000180 .LLST22
     /tmp/ccoihGmF.s:2856   .debug_loc:00000000000001b6 .LLST23
     /tmp/ccoihGmF.s:474    .text:000000000000026c .LBB63
     /tmp/ccoihGmF.s:488    .text:0000000000000284 .LBE63
     /tmp/ccoihGmF.s:2863   .debug_loc:00000000000001d9 .LLST24
     /tmp/ccoihGmF.s:507    .text:00000000000002a8 .LVL50
     /tmp/ccoihGmF.s:515    .text:00000000000002ac .LBB65
     /tmp/ccoihGmF.s:522    .text:00000000000002b0 .LBE65
     /tmp/ccoihGmF.s:2883   .debug_loc:0000000000000236 .LLST25
     /tmp/ccoihGmF.s:527    .text:00000000000002bc .LVL53
     /tmp/ccoihGmF.s:276    .text:0000000000000154 .LFB26
     /tmp/ccoihGmF.s:411    .text:0000000000000218 .LFE26
     /tmp/ccoihGmF.s:2890   .debug_loc:0000000000000259 .LLST10
     /tmp/ccoihGmF.s:338    .text:00000000000001bc .LBB44
     /tmp/ccoihGmF.s:346    .text:00000000000001c4 .LBE44
     /tmp/ccoihGmF.s:2923   .debug_loc:00000000000002e1 .LLST11
     /tmp/ccoihGmF.s:351    .text:00000000000001c8 .LBB46
     /tmp/ccoihGmF.s:2930   .debug_loc:0000000000000304 .LLST12
     /tmp/ccoihGmF.s:2941   .debug_loc:000000000000033a .LLST13
     /tmp/ccoihGmF.s:2952   .debug_loc:0000000000000370 .LLST14
     /tmp/ccoihGmF.s:359    .text:00000000000001d8 .LBB48
     /tmp/ccoihGmF.s:366    .text:00000000000001e0 .LBE48
     /tmp/ccoihGmF.s:2963   .debug_loc:00000000000003a6 .LLST15
     /tmp/ccoihGmF.s:2970   .debug_loc:00000000000003c9 .LLST16
     /tmp/ccoihGmF.s:2977   .debug_loc:00000000000003ec .LLST17
     /tmp/ccoihGmF.s:356    .text:00000000000001d4 .LVL32
     /tmp/ccoihGmF.s:384    .text:0000000000000200 .LVL36
     /tmp/ccoihGmF.s:104    .text:0000000000000080 .LFB25
     /tmp/ccoihGmF.s:270    .text:0000000000000154 .LFE25
     /tmp/ccoihGmF.s:2984   .debug_loc:000000000000040f .LLST2
     /tmp/ccoihGmF.s:3021   .debug_loc:00000000000004aa .LLST3
     /tmp/ccoihGmF.s:135    .text:00000000000000b0 .LBB28
     /tmp/ccoihGmF.s:3032   .debug_loc:00000000000004e0 .LLST4
     /tmp/ccoihGmF.s:3049   .debug_loc:000000000000052b .LLST5
     /tmp/ccoihGmF.s:3068   .debug_loc:0000000000000587 .LLST6
     /tmp/ccoihGmF.s:3079   .debug_loc:00000000000005bd .LLST7
     /tmp/ccoihGmF.s:202    .text:0000000000000108 .LBB30
     /tmp/ccoihGmF.s:217    .text:0000000000000120 .LBE30
     /tmp/ccoihGmF.s:3086   .debug_loc:00000000000005e0 .LLST8
     /tmp/ccoihGmF.s:153    .text:00000000000000d0 .LVL11
     /tmp/ccoihGmF.s:161    .text:00000000000000d4 .LBB32
     /tmp/ccoihGmF.s:169    .text:00000000000000d8 .LBE32
     /tmp/ccoihGmF.s:3106   .debug_loc:000000000000063d .LLST9
     /tmp/ccoihGmF.s:174    .text:00000000000000e4 .LVL14
     /tmp/ccoihGmF.s:56     .text:000000000000002c .LFB24
     /tmp/ccoihGmF.s:98     .text:0000000000000080 .LFE24
GAS LISTING /tmp/ccoihGmF.s 			page 23


     /tmp/ccoihGmF.s:3387   .debug_str:00000000000005d2 .LASF85
     /tmp/ccoihGmF.s:3113   .debug_loc:0000000000000660 .LLST1
     /tmp/ccoihGmF.s:78     .text:0000000000000054 .LVL5
     /tmp/ccoihGmF.s:82     .text:0000000000000064 .LVL6
     /tmp/ccoihGmF.s:3273   .debug_str:0000000000000248 .LASF101
     /tmp/ccoihGmF.s:10     .text:0000000000000000 .LFB22
     /tmp/ccoihGmF.s:48     .text:000000000000002c .LFE22
     /tmp/ccoihGmF.s:23     .text:000000000000000c .LBB19
     /tmp/ccoihGmF.s:32     .text:0000000000000018 .LBE19
     /tmp/ccoihGmF.s:3127   .debug_loc:0000000000000699 .LLST0
     /tmp/ccoihGmF.s:3389   .debug_str:00000000000005d7 .LASF86
     /tmp/ccoihGmF.s:3347   .debug_str:0000000000000409 .LASF87
     /tmp/ccoihGmF.s:420    .text:0000000000000218 .LVL40
     /tmp/ccoihGmF.s:438    .text:0000000000000238 .LVL41
     /tmp/ccoihGmF.s:441    .text:000000000000023c .LVL42
     /tmp/ccoihGmF.s:505    .text:00000000000002a0 .LVL49
     /tmp/ccoihGmF.s:546    .text:00000000000002d4 .LVL55
     /tmp/ccoihGmF.s:568    .text:00000000000002e0 .LVL57
     /tmp/ccoihGmF.s:542    .text:00000000000002cc .LVL54
     /tmp/ccoihGmF.s:570    .text:00000000000002e4 .LVL58
     /tmp/ccoihGmF.s:459    .text:0000000000000254 .LVL43
     /tmp/ccoihGmF.s:556    .text:00000000000002dc .LVL56
     /tmp/ccoihGmF.s:473    .text:000000000000026c .LVL44
     /tmp/ccoihGmF.s:482    .text:0000000000000278 .LVL45
     /tmp/ccoihGmF.s:485    .text:0000000000000280 .LVL46
     /tmp/ccoihGmF.s:491    .text:0000000000000288 .LVL47
     /tmp/ccoihGmF.s:501    .text:0000000000000298 .LVL48
     /tmp/ccoihGmF.s:514    .text:00000000000002ac .LVL51
     /tmp/ccoihGmF.s:520    .text:00000000000002b0 .LVL52
     /tmp/ccoihGmF.s:279    .text:0000000000000154 .LVL25
     /tmp/ccoihGmF.s:311    .text:0000000000000194 .LVL26
     /tmp/ccoihGmF.s:322    .text:00000000000001a0 .LVL27
     /tmp/ccoihGmF.s:330    .text:00000000000001b0 .LVL28
     /tmp/ccoihGmF.s:395    .text:0000000000000210 .LVL38
     /tmp/ccoihGmF.s:407    .text:0000000000000214 .LVL39
     /tmp/ccoihGmF.s:337    .text:00000000000001bc .LVL29
     /tmp/ccoihGmF.s:344    .text:00000000000001c4 .LVL30
     /tmp/ccoihGmF.s:350    .text:00000000000001c8 .LVL31
     /tmp/ccoihGmF.s:378    .text:00000000000001f8 .LVL35
     /tmp/ccoihGmF.s:388    .text:0000000000000208 .LVL37
     /tmp/ccoihGmF.s:364    .text:00000000000001e0 .LVL34
     /tmp/ccoihGmF.s:358    .text:00000000000001d8 .LVL33
     /tmp/ccoihGmF.s:107    .text:0000000000000080 .LVL7
     /tmp/ccoihGmF.s:132    .text:00000000000000b0 .LVL8
     /tmp/ccoihGmF.s:221    .text:0000000000000128 .LVL20
     /tmp/ccoihGmF.s:233    .text:000000000000012c .LVL21
     /tmp/ccoihGmF.s:236    .text:0000000000000130 .LVL22
     /tmp/ccoihGmF.s:257    .text:0000000000000144 .LVL23
     /tmp/ccoihGmF.s:261    .text:000000000000014c .LVL24
     /tmp/ccoihGmF.s:187    .text:00000000000000f0 .LVL15
     /tmp/ccoihGmF.s:201    .text:0000000000000108 .LVL16
     /tmp/ccoihGmF.s:210    .text:0000000000000114 .LVL17
     /tmp/ccoihGmF.s:213    .text:000000000000011c .LVL18
     /tmp/ccoihGmF.s:139    .text:00000000000000b4 .LVL9
     /tmp/ccoihGmF.s:215    .text:0000000000000120 .LVL19
     /tmp/ccoihGmF.s:149    .text:00000000000000c4 .LVL10
     /tmp/ccoihGmF.s:160    .text:00000000000000d4 .LVL12
GAS LISTING /tmp/ccoihGmF.s 			page 24


     /tmp/ccoihGmF.s:167    .text:00000000000000d8 .LVL13
     /tmp/ccoihGmF.s:59     .text:000000000000002c .LVL3
     /tmp/ccoihGmF.s:76     .text:000000000000004c .LVL4
     /tmp/ccoihGmF.s:21     .text:000000000000000c .LVL1
     /tmp/ccoihGmF.s:30     .text:0000000000000018 .LVL2
     /tmp/ccoihGmF.s:592    .debug_info:0000000000000000 .Ldebug_info0
     /tmp/ccoihGmF.s:134    .text:00000000000000b0 .LBB27
     /tmp/ccoihGmF.s:176    .text:00000000000000e4 .LBE27
     /tmp/ccoihGmF.s:183    .text:00000000000000ec .LBB35
     /tmp/ccoihGmF.s:230    .text:0000000000000128 .LBE35
     /tmp/ccoihGmF.s:264    .text:000000000000014c .LBB36
     /tmp/ccoihGmF.s:268    .text:0000000000000154 .LBE36
     /tmp/ccoihGmF.s:156    .text:00000000000000d0 .LBE28
     /tmp/ccoihGmF.s:188    .text:00000000000000f0 .LBB34
     /tmp/ccoihGmF.s:229    .text:0000000000000128 .LBE34
     /tmp/ccoihGmF.s:380    .text:00000000000001f8 .LBE46
     /tmp/ccoihGmF.s:390    .text:0000000000000208 .LBB51
     /tmp/ccoihGmF.s:404    .text:0000000000000210 .LBE51
     /tmp/ccoihGmF.s:455    .text:0000000000000250 .LBB60
     /tmp/ccoihGmF.s:528    .text:00000000000002bc .LBE60
     /tmp/ccoihGmF.s:550    .text:00000000000002d4 .LBB68
     /tmp/ccoihGmF.s:564    .text:00000000000002dc .LBE68
     /tmp/ccoihGmF.s:577    .text:00000000000002e4 .LBB69
     /tmp/ccoihGmF.s:581    .text:00000000000002ec .LBE69
     /tmp/ccoihGmF.s:510    .text:00000000000002a8 .LBE61
     /tmp/ccoihGmF.s:551    .text:00000000000002d4 .LBB67
     /tmp/ccoihGmF.s:563    .text:00000000000002dc .LBE67

UNDEFINED SYMBOLS
_Znwm
_ZdlPv
_ZN9Scheduler3putEP3TCB
_ZN3TCB7runningE
_ZN3TCB8dispatchEv
