GAS LISTING /tmp/ccMD7F9J.s 			page 1


   1              		.file	"syscall_cpp.cpp"
   2              		.option pic
   3              		.option norelax
   4              		.text
   5              	.Ltext0:
   6              		.section	.text._ZN6Thread3runEv,"axG",@progbits,_ZN6Thread3runEv,comdat
   7              		.align	2
   8              		.weak	_ZN6Thread3runEv
  10              	_ZN6Thread3runEv:
  11              	.LFB19:
  12              		.file 1 "src/../h/syscall_cpp.hpp"
   1:src/../h/syscall_cpp.hpp **** //
   2:src/../h/syscall_cpp.hpp **** // Created by os on 9/8/25.
   3:src/../h/syscall_cpp.hpp **** //
   4:src/../h/syscall_cpp.hpp **** 
   5:src/../h/syscall_cpp.hpp **** #ifndef PROJECT_BASE_V1_1_COPY_SYSCALL_CPP_HPP
   6:src/../h/syscall_cpp.hpp **** #define PROJECT_BASE_V1_1_COPY_SYSCALL_CPP_HPP
   7:src/../h/syscall_cpp.hpp **** #include "../lib/hw.h"
   8:src/../h/syscall_cpp.hpp **** #include "TCB.hpp"
   9:src/../h/syscall_cpp.hpp **** #include "SEM.hpp"
  10:src/../h/syscall_cpp.hpp **** 
  11:src/../h/syscall_cpp.hpp **** typedef TCB* thread_t;
  12:src/../h/syscall_cpp.hpp **** typedef SEM* sem_t;
  13:src/../h/syscall_cpp.hpp **** 
  14:src/../h/syscall_cpp.hpp **** 
  15:src/../h/syscall_cpp.hpp **** void* operator new (size_t);
  16:src/../h/syscall_cpp.hpp **** void operator delete (void*);
  17:src/../h/syscall_cpp.hpp **** 
  18:src/../h/syscall_cpp.hpp **** 
  19:src/../h/syscall_cpp.hpp **** class Thread {
  20:src/../h/syscall_cpp.hpp **** public:
  21:src/../h/syscall_cpp.hpp ****     Thread (void (*body)(void*), void* arg);
  22:src/../h/syscall_cpp.hpp ****     virtual ~Thread ();
  23:src/../h/syscall_cpp.hpp ****     int start ();
  24:src/../h/syscall_cpp.hpp ****     static void dispatch ();
  25:src/../h/syscall_cpp.hpp ****     static int sleep (time_t);
  26:src/../h/syscall_cpp.hpp **** protected:
  27:src/../h/syscall_cpp.hpp ****     Thread ();
  28:src/../h/syscall_cpp.hpp ****     virtual void run () {}
  13              		.loc 1 28 18
  14              		.cfi_startproc
  15              	.LVL0:
  16 0000 130101FF 		addi	sp,sp,-16
  17              		.cfi_def_cfa_offset 16
  18 0004 23348100 		sd	s0,8(sp)
  19              		.cfi_offset 8, -8
  20 0008 13040101 		addi	s0,sp,16
  21              		.cfi_def_cfa 8, 0
  22              		.loc 1 28 26 is_stmt 0
  23 000c 03348100 		ld	s0,8(sp)
  24              		.cfi_restore 8
  25              		.cfi_def_cfa 2, 16
  26 0010 13010101 		addi	sp,sp,16
  27              		.cfi_def_cfa_offset 0
  28 0014 67800000 		jr	ra
  29              		.cfi_endproc
  30              	.LFE19:
GAS LISTING /tmp/ccMD7F9J.s 			page 2


  32              		.section	.text._ZN14PeriodicThread18periodicActivationEv,"axG",@progbits,_ZN14PeriodicThread18peri
  33              		.align	2
  34              		.weak	_ZN14PeriodicThread18periodicActivationEv
  36              	_ZN14PeriodicThread18periodicActivationEv:
  37              	.LFB20:
  29:src/../h/syscall_cpp.hpp ****     static void wrapper(void* ptr);
  30:src/../h/syscall_cpp.hpp **** private:
  31:src/../h/syscall_cpp.hpp ****     thread_t myHandle;
  32:src/../h/syscall_cpp.hpp ****     void (*body)(void*); void* arg;
  33:src/../h/syscall_cpp.hpp **** };
  34:src/../h/syscall_cpp.hpp **** 
  35:src/../h/syscall_cpp.hpp **** class Semaphore {
  36:src/../h/syscall_cpp.hpp **** public:
  37:src/../h/syscall_cpp.hpp ****     Semaphore (unsigned init = 1);
  38:src/../h/syscall_cpp.hpp ****     virtual ~Semaphore ();
  39:src/../h/syscall_cpp.hpp ****     int wait ();
  40:src/../h/syscall_cpp.hpp ****     int signal ();
  41:src/../h/syscall_cpp.hpp **** private:
  42:src/../h/syscall_cpp.hpp ****     sem_t myHandle;
  43:src/../h/syscall_cpp.hpp **** };
  44:src/../h/syscall_cpp.hpp **** 
  45:src/../h/syscall_cpp.hpp **** class PeriodicThread : public Thread {
  46:src/../h/syscall_cpp.hpp **** public:
  47:src/../h/syscall_cpp.hpp ****     void terminate ();
  48:src/../h/syscall_cpp.hpp **** protected:
  49:src/../h/syscall_cpp.hpp ****     PeriodicThread (time_t period);
  50:src/../h/syscall_cpp.hpp ****     virtual void periodicActivation () {}
  38              		.loc 1 50 18 is_stmt 1
  39              		.cfi_startproc
  40              	.LVL1:
  41 0000 130101FF 		addi	sp,sp,-16
  42              		.cfi_def_cfa_offset 16
  43 0004 23348100 		sd	s0,8(sp)
  44              		.cfi_offset 8, -8
  45 0008 13040101 		addi	s0,sp,16
  46              		.cfi_def_cfa 8, 0
  47              		.loc 1 50 41 is_stmt 0
  48 000c 03348100 		ld	s0,8(sp)
  49              		.cfi_restore 8
  50              		.cfi_def_cfa 2, 16
  51 0010 13010101 		addi	sp,sp,16
  52              		.cfi_def_cfa_offset 0
  53 0014 67800000 		jr	ra
  54              		.cfi_endproc
  55              	.LFE20:
  57              		.text
  58              		.align	2
  59              		.globl	_ZN6Thread7wrapperEPv
  61              	_ZN6Thread7wrapperEPv:
  62              	.LFB35:
  63              		.file 2 "src/syscall_cpp.cpp"
   1:src/syscall_cpp.cpp **** //
   2:src/syscall_cpp.cpp **** // Created by os on 9/8/25.
   3:src/syscall_cpp.cpp **** //
   4:src/syscall_cpp.cpp **** #include "../h/syscall_cpp.hpp"
   5:src/syscall_cpp.cpp **** #include "../h/syscall_c.hpp"
   6:src/syscall_cpp.cpp **** 
GAS LISTING /tmp/ccMD7F9J.s 			page 3


   7:src/syscall_cpp.cpp **** void* operator new(size_t size)
   8:src/syscall_cpp.cpp **** {
   9:src/syscall_cpp.cpp ****     return mem_alloc(size);
  10:src/syscall_cpp.cpp **** }
  11:src/syscall_cpp.cpp **** 
  12:src/syscall_cpp.cpp **** void operator delete(void* ptr)
  13:src/syscall_cpp.cpp **** {
  14:src/syscall_cpp.cpp ****     mem_free(ptr);
  15:src/syscall_cpp.cpp **** }
  16:src/syscall_cpp.cpp **** 
  17:src/syscall_cpp.cpp **** Thread::Thread(void (*body)(void *), void *arg) {
  18:src/syscall_cpp.cpp ****     myHandle= nullptr;
  19:src/syscall_cpp.cpp ****     this->body=body;
  20:src/syscall_cpp.cpp ****     this->arg=arg;
  21:src/syscall_cpp.cpp **** }
  22:src/syscall_cpp.cpp **** void Thread::dispatch() {
  23:src/syscall_cpp.cpp ****     thread_dispatch();
  24:src/syscall_cpp.cpp **** }
  25:src/syscall_cpp.cpp **** Thread::Thread() {
  26:src/syscall_cpp.cpp ****     myHandle=nullptr;
  27:src/syscall_cpp.cpp ****     body=nullptr;
  28:src/syscall_cpp.cpp ****     arg=nullptr;
  29:src/syscall_cpp.cpp **** }
  30:src/syscall_cpp.cpp **** Thread::~Thread() {
  31:src/syscall_cpp.cpp ****     delete myHandle;
  32:src/syscall_cpp.cpp **** }
  33:src/syscall_cpp.cpp **** 
  34:src/syscall_cpp.cpp **** int Thread::start() {
  35:src/syscall_cpp.cpp ****     int ret=0;
  36:src/syscall_cpp.cpp ****     if(body!=nullptr)
  37:src/syscall_cpp.cpp ****     {
  38:src/syscall_cpp.cpp ****         ret = thread_create(&myHandle, body, arg);
  39:src/syscall_cpp.cpp ****     }
  40:src/syscall_cpp.cpp ****     else if(body== nullptr)
  41:src/syscall_cpp.cpp ****     {
  42:src/syscall_cpp.cpp ****         ret = thread_create(&myHandle, wrapper, (void*)this);
  43:src/syscall_cpp.cpp ****     }
  44:src/syscall_cpp.cpp ****     return ret;
  45:src/syscall_cpp.cpp **** }
  46:src/syscall_cpp.cpp **** void Thread::wrapper(void* ptr)
  47:src/syscall_cpp.cpp **** {
  64              		.loc 2 47 1 is_stmt 1
  65              		.cfi_startproc
  66              	.LVL2:
  67 0000 130101FF 		addi	sp,sp,-16
  68              		.cfi_def_cfa_offset 16
  69 0004 23341100 		sd	ra,8(sp)
  70 0008 23308100 		sd	s0,0(sp)
  71              		.cfi_offset 1, -8
  72              		.cfi_offset 8, -16
  73 000c 13040101 		addi	s0,sp,16
  74              		.cfi_def_cfa 8, 0
  48:src/syscall_cpp.cpp ****     ((Thread*)ptr)->run();
  75              		.loc 2 48 5
  76              		.loc 2 48 25 is_stmt 0
  77 0010 83370500 		ld	a5,0(a0)
  78 0014 83B70701 		ld	a5,16(a5)
GAS LISTING /tmp/ccMD7F9J.s 			page 4


  79              		.loc 2 48 24
  80 0018 E7800700 		jalr	a5
  81              	.LVL3:
  49:src/syscall_cpp.cpp **** }
  82              		.loc 2 49 1
  83 001c 83308100 		ld	ra,8(sp)
  84              		.cfi_restore 1
  85 0020 03340100 		ld	s0,0(sp)
  86              		.cfi_restore 8
  87              		.cfi_def_cfa 2, 16
  88 0024 13010101 		addi	sp,sp,16
  89              		.cfi_def_cfa_offset 0
  90 0028 67800000 		jr	ra
  91              		.cfi_endproc
  92              	.LFE35:
  94              		.align	2
  95              		.globl	_ZN9SemaphoreD2Ev
  97              	_ZN9SemaphoreD2Ev:
  98              	.LFB41:
  50:src/syscall_cpp.cpp **** 
  51:src/syscall_cpp.cpp **** int Thread::sleep(time_t time) {
  52:src/syscall_cpp.cpp ****     return time_sleep(time);
  53:src/syscall_cpp.cpp **** }
  54:src/syscall_cpp.cpp **** 
  55:src/syscall_cpp.cpp **** Semaphore::Semaphore(unsigned init) {
  56:src/syscall_cpp.cpp **** 
  57:src/syscall_cpp.cpp ****     sem_open(&myHandle, init);
  58:src/syscall_cpp.cpp **** }
  59:src/syscall_cpp.cpp **** 
  60:src/syscall_cpp.cpp **** Semaphore::~Semaphore() {
  99              		.loc 2 60 1 is_stmt 1
 100              		.cfi_startproc
 101              		.cfi_personality 0x9b,DW.ref.__gxx_personality_v0
 102              		.cfi_lsda 0x1b,.LLSDA41
 103              	.LVL4:
 104 002c 130101FF 		addi	sp,sp,-16
 105              		.cfi_def_cfa_offset 16
 106 0030 23341100 		sd	ra,8(sp)
 107 0034 23308100 		sd	s0,0(sp)
 108              		.cfi_offset 1, -8
 109              		.cfi_offset 8, -16
 110 0038 13040101 		addi	s0,sp,16
 111              		.cfi_def_cfa 8, 0
 112              	.LBB11:
 113              		.loc 2 60 23 is_stmt 0
 114 003c 97070000 		lla	a5,_ZTV9Semaphore+16
 114      93870700 
 115 0044 2330F500 		sd	a5,0(a0)
  61:src/syscall_cpp.cpp ****     sem_close(myHandle);
 116              		.loc 2 61 5 is_stmt 1
 117              		.loc 2 61 14 is_stmt 0
 118 0048 03358500 		ld	a0,8(a0)
 119              	.LVL5:
 120 004c 97000000 		call	_Z9sem_closeP3SEM@plt
 120      E7800000 
 121              	.LVL6:
 122              	.LBE11:
GAS LISTING /tmp/ccMD7F9J.s 			page 5


  62:src/syscall_cpp.cpp **** }
 123              		.loc 2 62 1
 124 0054 83308100 		ld	ra,8(sp)
 125              		.cfi_restore 1
 126 0058 03340100 		ld	s0,0(sp)
 127              		.cfi_restore 8
 128              		.cfi_def_cfa 2, 16
 129 005c 13010101 		addi	sp,sp,16
 130              		.cfi_def_cfa_offset 0
 131 0060 67800000 		jr	ra
 132              		.cfi_endproc
 133              	.LFE41:
 134              		.globl	__gxx_personality_v0
 135              		.section	.gcc_except_table,"a",@progbits
 136              	.LLSDA41:
 137 0000 FF       		.byte	0xff
 138 0001 FF       		.byte	0xff
 139 0002 03       		.byte	0x3
 140 0003 00       		.byte	0
 141              		.text
 143              		.globl	_ZN9SemaphoreD1Ev
 144              		.set	_ZN9SemaphoreD1Ev,_ZN9SemaphoreD2Ev
 145              		.align	2
 146              		.globl	_Znwm
 148              	_Znwm:
 149              	.LFB21:
   8:src/syscall_cpp.cpp ****     return mem_alloc(size);
 150              		.loc 2 8 1 is_stmt 1
 151              		.cfi_startproc
 152              	.LVL7:
 153 0064 130101FF 		addi	sp,sp,-16
 154              		.cfi_def_cfa_offset 16
 155 0068 23341100 		sd	ra,8(sp)
 156 006c 23308100 		sd	s0,0(sp)
 157              		.cfi_offset 1, -8
 158              		.cfi_offset 8, -16
 159 0070 13040101 		addi	s0,sp,16
 160              		.cfi_def_cfa 8, 0
   9:src/syscall_cpp.cpp **** }
 161              		.loc 2 9 5
   9:src/syscall_cpp.cpp **** }
 162              		.loc 2 9 21 is_stmt 0
 163 0074 97000000 		call	_Z9mem_allocm@plt
 163      E7800000 
 164              	.LVL8:
  10:src/syscall_cpp.cpp **** 
 165              		.loc 2 10 1
 166 007c 83308100 		ld	ra,8(sp)
 167              		.cfi_restore 1
 168 0080 03340100 		ld	s0,0(sp)
 169              		.cfi_restore 8
 170              		.cfi_def_cfa 2, 16
 171 0084 13010101 		addi	sp,sp,16
 172              		.cfi_def_cfa_offset 0
 173 0088 67800000 		jr	ra
 174              		.cfi_endproc
 175              	.LFE21:
GAS LISTING /tmp/ccMD7F9J.s 			page 6


 177              		.align	2
 178              		.globl	_ZdlPv
 180              	_ZdlPv:
 181              	.LFB22:
  13:src/syscall_cpp.cpp ****     mem_free(ptr);
 182              		.loc 2 13 1 is_stmt 1
 183              		.cfi_startproc
 184              	.LVL9:
 185 008c 130101FF 		addi	sp,sp,-16
 186              		.cfi_def_cfa_offset 16
 187 0090 23341100 		sd	ra,8(sp)
 188 0094 23308100 		sd	s0,0(sp)
 189              		.cfi_offset 1, -8
 190              		.cfi_offset 8, -16
 191 0098 13040101 		addi	s0,sp,16
 192              		.cfi_def_cfa 8, 0
  14:src/syscall_cpp.cpp **** }
 193              		.loc 2 14 5
  14:src/syscall_cpp.cpp **** }
 194              		.loc 2 14 13 is_stmt 0
 195 009c 97000000 		call	_Z8mem_freePv@plt
 195      E7800000 
 196              	.LVL10:
  15:src/syscall_cpp.cpp **** 
 197              		.loc 2 15 1
 198 00a4 83308100 		ld	ra,8(sp)
 199              		.cfi_restore 1
 200 00a8 03340100 		ld	s0,0(sp)
 201              		.cfi_restore 8
 202              		.cfi_def_cfa 2, 16
 203 00ac 13010101 		addi	sp,sp,16
 204              		.cfi_def_cfa_offset 0
 205 00b0 67800000 		jr	ra
 206              		.cfi_endproc
 207              	.LFE22:
 209              		.align	2
 210              		.globl	_ZN6ThreadD2Ev
 212              	_ZN6ThreadD2Ev:
 213              	.LFB31:
  30:src/syscall_cpp.cpp ****     delete myHandle;
 214              		.loc 2 30 1 is_stmt 1
 215              		.cfi_startproc
 216              		.cfi_personality 0x9b,DW.ref.__gxx_personality_v0
 217              		.cfi_lsda 0x1b,.LLSDA31
 218              	.LVL11:
 219 00b4 130101FE 		addi	sp,sp,-32
 220              		.cfi_def_cfa_offset 32
 221 00b8 233C1100 		sd	ra,24(sp)
 222 00bc 23388100 		sd	s0,16(sp)
 223 00c0 23349100 		sd	s1,8(sp)
 224              		.cfi_offset 1, -8
 225              		.cfi_offset 8, -16
 226              		.cfi_offset 9, -24
 227 00c4 13040102 		addi	s0,sp,32
 228              		.cfi_def_cfa 8, 0
 229              	.LBB12:
  30:src/syscall_cpp.cpp ****     delete myHandle;
GAS LISTING /tmp/ccMD7F9J.s 			page 7


 230              		.loc 2 30 17 is_stmt 0
 231 00c8 97070000 		lla	a5,_ZTV6Thread+16
 231      93870700 
 232 00d0 2330F500 		sd	a5,0(a0)
  31:src/syscall_cpp.cpp **** }
 233              		.loc 2 31 5 is_stmt 1
  31:src/syscall_cpp.cpp **** }
 234              		.loc 2 31 12 is_stmt 0
 235 00d4 83348500 		ld	s1,8(a0)
  31:src/syscall_cpp.cpp **** }
 236              		.loc 2 31 20
 237 00d8 63840402 		beqz	s1,.L13
 238              	.LVL12:
 239              	.LBB13:
 240              	.LBB14:
 241              		.file 3 "src/../h/TCB.hpp"
   1:src/../h/TCB.hpp **** //
   2:src/../h/TCB.hpp **** // Created by os on 9/23/25.
   3:src/../h/TCB.hpp **** //
   4:src/../h/TCB.hpp **** 
   5:src/../h/TCB.hpp **** #ifndef PROJECT_BASE_V1_1_COPY_TCB_HPP
   6:src/../h/TCB.hpp **** #define PROJECT_BASE_V1_1_COPY_TCB_HPP
   7:src/../h/TCB.hpp **** #include "../lib/hw.h"
   8:src/../h/TCB.hpp **** #include "../h/Scheduler.hpp"
   9:src/../h/TCB.hpp **** #include "../h/MemoryAllocator.hpp"
  10:src/../h/TCB.hpp **** 
  11:src/../h/TCB.hpp **** class TCB
  12:src/../h/TCB.hpp **** {
  13:src/../h/TCB.hpp **** public:
  14:src/../h/TCB.hpp ****     void* operator new(size_t size)
  15:src/../h/TCB.hpp **** {
  16:src/../h/TCB.hpp ****     return MemoryAllocator::Instance()->mem_alloc(size);
  17:src/../h/TCB.hpp **** }
  18:src/../h/TCB.hpp **** 
  19:src/../h/TCB.hpp ****     void operator delete(void* ptr)
  20:src/../h/TCB.hpp ****     {
  21:src/../h/TCB.hpp ****         return MemoryAllocator::Instance()->mem_free(ptr);
  22:src/../h/TCB.hpp ****     }
  23:src/../h/TCB.hpp **** 
  24:src/../h/TCB.hpp **** 
  25:src/../h/TCB.hpp ****     using Body=void(*)(void*);
  26:src/../h/TCB.hpp **** 
  27:src/../h/TCB.hpp ****     ~TCB()
  28:src/../h/TCB.hpp ****     {
  29:src/../h/TCB.hpp ****         delete stack;
 242              		.loc 3 29 9 is_stmt 1
 243              		.loc 3 29 16 is_stmt 0
 244 00dc 03B58400 		ld	a0,8(s1)
 245              	.LVL13:
 246              		.loc 3 29 21
 247 00e0 63060500 		beqz	a0,.L15
 248              		.loc 3 29 16
 249 00e4 97000000 		call	_ZdlPv
 249      E7800000 
 250              	.LVL14:
 251              	.L15:
 252              	.LBE14:
GAS LISTING /tmp/ccMD7F9J.s 			page 8


 253              	.LBE13:
 254              	.LBB15:
 255              	.LBB16:
  21:src/../h/TCB.hpp ****     }
 256              		.loc 3 21 9 is_stmt 1
  21:src/../h/TCB.hpp ****     }
 257              		.loc 3 21 53 is_stmt 0
 258 00ec 97000000 		call	_ZN15MemoryAllocator8InstanceEv@plt
 258      E7800000 
 259              	.LVL15:
 260 00f4 93850400 		mv	a1,s1
 261 00f8 97000000 		call	_ZN15MemoryAllocator8mem_freeEPv@plt
 261      E7800000 
 262              	.LVL16:
 263              	.L13:
 264              	.LBE16:
 265              	.LBE15:
 266              	.LBE12:
  32:src/syscall_cpp.cpp **** 
 267              		.loc 2 32 1
 268 0100 83308101 		ld	ra,24(sp)
 269              		.cfi_restore 1
 270 0104 03340101 		ld	s0,16(sp)
 271              		.cfi_restore 8
 272              		.cfi_def_cfa 2, 32
 273 0108 83348100 		ld	s1,8(sp)
 274              		.cfi_restore 9
 275 010c 13010102 		addi	sp,sp,32
 276              		.cfi_def_cfa_offset 0
 277 0110 67800000 		jr	ra
 278              		.cfi_endproc
 279              	.LFE31:
 280              		.section	.gcc_except_table
 281              	.LLSDA31:
 282 0004 FF       		.byte	0xff
 283 0005 FF       		.byte	0xff
 284 0006 03       		.byte	0x3
 285 0007 00       		.byte	0
 286              		.text
 288              		.globl	_ZN6ThreadD1Ev
 289              		.set	_ZN6ThreadD1Ev,_ZN6ThreadD2Ev
 290              		.section	.text._ZN14PeriodicThreadD2Ev,"axG",@progbits,_ZN14PeriodicThreadD5Ev,comdat
 291              		.align	2
 292              		.weak	_ZN14PeriodicThreadD2Ev
 294              	_ZN14PeriodicThreadD2Ev:
 295              	.LFB54:
  45:src/../h/syscall_cpp.hpp **** public:
 296              		.loc 1 45 7 is_stmt 1
 297              		.cfi_startproc
 298              	.LVL17:
 299 0000 130101FF 		addi	sp,sp,-16
 300              		.cfi_def_cfa_offset 16
 301 0004 23341100 		sd	ra,8(sp)
 302 0008 23308100 		sd	s0,0(sp)
 303              		.cfi_offset 1, -8
 304              		.cfi_offset 8, -16
 305 000c 13040101 		addi	s0,sp,16
GAS LISTING /tmp/ccMD7F9J.s 			page 9


 306              		.cfi_def_cfa 8, 0
 307              	.LBB17:
  45:src/../h/syscall_cpp.hpp **** public:
 308              		.loc 1 45 7 is_stmt 0
 309 0010 97070000 		lla	a5,_ZTV14PeriodicThread+16
 309      93870700 
 310 0018 2330F500 		sd	a5,0(a0)
 311 001c 97000000 		call	_ZN6ThreadD2Ev
 311      E7800000 
 312              	.LVL18:
 313              	.LBE17:
 314 0024 83308100 		ld	ra,8(sp)
 315              		.cfi_restore 1
 316 0028 03340100 		ld	s0,0(sp)
 317              		.cfi_restore 8
 318              		.cfi_def_cfa 2, 16
 319 002c 13010101 		addi	sp,sp,16
 320              		.cfi_def_cfa_offset 0
 321 0030 67800000 		jr	ra
 322              		.cfi_endproc
 323              	.LFE54:
 325              		.weak	_ZN14PeriodicThreadD1Ev
 326              		.set	_ZN14PeriodicThreadD1Ev,_ZN14PeriodicThreadD2Ev
 327              		.text
 328              		.align	2
 329              		.globl	_ZN6ThreadD0Ev
 331              	_ZN6ThreadD0Ev:
 332              	.LFB33:
  30:src/syscall_cpp.cpp ****     delete myHandle;
 333              		.loc 2 30 1 is_stmt 1
 334              		.cfi_startproc
 335              	.LVL19:
 336 0114 130101FE 		addi	sp,sp,-32
 337              		.cfi_def_cfa_offset 32
 338 0118 233C1100 		sd	ra,24(sp)
 339 011c 23388100 		sd	s0,16(sp)
 340 0120 23349100 		sd	s1,8(sp)
 341              		.cfi_offset 1, -8
 342              		.cfi_offset 8, -16
 343              		.cfi_offset 9, -24
 344 0124 13040102 		addi	s0,sp,32
 345              		.cfi_def_cfa 8, 0
 346 0128 93040500 		mv	s1,a0
  32:src/syscall_cpp.cpp **** 
 347              		.loc 2 32 1 is_stmt 0
 348 012c 97000000 		call	_ZN6ThreadD1Ev
 348      E7800000 
 349              	.LVL20:
 350 0134 13850400 		mv	a0,s1
 351 0138 97000000 		call	_ZdlPv
 351      E7800000 
 352              	.LVL21:
 353 0140 83308101 		ld	ra,24(sp)
 354              		.cfi_restore 1
 355 0144 03340101 		ld	s0,16(sp)
 356              		.cfi_restore 8
 357              		.cfi_def_cfa 2, 32
GAS LISTING /tmp/ccMD7F9J.s 			page 10


 358 0148 83348100 		ld	s1,8(sp)
 359              		.cfi_restore 9
 360              	.LVL22:
 361 014c 13010102 		addi	sp,sp,32
 362              		.cfi_def_cfa_offset 0
 363 0150 67800000 		jr	ra
 364              		.cfi_endproc
 365              	.LFE33:
 367              		.align	2
 368              		.globl	_ZN9SemaphoreD0Ev
 370              	_ZN9SemaphoreD0Ev:
 371              	.LFB43:
  60:src/syscall_cpp.cpp ****     sem_close(myHandle);
 372              		.loc 2 60 1 is_stmt 1
 373              		.cfi_startproc
 374              	.LVL23:
 375 0154 130101FE 		addi	sp,sp,-32
 376              		.cfi_def_cfa_offset 32
 377 0158 233C1100 		sd	ra,24(sp)
 378 015c 23388100 		sd	s0,16(sp)
 379 0160 23349100 		sd	s1,8(sp)
 380              		.cfi_offset 1, -8
 381              		.cfi_offset 8, -16
 382              		.cfi_offset 9, -24
 383 0164 13040102 		addi	s0,sp,32
 384              		.cfi_def_cfa 8, 0
 385 0168 93040500 		mv	s1,a0
 386              		.loc 2 62 1 is_stmt 0
 387 016c 97000000 		call	_ZN9SemaphoreD1Ev
 387      E7800000 
 388              	.LVL24:
 389 0174 13850400 		mv	a0,s1
 390 0178 97000000 		call	_ZdlPv
 390      E7800000 
 391              	.LVL25:
 392 0180 83308101 		ld	ra,24(sp)
 393              		.cfi_restore 1
 394 0184 03340101 		ld	s0,16(sp)
 395              		.cfi_restore 8
 396              		.cfi_def_cfa 2, 32
 397 0188 83348100 		ld	s1,8(sp)
 398              		.cfi_restore 9
 399              	.LVL26:
 400 018c 13010102 		addi	sp,sp,32
 401              		.cfi_def_cfa_offset 0
 402 0190 67800000 		jr	ra
 403              		.cfi_endproc
 404              	.LFE43:
 406              		.section	.text._ZN14PeriodicThreadD0Ev,"axG",@progbits,_ZN14PeriodicThreadD5Ev,comdat
 407              		.align	2
 408              		.weak	_ZN14PeriodicThreadD0Ev
 410              	_ZN14PeriodicThreadD0Ev:
 411              	.LFB56:
  45:src/../h/syscall_cpp.hpp **** public:
 412              		.loc 1 45 7 is_stmt 1
 413              		.cfi_startproc
 414              	.LVL27:
GAS LISTING /tmp/ccMD7F9J.s 			page 11


 415 0000 130101FE 		addi	sp,sp,-32
 416              		.cfi_def_cfa_offset 32
 417 0004 233C1100 		sd	ra,24(sp)
 418 0008 23388100 		sd	s0,16(sp)
 419 000c 23349100 		sd	s1,8(sp)
 420              		.cfi_offset 1, -8
 421              		.cfi_offset 8, -16
 422              		.cfi_offset 9, -24
 423 0010 13040102 		addi	s0,sp,32
 424              		.cfi_def_cfa 8, 0
 425 0014 93040500 		mv	s1,a0
 426              	.LVL28:
 427              	.LBB18:
 428              	.LBB19:
  45:src/../h/syscall_cpp.hpp **** public:
 429              		.loc 1 45 7 is_stmt 0
 430 0018 97070000 		lla	a5,_ZTV14PeriodicThread+16
 430      93870700 
 431 0020 2330F500 		sd	a5,0(a0)
 432 0024 97000000 		call	_ZN6ThreadD2Ev
 432      E7800000 
 433              	.LVL29:
 434              	.LBE19:
 435              	.LBE18:
 436 002c 13850400 		mv	a0,s1
 437 0030 97000000 		call	_ZdlPv
 437      E7800000 
 438              	.LVL30:
 439 0038 83308101 		ld	ra,24(sp)
 440              		.cfi_restore 1
 441 003c 03340101 		ld	s0,16(sp)
 442              		.cfi_restore 8
 443              		.cfi_def_cfa 2, 32
 444 0040 83348100 		ld	s1,8(sp)
 445              		.cfi_restore 9
 446              	.LVL31:
 447 0044 13010102 		addi	sp,sp,32
 448              		.cfi_def_cfa_offset 0
 449 0048 67800000 		jr	ra
 450              		.cfi_endproc
 451              	.LFE56:
 453              		.text
 454              		.align	2
 455              		.globl	_ZN6ThreadC2EPFvPvES0_
 457              	_ZN6ThreadC2EPFvPvES0_:
 458              	.LFB24:
  17:src/syscall_cpp.cpp ****     myHandle= nullptr;
 459              		.loc 2 17 1 is_stmt 1
 460              		.cfi_startproc
 461              	.LVL32:
 462 0194 130101FF 		addi	sp,sp,-16
 463              		.cfi_def_cfa_offset 16
 464 0198 23348100 		sd	s0,8(sp)
 465              		.cfi_offset 8, -8
 466 019c 13040101 		addi	s0,sp,16
 467              		.cfi_def_cfa 8, 0
 468              	.LBB20:
GAS LISTING /tmp/ccMD7F9J.s 			page 12


  17:src/syscall_cpp.cpp ****     myHandle= nullptr;
 469              		.loc 2 17 47 is_stmt 0
 470 01a0 97070000 		lla	a5,_ZTV6Thread+16
 470      93870700 
 471 01a8 2330F500 		sd	a5,0(a0)
  18:src/syscall_cpp.cpp ****     this->body=body;
 472              		.loc 2 18 5 is_stmt 1
  18:src/syscall_cpp.cpp ****     this->body=body;
 473              		.loc 2 18 13 is_stmt 0
 474 01ac 23340500 		sd	zero,8(a0)
  19:src/syscall_cpp.cpp ****     this->arg=arg;
 475              		.loc 2 19 5 is_stmt 1
  19:src/syscall_cpp.cpp ****     this->arg=arg;
 476              		.loc 2 19 15 is_stmt 0
 477 01b0 2338B500 		sd	a1,16(a0)
  20:src/syscall_cpp.cpp **** }
 478              		.loc 2 20 5 is_stmt 1
  20:src/syscall_cpp.cpp **** }
 479              		.loc 2 20 14 is_stmt 0
 480 01b4 233CC500 		sd	a2,24(a0)
 481              	.LBE20:
  21:src/syscall_cpp.cpp **** void Thread::dispatch() {
 482              		.loc 2 21 1
 483 01b8 03348100 		ld	s0,8(sp)
 484              		.cfi_restore 8
 485              		.cfi_def_cfa 2, 16
 486 01bc 13010101 		addi	sp,sp,16
 487              		.cfi_def_cfa_offset 0
 488 01c0 67800000 		jr	ra
 489              		.cfi_endproc
 490              	.LFE24:
 492              		.globl	_ZN6ThreadC1EPFvPvES0_
 493              		.set	_ZN6ThreadC1EPFvPvES0_,_ZN6ThreadC2EPFvPvES0_
 494              		.align	2
 495              		.globl	_ZN6Thread8dispatchEv
 497              	_ZN6Thread8dispatchEv:
 498              	.LFB26:
  22:src/syscall_cpp.cpp ****     thread_dispatch();
 499              		.loc 2 22 25 is_stmt 1
 500              		.cfi_startproc
 501 01c4 130101FF 		addi	sp,sp,-16
 502              		.cfi_def_cfa_offset 16
 503 01c8 23341100 		sd	ra,8(sp)
 504 01cc 23308100 		sd	s0,0(sp)
 505              		.cfi_offset 1, -8
 506              		.cfi_offset 8, -16
 507 01d0 13040101 		addi	s0,sp,16
 508              		.cfi_def_cfa 8, 0
  23:src/syscall_cpp.cpp **** }
 509              		.loc 2 23 5
  23:src/syscall_cpp.cpp **** }
 510              		.loc 2 23 20 is_stmt 0
 511 01d4 97000000 		call	_Z15thread_dispatchv@plt
 511      E7800000 
 512              	.LVL33:
  24:src/syscall_cpp.cpp **** Thread::Thread() {
 513              		.loc 2 24 1
GAS LISTING /tmp/ccMD7F9J.s 			page 13


 514 01dc 83308100 		ld	ra,8(sp)
 515              		.cfi_restore 1
 516 01e0 03340100 		ld	s0,0(sp)
 517              		.cfi_restore 8
 518              		.cfi_def_cfa 2, 16
 519 01e4 13010101 		addi	sp,sp,16
 520              		.cfi_def_cfa_offset 0
 521 01e8 67800000 		jr	ra
 522              		.cfi_endproc
 523              	.LFE26:
 525              		.align	2
 526              		.globl	_ZN6ThreadC2Ev
 528              	_ZN6ThreadC2Ev:
 529              	.LFB28:
  25:src/syscall_cpp.cpp ****     myHandle=nullptr;
 530              		.loc 2 25 1 is_stmt 1
 531              		.cfi_startproc
 532              	.LVL34:
 533 01ec 130101FF 		addi	sp,sp,-16
 534              		.cfi_def_cfa_offset 16
 535 01f0 23348100 		sd	s0,8(sp)
 536              		.cfi_offset 8, -8
 537 01f4 13040101 		addi	s0,sp,16
 538              		.cfi_def_cfa 8, 0
 539              	.LBB21:
  25:src/syscall_cpp.cpp ****     myHandle=nullptr;
 540              		.loc 2 25 16 is_stmt 0
 541 01f8 97070000 		lla	a5,_ZTV6Thread+16
 541      93870700 
 542 0200 2330F500 		sd	a5,0(a0)
  26:src/syscall_cpp.cpp ****     body=nullptr;
 543              		.loc 2 26 5 is_stmt 1
  26:src/syscall_cpp.cpp ****     body=nullptr;
 544              		.loc 2 26 13 is_stmt 0
 545 0204 23340500 		sd	zero,8(a0)
  27:src/syscall_cpp.cpp ****     arg=nullptr;
 546              		.loc 2 27 5 is_stmt 1
  27:src/syscall_cpp.cpp ****     arg=nullptr;
 547              		.loc 2 27 9 is_stmt 0
 548 0208 23380500 		sd	zero,16(a0)
  28:src/syscall_cpp.cpp **** }
 549              		.loc 2 28 5 is_stmt 1
  28:src/syscall_cpp.cpp **** }
 550              		.loc 2 28 8 is_stmt 0
 551 020c 233C0500 		sd	zero,24(a0)
 552              	.LBE21:
  29:src/syscall_cpp.cpp **** Thread::~Thread() {
 553              		.loc 2 29 1
 554 0210 03348100 		ld	s0,8(sp)
 555              		.cfi_restore 8
 556              		.cfi_def_cfa 2, 16
 557 0214 13010101 		addi	sp,sp,16
 558              		.cfi_def_cfa_offset 0
 559 0218 67800000 		jr	ra
 560              		.cfi_endproc
 561              	.LFE28:
 563              		.globl	_ZN6ThreadC1Ev
GAS LISTING /tmp/ccMD7F9J.s 			page 14


 564              		.set	_ZN6ThreadC1Ev,_ZN6ThreadC2Ev
 565              		.align	2
 566              		.globl	_ZN6Thread5startEv
 568              	_ZN6Thread5startEv:
 569              	.LFB34:
  34:src/syscall_cpp.cpp ****     int ret=0;
 570              		.loc 2 34 21 is_stmt 1
 571              		.cfi_startproc
 572              	.LVL35:
 573 021c 130101FF 		addi	sp,sp,-16
 574              		.cfi_def_cfa_offset 16
 575 0220 23341100 		sd	ra,8(sp)
 576 0224 23308100 		sd	s0,0(sp)
 577              		.cfi_offset 1, -8
 578              		.cfi_offset 8, -16
 579 0228 13040101 		addi	s0,sp,16
 580              		.cfi_def_cfa 8, 0
  35:src/syscall_cpp.cpp ****     if(body!=nullptr)
 581              		.loc 2 35 5
 582              	.LVL36:
  36:src/syscall_cpp.cpp ****     {
 583              		.loc 2 36 5
  36:src/syscall_cpp.cpp ****     {
 584              		.loc 2 36 8 is_stmt 0
 585 022c 83350501 		ld	a1,16(a0)
  36:src/syscall_cpp.cpp ****     {
 586              		.loc 2 36 5
 587 0230 63820502 		beqz	a1,.L32
  38:src/syscall_cpp.cpp ****     }
 588              		.loc 2 38 9 is_stmt 1
  38:src/syscall_cpp.cpp ****     }
 589              		.loc 2 38 28 is_stmt 0
 590 0234 03368501 		ld	a2,24(a0)
 591 0238 13058500 		addi	a0,a0,8
 592              	.LVL37:
 593 023c 97000000 		call	_Z13thread_createPP3TCBPFvPvES2_@plt
 593      E7800000 
 594              	.LVL38:
 595              	.L33:
  44:src/syscall_cpp.cpp **** }
 596              		.loc 2 44 5 is_stmt 1
  45:src/syscall_cpp.cpp **** void Thread::wrapper(void* ptr)
 597              		.loc 2 45 1 is_stmt 0
 598 0244 83308100 		ld	ra,8(sp)
 599              		.cfi_remember_state
 600              		.cfi_restore 1
 601 0248 03340100 		ld	s0,0(sp)
 602              		.cfi_restore 8
 603              		.cfi_def_cfa 2, 16
 604 024c 13010101 		addi	sp,sp,16
 605              		.cfi_def_cfa_offset 0
 606 0250 67800000 		jr	ra
 607              	.LVL39:
 608              	.L32:
 609              		.cfi_restore_state
  40:src/syscall_cpp.cpp ****     {
 610              		.loc 2 40 10 is_stmt 1
GAS LISTING /tmp/ccMD7F9J.s 			page 15


  42:src/syscall_cpp.cpp ****     }
 611              		.loc 2 42 9
  42:src/syscall_cpp.cpp ****     }
 612              		.loc 2 42 28 is_stmt 0
 613 0254 13060500 		mv	a2,a0
 614 0258 97050000 		lla	a1,_ZN6Thread7wrapperEPv
 614      93850500 
 615 0260 13058500 		addi	a0,a0,8
 616              	.LVL40:
 617 0264 97000000 		call	_Z13thread_createPP3TCBPFvPvES2_@plt
 617      E7800000 
 618              	.LVL41:
 619 026c 6FF09FFD 		j	.L33
 620              		.cfi_endproc
 621              	.LFE34:
 623              		.align	2
 624              		.globl	_ZN6Thread5sleepEm
 626              	_ZN6Thread5sleepEm:
 627              	.LFB36:
  51:src/syscall_cpp.cpp ****     return time_sleep(time);
 628              		.loc 2 51 32 is_stmt 1
 629              		.cfi_startproc
 630              	.LVL42:
 631 0270 130101FF 		addi	sp,sp,-16
 632              		.cfi_def_cfa_offset 16
 633 0274 23341100 		sd	ra,8(sp)
 634 0278 23308100 		sd	s0,0(sp)
 635              		.cfi_offset 1, -8
 636              		.cfi_offset 8, -16
 637 027c 13040101 		addi	s0,sp,16
 638              		.cfi_def_cfa 8, 0
  52:src/syscall_cpp.cpp **** }
 639              		.loc 2 52 5
  52:src/syscall_cpp.cpp **** }
 640              		.loc 2 52 22 is_stmt 0
 641 0280 97000000 		call	_Z10time_sleepm@plt
 641      E7800000 
 642              	.LVL43:
  53:src/syscall_cpp.cpp **** 
 643              		.loc 2 53 1
 644 0288 83308100 		ld	ra,8(sp)
 645              		.cfi_restore 1
 646 028c 03340100 		ld	s0,0(sp)
 647              		.cfi_restore 8
 648              		.cfi_def_cfa 2, 16
 649 0290 13010101 		addi	sp,sp,16
 650              		.cfi_def_cfa_offset 0
 651 0294 67800000 		jr	ra
 652              		.cfi_endproc
 653              	.LFE36:
 655              		.align	2
 656              		.globl	_ZN14PeriodicThread3runEv
 658              	_ZN14PeriodicThread3runEv:
 659              	.LFB50:
  63:src/syscall_cpp.cpp **** int Semaphore::wait() {
  64:src/syscall_cpp.cpp ****     return sem_wait(myHandle);
  65:src/syscall_cpp.cpp **** }
GAS LISTING /tmp/ccMD7F9J.s 			page 16


  66:src/syscall_cpp.cpp **** 
  67:src/syscall_cpp.cpp **** int Semaphore::signal() {
  68:src/syscall_cpp.cpp ****     return sem_signal(myHandle);
  69:src/syscall_cpp.cpp **** }
  70:src/syscall_cpp.cpp **** 
  71:src/syscall_cpp.cpp **** PeriodicThread::PeriodicThread(time_t period):Thread() {
  72:src/syscall_cpp.cpp ****     this->period=period;
  73:src/syscall_cpp.cpp **** }
  74:src/syscall_cpp.cpp **** void PeriodicThread::terminate() {
  75:src/syscall_cpp.cpp ****     this->period=0;
  76:src/syscall_cpp.cpp **** }
  77:src/syscall_cpp.cpp **** 
  78:src/syscall_cpp.cpp **** void PeriodicThread::run() {
 660              		.loc 2 78 28 is_stmt 1
 661              		.cfi_startproc
 662              	.LVL44:
 663 0298 130101FE 		addi	sp,sp,-32
 664              		.cfi_def_cfa_offset 32
 665 029c 233C1100 		sd	ra,24(sp)
 666 02a0 23388100 		sd	s0,16(sp)
 667 02a4 23349100 		sd	s1,8(sp)
 668              		.cfi_offset 1, -8
 669              		.cfi_offset 8, -16
 670              		.cfi_offset 9, -24
 671 02a8 13040102 		addi	s0,sp,32
 672              		.cfi_def_cfa 8, 0
 673 02ac 93040500 		mv	s1,a0
 674              	.LVL45:
 675              	.L39:
  79:src/syscall_cpp.cpp ****     while (period!=0) {
 676              		.loc 2 79 5
 677              		.loc 2 79 18
 678              		.loc 2 79 12 is_stmt 0
 679 02b0 83B70402 		ld	a5,32(s1)
 680              		.loc 2 79 18
 681 02b4 63840702 		beqz	a5,.L37
  80:src/syscall_cpp.cpp ****         periodicActivation();
 682              		.loc 2 80 9 is_stmt 1
 683              		.loc 2 80 28 is_stmt 0
 684 02b8 83B70400 		ld	a5,0(s1)
 685 02bc 83B78701 		ld	a5,24(a5)
 686              		.loc 2 80 27
 687 02c0 13850400 		mv	a0,s1
 688 02c4 E7800700 		jalr	a5
 689              	.LVL46:
  81:src/syscall_cpp.cpp ****         if (period!=0)
 690              		.loc 2 81 9 is_stmt 1
 691              		.loc 2 81 13 is_stmt 0
 692 02c8 03B50402 		ld	a0,32(s1)
 693              		.loc 2 81 9
 694 02cc E30205FE 		beqz	a0,.L39
  82:src/syscall_cpp.cpp ****             sleep(period);
 695              		.loc 2 82 13 is_stmt 1
 696              		.loc 2 82 18 is_stmt 0
 697 02d0 97000000 		call	_ZN6Thread5sleepEm
 697      E7800000 
 698              	.LVL47:
GAS LISTING /tmp/ccMD7F9J.s 			page 17


 699 02d8 6FF09FFD 		j	.L39
 700              	.L37:
  83:src/syscall_cpp.cpp ****     }
  84:src/syscall_cpp.cpp **** }
 701              		.loc 2 84 1
 702 02dc 83308101 		ld	ra,24(sp)
 703              		.cfi_restore 1
 704 02e0 03340101 		ld	s0,16(sp)
 705              		.cfi_restore 8
 706              		.cfi_def_cfa 2, 32
 707 02e4 83348100 		ld	s1,8(sp)
 708              		.cfi_restore 9
 709              	.LVL48:
 710 02e8 13010102 		addi	sp,sp,32
 711              		.cfi_def_cfa_offset 0
 712 02ec 67800000 		jr	ra
 713              		.cfi_endproc
 714              	.LFE50:
 716              		.align	2
 717              		.globl	_ZN9SemaphoreC2Ej
 719              	_ZN9SemaphoreC2Ej:
 720              	.LFB38:
  55:src/syscall_cpp.cpp **** 
 721              		.loc 2 55 1 is_stmt 1
 722              		.cfi_startproc
 723              	.LVL49:
 724 02f0 130101FF 		addi	sp,sp,-16
 725              		.cfi_def_cfa_offset 16
 726 02f4 23341100 		sd	ra,8(sp)
 727 02f8 23308100 		sd	s0,0(sp)
 728              		.cfi_offset 1, -8
 729              		.cfi_offset 8, -16
 730 02fc 13040101 		addi	s0,sp,16
 731              		.cfi_def_cfa 8, 0
 732              	.LBB22:
  55:src/syscall_cpp.cpp **** 
 733              		.loc 2 55 35 is_stmt 0
 734 0300 97070000 		lla	a5,_ZTV9Semaphore+16
 734      93870700 
 735 0308 2330F500 		sd	a5,0(a0)
  57:src/syscall_cpp.cpp **** }
 736              		.loc 2 57 5 is_stmt 1
  57:src/syscall_cpp.cpp **** }
 737              		.loc 2 57 13 is_stmt 0
 738 030c 13058500 		addi	a0,a0,8
 739              	.LVL50:
 740 0310 97000000 		call	_Z8sem_openPP3SEMj@plt
 740      E7800000 
 741              	.LVL51:
 742              	.LBE22:
  58:src/syscall_cpp.cpp **** 
 743              		.loc 2 58 1
 744 0318 83308100 		ld	ra,8(sp)
 745              		.cfi_restore 1
 746 031c 03340100 		ld	s0,0(sp)
 747              		.cfi_restore 8
 748              		.cfi_def_cfa 2, 16
GAS LISTING /tmp/ccMD7F9J.s 			page 18


 749 0320 13010101 		addi	sp,sp,16
 750              		.cfi_def_cfa_offset 0
 751 0324 67800000 		jr	ra
 752              		.cfi_endproc
 753              	.LFE38:
 755              		.globl	_ZN9SemaphoreC1Ej
 756              		.set	_ZN9SemaphoreC1Ej,_ZN9SemaphoreC2Ej
 757              		.align	2
 758              		.globl	_ZN9Semaphore4waitEv
 760              	_ZN9Semaphore4waitEv:
 761              	.LFB44:
  63:src/syscall_cpp.cpp ****     return sem_wait(myHandle);
 762              		.loc 2 63 23 is_stmt 1
 763              		.cfi_startproc
 764              	.LVL52:
 765 0328 130101FF 		addi	sp,sp,-16
 766              		.cfi_def_cfa_offset 16
 767 032c 23341100 		sd	ra,8(sp)
 768 0330 23308100 		sd	s0,0(sp)
 769              		.cfi_offset 1, -8
 770              		.cfi_offset 8, -16
 771 0334 13040101 		addi	s0,sp,16
 772              		.cfi_def_cfa 8, 0
  64:src/syscall_cpp.cpp **** }
 773              		.loc 2 64 5
  64:src/syscall_cpp.cpp **** }
 774              		.loc 2 64 20 is_stmt 0
 775 0338 03358500 		ld	a0,8(a0)
 776              	.LVL53:
 777 033c 97000000 		call	_Z8sem_waitP3SEM@plt
 777      E7800000 
 778              	.LVL54:
  65:src/syscall_cpp.cpp **** 
 779              		.loc 2 65 1
 780 0344 83308100 		ld	ra,8(sp)
 781              		.cfi_restore 1
 782 0348 03340100 		ld	s0,0(sp)
 783              		.cfi_restore 8
 784              		.cfi_def_cfa 2, 16
 785 034c 13010101 		addi	sp,sp,16
 786              		.cfi_def_cfa_offset 0
 787 0350 67800000 		jr	ra
 788              		.cfi_endproc
 789              	.LFE44:
 791              		.align	2
 792              		.globl	_ZN9Semaphore6signalEv
 794              	_ZN9Semaphore6signalEv:
 795              	.LFB45:
  67:src/syscall_cpp.cpp ****     return sem_signal(myHandle);
 796              		.loc 2 67 25 is_stmt 1
 797              		.cfi_startproc
 798              	.LVL55:
 799 0354 130101FF 		addi	sp,sp,-16
 800              		.cfi_def_cfa_offset 16
 801 0358 23341100 		sd	ra,8(sp)
 802 035c 23308100 		sd	s0,0(sp)
 803              		.cfi_offset 1, -8
GAS LISTING /tmp/ccMD7F9J.s 			page 19


 804              		.cfi_offset 8, -16
 805 0360 13040101 		addi	s0,sp,16
 806              		.cfi_def_cfa 8, 0
  68:src/syscall_cpp.cpp **** }
 807              		.loc 2 68 5
  68:src/syscall_cpp.cpp **** }
 808              		.loc 2 68 22 is_stmt 0
 809 0364 03358500 		ld	a0,8(a0)
 810              	.LVL56:
 811 0368 97000000 		call	_Z10sem_signalP3SEM@plt
 811      E7800000 
 812              	.LVL57:
  69:src/syscall_cpp.cpp **** 
 813              		.loc 2 69 1
 814 0370 83308100 		ld	ra,8(sp)
 815              		.cfi_restore 1
 816 0374 03340100 		ld	s0,0(sp)
 817              		.cfi_restore 8
 818              		.cfi_def_cfa 2, 16
 819 0378 13010101 		addi	sp,sp,16
 820              		.cfi_def_cfa_offset 0
 821 037c 67800000 		jr	ra
 822              		.cfi_endproc
 823              	.LFE45:
 825              		.align	2
 826              		.globl	_ZN14PeriodicThreadC2Em
 828              	_ZN14PeriodicThreadC2Em:
 829              	.LFB47:
  71:src/syscall_cpp.cpp ****     this->period=period;
 830              		.loc 2 71 1 is_stmt 1
 831              		.cfi_startproc
 832              	.LVL58:
 833 0380 130101FE 		addi	sp,sp,-32
 834              		.cfi_def_cfa_offset 32
 835 0384 233C1100 		sd	ra,24(sp)
 836 0388 23388100 		sd	s0,16(sp)
 837 038c 23349100 		sd	s1,8(sp)
 838 0390 23302101 		sd	s2,0(sp)
 839              		.cfi_offset 1, -8
 840              		.cfi_offset 8, -16
 841              		.cfi_offset 9, -24
 842              		.cfi_offset 18, -32
 843 0394 13040102 		addi	s0,sp,32
 844              		.cfi_def_cfa 8, 0
 845 0398 93040500 		mv	s1,a0
 846 039c 13890500 		mv	s2,a1
 847              	.LBB23:
  71:src/syscall_cpp.cpp ****     this->period=period;
 848              		.loc 2 71 54 is_stmt 0
 849 03a0 97000000 		call	_ZN6ThreadC2Ev
 849      E7800000 
 850              	.LVL59:
 851 03a8 97070000 		lla	a5,_ZTV14PeriodicThread+16
 851      93870700 
 852 03b0 23B0F400 		sd	a5,0(s1)
  72:src/syscall_cpp.cpp **** }
 853              		.loc 2 72 5 is_stmt 1
GAS LISTING /tmp/ccMD7F9J.s 			page 20


  72:src/syscall_cpp.cpp **** }
 854              		.loc 2 72 17 is_stmt 0
 855 03b4 23B02403 		sd	s2,32(s1)
 856              	.LBE23:
  73:src/syscall_cpp.cpp **** void PeriodicThread::terminate() {
 857              		.loc 2 73 1
 858 03b8 83308101 		ld	ra,24(sp)
 859              		.cfi_restore 1
 860 03bc 03340101 		ld	s0,16(sp)
 861              		.cfi_restore 8
 862              		.cfi_def_cfa 2, 32
 863 03c0 83348100 		ld	s1,8(sp)
 864              		.cfi_restore 9
 865              	.LVL60:
 866 03c4 03390100 		ld	s2,0(sp)
 867              		.cfi_restore 18
 868              	.LVL61:
 869 03c8 13010102 		addi	sp,sp,32
 870              		.cfi_def_cfa_offset 0
 871 03cc 67800000 		jr	ra
 872              		.cfi_endproc
 873              	.LFE47:
 875              		.globl	_ZN14PeriodicThreadC1Em
 876              		.set	_ZN14PeriodicThreadC1Em,_ZN14PeriodicThreadC2Em
 877              		.align	2
 878              		.globl	_ZN14PeriodicThread9terminateEv
 880              	_ZN14PeriodicThread9terminateEv:
 881              	.LFB49:
  74:src/syscall_cpp.cpp ****     this->period=0;
 882              		.loc 2 74 34 is_stmt 1
 883              		.cfi_startproc
 884              	.LVL62:
 885 03d0 130101FF 		addi	sp,sp,-16
 886              		.cfi_def_cfa_offset 16
 887 03d4 23348100 		sd	s0,8(sp)
 888              		.cfi_offset 8, -8
 889 03d8 13040101 		addi	s0,sp,16
 890              		.cfi_def_cfa 8, 0
  75:src/syscall_cpp.cpp **** }
 891              		.loc 2 75 5
  75:src/syscall_cpp.cpp **** }
 892              		.loc 2 75 17 is_stmt 0
 893 03dc 23300502 		sd	zero,32(a0)
  76:src/syscall_cpp.cpp **** 
 894              		.loc 2 76 1
 895 03e0 03348100 		ld	s0,8(sp)
 896              		.cfi_restore 8
 897              		.cfi_def_cfa 2, 16
 898 03e4 13010101 		addi	sp,sp,16
 899              		.cfi_def_cfa_offset 0
 900 03e8 67800000 		jr	ra
 901              		.cfi_endproc
 902              	.LFE49:
 904              		.align	2
 905              		.globl	_ZN7Console4getcEv
 907              	_ZN7Console4getcEv:
 908              	.LFB51:
GAS LISTING /tmp/ccMD7F9J.s 			page 21


  85:src/syscall_cpp.cpp **** 
  86:src/syscall_cpp.cpp **** char Console::getc() {
 909              		.loc 2 86 22 is_stmt 1
 910              		.cfi_startproc
 911 03ec 130101FF 		addi	sp,sp,-16
 912              		.cfi_def_cfa_offset 16
 913 03f0 23341100 		sd	ra,8(sp)
 914 03f4 23308100 		sd	s0,0(sp)
 915              		.cfi_offset 1, -8
 916              		.cfi_offset 8, -16
 917 03f8 13040101 		addi	s0,sp,16
 918              		.cfi_def_cfa 8, 0
  87:src/syscall_cpp.cpp ****     return ::getc();
 919              		.loc 2 87 5
 920              		.loc 2 87 18 is_stmt 0
 921 03fc 97000000 		call	_Z4getcv@plt
 921      E7800000 
 922              	.LVL63:
  88:src/syscall_cpp.cpp **** }
 923              		.loc 2 88 1
 924 0404 83308100 		ld	ra,8(sp)
 925              		.cfi_restore 1
 926 0408 03340100 		ld	s0,0(sp)
 927              		.cfi_restore 8
 928              		.cfi_def_cfa 2, 16
 929 040c 13010101 		addi	sp,sp,16
 930              		.cfi_def_cfa_offset 0
 931 0410 67800000 		jr	ra
 932              		.cfi_endproc
 933              	.LFE51:
 935              		.align	2
 936              		.globl	_ZN7Console4putcEc
 938              	_ZN7Console4putcEc:
 939              	.LFB52:
  89:src/syscall_cpp.cpp **** 
  90:src/syscall_cpp.cpp **** void Console::putc(char c) {
 940              		.loc 2 90 28 is_stmt 1
 941              		.cfi_startproc
 942              	.LVL64:
 943 0414 130101FF 		addi	sp,sp,-16
 944              		.cfi_def_cfa_offset 16
 945 0418 23341100 		sd	ra,8(sp)
 946 041c 23308100 		sd	s0,0(sp)
 947              		.cfi_offset 1, -8
 948              		.cfi_offset 8, -16
 949 0420 13040101 		addi	s0,sp,16
 950              		.cfi_def_cfa 8, 0
  91:src/syscall_cpp.cpp ****     ::putc(c);
 951              		.loc 2 91 5
 952              		.loc 2 91 11 is_stmt 0
 953 0424 97000000 		call	_Z4putcc@plt
 953      E7800000 
 954              	.LVL65:
  92:src/syscall_cpp.cpp **** }
 955              		.loc 2 92 1
 956 042c 83308100 		ld	ra,8(sp)
 957              		.cfi_restore 1
GAS LISTING /tmp/ccMD7F9J.s 			page 22


 958 0430 03340100 		ld	s0,0(sp)
 959              		.cfi_restore 8
 960              		.cfi_def_cfa 2, 16
 961 0434 13010101 		addi	sp,sp,16
 962              		.cfi_def_cfa_offset 0
 963 0438 67800000 		jr	ra
 964              		.cfi_endproc
 965              	.LFE52:
 967              		.weak	_ZTV6Thread
 968              		.section	.data.rel.ro.local._ZTV6Thread,"awG",@progbits,_ZTV6Thread,comdat
 969              		.align	3
 972              	_ZTV6Thread:
 973 0000 00000000 		.dword	0
 973      00000000 
 974 0008 00000000 		.dword	0
 974      00000000 
 975 0010 00000000 		.dword	_ZN6ThreadD1Ev
 975      00000000 
 976 0018 00000000 		.dword	_ZN6ThreadD0Ev
 976      00000000 
 977 0020 00000000 		.dword	_ZN6Thread3runEv
 977      00000000 
 978              		.weak	_ZTV9Semaphore
 979              		.section	.data.rel.ro.local._ZTV9Semaphore,"awG",@progbits,_ZTV9Semaphore,comdat
 980              		.align	3
 983              	_ZTV9Semaphore:
 984 0000 00000000 		.dword	0
 984      00000000 
 985 0008 00000000 		.dword	0
 985      00000000 
 986 0010 00000000 		.dword	_ZN9SemaphoreD1Ev
 986      00000000 
 987 0018 00000000 		.dword	_ZN9SemaphoreD0Ev
 987      00000000 
 988              		.weak	_ZTV14PeriodicThread
 989              		.section	.data.rel.ro.local._ZTV14PeriodicThread,"awG",@progbits,_ZTV14PeriodicThread,comdat
 990              		.align	3
 993              	_ZTV14PeriodicThread:
 994 0000 00000000 		.dword	0
 994      00000000 
 995 0008 00000000 		.dword	0
 995      00000000 
 996 0010 00000000 		.dword	_ZN14PeriodicThreadD1Ev
 996      00000000 
 997 0018 00000000 		.dword	_ZN14PeriodicThreadD0Ev
 997      00000000 
 998 0020 00000000 		.dword	_ZN14PeriodicThread3runEv
 998      00000000 
 999 0028 00000000 		.dword	_ZN14PeriodicThread18periodicActivationEv
 999      00000000 
 1000              		.text
 1001              	.Letext0:
 1002              		.file 4 "src/../h/../lib/hw.h"
 1003              		.file 5 "src/../h/../h/List.hpp"
 1004              		.file 6 "src/../h/../h/MemoryAllocator.hpp"
 1005              		.file 7 "src/../h/SEM.hpp"
 1006              		.file 8 "src/../h/syscall_c.hpp"
GAS LISTING /tmp/ccMD7F9J.s 			page 23


 5162              		.align	3
 5165              	DW.ref.__gxx_personality_v0:
 5166 0000 00000000 		.dword	__gxx_personality_v0
 5166      00000000 
 5167              		.ident	"GCC: (Ubuntu 9.4.0-1ubuntu1~20.04) 9.4.0"
 5168              		.section	.note.GNU-stack,"",@progbits
GAS LISTING /tmp/ccMD7F9J.s 			page 24


DEFINED SYMBOLS
                            *ABS*:0000000000000000 syscall_cpp.cpp
     /tmp/ccMD7F9J.s:10     .text._ZN6Thread3runEv:0000000000000000 _ZN6Thread3runEv
     /tmp/ccMD7F9J.s:14     .text._ZN6Thread3runEv:0000000000000000 .L0 
     /tmp/ccMD7F9J.s:16     .text._ZN6Thread3runEv:0000000000000000 .L0 
     /tmp/ccMD7F9J.s:17     .text._ZN6Thread3runEv:0000000000000004 .L0 
     /tmp/ccMD7F9J.s:19     .text._ZN6Thread3runEv:0000000000000008 .L0 
     /tmp/ccMD7F9J.s:21     .text._ZN6Thread3runEv:000000000000000c .L0 
     /tmp/ccMD7F9J.s:23     .text._ZN6Thread3runEv:000000000000000c .L0 
     /tmp/ccMD7F9J.s:24     .text._ZN6Thread3runEv:0000000000000010 .L0 
     /tmp/ccMD7F9J.s:25     .text._ZN6Thread3runEv:0000000000000010 .L0 
     /tmp/ccMD7F9J.s:27     .text._ZN6Thread3runEv:0000000000000014 .L0 
     /tmp/ccMD7F9J.s:29     .text._ZN6Thread3runEv:0000000000000018 .L0 
     /tmp/ccMD7F9J.s:36     .text._ZN14PeriodicThread18periodicActivationEv:0000000000000000 _ZN14PeriodicThread18periodicActivationEv
     /tmp/ccMD7F9J.s:39     .text._ZN14PeriodicThread18periodicActivationEv:0000000000000000 .L0 
     /tmp/ccMD7F9J.s:41     .text._ZN14PeriodicThread18periodicActivationEv:0000000000000000 .L0 
     /tmp/ccMD7F9J.s:42     .text._ZN14PeriodicThread18periodicActivationEv:0000000000000004 .L0 
     /tmp/ccMD7F9J.s:44     .text._ZN14PeriodicThread18periodicActivationEv:0000000000000008 .L0 
     /tmp/ccMD7F9J.s:46     .text._ZN14PeriodicThread18periodicActivationEv:000000000000000c .L0 
     /tmp/ccMD7F9J.s:48     .text._ZN14PeriodicThread18periodicActivationEv:000000000000000c .L0 
     /tmp/ccMD7F9J.s:49     .text._ZN14PeriodicThread18periodicActivationEv:0000000000000010 .L0 
     /tmp/ccMD7F9J.s:50     .text._ZN14PeriodicThread18periodicActivationEv:0000000000000010 .L0 
     /tmp/ccMD7F9J.s:52     .text._ZN14PeriodicThread18periodicActivationEv:0000000000000014 .L0 
     /tmp/ccMD7F9J.s:54     .text._ZN14PeriodicThread18periodicActivationEv:0000000000000018 .L0 
     /tmp/ccMD7F9J.s:61     .text:0000000000000000 _ZN6Thread7wrapperEPv
     /tmp/ccMD7F9J.s:65     .text:0000000000000000 .L0 
     /tmp/ccMD7F9J.s:67     .text:0000000000000000 .L0 
     /tmp/ccMD7F9J.s:68     .text:0000000000000004 .L0 
     /tmp/ccMD7F9J.s:71     .text:000000000000000c .L0 
     /tmp/ccMD7F9J.s:72     .text:000000000000000c .L0 
     /tmp/ccMD7F9J.s:74     .text:0000000000000010 .L0 
     /tmp/ccMD7F9J.s:76     .text:0000000000000010 .L0 
     /tmp/ccMD7F9J.s:77     .text:0000000000000010 .L0 
     /tmp/ccMD7F9J.s:80     .text:0000000000000018 .L0 
     /tmp/ccMD7F9J.s:83     .text:000000000000001c .L0 
     /tmp/ccMD7F9J.s:84     .text:0000000000000020 .L0 
     /tmp/ccMD7F9J.s:86     .text:0000000000000024 .L0 
     /tmp/ccMD7F9J.s:87     .text:0000000000000024 .L0 
     /tmp/ccMD7F9J.s:89     .text:0000000000000028 .L0 
     /tmp/ccMD7F9J.s:91     .text:000000000000002c .L0 
     /tmp/ccMD7F9J.s:97     .text:000000000000002c _ZN9SemaphoreD2Ev
     /tmp/ccMD7F9J.s:100    .text:000000000000002c .L0 
     /tmp/ccMD7F9J.s:5165   .data.rel.local.DW.ref.__gxx_personality_v0:0000000000000000 DW.ref.__gxx_personality_v0
     /tmp/ccMD7F9J.s:104    .text:000000000000002c .L0 
     /tmp/ccMD7F9J.s:105    .text:0000000000000030 .L0 
     /tmp/ccMD7F9J.s:108    .text:0000000000000038 .L0 
     /tmp/ccMD7F9J.s:109    .text:0000000000000038 .L0 
     /tmp/ccMD7F9J.s:111    .text:000000000000003c .L0 
     /tmp/ccMD7F9J.s:983    .data.rel.ro.local._ZTV9Semaphore:0000000000000000 _ZTV9Semaphore
     /tmp/ccMD7F9J.s:114    .text:000000000000003c .L0 
     /tmp/ccMD7F9J.s:117    .text:0000000000000048 .L0 
     /tmp/ccMD7F9J.s:118    .text:0000000000000048 .L0 
     /tmp/ccMD7F9J.s:124    .text:0000000000000054 .L0 
     /tmp/ccMD7F9J.s:125    .text:0000000000000058 .L0 
     /tmp/ccMD7F9J.s:127    .text:000000000000005c .L0 
     /tmp/ccMD7F9J.s:128    .text:000000000000005c .L0 
     /tmp/ccMD7F9J.s:130    .text:0000000000000060 .L0 
GAS LISTING /tmp/ccMD7F9J.s 			page 25


     /tmp/ccMD7F9J.s:132    .text:0000000000000064 .L0 
     /tmp/ccMD7F9J.s:97     .text:000000000000002c _ZN9SemaphoreD1Ev
     /tmp/ccMD7F9J.s:148    .text:0000000000000064 _Znwm
     /tmp/ccMD7F9J.s:151    .text:0000000000000064 .L0 
     /tmp/ccMD7F9J.s:153    .text:0000000000000064 .L0 
     /tmp/ccMD7F9J.s:154    .text:0000000000000068 .L0 
     /tmp/ccMD7F9J.s:157    .text:0000000000000070 .L0 
     /tmp/ccMD7F9J.s:158    .text:0000000000000070 .L0 
     /tmp/ccMD7F9J.s:160    .text:0000000000000074 .L0 
     /tmp/ccMD7F9J.s:162    .text:0000000000000074 .L0 
     /tmp/ccMD7F9J.s:163    .text:0000000000000074 .L0 
     /tmp/ccMD7F9J.s:166    .text:000000000000007c .L0 
     /tmp/ccMD7F9J.s:167    .text:0000000000000080 .L0 
     /tmp/ccMD7F9J.s:169    .text:0000000000000084 .L0 
     /tmp/ccMD7F9J.s:170    .text:0000000000000084 .L0 
     /tmp/ccMD7F9J.s:172    .text:0000000000000088 .L0 
     /tmp/ccMD7F9J.s:174    .text:000000000000008c .L0 
     /tmp/ccMD7F9J.s:180    .text:000000000000008c _ZdlPv
     /tmp/ccMD7F9J.s:183    .text:000000000000008c .L0 
     /tmp/ccMD7F9J.s:185    .text:000000000000008c .L0 
     /tmp/ccMD7F9J.s:186    .text:0000000000000090 .L0 
     /tmp/ccMD7F9J.s:189    .text:0000000000000098 .L0 
     /tmp/ccMD7F9J.s:190    .text:0000000000000098 .L0 
     /tmp/ccMD7F9J.s:192    .text:000000000000009c .L0 
     /tmp/ccMD7F9J.s:194    .text:000000000000009c .L0 
     /tmp/ccMD7F9J.s:195    .text:000000000000009c .L0 
     /tmp/ccMD7F9J.s:198    .text:00000000000000a4 .L0 
     /tmp/ccMD7F9J.s:199    .text:00000000000000a8 .L0 
     /tmp/ccMD7F9J.s:201    .text:00000000000000ac .L0 
     /tmp/ccMD7F9J.s:202    .text:00000000000000ac .L0 
     /tmp/ccMD7F9J.s:204    .text:00000000000000b0 .L0 
     /tmp/ccMD7F9J.s:206    .text:00000000000000b4 .L0 
     /tmp/ccMD7F9J.s:212    .text:00000000000000b4 _ZN6ThreadD2Ev
     /tmp/ccMD7F9J.s:215    .text:00000000000000b4 .L0 
     /tmp/ccMD7F9J.s:219    .text:00000000000000b4 .L0 
     /tmp/ccMD7F9J.s:220    .text:00000000000000b8 .L0 
     /tmp/ccMD7F9J.s:224    .text:00000000000000c4 .L0 
     /tmp/ccMD7F9J.s:225    .text:00000000000000c4 .L0 
     /tmp/ccMD7F9J.s:226    .text:00000000000000c4 .L0 
     /tmp/ccMD7F9J.s:228    .text:00000000000000c8 .L0 
     /tmp/ccMD7F9J.s:972    .data.rel.ro.local._ZTV6Thread:0000000000000000 _ZTV6Thread
     /tmp/ccMD7F9J.s:231    .text:00000000000000c8 .L0 
     /tmp/ccMD7F9J.s:234    .text:00000000000000d4 .L0 
     /tmp/ccMD7F9J.s:235    .text:00000000000000d4 .L0 
     /tmp/ccMD7F9J.s:237    .text:00000000000000d8 .L0 
     /tmp/ccMD7F9J.s:243    .text:00000000000000dc .L0 
     /tmp/ccMD7F9J.s:244    .text:00000000000000dc .L0 
     /tmp/ccMD7F9J.s:247    .text:00000000000000e0 .L0 
     /tmp/ccMD7F9J.s:249    .text:00000000000000e4 .L0 
     /tmp/ccMD7F9J.s:257    .text:00000000000000ec .L0 
     /tmp/ccMD7F9J.s:258    .text:00000000000000ec .L0 
     /tmp/ccMD7F9J.s:268    .text:0000000000000100 .L0 
     /tmp/ccMD7F9J.s:269    .text:0000000000000104 .L0 
     /tmp/ccMD7F9J.s:271    .text:0000000000000108 .L0 
     /tmp/ccMD7F9J.s:272    .text:0000000000000108 .L0 
     /tmp/ccMD7F9J.s:274    .text:000000000000010c .L0 
     /tmp/ccMD7F9J.s:276    .text:0000000000000110 .L0 
GAS LISTING /tmp/ccMD7F9J.s 			page 26


     /tmp/ccMD7F9J.s:278    .text:0000000000000114 .L0 
     /tmp/ccMD7F9J.s:212    .text:00000000000000b4 _ZN6ThreadD1Ev
     /tmp/ccMD7F9J.s:294    .text._ZN14PeriodicThreadD2Ev:0000000000000000 _ZN14PeriodicThreadD2Ev
     /tmp/ccMD7F9J.s:297    .text._ZN14PeriodicThreadD2Ev:0000000000000000 .L0 
     /tmp/ccMD7F9J.s:299    .text._ZN14PeriodicThreadD2Ev:0000000000000000 .L0 
     /tmp/ccMD7F9J.s:300    .text._ZN14PeriodicThreadD2Ev:0000000000000004 .L0 
     /tmp/ccMD7F9J.s:303    .text._ZN14PeriodicThreadD2Ev:000000000000000c .L0 
     /tmp/ccMD7F9J.s:304    .text._ZN14PeriodicThreadD2Ev:000000000000000c .L0 
     /tmp/ccMD7F9J.s:306    .text._ZN14PeriodicThreadD2Ev:0000000000000010 .L0 
     /tmp/ccMD7F9J.s:993    .data.rel.ro.local._ZTV14PeriodicThread:0000000000000000 _ZTV14PeriodicThread
     /tmp/ccMD7F9J.s:309    .text._ZN14PeriodicThreadD2Ev:0000000000000010 .L0 
     /tmp/ccMD7F9J.s:315    .text._ZN14PeriodicThreadD2Ev:0000000000000028 .L0 
     /tmp/ccMD7F9J.s:317    .text._ZN14PeriodicThreadD2Ev:000000000000002c .L0 
     /tmp/ccMD7F9J.s:318    .text._ZN14PeriodicThreadD2Ev:000000000000002c .L0 
     /tmp/ccMD7F9J.s:320    .text._ZN14PeriodicThreadD2Ev:0000000000000030 .L0 
     /tmp/ccMD7F9J.s:322    .text._ZN14PeriodicThreadD2Ev:0000000000000034 .L0 
     /tmp/ccMD7F9J.s:294    .text._ZN14PeriodicThreadD2Ev:0000000000000000 _ZN14PeriodicThreadD1Ev
     /tmp/ccMD7F9J.s:331    .text:0000000000000114 _ZN6ThreadD0Ev
     /tmp/ccMD7F9J.s:334    .text:0000000000000114 .L0 
     /tmp/ccMD7F9J.s:336    .text:0000000000000114 .L0 
     /tmp/ccMD7F9J.s:337    .text:0000000000000118 .L0 
     /tmp/ccMD7F9J.s:341    .text:0000000000000124 .L0 
     /tmp/ccMD7F9J.s:342    .text:0000000000000124 .L0 
     /tmp/ccMD7F9J.s:343    .text:0000000000000124 .L0 
     /tmp/ccMD7F9J.s:345    .text:0000000000000128 .L0 
     /tmp/ccMD7F9J.s:348    .text:000000000000012c .L0 
     /tmp/ccMD7F9J.s:354    .text:0000000000000144 .L0 
     /tmp/ccMD7F9J.s:356    .text:0000000000000148 .L0 
     /tmp/ccMD7F9J.s:357    .text:0000000000000148 .L0 
     /tmp/ccMD7F9J.s:359    .text:000000000000014c .L0 
     /tmp/ccMD7F9J.s:362    .text:0000000000000150 .L0 
     /tmp/ccMD7F9J.s:364    .text:0000000000000154 .L0 
     /tmp/ccMD7F9J.s:370    .text:0000000000000154 _ZN9SemaphoreD0Ev
     /tmp/ccMD7F9J.s:373    .text:0000000000000154 .L0 
     /tmp/ccMD7F9J.s:375    .text:0000000000000154 .L0 
     /tmp/ccMD7F9J.s:376    .text:0000000000000158 .L0 
     /tmp/ccMD7F9J.s:380    .text:0000000000000164 .L0 
     /tmp/ccMD7F9J.s:381    .text:0000000000000164 .L0 
     /tmp/ccMD7F9J.s:382    .text:0000000000000164 .L0 
     /tmp/ccMD7F9J.s:384    .text:0000000000000168 .L0 
     /tmp/ccMD7F9J.s:387    .text:000000000000016c .L0 
     /tmp/ccMD7F9J.s:393    .text:0000000000000184 .L0 
     /tmp/ccMD7F9J.s:395    .text:0000000000000188 .L0 
     /tmp/ccMD7F9J.s:396    .text:0000000000000188 .L0 
     /tmp/ccMD7F9J.s:398    .text:000000000000018c .L0 
     /tmp/ccMD7F9J.s:401    .text:0000000000000190 .L0 
     /tmp/ccMD7F9J.s:403    .text:0000000000000194 .L0 
     /tmp/ccMD7F9J.s:410    .text._ZN14PeriodicThreadD0Ev:0000000000000000 _ZN14PeriodicThreadD0Ev
     /tmp/ccMD7F9J.s:413    .text._ZN14PeriodicThreadD0Ev:0000000000000000 .L0 
     /tmp/ccMD7F9J.s:415    .text._ZN14PeriodicThreadD0Ev:0000000000000000 .L0 
     /tmp/ccMD7F9J.s:416    .text._ZN14PeriodicThreadD0Ev:0000000000000004 .L0 
     /tmp/ccMD7F9J.s:420    .text._ZN14PeriodicThreadD0Ev:0000000000000010 .L0 
     /tmp/ccMD7F9J.s:421    .text._ZN14PeriodicThreadD0Ev:0000000000000010 .L0 
     /tmp/ccMD7F9J.s:422    .text._ZN14PeriodicThreadD0Ev:0000000000000010 .L0 
     /tmp/ccMD7F9J.s:424    .text._ZN14PeriodicThreadD0Ev:0000000000000014 .L0 
     /tmp/ccMD7F9J.s:430    .text._ZN14PeriodicThreadD0Ev:0000000000000018 .L0 
     /tmp/ccMD7F9J.s:440    .text._ZN14PeriodicThreadD0Ev:000000000000003c .L0 
GAS LISTING /tmp/ccMD7F9J.s 			page 27


     /tmp/ccMD7F9J.s:442    .text._ZN14PeriodicThreadD0Ev:0000000000000040 .L0 
     /tmp/ccMD7F9J.s:443    .text._ZN14PeriodicThreadD0Ev:0000000000000040 .L0 
     /tmp/ccMD7F9J.s:445    .text._ZN14PeriodicThreadD0Ev:0000000000000044 .L0 
     /tmp/ccMD7F9J.s:448    .text._ZN14PeriodicThreadD0Ev:0000000000000048 .L0 
     /tmp/ccMD7F9J.s:450    .text._ZN14PeriodicThreadD0Ev:000000000000004c .L0 
     /tmp/ccMD7F9J.s:457    .text:0000000000000194 _ZN6ThreadC2EPFvPvES0_
     /tmp/ccMD7F9J.s:460    .text:0000000000000194 .L0 
     /tmp/ccMD7F9J.s:462    .text:0000000000000194 .L0 
     /tmp/ccMD7F9J.s:463    .text:0000000000000198 .L0 
     /tmp/ccMD7F9J.s:465    .text:000000000000019c .L0 
     /tmp/ccMD7F9J.s:467    .text:00000000000001a0 .L0 
     /tmp/ccMD7F9J.s:470    .text:00000000000001a0 .L0 
     /tmp/ccMD7F9J.s:473    .text:00000000000001ac .L0 
     /tmp/ccMD7F9J.s:474    .text:00000000000001ac .L0 
     /tmp/ccMD7F9J.s:476    .text:00000000000001b0 .L0 
     /tmp/ccMD7F9J.s:477    .text:00000000000001b0 .L0 
     /tmp/ccMD7F9J.s:479    .text:00000000000001b4 .L0 
     /tmp/ccMD7F9J.s:480    .text:00000000000001b4 .L0 
     /tmp/ccMD7F9J.s:483    .text:00000000000001b8 .L0 
     /tmp/ccMD7F9J.s:484    .text:00000000000001bc .L0 
     /tmp/ccMD7F9J.s:485    .text:00000000000001bc .L0 
     /tmp/ccMD7F9J.s:487    .text:00000000000001c0 .L0 
     /tmp/ccMD7F9J.s:489    .text:00000000000001c4 .L0 
     /tmp/ccMD7F9J.s:457    .text:0000000000000194 _ZN6ThreadC1EPFvPvES0_
     /tmp/ccMD7F9J.s:497    .text:00000000000001c4 _ZN6Thread8dispatchEv
     /tmp/ccMD7F9J.s:500    .text:00000000000001c4 .L0 
     /tmp/ccMD7F9J.s:501    .text:00000000000001c4 .L0 
     /tmp/ccMD7F9J.s:502    .text:00000000000001c8 .L0 
     /tmp/ccMD7F9J.s:505    .text:00000000000001d0 .L0 
     /tmp/ccMD7F9J.s:506    .text:00000000000001d0 .L0 
     /tmp/ccMD7F9J.s:508    .text:00000000000001d4 .L0 
     /tmp/ccMD7F9J.s:510    .text:00000000000001d4 .L0 
     /tmp/ccMD7F9J.s:511    .text:00000000000001d4 .L0 
     /tmp/ccMD7F9J.s:514    .text:00000000000001dc .L0 
     /tmp/ccMD7F9J.s:515    .text:00000000000001e0 .L0 
     /tmp/ccMD7F9J.s:517    .text:00000000000001e4 .L0 
     /tmp/ccMD7F9J.s:518    .text:00000000000001e4 .L0 
     /tmp/ccMD7F9J.s:520    .text:00000000000001e8 .L0 
     /tmp/ccMD7F9J.s:522    .text:00000000000001ec .L0 
     /tmp/ccMD7F9J.s:528    .text:00000000000001ec _ZN6ThreadC2Ev
     /tmp/ccMD7F9J.s:531    .text:00000000000001ec .L0 
     /tmp/ccMD7F9J.s:533    .text:00000000000001ec .L0 
     /tmp/ccMD7F9J.s:534    .text:00000000000001f0 .L0 
     /tmp/ccMD7F9J.s:536    .text:00000000000001f4 .L0 
     /tmp/ccMD7F9J.s:538    .text:00000000000001f8 .L0 
     /tmp/ccMD7F9J.s:541    .text:00000000000001f8 .L0 
     /tmp/ccMD7F9J.s:544    .text:0000000000000204 .L0 
     /tmp/ccMD7F9J.s:545    .text:0000000000000204 .L0 
     /tmp/ccMD7F9J.s:547    .text:0000000000000208 .L0 
     /tmp/ccMD7F9J.s:548    .text:0000000000000208 .L0 
     /tmp/ccMD7F9J.s:550    .text:000000000000020c .L0 
     /tmp/ccMD7F9J.s:551    .text:000000000000020c .L0 
     /tmp/ccMD7F9J.s:554    .text:0000000000000210 .L0 
     /tmp/ccMD7F9J.s:555    .text:0000000000000214 .L0 
     /tmp/ccMD7F9J.s:556    .text:0000000000000214 .L0 
     /tmp/ccMD7F9J.s:558    .text:0000000000000218 .L0 
     /tmp/ccMD7F9J.s:560    .text:000000000000021c .L0 
GAS LISTING /tmp/ccMD7F9J.s 			page 28


     /tmp/ccMD7F9J.s:528    .text:00000000000001ec _ZN6ThreadC1Ev
     /tmp/ccMD7F9J.s:568    .text:000000000000021c _ZN6Thread5startEv
     /tmp/ccMD7F9J.s:571    .text:000000000000021c .L0 
     /tmp/ccMD7F9J.s:573    .text:000000000000021c .L0 
     /tmp/ccMD7F9J.s:574    .text:0000000000000220 .L0 
     /tmp/ccMD7F9J.s:577    .text:0000000000000228 .L0 
     /tmp/ccMD7F9J.s:578    .text:0000000000000228 .L0 
     /tmp/ccMD7F9J.s:580    .text:000000000000022c .L0 
     /tmp/ccMD7F9J.s:583    .text:000000000000022c .L0 
     /tmp/ccMD7F9J.s:584    .text:000000000000022c .L0 
     /tmp/ccMD7F9J.s:585    .text:000000000000022c .L0 
     /tmp/ccMD7F9J.s:587    .text:0000000000000230 .L0 
     /tmp/ccMD7F9J.s:589    .text:0000000000000234 .L0 
     /tmp/ccMD7F9J.s:590    .text:0000000000000234 .L0 
     /tmp/ccMD7F9J.s:597    .text:0000000000000244 .L0 
     /tmp/ccMD7F9J.s:598    .text:0000000000000244 .L0 
     /tmp/ccMD7F9J.s:599    .text:0000000000000248 .L0 
     /tmp/ccMD7F9J.s:600    .text:0000000000000248 .L0 
     /tmp/ccMD7F9J.s:602    .text:000000000000024c .L0 
     /tmp/ccMD7F9J.s:603    .text:000000000000024c .L0 
     /tmp/ccMD7F9J.s:605    .text:0000000000000250 .L0 
     /tmp/ccMD7F9J.s:609    .text:0000000000000254 .L0 
     /tmp/ccMD7F9J.s:611    .text:0000000000000254 .L0 
     /tmp/ccMD7F9J.s:612    .text:0000000000000254 .L0 
     /tmp/ccMD7F9J.s:613    .text:0000000000000254 .L0 
     /tmp/ccMD7F9J.s:620    .text:0000000000000270 .L0 
     /tmp/ccMD7F9J.s:626    .text:0000000000000270 _ZN6Thread5sleepEm
     /tmp/ccMD7F9J.s:629    .text:0000000000000270 .L0 
     /tmp/ccMD7F9J.s:631    .text:0000000000000270 .L0 
     /tmp/ccMD7F9J.s:632    .text:0000000000000274 .L0 
     /tmp/ccMD7F9J.s:635    .text:000000000000027c .L0 
     /tmp/ccMD7F9J.s:636    .text:000000000000027c .L0 
     /tmp/ccMD7F9J.s:638    .text:0000000000000280 .L0 
     /tmp/ccMD7F9J.s:640    .text:0000000000000280 .L0 
     /tmp/ccMD7F9J.s:641    .text:0000000000000280 .L0 
     /tmp/ccMD7F9J.s:644    .text:0000000000000288 .L0 
     /tmp/ccMD7F9J.s:645    .text:000000000000028c .L0 
     /tmp/ccMD7F9J.s:647    .text:0000000000000290 .L0 
     /tmp/ccMD7F9J.s:648    .text:0000000000000290 .L0 
     /tmp/ccMD7F9J.s:650    .text:0000000000000294 .L0 
     /tmp/ccMD7F9J.s:652    .text:0000000000000298 .L0 
     /tmp/ccMD7F9J.s:658    .text:0000000000000298 _ZN14PeriodicThread3runEv
     /tmp/ccMD7F9J.s:661    .text:0000000000000298 .L0 
     /tmp/ccMD7F9J.s:663    .text:0000000000000298 .L0 
     /tmp/ccMD7F9J.s:664    .text:000000000000029c .L0 
     /tmp/ccMD7F9J.s:668    .text:00000000000002a8 .L0 
     /tmp/ccMD7F9J.s:669    .text:00000000000002a8 .L0 
     /tmp/ccMD7F9J.s:670    .text:00000000000002a8 .L0 
     /tmp/ccMD7F9J.s:672    .text:00000000000002ac .L0 
     /tmp/ccMD7F9J.s:677    .text:00000000000002b0 .L0 
     /tmp/ccMD7F9J.s:678    .text:00000000000002b0 .L0 
     /tmp/ccMD7F9J.s:679    .text:00000000000002b0 .L0 
     /tmp/ccMD7F9J.s:681    .text:00000000000002b4 .L0 
     /tmp/ccMD7F9J.s:683    .text:00000000000002b8 .L0 
     /tmp/ccMD7F9J.s:684    .text:00000000000002b8 .L0 
     /tmp/ccMD7F9J.s:687    .text:00000000000002c0 .L0 
     /tmp/ccMD7F9J.s:691    .text:00000000000002c8 .L0 
GAS LISTING /tmp/ccMD7F9J.s 			page 29


     /tmp/ccMD7F9J.s:692    .text:00000000000002c8 .L0 
     /tmp/ccMD7F9J.s:694    .text:00000000000002cc .L0 
     /tmp/ccMD7F9J.s:696    .text:00000000000002d0 .L0 
     /tmp/ccMD7F9J.s:697    .text:00000000000002d0 .L0 
     /tmp/ccMD7F9J.s:702    .text:00000000000002dc .L0 
     /tmp/ccMD7F9J.s:703    .text:00000000000002e0 .L0 
     /tmp/ccMD7F9J.s:705    .text:00000000000002e4 .L0 
     /tmp/ccMD7F9J.s:706    .text:00000000000002e4 .L0 
     /tmp/ccMD7F9J.s:708    .text:00000000000002e8 .L0 
     /tmp/ccMD7F9J.s:711    .text:00000000000002ec .L0 
     /tmp/ccMD7F9J.s:713    .text:00000000000002f0 .L0 
     /tmp/ccMD7F9J.s:719    .text:00000000000002f0 _ZN9SemaphoreC2Ej
     /tmp/ccMD7F9J.s:722    .text:00000000000002f0 .L0 
     /tmp/ccMD7F9J.s:724    .text:00000000000002f0 .L0 
     /tmp/ccMD7F9J.s:725    .text:00000000000002f4 .L0 
     /tmp/ccMD7F9J.s:728    .text:00000000000002fc .L0 
     /tmp/ccMD7F9J.s:729    .text:00000000000002fc .L0 
     /tmp/ccMD7F9J.s:731    .text:0000000000000300 .L0 
     /tmp/ccMD7F9J.s:734    .text:0000000000000300 .L0 
     /tmp/ccMD7F9J.s:737    .text:000000000000030c .L0 
     /tmp/ccMD7F9J.s:738    .text:000000000000030c .L0 
     /tmp/ccMD7F9J.s:744    .text:0000000000000318 .L0 
     /tmp/ccMD7F9J.s:745    .text:000000000000031c .L0 
     /tmp/ccMD7F9J.s:747    .text:0000000000000320 .L0 
     /tmp/ccMD7F9J.s:748    .text:0000000000000320 .L0 
     /tmp/ccMD7F9J.s:750    .text:0000000000000324 .L0 
     /tmp/ccMD7F9J.s:752    .text:0000000000000328 .L0 
     /tmp/ccMD7F9J.s:719    .text:00000000000002f0 _ZN9SemaphoreC1Ej
     /tmp/ccMD7F9J.s:760    .text:0000000000000328 _ZN9Semaphore4waitEv
     /tmp/ccMD7F9J.s:763    .text:0000000000000328 .L0 
     /tmp/ccMD7F9J.s:765    .text:0000000000000328 .L0 
     /tmp/ccMD7F9J.s:766    .text:000000000000032c .L0 
     /tmp/ccMD7F9J.s:769    .text:0000000000000334 .L0 
     /tmp/ccMD7F9J.s:770    .text:0000000000000334 .L0 
     /tmp/ccMD7F9J.s:772    .text:0000000000000338 .L0 
     /tmp/ccMD7F9J.s:774    .text:0000000000000338 .L0 
     /tmp/ccMD7F9J.s:775    .text:0000000000000338 .L0 
     /tmp/ccMD7F9J.s:780    .text:0000000000000344 .L0 
     /tmp/ccMD7F9J.s:781    .text:0000000000000348 .L0 
     /tmp/ccMD7F9J.s:783    .text:000000000000034c .L0 
     /tmp/ccMD7F9J.s:784    .text:000000000000034c .L0 
     /tmp/ccMD7F9J.s:786    .text:0000000000000350 .L0 
     /tmp/ccMD7F9J.s:788    .text:0000000000000354 .L0 
     /tmp/ccMD7F9J.s:794    .text:0000000000000354 _ZN9Semaphore6signalEv
     /tmp/ccMD7F9J.s:797    .text:0000000000000354 .L0 
     /tmp/ccMD7F9J.s:799    .text:0000000000000354 .L0 
     /tmp/ccMD7F9J.s:800    .text:0000000000000358 .L0 
     /tmp/ccMD7F9J.s:803    .text:0000000000000360 .L0 
     /tmp/ccMD7F9J.s:804    .text:0000000000000360 .L0 
     /tmp/ccMD7F9J.s:806    .text:0000000000000364 .L0 
     /tmp/ccMD7F9J.s:808    .text:0000000000000364 .L0 
     /tmp/ccMD7F9J.s:809    .text:0000000000000364 .L0 
     /tmp/ccMD7F9J.s:814    .text:0000000000000370 .L0 
     /tmp/ccMD7F9J.s:815    .text:0000000000000374 .L0 
     /tmp/ccMD7F9J.s:817    .text:0000000000000378 .L0 
     /tmp/ccMD7F9J.s:818    .text:0000000000000378 .L0 
     /tmp/ccMD7F9J.s:820    .text:000000000000037c .L0 
GAS LISTING /tmp/ccMD7F9J.s 			page 30


     /tmp/ccMD7F9J.s:822    .text:0000000000000380 .L0 
     /tmp/ccMD7F9J.s:828    .text:0000000000000380 _ZN14PeriodicThreadC2Em
     /tmp/ccMD7F9J.s:831    .text:0000000000000380 .L0 
     /tmp/ccMD7F9J.s:833    .text:0000000000000380 .L0 
     /tmp/ccMD7F9J.s:834    .text:0000000000000384 .L0 
     /tmp/ccMD7F9J.s:839    .text:0000000000000394 .L0 
     /tmp/ccMD7F9J.s:840    .text:0000000000000394 .L0 
     /tmp/ccMD7F9J.s:841    .text:0000000000000394 .L0 
     /tmp/ccMD7F9J.s:842    .text:0000000000000394 .L0 
     /tmp/ccMD7F9J.s:844    .text:0000000000000398 .L0 
     /tmp/ccMD7F9J.s:849    .text:00000000000003a0 .L0 
     /tmp/ccMD7F9J.s:854    .text:00000000000003b4 .L0 
     /tmp/ccMD7F9J.s:855    .text:00000000000003b4 .L0 
     /tmp/ccMD7F9J.s:858    .text:00000000000003b8 .L0 
     /tmp/ccMD7F9J.s:859    .text:00000000000003bc .L0 
     /tmp/ccMD7F9J.s:861    .text:00000000000003c0 .L0 
     /tmp/ccMD7F9J.s:862    .text:00000000000003c0 .L0 
     /tmp/ccMD7F9J.s:864    .text:00000000000003c4 .L0 
     /tmp/ccMD7F9J.s:867    .text:00000000000003c8 .L0 
     /tmp/ccMD7F9J.s:870    .text:00000000000003cc .L0 
     /tmp/ccMD7F9J.s:872    .text:00000000000003d0 .L0 
     /tmp/ccMD7F9J.s:828    .text:0000000000000380 _ZN14PeriodicThreadC1Em
     /tmp/ccMD7F9J.s:880    .text:00000000000003d0 _ZN14PeriodicThread9terminateEv
     /tmp/ccMD7F9J.s:883    .text:00000000000003d0 .L0 
     /tmp/ccMD7F9J.s:885    .text:00000000000003d0 .L0 
     /tmp/ccMD7F9J.s:886    .text:00000000000003d4 .L0 
     /tmp/ccMD7F9J.s:888    .text:00000000000003d8 .L0 
     /tmp/ccMD7F9J.s:890    .text:00000000000003dc .L0 
     /tmp/ccMD7F9J.s:892    .text:00000000000003dc .L0 
     /tmp/ccMD7F9J.s:893    .text:00000000000003dc .L0 
     /tmp/ccMD7F9J.s:895    .text:00000000000003e0 .L0 
     /tmp/ccMD7F9J.s:896    .text:00000000000003e4 .L0 
     /tmp/ccMD7F9J.s:897    .text:00000000000003e4 .L0 
     /tmp/ccMD7F9J.s:899    .text:00000000000003e8 .L0 
     /tmp/ccMD7F9J.s:901    .text:00000000000003ec .L0 
     /tmp/ccMD7F9J.s:907    .text:00000000000003ec _ZN7Console4getcEv
     /tmp/ccMD7F9J.s:910    .text:00000000000003ec .L0 
     /tmp/ccMD7F9J.s:911    .text:00000000000003ec .L0 
     /tmp/ccMD7F9J.s:912    .text:00000000000003f0 .L0 
     /tmp/ccMD7F9J.s:915    .text:00000000000003f8 .L0 
     /tmp/ccMD7F9J.s:916    .text:00000000000003f8 .L0 
     /tmp/ccMD7F9J.s:918    .text:00000000000003fc .L0 
     /tmp/ccMD7F9J.s:920    .text:00000000000003fc .L0 
     /tmp/ccMD7F9J.s:921    .text:00000000000003fc .L0 
     /tmp/ccMD7F9J.s:924    .text:0000000000000404 .L0 
     /tmp/ccMD7F9J.s:925    .text:0000000000000408 .L0 
     /tmp/ccMD7F9J.s:927    .text:000000000000040c .L0 
     /tmp/ccMD7F9J.s:928    .text:000000000000040c .L0 
     /tmp/ccMD7F9J.s:930    .text:0000000000000410 .L0 
     /tmp/ccMD7F9J.s:932    .text:0000000000000414 .L0 
     /tmp/ccMD7F9J.s:938    .text:0000000000000414 _ZN7Console4putcEc
     /tmp/ccMD7F9J.s:941    .text:0000000000000414 .L0 
     /tmp/ccMD7F9J.s:943    .text:0000000000000414 .L0 
     /tmp/ccMD7F9J.s:944    .text:0000000000000418 .L0 
     /tmp/ccMD7F9J.s:947    .text:0000000000000420 .L0 
     /tmp/ccMD7F9J.s:948    .text:0000000000000420 .L0 
     /tmp/ccMD7F9J.s:950    .text:0000000000000424 .L0 
GAS LISTING /tmp/ccMD7F9J.s 			page 31


     /tmp/ccMD7F9J.s:952    .text:0000000000000424 .L0 
     /tmp/ccMD7F9J.s:953    .text:0000000000000424 .L0 
     /tmp/ccMD7F9J.s:956    .text:000000000000042c .L0 
     /tmp/ccMD7F9J.s:957    .text:0000000000000430 .L0 
     /tmp/ccMD7F9J.s:959    .text:0000000000000434 .L0 
     /tmp/ccMD7F9J.s:960    .text:0000000000000434 .L0 
     /tmp/ccMD7F9J.s:962    .text:0000000000000438 .L0 
     /tmp/ccMD7F9J.s:964    .text:000000000000043c .L0 
     /tmp/ccMD7F9J.s:32     .text._ZN6Thread3runEv:0000000000000018 .L0 
     /tmp/ccMD7F9J.s:57     .text._ZN14PeriodicThread18periodicActivationEv:0000000000000018 .L0 
     /tmp/ccMD7F9J.s:1007   .text:000000000000043c .L0 
     /tmp/ccMD7F9J.s:327    .text._ZN14PeriodicThreadD2Ev:0000000000000034 .L0 
     /tmp/ccMD7F9J.s:453    .text._ZN14PeriodicThreadD0Ev:000000000000004c .L0 
     /tmp/ccMD7F9J.s:114    .text:000000000000003c .L0 
     /tmp/ccMD7F9J.s:231    .text:00000000000000c8 .L0 
     /tmp/ccMD7F9J.s:470    .text:00000000000001a0 .L0 
     /tmp/ccMD7F9J.s:541    .text:00000000000001f8 .L0 
     /tmp/ccMD7F9J.s:614    .text:0000000000000258 .L0 
     /tmp/ccMD7F9J.s:734    .text:0000000000000300 .L0 
     /tmp/ccMD7F9J.s:851    .text:00000000000003a8 .L0 
     /tmp/ccMD7F9J.s:263    .text:0000000000000100 .L13
     /tmp/ccMD7F9J.s:251    .text:00000000000000ec .L15
     /tmp/ccMD7F9J.s:608    .text:0000000000000254 .L32
     /tmp/ccMD7F9J.s:595    .text:0000000000000244 .L33
     /tmp/ccMD7F9J.s:700    .text:00000000000002dc .L37
     /tmp/ccMD7F9J.s:675    .text:00000000000002b0 .L39
     /tmp/ccMD7F9J.s:309    .text._ZN14PeriodicThreadD2Ev:0000000000000010 .L0 
     /tmp/ccMD7F9J.s:430    .text._ZN14PeriodicThreadD0Ev:0000000000000018 .L0 
     /tmp/ccMD7F9J.s:3079   .debug_abbrev:0000000000000000 .Ldebug_abbrev0
     /tmp/ccMD7F9J.s:5087   .debug_str:0000000000000905 .LASF173
     /tmp/ccMD7F9J.s:4923   .debug_str:000000000000045c .LASF174
     /tmp/ccMD7F9J.s:5015   .debug_str:00000000000006f4 .LASF175
     /tmp/ccMD7F9J.s:4769   .debug_ranges:0000000000000000 .Ldebug_ranges0
     /tmp/ccMD7F9J.s:4783   .debug_line:0000000000000000 .Ldebug_line0
     /tmp/ccMD7F9J.s:4915   .debug_str:0000000000000428 .LASF0
     /tmp/ccMD7F9J.s:4943   .debug_str:000000000000050e .LASF1
     /tmp/ccMD7F9J.s:5027   .debug_str:0000000000000763 .LASF2
     /tmp/ccMD7F9J.s:5035   .debug_str:000000000000079a .LASF4
     /tmp/ccMD7F9J.s:4925   .debug_str:0000000000000470 .LASF3
     /tmp/ccMD7F9J.s:4799   .debug_str:0000000000000070 .LASF5
     /tmp/ccMD7F9J.s:5001   .debug_str:00000000000006b1 .LASF6
     /tmp/ccMD7F9J.s:4993   .debug_str:000000000000067d .LASF7
     /tmp/ccMD7F9J.s:4933   .debug_str:00000000000004c6 .LASF8
     /tmp/ccMD7F9J.s:4891   .debug_str:000000000000036b .LASF9
     /tmp/ccMD7F9J.s:4901   .debug_str:00000000000003db .LASF10
     /tmp/ccMD7F9J.s:4835   .debug_str:00000000000001a3 .LASF11
     /tmp/ccMD7F9J.s:4881   .debug_str:0000000000000333 .LASF12
     /tmp/ccMD7F9J.s:4849   .debug_str:0000000000000212 .LASF13
     /tmp/ccMD7F9J.s:4833   .debug_str:0000000000000193 .LASF14
     /tmp/ccMD7F9J.s:5061   .debug_str:0000000000000865 .LASF15
     /tmp/ccMD7F9J.s:4867   .debug_str:0000000000000289 .LASF16
     /tmp/ccMD7F9J.s:5051   .debug_str:0000000000000812 .LASF17
     /tmp/ccMD7F9J.s:5069   .debug_str:0000000000000892 .LASF63
     /tmp/ccMD7F9J.s:5149   .debug_str:0000000000000b8f .LASF18
     /tmp/ccMD7F9J.s:4897   .debug_str:00000000000003bc .LASF20
     /tmp/ccMD7F9J.s:4789   .debug_str:000000000000002f .LASF45
     /tmp/ccMD7F9J.s:4957   .debug_str:0000000000000580 .LASF126
GAS LISTING /tmp/ccMD7F9J.s 			page 32


     /tmp/ccMD7F9J.s:5037   .debug_str:00000000000007a1 .LASF19
     /tmp/ccMD7F9J.s:4795   .debug_str:000000000000005a .LASF21
     /tmp/ccMD7F9J.s:5059   .debug_str:0000000000000858 .LASF22
     /tmp/ccMD7F9J.s:5129   .debug_str:0000000000000afb .LASF23
     /tmp/ccMD7F9J.s:4987   .debug_str:0000000000000652 .LASF82
     /tmp/ccMD7F9J.s:4859   .debug_str:0000000000000260 .LASF24
     /tmp/ccMD7F9J.s:4845   .debug_str:00000000000001ed .LASF26
     /tmp/ccMD7F9J.s:5047   .debug_str:0000000000000804 .LASF67
     /tmp/ccMD7F9J.s:4927   .debug_str:0000000000000482 .LASF69
     /tmp/ccMD7F9J.s:4969   .debug_str:00000000000005d1 .LASF25
     /tmp/ccMD7F9J.s:4825   .debug_str:000000000000013a .LASF27
     /tmp/ccMD7F9J.s:5071   .debug_str:000000000000089a .LASF32
     /tmp/ccMD7F9J.s:4973   .debug_str:00000000000005e7 .LASF34
     /tmp/ccMD7F9J.s:4913   .debug_str:0000000000000422 .LASF28
     /tmp/ccMD7F9J.s:4801   .debug_str:0000000000000077 .LASF29
     /tmp/ccMD7F9J.s:4791   .debug_str:000000000000003f .LASF30
     /tmp/ccMD7F9J.s:4985   .debug_str:0000000000000640 .LASF31
     /tmp/ccMD7F9J.s:5031   .debug_str:0000000000000780 .LASF33
     /tmp/ccMD7F9J.s:4829   .debug_str:0000000000000173 .LASF35
     /tmp/ccMD7F9J.s:4947   .debug_str:0000000000000527 .LASF36
     /tmp/ccMD7F9J.s:5113   .debug_str:0000000000000a9b .LASF37
     /tmp/ccMD7F9J.s:5085   .debug_str:00000000000008fd .LASF38
     /tmp/ccMD7F9J.s:4997   .debug_str:0000000000000695 .LASF39
     /tmp/ccMD7F9J.s:4821   .debug_str:0000000000000128 .LASF40
     /tmp/ccMD7F9J.s:4885   .debug_str:000000000000034f .LASF41
     /tmp/ccMD7F9J.s:5135   .debug_str:0000000000000b34 .LASF42
     /tmp/ccMD7F9J.s:4945   .debug_str:0000000000000521 .LASF43
     /tmp/ccMD7F9J.s:5033   .debug_str:000000000000078a .LASF44
     /tmp/ccMD7F9J.s:5137   .debug_str:0000000000000b40 .LASF93
     /tmp/ccMD7F9J.s:5049   .debug_str:0000000000000809 .LASF46
     /tmp/ccMD7F9J.s:5145   .debug_str:0000000000000b79 .LASF47
     /tmp/ccMD7F9J.s:5099   .debug_str:0000000000000a22 .LASF48
     /tmp/ccMD7F9J.s:4787   .debug_str:000000000000002a .LASF49
     /tmp/ccMD7F9J.s:4981   .debug_str:0000000000000618 .LASF50
     /tmp/ccMD7F9J.s:5095   .debug_str:0000000000000a01 .LASF51
     /tmp/ccMD7F9J.s:4831   .debug_str:0000000000000188 .LASF176
     /tmp/ccMD7F9J.s:4805   .debug_str:00000000000000a8 .LASF177
     /tmp/ccMD7F9J.s:4941   .debug_str:00000000000004fd .LASF102
     /tmp/ccMD7F9J.s:5101   .debug_str:0000000000000a2a .LASF104
     /tmp/ccMD7F9J.s:4999   .debug_str:00000000000006a2 .LASF178
     /tmp/ccMD7F9J.s:4851   .debug_str:0000000000000222 .LASF179
     /tmp/ccMD7F9J.s:5123   .debug_str:0000000000000ad5 .LASF52
     /tmp/ccMD7F9J.s:5109   .debug_str:0000000000000a7e .LASF180
     /tmp/ccMD7F9J.s:5055   .debug_str:000000000000083b .LASF53
     /tmp/ccMD7F9J.s:4975   .debug_str:00000000000005fe .LASF54
     /tmp/ccMD7F9J.s:4971   .debug_str:00000000000005e2 .LASF55
     /tmp/ccMD7F9J.s:5053   .debug_str:0000000000000828 .LASF56
     /tmp/ccMD7F9J.s:4937   .debug_str:00000000000004e8 .LASF57
     /tmp/ccMD7F9J.s:4827   .debug_str:0000000000000156 .LASF58
     /tmp/ccMD7F9J.s:5045   .debug_str:00000000000007f9 .LASF59
     /tmp/ccMD7F9J.s:4931   .debug_str:00000000000004a9 .LASF60
     /tmp/ccMD7F9J.s:4855   .debug_str:0000000000000248 .LASF61
     /tmp/ccMD7F9J.s:4991   .debug_str:000000000000066d .LASF62
     /tmp/ccMD7F9J.s:4883   .debug_str:0000000000000342 .LASF64
     /tmp/ccMD7F9J.s:4837   .debug_str:00000000000001b2 .LASF65
     /tmp/ccMD7F9J.s:4813   .debug_str:00000000000000ef .LASF66
     /tmp/ccMD7F9J.s:5013   .debug_str:00000000000006eb .LASF68
GAS LISTING /tmp/ccMD7F9J.s 			page 33


     /tmp/ccMD7F9J.s:4983   .debug_str:0000000000000620 .LASF70
     /tmp/ccMD7F9J.s:4965   .debug_str:00000000000005a6 .LASF71
     /tmp/ccMD7F9J.s:4803   .debug_str:0000000000000087 .LASF72
     /tmp/ccMD7F9J.s:4909   .debug_str:0000000000000409 .LASF73
     /tmp/ccMD7F9J.s:4967   .debug_str:00000000000005b0 .LASF74
     /tmp/ccMD7F9J.s:4935   .debug_str:00000000000004d9 .LASF75
     /tmp/ccMD7F9J.s:5041   .debug_str:00000000000007c0 .LASF76
     /tmp/ccMD7F9J.s:4879   .debug_str:000000000000031f .LASF77
     /tmp/ccMD7F9J.s:4873   .debug_str:00000000000002de .LASF78
     /tmp/ccMD7F9J.s:4811   .debug_str:00000000000000d6 .LASF79
     /tmp/ccMD7F9J.s:4959   .debug_str:000000000000058d .LASF80
     /tmp/ccMD7F9J.s:4871   .debug_str:00000000000002a8 .LASF81
     /tmp/ccMD7F9J.s:5151   .debug_str:0000000000000b9c .LASF83
     /tmp/ccMD7F9J.s:5019   .debug_str:0000000000000730 .LASF84
     /tmp/ccMD7F9J.s:4861   .debug_str:0000000000000269 .LASF85
     /tmp/ccMD7F9J.s:5143   .debug_str:0000000000000b6a .LASF86
     /tmp/ccMD7F9J.s:5065   .debug_str:000000000000087a .LASF87
     /tmp/ccMD7F9J.s:5067   .debug_str:0000000000000881 .LASF88
     /tmp/ccMD7F9J.s:4977   .debug_str:0000000000000603 .LASF89
     /tmp/ccMD7F9J.s:5107   .debug_str:0000000000000a6f .LASF90
     /tmp/ccMD7F9J.s:4809   .debug_str:00000000000000d0 .LASF91
     /tmp/ccMD7F9J.s:4819   .debug_str:0000000000000118 .LASF92
     /tmp/ccMD7F9J.s:5079   .debug_str:00000000000008c6 .LASF94
     /tmp/ccMD7F9J.s:5125   .debug_str:0000000000000adf .LASF95
     /tmp/ccMD7F9J.s:5103   .debug_str:0000000000000a47 .LASF96
     /tmp/ccMD7F9J.s:5121   .debug_str:0000000000000acc .LASF97
     /tmp/ccMD7F9J.s:5133   .debug_str:0000000000000b2e .LASF98
     /tmp/ccMD7F9J.s:4961   .debug_str:0000000000000599 .LASF99
     /tmp/ccMD7F9J.s:4917   .debug_str:0000000000000435 .LASF100
     /tmp/ccMD7F9J.s:4857   .debug_str:000000000000024d .LASF101
     /tmp/ccMD7F9J.s:4963   .debug_str:00000000000005a1 .LASF103
     /tmp/ccMD7F9J.s:4863   .debug_str:000000000000026e .LASF105
     /tmp/ccMD7F9J.s:5073   .debug_str:00000000000008a5 .LASF106
     /tmp/ccMD7F9J.s:4843   .debug_str:00000000000001de .LASF107
     /tmp/ccMD7F9J.s:4955   .debug_str:0000000000000566 .LASF108
     /tmp/ccMD7F9J.s:5105   .debug_str:0000000000000a54 .LASF109
     /tmp/ccMD7F9J.s:5075   .debug_str:00000000000008aa .LASF110
     /tmp/ccMD7F9J.s:4895   .debug_str:000000000000039c .LASF111
     /tmp/ccMD7F9J.s:4929   .debug_str:0000000000000491 .LASF112
     /tmp/ccMD7F9J.s:4899   .debug_str:00000000000003c8 .LASF124
     /tmp/ccMD7F9J.s:4785   .debug_str:0000000000000000 .LASF181
     /tmp/ccMD7F9J.s:5039   .debug_str:00000000000007a6 .LASF182
     /tmp/ccMD7F9J.s:4823   .debug_str:0000000000000133 .LASF113
     /tmp/ccMD7F9J.s:4979   .debug_str:0000000000000608 .LASF114
     /tmp/ccMD7F9J.s:5111   .debug_str:0000000000000a83 .LASF183
     /tmp/ccMD7F9J.s:4907   .debug_str:0000000000000402 .LASF115
     /tmp/ccMD7F9J.s:4847   .debug_str:0000000000000200 .LASF116
     /tmp/ccMD7F9J.s:5023   .debug_str:000000000000073e .LASF131
     /tmp/ccMD7F9J.s:5155   .debug_str:0000000000000bb1 .LASF117
     /tmp/ccMD7F9J.s:4865   .debug_str:0000000000000281 .LASF118
     /tmp/ccMD7F9J.s:4875   .debug_str:000000000000030a .LASF135
     /tmp/ccMD7F9J.s:5141   .debug_str:0000000000000b64 .LASF119
     /tmp/ccMD7F9J.s:4793   .debug_str:0000000000000047 .LASF120
     /tmp/ccMD7F9J.s:4989   .debug_str:0000000000000657 .LASF121
     /tmp/ccMD7F9J.s:5089   .debug_str:00000000000009c9 .LASF122
     /tmp/ccMD7F9J.s:4919   .debug_str:000000000000043a .LASF123
     /tmp/ccMD7F9J.s:5131   .debug_str:0000000000000b1d .LASF184
GAS LISTING /tmp/ccMD7F9J.s 			page 34


     /tmp/ccMD7F9J.s:5115   .debug_str:0000000000000ab4 .LASF125
     /tmp/ccMD7F9J.s:5083   .debug_str:00000000000008e7 .LASF127
     /tmp/ccMD7F9J.s:4869   .debug_str:000000000000029f .LASF128
     /tmp/ccMD7F9J.s:5003   .debug_str:00000000000006b8 .LASF129
     /tmp/ccMD7F9J.s:5081   .debug_str:00000000000008d2 .LASF130
     /tmp/ccMD7F9J.s:5147   .debug_str:0000000000000b7f .LASF132
     /tmp/ccMD7F9J.s:5077   .debug_str:00000000000008b4 .LASF133
     /tmp/ccMD7F9J.s:5009   .debug_str:00000000000006d6 .LASF134
     /tmp/ccMD7F9J.s:5043   .debug_str:00000000000007e7 .LASF136
     /tmp/ccMD7F9J.s:4841   .debug_str:00000000000001c9 .LASF137
     /tmp/ccMD7F9J.s:5097   .debug_str:0000000000000a0b .LASF138
     /tmp/ccMD7F9J.s:4911   .debug_str:0000000000000412 .LASF185
     /tmp/ccMD7F9J.s:4887   .debug_str:0000000000000354 .LASF139
     /tmp/ccMD7F9J.s:4797   .debug_str:0000000000000066 .LASF140
     /tmp/ccMD7F9J.s:5157   .debug_str:0000000000000bc8 .LASF141
     /tmp/ccMD7F9J.s:411    .text._ZN14PeriodicThreadD0Ev:0000000000000000 .LFB56
     /tmp/ccMD7F9J.s:451    .text._ZN14PeriodicThreadD0Ev:000000000000004c .LFE56
     /tmp/ccMD7F9J.s:4384   .debug_loc:0000000000000000 .LLST10
     /tmp/ccMD7F9J.s:427    .text._ZN14PeriodicThreadD0Ev:0000000000000018 .LBB18
     /tmp/ccMD7F9J.s:435    .text._ZN14PeriodicThreadD0Ev:000000000000002c .LBE18
     /tmp/ccMD7F9J.s:4402   .debug_loc:000000000000004c .LLST11
     /tmp/ccMD7F9J.s:433    .text._ZN14PeriodicThreadD0Ev:000000000000002c .LVL29
     /tmp/ccMD7F9J.s:438    .text._ZN14PeriodicThreadD0Ev:0000000000000038 .LVL30
     /tmp/ccMD7F9J.s:5025   .debug_str:000000000000074b .LASF142
     /tmp/ccMD7F9J.s:295    .text._ZN14PeriodicThreadD2Ev:0000000000000000 .LFB54
     /tmp/ccMD7F9J.s:323    .text._ZN14PeriodicThreadD2Ev:0000000000000034 .LFE54
     /tmp/ccMD7F9J.s:4413   .debug_loc:0000000000000082 .LLST7
     /tmp/ccMD7F9J.s:312    .text._ZN14PeriodicThreadD2Ev:0000000000000024 .LVL18
     /tmp/ccMD7F9J.s:939    .text:0000000000000414 .LFB52
     /tmp/ccMD7F9J.s:965    .text:000000000000043c .LFE52
     /tmp/ccMD7F9J.s:4427   .debug_loc:00000000000000bb .LLST22
     /tmp/ccMD7F9J.s:954    .text:000000000000042c .LVL65
     /tmp/ccMD7F9J.s:908    .text:00000000000003ec .LFB51
     /tmp/ccMD7F9J.s:933    .text:0000000000000414 .LFE51
     /tmp/ccMD7F9J.s:922    .text:0000000000000404 .LVL63
     /tmp/ccMD7F9J.s:659    .text:0000000000000298 .LFB50
     /tmp/ccMD7F9J.s:714    .text:00000000000002f0 .LFE50
     /tmp/ccMD7F9J.s:4441   .debug_loc:00000000000000f4 .LLST15
     /tmp/ccMD7F9J.s:689    .text:00000000000002c8 .LVL46
     /tmp/ccMD7F9J.s:698    .text:00000000000002d8 .LVL47
     /tmp/ccMD7F9J.s:881    .text:00000000000003d0 .LFB49
     /tmp/ccMD7F9J.s:902    .text:00000000000003ec .LFE49
     /tmp/ccMD7F9J.s:5057   .debug_str:0000000000000840 .LASF143
     /tmp/ccMD7F9J.s:829    .text:0000000000000380 .LFB47
     /tmp/ccMD7F9J.s:873    .text:00000000000003d0 .LFE47
     /tmp/ccMD7F9J.s:4459   .debug_loc:0000000000000140 .LLST20
     /tmp/ccMD7F9J.s:4477   .debug_loc:000000000000018c .LLST21
     /tmp/ccMD7F9J.s:850    .text:00000000000003a8 .LVL59
     /tmp/ccMD7F9J.s:795    .text:0000000000000354 .LFB45
     /tmp/ccMD7F9J.s:823    .text:0000000000000380 .LFE45
     /tmp/ccMD7F9J.s:4496   .debug_loc:00000000000001d9 .LLST19
     /tmp/ccMD7F9J.s:812    .text:0000000000000370 .LVL57
     /tmp/ccMD7F9J.s:761    .text:0000000000000328 .LFB44
     /tmp/ccMD7F9J.s:789    .text:0000000000000354 .LFE44
     /tmp/ccMD7F9J.s:4510   .debug_loc:0000000000000212 .LLST18
     /tmp/ccMD7F9J.s:778    .text:0000000000000344 .LVL54
     /tmp/ccMD7F9J.s:4949   .debug_str:0000000000000534 .LASF144
GAS LISTING /tmp/ccMD7F9J.s 			page 35


     /tmp/ccMD7F9J.s:371    .text:0000000000000154 .LFB43
     /tmp/ccMD7F9J.s:404    .text:0000000000000194 .LFE43
     /tmp/ccMD7F9J.s:4524   .debug_loc:000000000000024b .LLST9
     /tmp/ccMD7F9J.s:388    .text:0000000000000174 .LVL24
     /tmp/ccMD7F9J.s:391    .text:0000000000000180 .LVL25
     /tmp/ccMD7F9J.s:4807   .debug_str:00000000000000be .LASF145
     /tmp/ccMD7F9J.s:98     .text:000000000000002c .LFB41
     /tmp/ccMD7F9J.s:133    .text:0000000000000064 .LFE41
     /tmp/ccMD7F9J.s:4542   .debug_loc:0000000000000297 .LLST1
     /tmp/ccMD7F9J.s:121    .text:0000000000000054 .LVL6
     /tmp/ccMD7F9J.s:5007   .debug_str:00000000000006d1 .LASF146
     /tmp/ccMD7F9J.s:4839   .debug_str:00000000000001b7 .LASF147
     /tmp/ccMD7F9J.s:720    .text:00000000000002f0 .LFB38
     /tmp/ccMD7F9J.s:753    .text:0000000000000328 .LFE38
     /tmp/ccMD7F9J.s:4556   .debug_loc:00000000000002d0 .LLST16
     /tmp/ccMD7F9J.s:4576   .debug_loc:000000000000031e .LLST17
     /tmp/ccMD7F9J.s:741    .text:0000000000000318 .LVL51
     /tmp/ccMD7F9J.s:627    .text:0000000000000270 .LFB36
     /tmp/ccMD7F9J.s:653    .text:0000000000000298 .LFE36
     /tmp/ccMD7F9J.s:4995   .debug_str:0000000000000690 .LASF148
     /tmp/ccMD7F9J.s:4590   .debug_loc:0000000000000357 .LLST14
     /tmp/ccMD7F9J.s:642    .text:0000000000000288 .LVL43
     /tmp/ccMD7F9J.s:62     .text:0000000000000000 .LFB35
     /tmp/ccMD7F9J.s:92     .text:000000000000002c .LFE35
     /tmp/ccMD7F9J.s:4604   .debug_loc:0000000000000390 .LLST0
     /tmp/ccMD7F9J.s:81     .text:000000000000001c .LVL3
     /tmp/ccMD7F9J.s:569    .text:000000000000021c .LFB34
     /tmp/ccMD7F9J.s:621    .text:0000000000000270 .LFE34
     /tmp/ccMD7F9J.s:4618   .debug_loc:00000000000003c9 .LLST12
     /tmp/ccMD7F9J.s:4653   .debug_loc:0000000000000453 .LLST13
     /tmp/ccMD7F9J.s:594    .text:0000000000000244 .LVL38
     /tmp/ccMD7F9J.s:618    .text:000000000000026c .LVL41
     /tmp/ccMD7F9J.s:4953   .debug_str:0000000000000557 .LASF149
     /tmp/ccMD7F9J.s:332    .text:0000000000000114 .LFB33
     /tmp/ccMD7F9J.s:365    .text:0000000000000154 .LFE33
     /tmp/ccMD7F9J.s:4674   .debug_loc:00000000000004b1 .LLST8
     /tmp/ccMD7F9J.s:349    .text:0000000000000134 .LVL20
     /tmp/ccMD7F9J.s:352    .text:0000000000000140 .LVL21
     /tmp/ccMD7F9J.s:5005   .debug_str:00000000000006c2 .LASF150
     /tmp/ccMD7F9J.s:213    .text:00000000000000b4 .LFB31
     /tmp/ccMD7F9J.s:279    .text:0000000000000114 .LFE31
     /tmp/ccMD7F9J.s:4692   .debug_loc:00000000000004fd .LLST4
     /tmp/ccMD7F9J.s:239    .text:00000000000000dc .LBB13
     /tmp/ccMD7F9J.s:253    .text:00000000000000ec .LBE13
     /tmp/ccMD7F9J.s:4706   .debug_loc:0000000000000536 .LLST5
     /tmp/ccMD7F9J.s:250    .text:00000000000000ec .LVL14
     /tmp/ccMD7F9J.s:254    .text:00000000000000ec .LBB15
     /tmp/ccMD7F9J.s:265    .text:0000000000000100 .LBE15
     /tmp/ccMD7F9J.s:4713   .debug_loc:0000000000000559 .LLST6
     /tmp/ccMD7F9J.s:259    .text:00000000000000f4 .LVL15
     /tmp/ccMD7F9J.s:262    .text:0000000000000100 .LVL16
     /tmp/ccMD7F9J.s:5029   .debug_str:0000000000000771 .LASF151
     /tmp/ccMD7F9J.s:529    .text:00000000000001ec .LFB28
     /tmp/ccMD7F9J.s:561    .text:000000000000021c .LFE28
     /tmp/ccMD7F9J.s:498    .text:00000000000001c4 .LFB26
     /tmp/ccMD7F9J.s:523    .text:00000000000001ec .LFE26
     /tmp/ccMD7F9J.s:512    .text:00000000000001dc .LVL33
GAS LISTING /tmp/ccMD7F9J.s 			page 36


     /tmp/ccMD7F9J.s:5093   .debug_str:00000000000009ea .LASF152
     /tmp/ccMD7F9J.s:458    .text:0000000000000194 .LFB24
     /tmp/ccMD7F9J.s:490    .text:00000000000001c4 .LFE24
     /tmp/ccMD7F9J.s:5119   .debug_str:0000000000000ac5 .LASF153
     /tmp/ccMD7F9J.s:181    .text:000000000000008c .LFB22
     /tmp/ccMD7F9J.s:207    .text:00000000000000b4 .LFE22
     /tmp/ccMD7F9J.s:4720   .debug_loc:000000000000057c .LLST3
     /tmp/ccMD7F9J.s:196    .text:00000000000000a4 .LVL10
     /tmp/ccMD7F9J.s:4877   .debug_str:0000000000000319 .LASF154
     /tmp/ccMD7F9J.s:149    .text:0000000000000064 .LFB21
     /tmp/ccMD7F9J.s:175    .text:000000000000008c .LFE21
     /tmp/ccMD7F9J.s:4734   .debug_loc:00000000000005b5 .LLST2
     /tmp/ccMD7F9J.s:164    .text:000000000000007c .LVL8
     /tmp/ccMD7F9J.s:37     .text._ZN14PeriodicThread18periodicActivationEv:0000000000000000 .LFB20
     /tmp/ccMD7F9J.s:55     .text._ZN14PeriodicThread18periodicActivationEv:0000000000000018 .LFE20
     /tmp/ccMD7F9J.s:11     .text._ZN6Thread3runEv:0000000000000000 .LFB19
     /tmp/ccMD7F9J.s:30     .text._ZN6Thread3runEv:0000000000000018 .LFE19
     /tmp/ccMD7F9J.s:4939   .debug_str:00000000000004f1 .LASF186
     /tmp/ccMD7F9J.s:5063   .debug_str:0000000000000871 .LASF155
     /tmp/ccMD7F9J.s:5117   .debug_str:0000000000000abc .LASF156
     /tmp/ccMD7F9J.s:4815   .debug_str:00000000000000f4 .LASF157
     /tmp/ccMD7F9J.s:4905   .debug_str:00000000000003f7 .LASF158
     /tmp/ccMD7F9J.s:4951   .debug_str:0000000000000546 .LASF159
     /tmp/ccMD7F9J.s:5153   .debug_str:0000000000000ba8 .LASF160
     /tmp/ccMD7F9J.s:4889   .debug_str:0000000000000359 .LASF161
     /tmp/ccMD7F9J.s:5011   .debug_str:00000000000006e1 .LASF162
     /tmp/ccMD7F9J.s:4921   .debug_str:0000000000000449 .LASF163
     /tmp/ccMD7F9J.s:5021   .debug_str:0000000000000735 .LASF164
     /tmp/ccMD7F9J.s:4817   .debug_str:0000000000000108 .LASF165
     /tmp/ccMD7F9J.s:4853   .debug_str:000000000000023d .LASF166
     /tmp/ccMD7F9J.s:4893   .debug_str:000000000000037b .LASF167
     /tmp/ccMD7F9J.s:5091   .debug_str:00000000000009dc .LASF168
     /tmp/ccMD7F9J.s:5127   .debug_str:0000000000000ae6 .LASF169
     /tmp/ccMD7F9J.s:5017   .debug_str:0000000000000720 .LASF170
     /tmp/ccMD7F9J.s:5139   .debug_str:0000000000000b56 .LASF171
     /tmp/ccMD7F9J.s:4903   .debug_str:00000000000003e9 .LASF172
     /tmp/ccMD7F9J.s:414    .text._ZN14PeriodicThreadD0Ev:0000000000000000 .LVL27
     /tmp/ccMD7F9J.s:446    .text._ZN14PeriodicThreadD0Ev:0000000000000044 .LVL31
     /tmp/ccMD7F9J.s:426    .text._ZN14PeriodicThreadD0Ev:0000000000000018 .LVL28
     /tmp/ccMD7F9J.s:298    .text._ZN14PeriodicThreadD2Ev:0000000000000000 .LVL17
     /tmp/ccMD7F9J.s:942    .text:0000000000000414 .LVL64
     /tmp/ccMD7F9J.s:662    .text:0000000000000298 .LVL44
     /tmp/ccMD7F9J.s:674    .text:00000000000002b0 .LVL45
     /tmp/ccMD7F9J.s:709    .text:00000000000002e8 .LVL48
     /tmp/ccMD7F9J.s:832    .text:0000000000000380 .LVL58
     /tmp/ccMD7F9J.s:865    .text:00000000000003c4 .LVL60
     /tmp/ccMD7F9J.s:868    .text:00000000000003c8 .LVL61
     /tmp/ccMD7F9J.s:798    .text:0000000000000354 .LVL55
     /tmp/ccMD7F9J.s:810    .text:0000000000000368 .LVL56
     /tmp/ccMD7F9J.s:764    .text:0000000000000328 .LVL52
     /tmp/ccMD7F9J.s:776    .text:000000000000033c .LVL53
     /tmp/ccMD7F9J.s:374    .text:0000000000000154 .LVL23
     /tmp/ccMD7F9J.s:399    .text:000000000000018c .LVL26
     /tmp/ccMD7F9J.s:103    .text:000000000000002c .LVL4
     /tmp/ccMD7F9J.s:119    .text:000000000000004c .LVL5
     /tmp/ccMD7F9J.s:723    .text:00000000000002f0 .LVL49
     /tmp/ccMD7F9J.s:739    .text:0000000000000310 .LVL50
GAS LISTING /tmp/ccMD7F9J.s 			page 37


     /tmp/ccMD7F9J.s:630    .text:0000000000000270 .LVL42
     /tmp/ccMD7F9J.s:66     .text:0000000000000000 .LVL2
     /tmp/ccMD7F9J.s:572    .text:000000000000021c .LVL35
     /tmp/ccMD7F9J.s:592    .text:000000000000023c .LVL37
     /tmp/ccMD7F9J.s:607    .text:0000000000000254 .LVL39
     /tmp/ccMD7F9J.s:616    .text:0000000000000264 .LVL40
     /tmp/ccMD7F9J.s:582    .text:000000000000022c .LVL36
     /tmp/ccMD7F9J.s:335    .text:0000000000000114 .LVL19
     /tmp/ccMD7F9J.s:360    .text:000000000000014c .LVL22
     /tmp/ccMD7F9J.s:218    .text:00000000000000b4 .LVL11
     /tmp/ccMD7F9J.s:245    .text:00000000000000e0 .LVL13
     /tmp/ccMD7F9J.s:238    .text:00000000000000dc .LVL12
     /tmp/ccMD7F9J.s:184    .text:000000000000008c .LVL9
     /tmp/ccMD7F9J.s:152    .text:0000000000000064 .LVL7
     /tmp/ccMD7F9J.s:1008   .debug_info:0000000000000000 .Ldebug_info0
     /tmp/ccMD7F9J.s:5      .text:0000000000000000 .Ltext0
     /tmp/ccMD7F9J.s:1001   .text:000000000000043c .Letext0
     /tmp/ccMD7F9J.s:136    .gcc_except_table:0000000000000000 .LLSDA41
     /tmp/ccMD7F9J.s:281    .gcc_except_table:0000000000000004 .LLSDA31
                           .group:0000000000000000 _ZN14PeriodicThreadD5Ev

UNDEFINED SYMBOLS
_Z9sem_closeP3SEM
__gxx_personality_v0
_Z9mem_allocm
_Z8mem_freePv
_ZN15MemoryAllocator8InstanceEv
_ZN15MemoryAllocator8mem_freeEPv
_Z15thread_dispatchv
_Z13thread_createPP3TCBPFvPvES2_
_Z10time_sleepm
_Z8sem_openPP3SEMj
_Z8sem_waitP3SEM
_Z10sem_signalP3SEM
_Z4getcv
_Z4putcc
