GAS LISTING /tmp/ccjcfE1Y.s 			page 1


   1              		.file	"syscall_c.cpp"
   2              		.option pic
   3              		.option norelax
   4              		.text
   5              	.Ltext0:
   6              		.align	2
   7              		.globl	_Z9mem_allocm
   9              	_Z9mem_allocm:
  10              	.LFB20:
  11              		.file 1 "src/syscall_c.cpp"
   1:src/syscall_c.cpp **** //
   2:src/syscall_c.cpp **** // Created by os on 9/8/25.
   3:src/syscall_c.cpp **** //
   4:src/syscall_c.cpp **** #include "../h/syscall_c.hpp"
   5:src/syscall_c.cpp **** #include  "../h/MemoryAllocator.hpp"
   6:src/syscall_c.cpp **** 
   7:src/syscall_c.cpp **** 
   8:src/syscall_c.cpp **** inline void invoke(uint64 opcode)
   9:src/syscall_c.cpp **** {
  10:src/syscall_c.cpp ****     __asm__ volatile("mv a0, %0" ::"r"(opcode));
  11:src/syscall_c.cpp ****     __asm__ volatile("ecall");
  12:src/syscall_c.cpp **** }
  13:src/syscall_c.cpp **** 
  14:src/syscall_c.cpp **** void* mem_alloc(size_t size) {
  12              		.loc 1 14 30
  13              		.cfi_startproc
  14              	.LVL0:
  15 0000 130101FF 		addi	sp,sp,-16
  16              		.cfi_def_cfa_offset 16
  17 0004 23348100 		sd	s0,8(sp)
  18              		.cfi_offset 8, -8
  19 0008 13040101 		addi	s0,sp,16
  20              		.cfi_def_cfa 8, 0
  15:src/syscall_c.cpp ****     size_t offset = size % MEM_BLOCK_SIZE;
  21              		.loc 1 15 5
  22              		.loc 1 15 12 is_stmt 0
  23 000c 93773500 		andi	a5,a0,3
  24              	.LVL1:
  16:src/syscall_c.cpp ****     if (offset!=0)
  25              		.loc 1 16 5 is_stmt 1
  26 0010 63840700 		beqz	a5,.L2
  17:src/syscall_c.cpp ****         offset=1;
  27              		.loc 1 17 15 is_stmt 0
  28 0014 93071000 		li	a5,1
  29              	.LVL2:
  30              	.L2:
  18:src/syscall_c.cpp ****     size_t blocks=size/MEM_BLOCK_SIZE +offset;
  31              		.loc 1 18 5 is_stmt 1
  32              		.loc 1 18 23 is_stmt 0
  33 0018 13552500 		srli	a0,a0,2
  34              	.LVL3:
  35              		.loc 1 18 12
  36 001c 3305F500 		add	a0,a0,a5
  37              	.LVL4:
  19:src/syscall_c.cpp ****     __asm__ volatile ("mv a1, %[x]" :: [x] "r" (blocks));
  38              		.loc 1 19 5 is_stmt 1
  39              		.loc 1 19 57 is_stmt 0
GAS LISTING /tmp/ccjcfE1Y.s 			page 2


  40              	#APP
  41              	# 19 "src/syscall_c.cpp" 1
  20              	    invoke(MEM_ALLOC);
  42              		mv a1, a0
  43              	# 0 "" 2
  44              		.loc 1 20 5 is_stmt 1
  45              	.LVL5:
  46              	#NO_APP
  47              	.LBB24:
  48              	.LBB25:
  10:src/syscall_c.cpp ****     __asm__ volatile("ecall");
  49              		.loc 1 10 5
  10:src/syscall_c.cpp ****     __asm__ volatile("ecall");
  50              		.loc 1 10 48 is_stmt 0
  51 0024 93071000 		li	a5,1
  52              	.LVL6:
  53              	#APP
  54              	# 10 "src/syscall_c.cpp" 1
  11:src/syscall_c.cpp **** }
  55              		mv a0, a5
  56              	# 0 "" 2
  57              		.loc 1 11 5 is_stmt 1
  11:src/syscall_c.cpp **** }
  58              		.loc 1 11 30 is_stmt 0
  59              	# 11 "src/syscall_c.cpp" 1
  60              		ecall
  61              	# 0 "" 2
  62              	.LVL7:
  63              	#NO_APP
  64              	.LBE25:
  65              	.LBE24:
  21:src/syscall_c.cpp **** 
  22:src/syscall_c.cpp ****     uint64 ret;
  66              		.loc 1 22 5 is_stmt 1
  23:src/syscall_c.cpp ****     __asm__ volatile ("mv %[x], a0" : [x] "=r" (ret));
  67              		.loc 1 23 5
  68              		.loc 1 23 54 is_stmt 0
  69              	#APP
  70              	# 23 "src/syscall_c.cpp" 1
  24              	    return (void*)ret;
  71              		mv a0, a0
  72              	# 0 "" 2
  73              	.LVL8:
  74              		.loc 1 24 5 is_stmt 1
  25:src/syscall_c.cpp **** }
  75              		.loc 1 25 1 is_stmt 0
  76              	#NO_APP
  77 0034 03348100 		ld	s0,8(sp)
  78              		.cfi_restore 8
  79              		.cfi_def_cfa 2, 16
  80 0038 13010101 		addi	sp,sp,16
  81              		.cfi_def_cfa_offset 0
  82 003c 67800000 		jr	ra
  83              		.cfi_endproc
  84              	.LFE20:
  86              		.align	2
  87              		.globl	_Z8mem_freePv
GAS LISTING /tmp/ccjcfE1Y.s 			page 3


  89              	_Z8mem_freePv:
  90              	.LFB21:
  26:src/syscall_c.cpp **** 
  27:src/syscall_c.cpp **** int mem_free(void* ptr) {
  91              		.loc 1 27 25 is_stmt 1
  92              		.cfi_startproc
  93              	.LVL9:
  94 0040 130101FF 		addi	sp,sp,-16
  95              		.cfi_def_cfa_offset 16
  96 0044 23348100 		sd	s0,8(sp)
  97              		.cfi_offset 8, -8
  98 0048 13040101 		addi	s0,sp,16
  99              		.cfi_def_cfa 8, 0
  28:src/syscall_c.cpp ****     if (ptr==nullptr) {
 100              		.loc 1 28 5
 101 004c 63040502 		beqz	a0,.L7
  29:src/syscall_c.cpp ****         return 0;
  30:src/syscall_c.cpp ****     }
  31:src/syscall_c.cpp ****     void *p=ptr;
 102              		.loc 1 31 5
 103              	.LVL10:
  32:src/syscall_c.cpp ****     __asm__ volatile ("mv a1, %[x]" :: [x] "r" (p));
 104              		.loc 1 32 5
 105              		.loc 1 32 52 is_stmt 0
 106              	#APP
 107              	# 32 "src/syscall_c.cpp" 1
  33              	    invoke(MEM_FREE);
 108              		mv a1, a0
 109              	# 0 "" 2
 110              		.loc 1 33 5 is_stmt 1
 111              	.LVL11:
 112              	#NO_APP
 113              	.LBB26:
 114              	.LBB27:
  10:src/syscall_c.cpp ****     __asm__ volatile("ecall");
 115              		.loc 1 10 5
  10:src/syscall_c.cpp ****     __asm__ volatile("ecall");
 116              		.loc 1 10 48 is_stmt 0
 117 0054 93072000 		li	a5,2
 118              	#APP
 119              	# 10 "src/syscall_c.cpp" 1
  11:src/syscall_c.cpp **** }
 120              		mv a0, a5
 121              	# 0 "" 2
 122              		.loc 1 11 5 is_stmt 1
  11:src/syscall_c.cpp **** }
 123              		.loc 1 11 30 is_stmt 0
 124              	# 11 "src/syscall_c.cpp" 1
 125              		ecall
 126              	# 0 "" 2
 127              	.LVL12:
 128              	#NO_APP
 129              	.LBE27:
 130              	.LBE26:
  34:src/syscall_c.cpp ****     uint64 ret;
 131              		.loc 1 34 5 is_stmt 1
  35:src/syscall_c.cpp ****     __asm__ volatile ("mv %[x], a0" : [x] "=r" (ret));
GAS LISTING /tmp/ccjcfE1Y.s 			page 4


 132              		.loc 1 35 5
 133              		.loc 1 35 54 is_stmt 0
 134              	#APP
 135              	# 35 "src/syscall_c.cpp" 1
  36              	    return (int)ret;
 136              		mv a0, a0
 137              	# 0 "" 2
 138              	.LVL13:
 139              		.loc 1 36 5 is_stmt 1
 140              		.loc 1 36 17 is_stmt 0
 141              	#NO_APP
 142 0064 1B050500 		sext.w	a0,a0
 143              	.LVL14:
 144              	.L6:
  37:src/syscall_c.cpp **** }
 145              		.loc 1 37 1
 146 0068 03348100 		ld	s0,8(sp)
 147              		.cfi_remember_state
 148              		.cfi_restore 8
 149              		.cfi_def_cfa 2, 16
 150 006c 13010101 		addi	sp,sp,16
 151              		.cfi_def_cfa_offset 0
 152 0070 67800000 		jr	ra
 153              	.LVL15:
 154              	.L7:
 155              		.cfi_restore_state
  29:src/syscall_c.cpp ****     }
 156              		.loc 1 29 16
 157 0074 13050000 		li	a0,0
 158              	.LVL16:
 159 0078 6FF01FFF 		j	.L6
 160              		.cfi_endproc
 161              	.LFE21:
 163              		.align	2
 164              		.globl	_Z18mem_get_free_spacev
 166              	_Z18mem_get_free_spacev:
 167              	.LFB22:
  38:src/syscall_c.cpp **** 
  39:src/syscall_c.cpp **** size_t mem_get_free_space() {
 168              		.loc 1 39 29 is_stmt 1
 169              		.cfi_startproc
 170 007c 130101FF 		addi	sp,sp,-16
 171              		.cfi_def_cfa_offset 16
 172 0080 23348100 		sd	s0,8(sp)
 173              		.cfi_offset 8, -8
 174 0084 13040101 		addi	s0,sp,16
 175              		.cfi_def_cfa 8, 0
  40:src/syscall_c.cpp **** 
  41:src/syscall_c.cpp ****     invoke(MEM_GET_FREE_SPACE);
 176              		.loc 1 41 5
 177              	.LVL17:
 178              	.LBB28:
 179              	.LBB29:
  10:src/syscall_c.cpp ****     __asm__ volatile("ecall");
 180              		.loc 1 10 5
  10:src/syscall_c.cpp ****     __asm__ volatile("ecall");
 181              		.loc 1 10 48 is_stmt 0
GAS LISTING /tmp/ccjcfE1Y.s 			page 5


 182 0088 93073000 		li	a5,3
 183              	#APP
 184              	# 10 "src/syscall_c.cpp" 1
  11:src/syscall_c.cpp **** }
 185              		mv a0, a5
 186              	# 0 "" 2
 187              		.loc 1 11 5 is_stmt 1
  11:src/syscall_c.cpp **** }
 188              		.loc 1 11 30 is_stmt 0
 189              	# 11 "src/syscall_c.cpp" 1
 190              		ecall
 191              	# 0 "" 2
 192              	.LVL18:
 193              	#NO_APP
 194              	.LBE29:
 195              	.LBE28:
  42:src/syscall_c.cpp ****     uint64 ret;
 196              		.loc 1 42 5 is_stmt 1
  43:src/syscall_c.cpp ****     __asm__ volatile ("mv %[x], a0" : [x] "=r" (ret));
 197              		.loc 1 43 5
 198              		.loc 1 43 54 is_stmt 0
 199              	#APP
 200              	# 43 "src/syscall_c.cpp" 1
  44              	    return (size_t)ret;
 201              		mv a0, a0
 202              	# 0 "" 2
 203              	.LVL19:
 204              		.loc 1 44 5 is_stmt 1
  45:src/syscall_c.cpp **** }
 205              		.loc 1 45 1 is_stmt 0
 206              	#NO_APP
 207 0098 03348100 		ld	s0,8(sp)
 208              		.cfi_restore 8
 209              		.cfi_def_cfa 2, 16
 210 009c 13010101 		addi	sp,sp,16
 211              		.cfi_def_cfa_offset 0
 212 00a0 67800000 		jr	ra
 213              		.cfi_endproc
 214              	.LFE22:
 216              		.align	2
 217              		.globl	_Z26mem_get_largest_free_blockv
 219              	_Z26mem_get_largest_free_blockv:
 220              	.LFB23:
  46:src/syscall_c.cpp **** 
  47:src/syscall_c.cpp **** size_t mem_get_largest_free_block() {
 221              		.loc 1 47 37 is_stmt 1
 222              		.cfi_startproc
 223 00a4 130101FF 		addi	sp,sp,-16
 224              		.cfi_def_cfa_offset 16
 225 00a8 23348100 		sd	s0,8(sp)
 226              		.cfi_offset 8, -8
 227 00ac 13040101 		addi	s0,sp,16
 228              		.cfi_def_cfa 8, 0
  48:src/syscall_c.cpp ****     invoke(MEM_GET_LARGEST_FREE_BLOCK);
 229              		.loc 1 48 5
 230              	.LVL20:
 231              	.LBB30:
GAS LISTING /tmp/ccjcfE1Y.s 			page 6


 232              	.LBB31:
  10:src/syscall_c.cpp ****     __asm__ volatile("ecall");
 233              		.loc 1 10 5
  10:src/syscall_c.cpp ****     __asm__ volatile("ecall");
 234              		.loc 1 10 48 is_stmt 0
 235 00b0 93074000 		li	a5,4
 236              	#APP
 237              	# 10 "src/syscall_c.cpp" 1
  11:src/syscall_c.cpp **** }
 238              		mv a0, a5
 239              	# 0 "" 2
 240              		.loc 1 11 5 is_stmt 1
  11:src/syscall_c.cpp **** }
 241              		.loc 1 11 30 is_stmt 0
 242              	# 11 "src/syscall_c.cpp" 1
 243              		ecall
 244              	# 0 "" 2
 245              	.LVL21:
 246              	#NO_APP
 247              	.LBE31:
 248              	.LBE30:
  49:src/syscall_c.cpp ****     uint64 ret;
 249              		.loc 1 49 5 is_stmt 1
  50:src/syscall_c.cpp ****     __asm__ volatile ("mv %[x], a0" : [x] "=r" (ret));
 250              		.loc 1 50 5
 251              		.loc 1 50 54 is_stmt 0
 252              	#APP
 253              	# 50 "src/syscall_c.cpp" 1
  51              	    return (size_t)ret;
 254              		mv a0, a0
 255              	# 0 "" 2
 256              	.LVL22:
 257              		.loc 1 51 5 is_stmt 1
  52:src/syscall_c.cpp **** }
 258              		.loc 1 52 1 is_stmt 0
 259              	#NO_APP
 260 00c0 03348100 		ld	s0,8(sp)
 261              		.cfi_restore 8
 262              		.cfi_def_cfa 2, 16
 263 00c4 13010101 		addi	sp,sp,16
 264              		.cfi_def_cfa_offset 0
 265 00c8 67800000 		jr	ra
 266              		.cfi_endproc
 267              	.LFE23:
 269              		.align	2
 270              		.globl	_Z13thread_createPP3TCBPFvPvES2_
 272              	_Z13thread_createPP3TCBPFvPvES2_:
 273              	.LFB24:
  53:src/syscall_c.cpp **** 
  54:src/syscall_c.cpp **** 
  55:src/syscall_c.cpp **** int thread_create(thread_t* handle, void(*start_routine)(void*), void* arg)
  56:src/syscall_c.cpp **** {
 274              		.loc 1 56 1 is_stmt 1
 275              		.cfi_startproc
 276              	.LVL23:
 277 00cc 130101FF 		addi	sp,sp,-16
 278              		.cfi_def_cfa_offset 16
GAS LISTING /tmp/ccjcfE1Y.s 			page 7


 279 00d0 23348100 		sd	s0,8(sp)
 280              		.cfi_offset 8, -8
 281 00d4 13040101 		addi	s0,sp,16
 282              		.cfi_def_cfa 8, 0
  57:src/syscall_c.cpp **** 
  58:src/syscall_c.cpp ****     __asm__ volatile ("mv a3, %[x]" :: [x] "r" (arg));
 283              		.loc 1 58 5
 284              		.loc 1 58 54 is_stmt 0
 285              	#APP
 286              	# 58 "src/syscall_c.cpp" 1
  59              	    __asm__ volatile ("mv a2, %[x]" :: [x] "r" (start_routine));
 287              		mv a3, a2
 288              	# 0 "" 2
 289              		.loc 1 59 5 is_stmt 1
 290              		.loc 1 59 64 is_stmt 0
 291              	# 59 "src/syscall_c.cpp" 1
  60              	    __asm__ volatile ("mv a1, %[x]" :: [x] "r" (handle));
 292              		mv a2, a1
 293              	# 0 "" 2
 294              		.loc 1 60 5 is_stmt 1
 295              		.loc 1 60 57 is_stmt 0
 296              	# 60 "src/syscall_c.cpp" 1
  61              	
  62:src/syscall_c.cpp ****     invoke(THREAD_CREATE);
 297              		mv a1, a0
 298              	# 0 "" 2
 299              		.loc 1 62 5 is_stmt 1
 300              	.LVL24:
 301              	#NO_APP
 302              	.LBB32:
 303              	.LBB33:
  10:src/syscall_c.cpp ****     __asm__ volatile("ecall");
 304              		.loc 1 10 5
  10:src/syscall_c.cpp ****     __asm__ volatile("ecall");
 305              		.loc 1 10 48 is_stmt 0
 306 00e4 93071001 		li	a5,17
 307              	#APP
 308              	# 10 "src/syscall_c.cpp" 1
  11:src/syscall_c.cpp **** }
 309              		mv a0, a5
 310              	# 0 "" 2
 311              		.loc 1 11 5 is_stmt 1
  11:src/syscall_c.cpp **** }
 312              		.loc 1 11 30 is_stmt 0
 313              	# 11 "src/syscall_c.cpp" 1
 314              		ecall
 315              	# 0 "" 2
 316              	.LVL25:
 317              	#NO_APP
 318              	.LBE33:
 319              	.LBE32:
  63:src/syscall_c.cpp ****     uint64 ret;
 320              		.loc 1 63 5 is_stmt 1
  64:src/syscall_c.cpp ****     __asm__ volatile ("mv %[x], a0" : [x] "=r" (ret));
 321              		.loc 1 64 5
 322              		.loc 1 64 54 is_stmt 0
 323              	#APP
GAS LISTING /tmp/ccjcfE1Y.s 			page 8


 324              	# 64 "src/syscall_c.cpp" 1
  65              	    return (int)ret;
 325              		mv a0, a0
 326              	# 0 "" 2
 327              	.LVL26:
 328              		.loc 1 65 5 is_stmt 1
  66:src/syscall_c.cpp **** }
 329              		.loc 1 66 1 is_stmt 0
 330              	#NO_APP
 331 00f4 1B050500 		sext.w	a0,a0
 332              	.LVL27:
 333 00f8 03348100 		ld	s0,8(sp)
 334              		.cfi_restore 8
 335              		.cfi_def_cfa 2, 16
 336 00fc 13010101 		addi	sp,sp,16
 337              		.cfi_def_cfa_offset 0
 338 0100 67800000 		jr	ra
 339              		.cfi_endproc
 340              	.LFE24:
 342              		.align	2
 343              		.globl	_Z11thread_exitv
 345              	_Z11thread_exitv:
 346              	.LFB25:
  67:src/syscall_c.cpp **** int thread_exit()
  68:src/syscall_c.cpp **** {
 347              		.loc 1 68 1 is_stmt 1
 348              		.cfi_startproc
 349 0104 130101FF 		addi	sp,sp,-16
 350              		.cfi_def_cfa_offset 16
 351 0108 23348100 		sd	s0,8(sp)
 352              		.cfi_offset 8, -8
 353 010c 13040101 		addi	s0,sp,16
 354              		.cfi_def_cfa 8, 0
  69:src/syscall_c.cpp ****     invoke(THREAD_EXIT);
 355              		.loc 1 69 5
 356              	.LVL28:
 357              	.LBB34:
 358              	.LBB35:
  10:src/syscall_c.cpp ****     __asm__ volatile("ecall");
 359              		.loc 1 10 5
  10:src/syscall_c.cpp ****     __asm__ volatile("ecall");
 360              		.loc 1 10 48 is_stmt 0
 361 0110 93072001 		li	a5,18
 362              	#APP
 363              	# 10 "src/syscall_c.cpp" 1
  11:src/syscall_c.cpp **** }
 364              		mv a0, a5
 365              	# 0 "" 2
 366              		.loc 1 11 5 is_stmt 1
  11:src/syscall_c.cpp **** }
 367              		.loc 1 11 30 is_stmt 0
 368              	# 11 "src/syscall_c.cpp" 1
 369              		ecall
 370              	# 0 "" 2
 371              	.LVL29:
 372              	#NO_APP
 373              	.LBE35:
GAS LISTING /tmp/ccjcfE1Y.s 			page 9


 374              	.LBE34:
  70:src/syscall_c.cpp ****     uint64 ret;
 375              		.loc 1 70 5 is_stmt 1
  71:src/syscall_c.cpp ****     __asm__ volatile ("mv %[x], a0" : [x] "=r" (ret));
 376              		.loc 1 71 5
 377              		.loc 1 71 54 is_stmt 0
 378              	#APP
 379              	# 71 "src/syscall_c.cpp" 1
  72              	    return (int)ret;
 380              		mv a0, a0
 381              	# 0 "" 2
 382              	.LVL30:
 383              		.loc 1 72 5 is_stmt 1
  73:src/syscall_c.cpp **** }
 384              		.loc 1 73 1 is_stmt 0
 385              	#NO_APP
 386 0120 1B050500 		sext.w	a0,a0
 387              	.LVL31:
 388 0124 03348100 		ld	s0,8(sp)
 389              		.cfi_restore 8
 390              		.cfi_def_cfa 2, 16
 391 0128 13010101 		addi	sp,sp,16
 392              		.cfi_def_cfa_offset 0
 393 012c 67800000 		jr	ra
 394              		.cfi_endproc
 395              	.LFE25:
 397              		.align	2
 398              		.globl	_Z15thread_dispatchv
 400              	_Z15thread_dispatchv:
 401              	.LFB26:
  74:src/syscall_c.cpp **** 
  75:src/syscall_c.cpp **** void thread_dispatch()
  76:src/syscall_c.cpp **** {
 402              		.loc 1 76 1 is_stmt 1
 403              		.cfi_startproc
 404 0130 130101FF 		addi	sp,sp,-16
 405              		.cfi_def_cfa_offset 16
 406 0134 23348100 		sd	s0,8(sp)
 407              		.cfi_offset 8, -8
 408 0138 13040101 		addi	s0,sp,16
 409              		.cfi_def_cfa 8, 0
  77:src/syscall_c.cpp ****     invoke(THREAD_DISPATCH);
 410              		.loc 1 77 5
 411              	.LVL32:
 412              	.LBB36:
 413              	.LBB37:
  10:src/syscall_c.cpp ****     __asm__ volatile("ecall");
 414              		.loc 1 10 5
  10:src/syscall_c.cpp ****     __asm__ volatile("ecall");
 415              		.loc 1 10 48 is_stmt 0
 416 013c 93073001 		li	a5,19
 417              	#APP
 418              	# 10 "src/syscall_c.cpp" 1
  11:src/syscall_c.cpp **** }
 419              		mv a0, a5
 420              	# 0 "" 2
 421              		.loc 1 11 5 is_stmt 1
GAS LISTING /tmp/ccjcfE1Y.s 			page 10


  11:src/syscall_c.cpp **** }
 422              		.loc 1 11 30 is_stmt 0
 423              	# 11 "src/syscall_c.cpp" 1
 424              		ecall
 425              	# 0 "" 2
 426              	.LVL33:
 427              	#NO_APP
 428              	.LBE37:
 429              	.LBE36:
  78:src/syscall_c.cpp **** }
 430              		.loc 1 78 1
 431 0148 03348100 		ld	s0,8(sp)
 432              		.cfi_restore 8
 433              		.cfi_def_cfa 2, 16
 434 014c 13010101 		addi	sp,sp,16
 435              		.cfi_def_cfa_offset 0
 436 0150 67800000 		jr	ra
 437              		.cfi_endproc
 438              	.LFE26:
 440              		.align	2
 441              		.globl	_Z8sem_openPP3SEMj
 443              	_Z8sem_openPP3SEMj:
 444              	.LFB27:
  79:src/syscall_c.cpp **** 
  80:src/syscall_c.cpp **** 
  81:src/syscall_c.cpp **** int sem_open(sem_t* handle, unsigned init)
  82:src/syscall_c.cpp **** {
 445              		.loc 1 82 1 is_stmt 1
 446              		.cfi_startproc
 447              	.LVL34:
 448 0154 130101FF 		addi	sp,sp,-16
 449              		.cfi_def_cfa_offset 16
 450 0158 23348100 		sd	s0,8(sp)
 451              		.cfi_offset 8, -8
 452 015c 13040101 		addi	s0,sp,16
 453              		.cfi_def_cfa 8, 0
  83:src/syscall_c.cpp ****     __asm__ volatile ("mv a2, %[x]" :: [x] "r" (init));
 454              		.loc 1 83 5
 455              		.loc 1 83 55 is_stmt 0
 456              	#APP
 457              	# 83 "src/syscall_c.cpp" 1
  84              	    __asm__ volatile ("mv a1, %[x]" :: [x] "r" (handle));
 458              		mv a2, a1
 459              	# 0 "" 2
 460              		.loc 1 84 5 is_stmt 1
 461              		.loc 1 84 57 is_stmt 0
 462              	# 84 "src/syscall_c.cpp" 1
  85              	    invoke(SEM_OPEN);
 463              		mv a1, a0
 464              	# 0 "" 2
 465              		.loc 1 85 5 is_stmt 1
 466              	.LVL35:
 467              	#NO_APP
 468              	.LBB38:
 469              	.LBB39:
  10:src/syscall_c.cpp ****     __asm__ volatile("ecall");
 470              		.loc 1 10 5
GAS LISTING /tmp/ccjcfE1Y.s 			page 11


  10:src/syscall_c.cpp ****     __asm__ volatile("ecall");
 471              		.loc 1 10 48 is_stmt 0
 472 0168 93071002 		li	a5,33
 473              	#APP
 474              	# 10 "src/syscall_c.cpp" 1
  11:src/syscall_c.cpp **** }
 475              		mv a0, a5
 476              	# 0 "" 2
 477              		.loc 1 11 5 is_stmt 1
  11:src/syscall_c.cpp **** }
 478              		.loc 1 11 30 is_stmt 0
 479              	# 11 "src/syscall_c.cpp" 1
 480              		ecall
 481              	# 0 "" 2
 482              	.LVL36:
 483              	#NO_APP
 484              	.LBE39:
 485              	.LBE38:
  86:src/syscall_c.cpp ****     uint64 ret;
 486              		.loc 1 86 5 is_stmt 1
  87:src/syscall_c.cpp ****     __asm__ volatile ("mv %[x], a0" : [x] "=r" (ret));
 487              		.loc 1 87 5
 488              		.loc 1 87 54 is_stmt 0
 489              	#APP
 490              	# 87 "src/syscall_c.cpp" 1
  88              	    return (int)ret;
 491              		mv a0, a0
 492              	# 0 "" 2
 493              	.LVL37:
 494              		.loc 1 88 5 is_stmt 1
  89:src/syscall_c.cpp **** }
 495              		.loc 1 89 1 is_stmt 0
 496              	#NO_APP
 497 0178 1B050500 		sext.w	a0,a0
 498              	.LVL38:
 499 017c 03348100 		ld	s0,8(sp)
 500              		.cfi_restore 8
 501              		.cfi_def_cfa 2, 16
 502 0180 13010101 		addi	sp,sp,16
 503              		.cfi_def_cfa_offset 0
 504 0184 67800000 		jr	ra
 505              		.cfi_endproc
 506              	.LFE27:
 508              		.align	2
 509              		.globl	_Z9sem_closeP3SEM
 511              	_Z9sem_closeP3SEM:
 512              	.LFB28:
  90:src/syscall_c.cpp **** 
  91:src/syscall_c.cpp **** int sem_close(sem_t handle)
  92:src/syscall_c.cpp **** {
 513              		.loc 1 92 1 is_stmt 1
 514              		.cfi_startproc
 515              	.LVL39:
 516 0188 130101FF 		addi	sp,sp,-16
 517              		.cfi_def_cfa_offset 16
 518 018c 23348100 		sd	s0,8(sp)
 519              		.cfi_offset 8, -8
GAS LISTING /tmp/ccjcfE1Y.s 			page 12


 520 0190 13040101 		addi	s0,sp,16
 521              		.cfi_def_cfa 8, 0
  93:src/syscall_c.cpp ****     __asm__ volatile ("mv a1, %[x]" :: [x] "r" (handle));
 522              		.loc 1 93 5
 523              		.loc 1 93 57 is_stmt 0
 524              	#APP
 525              	# 93 "src/syscall_c.cpp" 1
  94              	    invoke(SEM_CLOSE);
 526              		mv a1, a0
 527              	# 0 "" 2
 528              		.loc 1 94 5 is_stmt 1
 529              	.LVL40:
 530              	#NO_APP
 531              	.LBB40:
 532              	.LBB41:
  10:src/syscall_c.cpp ****     __asm__ volatile("ecall");
 533              		.loc 1 10 5
  10:src/syscall_c.cpp ****     __asm__ volatile("ecall");
 534              		.loc 1 10 48 is_stmt 0
 535 0198 93072002 		li	a5,34
 536              	#APP
 537              	# 10 "src/syscall_c.cpp" 1
  11:src/syscall_c.cpp **** }
 538              		mv a0, a5
 539              	# 0 "" 2
 540              		.loc 1 11 5 is_stmt 1
  11:src/syscall_c.cpp **** }
 541              		.loc 1 11 30 is_stmt 0
 542              	# 11 "src/syscall_c.cpp" 1
 543              		ecall
 544              	# 0 "" 2
 545              	.LVL41:
 546              	#NO_APP
 547              	.LBE41:
 548              	.LBE40:
  95:src/syscall_c.cpp ****     uint64 ret;
 549              		.loc 1 95 5 is_stmt 1
  96:src/syscall_c.cpp ****     __asm__ volatile ("mv %[x], a0" : [x] "=r" (ret));
 550              		.loc 1 96 5
 551              		.loc 1 96 54 is_stmt 0
 552              	#APP
 553              	# 96 "src/syscall_c.cpp" 1
  97              	    return (int)ret;
 554              		mv a0, a0
 555              	# 0 "" 2
 556              	.LVL42:
 557              		.loc 1 97 5 is_stmt 1
  98:src/syscall_c.cpp **** }
 558              		.loc 1 98 1 is_stmt 0
 559              	#NO_APP
 560 01a8 1B050500 		sext.w	a0,a0
 561              	.LVL43:
 562 01ac 03348100 		ld	s0,8(sp)
 563              		.cfi_restore 8
 564              		.cfi_def_cfa 2, 16
 565 01b0 13010101 		addi	sp,sp,16
 566              		.cfi_def_cfa_offset 0
GAS LISTING /tmp/ccjcfE1Y.s 			page 13


 567 01b4 67800000 		jr	ra
 568              		.cfi_endproc
 569              	.LFE28:
 571              		.align	2
 572              		.globl	_Z8sem_waitP3SEM
 574              	_Z8sem_waitP3SEM:
 575              	.LFB29:
  99:src/syscall_c.cpp **** 
 100:src/syscall_c.cpp **** int sem_wait(sem_t id)
 101:src/syscall_c.cpp **** {
 576              		.loc 1 101 1 is_stmt 1
 577              		.cfi_startproc
 578              	.LVL44:
 579 01b8 130101FF 		addi	sp,sp,-16
 580              		.cfi_def_cfa_offset 16
 581 01bc 23348100 		sd	s0,8(sp)
 582              		.cfi_offset 8, -8
 583 01c0 13040101 		addi	s0,sp,16
 584              		.cfi_def_cfa 8, 0
 102:src/syscall_c.cpp ****     __asm__ volatile ("mv a1, %[x]" :: [x] "r" (id));
 585              		.loc 1 102 5
 586              		.loc 1 102 53 is_stmt 0
 587              	#APP
 588              	# 102 "src/syscall_c.cpp" 1
 103              	    invoke(SEM_WAIT);
 589              		mv a1, a0
 590              	# 0 "" 2
 591              		.loc 1 103 5 is_stmt 1
 592              	.LVL45:
 593              	#NO_APP
 594              	.LBB42:
 595              	.LBB43:
  10:src/syscall_c.cpp ****     __asm__ volatile("ecall");
 596              		.loc 1 10 5
  10:src/syscall_c.cpp ****     __asm__ volatile("ecall");
 597              		.loc 1 10 48 is_stmt 0
 598 01c8 93073002 		li	a5,35
 599              	#APP
 600              	# 10 "src/syscall_c.cpp" 1
  11:src/syscall_c.cpp **** }
 601              		mv a0, a5
 602              	# 0 "" 2
 603              		.loc 1 11 5 is_stmt 1
  11:src/syscall_c.cpp **** }
 604              		.loc 1 11 30 is_stmt 0
 605              	# 11 "src/syscall_c.cpp" 1
 606              		ecall
 607              	# 0 "" 2
 608              	.LVL46:
 609              	#NO_APP
 610              	.LBE43:
 611              	.LBE42:
 104:src/syscall_c.cpp ****     uint64 ret;
 612              		.loc 1 104 5 is_stmt 1
 105:src/syscall_c.cpp ****     __asm__ volatile ("mv %[x], a0" : [x] "=r" (ret));
 613              		.loc 1 105 5
 614              		.loc 1 105 54 is_stmt 0
GAS LISTING /tmp/ccjcfE1Y.s 			page 14


 615              	#APP
 616              	# 105 "src/syscall_c.cpp" 1
 106              	    return (int)ret;
 617              		mv a0, a0
 618              	# 0 "" 2
 619              	.LVL47:
 620              		.loc 1 106 5 is_stmt 1
 107:src/syscall_c.cpp **** }
 621              		.loc 1 107 1 is_stmt 0
 622              	#NO_APP
 623 01d8 1B050500 		sext.w	a0,a0
 624              	.LVL48:
 625 01dc 03348100 		ld	s0,8(sp)
 626              		.cfi_restore 8
 627              		.cfi_def_cfa 2, 16
 628 01e0 13010101 		addi	sp,sp,16
 629              		.cfi_def_cfa_offset 0
 630 01e4 67800000 		jr	ra
 631              		.cfi_endproc
 632              	.LFE29:
 634              		.align	2
 635              		.globl	_Z10sem_signalP3SEM
 637              	_Z10sem_signalP3SEM:
 638              	.LFB30:
 108:src/syscall_c.cpp **** 
 109:src/syscall_c.cpp **** int sem_signal(sem_t id)
 110:src/syscall_c.cpp **** {
 639              		.loc 1 110 1 is_stmt 1
 640              		.cfi_startproc
 641              	.LVL49:
 642 01e8 130101FF 		addi	sp,sp,-16
 643              		.cfi_def_cfa_offset 16
 644 01ec 23348100 		sd	s0,8(sp)
 645              		.cfi_offset 8, -8
 646 01f0 13040101 		addi	s0,sp,16
 647              		.cfi_def_cfa 8, 0
 111:src/syscall_c.cpp ****     __asm__ volatile ("mv a1, %[x]" :: [x] "r" (id));
 648              		.loc 1 111 5
 649              		.loc 1 111 53 is_stmt 0
 650              	#APP
 651              	# 111 "src/syscall_c.cpp" 1
 112              	    invoke(SEM_SIGNAL);
 652              		mv a1, a0
 653              	# 0 "" 2
 654              		.loc 1 112 5 is_stmt 1
 655              	.LVL50:
 656              	#NO_APP
 657              	.LBB44:
 658              	.LBB45:
  10:src/syscall_c.cpp ****     __asm__ volatile("ecall");
 659              		.loc 1 10 5
  10:src/syscall_c.cpp ****     __asm__ volatile("ecall");
 660              		.loc 1 10 48 is_stmt 0
 661 01f8 93074002 		li	a5,36
 662              	#APP
 663              	# 10 "src/syscall_c.cpp" 1
  11:src/syscall_c.cpp **** }
GAS LISTING /tmp/ccjcfE1Y.s 			page 15


 664              		mv a0, a5
 665              	# 0 "" 2
 666              		.loc 1 11 5 is_stmt 1
  11:src/syscall_c.cpp **** }
 667              		.loc 1 11 30 is_stmt 0
 668              	# 11 "src/syscall_c.cpp" 1
 669              		ecall
 670              	# 0 "" 2
 671              	.LVL51:
 672              	#NO_APP
 673              	.LBE45:
 674              	.LBE44:
 113:src/syscall_c.cpp ****     uint64 ret;
 675              		.loc 1 113 5 is_stmt 1
 114:src/syscall_c.cpp ****     __asm__ volatile ("mv %[x], a0" : [x] "=r" (ret));
 676              		.loc 1 114 5
 677              		.loc 1 114 54 is_stmt 0
 678              	#APP
 679              	# 114 "src/syscall_c.cpp" 1
 115              	    return (int)ret;
 680              		mv a0, a0
 681              	# 0 "" 2
 682              	.LVL52:
 683              		.loc 1 115 5 is_stmt 1
 116:src/syscall_c.cpp **** }
 684              		.loc 1 116 1 is_stmt 0
 685              	#NO_APP
 686 0208 1B050500 		sext.w	a0,a0
 687              	.LVL53:
 688 020c 03348100 		ld	s0,8(sp)
 689              		.cfi_restore 8
 690              		.cfi_def_cfa 2, 16
 691 0210 13010101 		addi	sp,sp,16
 692              		.cfi_def_cfa_offset 0
 693 0214 67800000 		jr	ra
 694              		.cfi_endproc
 695              	.LFE30:
 697              	.Letext0:
 698              		.file 2 "src/../h/../lib/hw.h"
 699              		.file 3 "src/../h/TCB.hpp"
 700              		.file 4 "src/../h/../h/List.hpp"
 701              		.file 5 "src/../h/SEM.hpp"
 702              		.file 6 "src/../h/syscall_c.hpp"
GAS LISTING /tmp/ccjcfE1Y.s 			page 16


DEFINED SYMBOLS
                            *ABS*:0000000000000000 syscall_c.cpp
     /tmp/ccjcfE1Y.s:9      .text:0000000000000000 _Z9mem_allocm
     /tmp/ccjcfE1Y.s:13     .text:0000000000000000 .L0 
     /tmp/ccjcfE1Y.s:15     .text:0000000000000000 .L0 
     /tmp/ccjcfE1Y.s:16     .text:0000000000000004 .L0 
     /tmp/ccjcfE1Y.s:18     .text:0000000000000008 .L0 
     /tmp/ccjcfE1Y.s:20     .text:000000000000000c .L0 
     /tmp/ccjcfE1Y.s:22     .text:000000000000000c .L0 
     /tmp/ccjcfE1Y.s:23     .text:000000000000000c .L0 
     /tmp/ccjcfE1Y.s:26     .text:0000000000000010 .L0 
     /tmp/ccjcfE1Y.s:28     .text:0000000000000014 .L0 
     /tmp/ccjcfE1Y.s:32     .text:0000000000000018 .L0 
     /tmp/ccjcfE1Y.s:33     .text:0000000000000018 .L0 
     /tmp/ccjcfE1Y.s:36     .text:000000000000001c .L0 
     /tmp/ccjcfE1Y.s:39     .text:0000000000000020 .L0 
   src/syscall_c.cpp:19     .text:0000000000000020 .L0 
     /tmp/ccjcfE1Y.s:49     .text:0000000000000024 .L0 
     /tmp/ccjcfE1Y.s:50     .text:0000000000000024 .L0 
     /tmp/ccjcfE1Y.s:51     .text:0000000000000024 .L0 
     /tmp/ccjcfE1Y.s:58     .text:000000000000002c .L0 
   src/syscall_c.cpp:11     .text:000000000000002c .L0 
     /tmp/ccjcfE1Y.s:67     .text:0000000000000030 .L0 
     /tmp/ccjcfE1Y.s:68     .text:0000000000000030 .L0 
   src/syscall_c.cpp:23     .text:0000000000000030 .L0 
     /tmp/ccjcfE1Y.s:75     .text:0000000000000034 .L0 
     /tmp/ccjcfE1Y.s:77     .text:0000000000000034 .L0 
     /tmp/ccjcfE1Y.s:78     .text:0000000000000038 .L0 
     /tmp/ccjcfE1Y.s:79     .text:0000000000000038 .L0 
     /tmp/ccjcfE1Y.s:81     .text:000000000000003c .L0 
     /tmp/ccjcfE1Y.s:83     .text:0000000000000040 .L0 
     /tmp/ccjcfE1Y.s:89     .text:0000000000000040 _Z8mem_freePv
     /tmp/ccjcfE1Y.s:92     .text:0000000000000040 .L0 
     /tmp/ccjcfE1Y.s:94     .text:0000000000000040 .L0 
     /tmp/ccjcfE1Y.s:95     .text:0000000000000044 .L0 
     /tmp/ccjcfE1Y.s:97     .text:0000000000000048 .L0 
     /tmp/ccjcfE1Y.s:99     .text:000000000000004c .L0 
     /tmp/ccjcfE1Y.s:101    .text:000000000000004c .L0 
     /tmp/ccjcfE1Y.s:104    .text:0000000000000050 .L0 
     /tmp/ccjcfE1Y.s:105    .text:0000000000000050 .L0 
   src/syscall_c.cpp:32     .text:0000000000000050 .L0 
     /tmp/ccjcfE1Y.s:115    .text:0000000000000054 .L0 
     /tmp/ccjcfE1Y.s:116    .text:0000000000000054 .L0 
     /tmp/ccjcfE1Y.s:117    .text:0000000000000054 .L0 
     /tmp/ccjcfE1Y.s:123    .text:000000000000005c .L0 
   src/syscall_c.cpp:11     .text:000000000000005c .L0 
     /tmp/ccjcfE1Y.s:132    .text:0000000000000060 .L0 
     /tmp/ccjcfE1Y.s:133    .text:0000000000000060 .L0 
   src/syscall_c.cpp:35     .text:0000000000000060 .L0 
     /tmp/ccjcfE1Y.s:140    .text:0000000000000064 .L0 
     /tmp/ccjcfE1Y.s:142    .text:0000000000000064 .L0 
     /tmp/ccjcfE1Y.s:146    .text:0000000000000068 .L0 
     /tmp/ccjcfE1Y.s:147    .text:000000000000006c .L0 
     /tmp/ccjcfE1Y.s:148    .text:000000000000006c .L0 
     /tmp/ccjcfE1Y.s:149    .text:000000000000006c .L0 
     /tmp/ccjcfE1Y.s:151    .text:0000000000000070 .L0 
     /tmp/ccjcfE1Y.s:155    .text:0000000000000074 .L0 
GAS LISTING /tmp/ccjcfE1Y.s 			page 17


     /tmp/ccjcfE1Y.s:157    .text:0000000000000074 .L0 
     /tmp/ccjcfE1Y.s:160    .text:000000000000007c .L0 
     /tmp/ccjcfE1Y.s:166    .text:000000000000007c _Z18mem_get_free_spacev
     /tmp/ccjcfE1Y.s:169    .text:000000000000007c .L0 
     /tmp/ccjcfE1Y.s:170    .text:000000000000007c .L0 
     /tmp/ccjcfE1Y.s:171    .text:0000000000000080 .L0 
     /tmp/ccjcfE1Y.s:173    .text:0000000000000084 .L0 
     /tmp/ccjcfE1Y.s:175    .text:0000000000000088 .L0 
     /tmp/ccjcfE1Y.s:180    .text:0000000000000088 .L0 
     /tmp/ccjcfE1Y.s:181    .text:0000000000000088 .L0 
     /tmp/ccjcfE1Y.s:182    .text:0000000000000088 .L0 
     /tmp/ccjcfE1Y.s:188    .text:0000000000000090 .L0 
   src/syscall_c.cpp:11     .text:0000000000000090 .L0 
     /tmp/ccjcfE1Y.s:197    .text:0000000000000094 .L0 
     /tmp/ccjcfE1Y.s:198    .text:0000000000000094 .L0 
   src/syscall_c.cpp:43     .text:0000000000000094 .L0 
     /tmp/ccjcfE1Y.s:205    .text:0000000000000098 .L0 
     /tmp/ccjcfE1Y.s:207    .text:0000000000000098 .L0 
     /tmp/ccjcfE1Y.s:208    .text:000000000000009c .L0 
     /tmp/ccjcfE1Y.s:209    .text:000000000000009c .L0 
     /tmp/ccjcfE1Y.s:211    .text:00000000000000a0 .L0 
     /tmp/ccjcfE1Y.s:213    .text:00000000000000a4 .L0 
     /tmp/ccjcfE1Y.s:219    .text:00000000000000a4 _Z26mem_get_largest_free_blockv
     /tmp/ccjcfE1Y.s:222    .text:00000000000000a4 .L0 
     /tmp/ccjcfE1Y.s:223    .text:00000000000000a4 .L0 
     /tmp/ccjcfE1Y.s:224    .text:00000000000000a8 .L0 
     /tmp/ccjcfE1Y.s:226    .text:00000000000000ac .L0 
     /tmp/ccjcfE1Y.s:228    .text:00000000000000b0 .L0 
     /tmp/ccjcfE1Y.s:233    .text:00000000000000b0 .L0 
     /tmp/ccjcfE1Y.s:234    .text:00000000000000b0 .L0 
     /tmp/ccjcfE1Y.s:235    .text:00000000000000b0 .L0 
     /tmp/ccjcfE1Y.s:241    .text:00000000000000b8 .L0 
   src/syscall_c.cpp:11     .text:00000000000000b8 .L0 
     /tmp/ccjcfE1Y.s:250    .text:00000000000000bc .L0 
     /tmp/ccjcfE1Y.s:251    .text:00000000000000bc .L0 
   src/syscall_c.cpp:50     .text:00000000000000bc .L0 
     /tmp/ccjcfE1Y.s:258    .text:00000000000000c0 .L0 
     /tmp/ccjcfE1Y.s:260    .text:00000000000000c0 .L0 
     /tmp/ccjcfE1Y.s:261    .text:00000000000000c4 .L0 
     /tmp/ccjcfE1Y.s:262    .text:00000000000000c4 .L0 
     /tmp/ccjcfE1Y.s:264    .text:00000000000000c8 .L0 
     /tmp/ccjcfE1Y.s:266    .text:00000000000000cc .L0 
     /tmp/ccjcfE1Y.s:272    .text:00000000000000cc _Z13thread_createPP3TCBPFvPvES2_
     /tmp/ccjcfE1Y.s:275    .text:00000000000000cc .L0 
     /tmp/ccjcfE1Y.s:277    .text:00000000000000cc .L0 
     /tmp/ccjcfE1Y.s:278    .text:00000000000000d0 .L0 
     /tmp/ccjcfE1Y.s:280    .text:00000000000000d4 .L0 
     /tmp/ccjcfE1Y.s:282    .text:00000000000000d8 .L0 
     /tmp/ccjcfE1Y.s:284    .text:00000000000000d8 .L0 
   src/syscall_c.cpp:58     .text:00000000000000d8 .L0 
     /tmp/ccjcfE1Y.s:290    .text:00000000000000dc .L0 
   src/syscall_c.cpp:59     .text:00000000000000dc .L0 
     /tmp/ccjcfE1Y.s:295    .text:00000000000000e0 .L0 
   src/syscall_c.cpp:60     .text:00000000000000e0 .L0 
     /tmp/ccjcfE1Y.s:304    .text:00000000000000e4 .L0 
     /tmp/ccjcfE1Y.s:305    .text:00000000000000e4 .L0 
     /tmp/ccjcfE1Y.s:306    .text:00000000000000e4 .L0 
GAS LISTING /tmp/ccjcfE1Y.s 			page 18


     /tmp/ccjcfE1Y.s:312    .text:00000000000000ec .L0 
   src/syscall_c.cpp:11     .text:00000000000000ec .L0 
     /tmp/ccjcfE1Y.s:321    .text:00000000000000f0 .L0 
     /tmp/ccjcfE1Y.s:322    .text:00000000000000f0 .L0 
   src/syscall_c.cpp:64     .text:00000000000000f0 .L0 
     /tmp/ccjcfE1Y.s:329    .text:00000000000000f4 .L0 
     /tmp/ccjcfE1Y.s:331    .text:00000000000000f4 .L0 
     /tmp/ccjcfE1Y.s:334    .text:00000000000000fc .L0 
     /tmp/ccjcfE1Y.s:335    .text:00000000000000fc .L0 
     /tmp/ccjcfE1Y.s:337    .text:0000000000000100 .L0 
     /tmp/ccjcfE1Y.s:339    .text:0000000000000104 .L0 
     /tmp/ccjcfE1Y.s:345    .text:0000000000000104 _Z11thread_exitv
     /tmp/ccjcfE1Y.s:348    .text:0000000000000104 .L0 
     /tmp/ccjcfE1Y.s:349    .text:0000000000000104 .L0 
     /tmp/ccjcfE1Y.s:350    .text:0000000000000108 .L0 
     /tmp/ccjcfE1Y.s:352    .text:000000000000010c .L0 
     /tmp/ccjcfE1Y.s:354    .text:0000000000000110 .L0 
     /tmp/ccjcfE1Y.s:359    .text:0000000000000110 .L0 
     /tmp/ccjcfE1Y.s:360    .text:0000000000000110 .L0 
     /tmp/ccjcfE1Y.s:361    .text:0000000000000110 .L0 
     /tmp/ccjcfE1Y.s:367    .text:0000000000000118 .L0 
   src/syscall_c.cpp:11     .text:0000000000000118 .L0 
     /tmp/ccjcfE1Y.s:376    .text:000000000000011c .L0 
     /tmp/ccjcfE1Y.s:377    .text:000000000000011c .L0 
   src/syscall_c.cpp:71     .text:000000000000011c .L0 
     /tmp/ccjcfE1Y.s:384    .text:0000000000000120 .L0 
     /tmp/ccjcfE1Y.s:386    .text:0000000000000120 .L0 
     /tmp/ccjcfE1Y.s:389    .text:0000000000000128 .L0 
     /tmp/ccjcfE1Y.s:390    .text:0000000000000128 .L0 
     /tmp/ccjcfE1Y.s:392    .text:000000000000012c .L0 
     /tmp/ccjcfE1Y.s:394    .text:0000000000000130 .L0 
     /tmp/ccjcfE1Y.s:400    .text:0000000000000130 _Z15thread_dispatchv
     /tmp/ccjcfE1Y.s:403    .text:0000000000000130 .L0 
     /tmp/ccjcfE1Y.s:404    .text:0000000000000130 .L0 
     /tmp/ccjcfE1Y.s:405    .text:0000000000000134 .L0 
     /tmp/ccjcfE1Y.s:407    .text:0000000000000138 .L0 
     /tmp/ccjcfE1Y.s:409    .text:000000000000013c .L0 
     /tmp/ccjcfE1Y.s:414    .text:000000000000013c .L0 
     /tmp/ccjcfE1Y.s:415    .text:000000000000013c .L0 
     /tmp/ccjcfE1Y.s:416    .text:000000000000013c .L0 
     /tmp/ccjcfE1Y.s:422    .text:0000000000000144 .L0 
   src/syscall_c.cpp:11     .text:0000000000000144 .L0 
     /tmp/ccjcfE1Y.s:431    .text:0000000000000148 .L0 
     /tmp/ccjcfE1Y.s:432    .text:000000000000014c .L0 
     /tmp/ccjcfE1Y.s:433    .text:000000000000014c .L0 
     /tmp/ccjcfE1Y.s:435    .text:0000000000000150 .L0 
     /tmp/ccjcfE1Y.s:437    .text:0000000000000154 .L0 
     /tmp/ccjcfE1Y.s:443    .text:0000000000000154 _Z8sem_openPP3SEMj
     /tmp/ccjcfE1Y.s:446    .text:0000000000000154 .L0 
     /tmp/ccjcfE1Y.s:448    .text:0000000000000154 .L0 
     /tmp/ccjcfE1Y.s:449    .text:0000000000000158 .L0 
     /tmp/ccjcfE1Y.s:451    .text:000000000000015c .L0 
     /tmp/ccjcfE1Y.s:453    .text:0000000000000160 .L0 
     /tmp/ccjcfE1Y.s:455    .text:0000000000000160 .L0 
   src/syscall_c.cpp:83     .text:0000000000000160 .L0 
     /tmp/ccjcfE1Y.s:461    .text:0000000000000164 .L0 
   src/syscall_c.cpp:84     .text:0000000000000164 .L0 
GAS LISTING /tmp/ccjcfE1Y.s 			page 19


     /tmp/ccjcfE1Y.s:470    .text:0000000000000168 .L0 
     /tmp/ccjcfE1Y.s:471    .text:0000000000000168 .L0 
     /tmp/ccjcfE1Y.s:472    .text:0000000000000168 .L0 
     /tmp/ccjcfE1Y.s:478    .text:0000000000000170 .L0 
   src/syscall_c.cpp:11     .text:0000000000000170 .L0 
     /tmp/ccjcfE1Y.s:487    .text:0000000000000174 .L0 
     /tmp/ccjcfE1Y.s:488    .text:0000000000000174 .L0 
   src/syscall_c.cpp:87     .text:0000000000000174 .L0 
     /tmp/ccjcfE1Y.s:495    .text:0000000000000178 .L0 
     /tmp/ccjcfE1Y.s:497    .text:0000000000000178 .L0 
     /tmp/ccjcfE1Y.s:500    .text:0000000000000180 .L0 
     /tmp/ccjcfE1Y.s:501    .text:0000000000000180 .L0 
     /tmp/ccjcfE1Y.s:503    .text:0000000000000184 .L0 
     /tmp/ccjcfE1Y.s:505    .text:0000000000000188 .L0 
     /tmp/ccjcfE1Y.s:511    .text:0000000000000188 _Z9sem_closeP3SEM
     /tmp/ccjcfE1Y.s:514    .text:0000000000000188 .L0 
     /tmp/ccjcfE1Y.s:516    .text:0000000000000188 .L0 
     /tmp/ccjcfE1Y.s:517    .text:000000000000018c .L0 
     /tmp/ccjcfE1Y.s:519    .text:0000000000000190 .L0 
     /tmp/ccjcfE1Y.s:521    .text:0000000000000194 .L0 
     /tmp/ccjcfE1Y.s:523    .text:0000000000000194 .L0 
   src/syscall_c.cpp:93     .text:0000000000000194 .L0 
     /tmp/ccjcfE1Y.s:533    .text:0000000000000198 .L0 
     /tmp/ccjcfE1Y.s:534    .text:0000000000000198 .L0 
     /tmp/ccjcfE1Y.s:535    .text:0000000000000198 .L0 
     /tmp/ccjcfE1Y.s:541    .text:00000000000001a0 .L0 
   src/syscall_c.cpp:11     .text:00000000000001a0 .L0 
     /tmp/ccjcfE1Y.s:550    .text:00000000000001a4 .L0 
     /tmp/ccjcfE1Y.s:551    .text:00000000000001a4 .L0 
   src/syscall_c.cpp:96     .text:00000000000001a4 .L0 
     /tmp/ccjcfE1Y.s:558    .text:00000000000001a8 .L0 
     /tmp/ccjcfE1Y.s:560    .text:00000000000001a8 .L0 
     /tmp/ccjcfE1Y.s:563    .text:00000000000001b0 .L0 
     /tmp/ccjcfE1Y.s:564    .text:00000000000001b0 .L0 
     /tmp/ccjcfE1Y.s:566    .text:00000000000001b4 .L0 
     /tmp/ccjcfE1Y.s:568    .text:00000000000001b8 .L0 
     /tmp/ccjcfE1Y.s:574    .text:00000000000001b8 _Z8sem_waitP3SEM
     /tmp/ccjcfE1Y.s:577    .text:00000000000001b8 .L0 
     /tmp/ccjcfE1Y.s:579    .text:00000000000001b8 .L0 
     /tmp/ccjcfE1Y.s:580    .text:00000000000001bc .L0 
     /tmp/ccjcfE1Y.s:582    .text:00000000000001c0 .L0 
     /tmp/ccjcfE1Y.s:584    .text:00000000000001c4 .L0 
     /tmp/ccjcfE1Y.s:586    .text:00000000000001c4 .L0 
   src/syscall_c.cpp:102    .text:00000000000001c4 .L0 
     /tmp/ccjcfE1Y.s:596    .text:00000000000001c8 .L0 
     /tmp/ccjcfE1Y.s:597    .text:00000000000001c8 .L0 
     /tmp/ccjcfE1Y.s:598    .text:00000000000001c8 .L0 
     /tmp/ccjcfE1Y.s:604    .text:00000000000001d0 .L0 
   src/syscall_c.cpp:11     .text:00000000000001d0 .L0 
     /tmp/ccjcfE1Y.s:613    .text:00000000000001d4 .L0 
     /tmp/ccjcfE1Y.s:614    .text:00000000000001d4 .L0 
   src/syscall_c.cpp:105    .text:00000000000001d4 .L0 
     /tmp/ccjcfE1Y.s:621    .text:00000000000001d8 .L0 
     /tmp/ccjcfE1Y.s:623    .text:00000000000001d8 .L0 
     /tmp/ccjcfE1Y.s:626    .text:00000000000001e0 .L0 
     /tmp/ccjcfE1Y.s:627    .text:00000000000001e0 .L0 
     /tmp/ccjcfE1Y.s:629    .text:00000000000001e4 .L0 
GAS LISTING /tmp/ccjcfE1Y.s 			page 20


     /tmp/ccjcfE1Y.s:631    .text:00000000000001e8 .L0 
     /tmp/ccjcfE1Y.s:637    .text:00000000000001e8 _Z10sem_signalP3SEM
     /tmp/ccjcfE1Y.s:640    .text:00000000000001e8 .L0 
     /tmp/ccjcfE1Y.s:642    .text:00000000000001e8 .L0 
     /tmp/ccjcfE1Y.s:643    .text:00000000000001ec .L0 
     /tmp/ccjcfE1Y.s:645    .text:00000000000001f0 .L0 
     /tmp/ccjcfE1Y.s:647    .text:00000000000001f4 .L0 
     /tmp/ccjcfE1Y.s:649    .text:00000000000001f4 .L0 
   src/syscall_c.cpp:111    .text:00000000000001f4 .L0 
     /tmp/ccjcfE1Y.s:659    .text:00000000000001f8 .L0 
     /tmp/ccjcfE1Y.s:660    .text:00000000000001f8 .L0 
     /tmp/ccjcfE1Y.s:661    .text:00000000000001f8 .L0 
     /tmp/ccjcfE1Y.s:667    .text:0000000000000200 .L0 
   src/syscall_c.cpp:11     .text:0000000000000200 .L0 
     /tmp/ccjcfE1Y.s:676    .text:0000000000000204 .L0 
     /tmp/ccjcfE1Y.s:677    .text:0000000000000204 .L0 
   src/syscall_c.cpp:114    .text:0000000000000204 .L0 
     /tmp/ccjcfE1Y.s:684    .text:0000000000000208 .L0 
     /tmp/ccjcfE1Y.s:686    .text:0000000000000208 .L0 
     /tmp/ccjcfE1Y.s:689    .text:0000000000000210 .L0 
     /tmp/ccjcfE1Y.s:690    .text:0000000000000210 .L0 
     /tmp/ccjcfE1Y.s:692    .text:0000000000000214 .L0 
     /tmp/ccjcfE1Y.s:694    .text:0000000000000218 .L0 
     /tmp/ccjcfE1Y.s:703    .text:0000000000000218 .L0 
     /tmp/ccjcfE1Y.s:30     .text:0000000000000018 .L2
     /tmp/ccjcfE1Y.s:154    .text:0000000000000074 .L7
     /tmp/ccjcfE1Y.s:144    .text:0000000000000068 .L6
     /tmp/ccjcfE1Y.s:1798   .debug_abbrev:0000000000000000 .Ldebug_abbrev0
     /tmp/ccjcfE1Y.s:3076   .debug_str:000000000000056a .LASF106
     /tmp/ccjcfE1Y.s:2968   .debug_str:0000000000000289 .LASF107
     /tmp/ccjcfE1Y.s:3002   .debug_str:0000000000000358 .LASF108
     /tmp/ccjcfE1Y.s:5      .text:0000000000000000 .Ltext0
     /tmp/ccjcfE1Y.s:697    .text:0000000000000218 .Letext0
     /tmp/ccjcfE1Y.s:2866   .debug_line:0000000000000000 .Ldebug_line0
     /tmp/ccjcfE1Y.s:3012   .debug_str:00000000000003c2 .LASF0
     /tmp/ccjcfE1Y.s:3026   .debug_str:0000000000000410 .LASF1
     /tmp/ccjcfE1Y.s:3000   .debug_str:000000000000034a .LASF2
     /tmp/ccjcfE1Y.s:2964   .debug_str:0000000000000279 .LASF4
     /tmp/ccjcfE1Y.s:3062   .debug_str:0000000000000516 .LASF3
     /tmp/ccjcfE1Y.s:2892   .debug_str:00000000000000ad .LASF5
     /tmp/ccjcfE1Y.s:2924   .debug_str:0000000000000172 .LASF6
     /tmp/ccjcfE1Y.s:3032   .debug_str:000000000000043b .LASF7
     /tmp/ccjcfE1Y.s:3010   .debug_str:00000000000003af .LASF8
     /tmp/ccjcfE1Y.s:3090   .debug_str:0000000000000685 .LASF9
     /tmp/ccjcfE1Y.s:2954   .debug_str:0000000000000241 .LASF10
     /tmp/ccjcfE1Y.s:3042   .debug_str:000000000000048c .LASF11
     /tmp/ccjcfE1Y.s:3080   .debug_str:000000000000063d .LASF12
     /tmp/ccjcfE1Y.s:2896   .debug_str:00000000000000bc .LASF13
     /tmp/ccjcfE1Y.s:2872   .debug_str:0000000000000012 .LASF14
     /tmp/ccjcfE1Y.s:2906   .debug_str:0000000000000103 .LASF15
     /tmp/ccjcfE1Y.s:3060   .debug_str:0000000000000500 .LASF16
     /tmp/ccjcfE1Y.s:2918   .debug_str:000000000000014c .LASF17
     /tmp/ccjcfE1Y.s:2876   .debug_str:000000000000002c .LASF109
     /tmp/ccjcfE1Y.s:3100   .debug_str:00000000000006ba .LASF18
     /tmp/ccjcfE1Y.s:3072   .debug_str:0000000000000555 .LASF20
     /tmp/ccjcfE1Y.s:3068   .debug_str:000000000000053b .LASF36
     /tmp/ccjcfE1Y.s:3056   .debug_str:00000000000004e6 .LASF110
GAS LISTING /tmp/ccjcfE1Y.s 			page 21


     /tmp/ccjcfE1Y.s:2930   .debug_str:00000000000001a4 .LASF19
     /tmp/ccjcfE1Y.s:3048   .debug_str:00000000000004c3 .LASF21
     /tmp/ccjcfE1Y.s:2976   .debug_str:00000000000002af .LASF22
     /tmp/ccjcfE1Y.s:3106   .debug_str:00000000000006ee .LASF23
     /tmp/ccjcfE1Y.s:3052   .debug_str:00000000000004dc .LASF111
     /tmp/ccjcfE1Y.s:3014   .debug_str:00000000000003cf .LASF112
     /tmp/ccjcfE1Y.s:2940   .debug_str:00000000000001cc .LASF113
     /tmp/ccjcfE1Y.s:2986   .debug_str:0000000000000305 .LASF114
     /tmp/ccjcfE1Y.s:2902   .debug_str:00000000000000e9 .LASF115
     /tmp/ccjcfE1Y.s:3034   .debug_str:000000000000044e .LASF28
     /tmp/ccjcfE1Y.s:2952   .debug_str:000000000000022a .LASF30
     /tmp/ccjcfE1Y.s:2972   .debug_str:00000000000002a0 .LASF24
     /tmp/ccjcfE1Y.s:2950   .debug_str:000000000000021a .LASF25
     /tmp/ccjcfE1Y.s:2894   .debug_str:00000000000000b4 .LASF26
     /tmp/ccjcfE1Y.s:2956   .debug_str:000000000000024f .LASF27
     /tmp/ccjcfE1Y.s:2874   .debug_str:0000000000000022 .LASF29
     /tmp/ccjcfE1Y.s:2980   .debug_str:00000000000002cf .LASF31
     /tmp/ccjcfE1Y.s:2992   .debug_str:0000000000000322 .LASF32
     /tmp/ccjcfE1Y.s:2890   .debug_str:0000000000000094 .LASF33
     /tmp/ccjcfE1Y.s:2936   .debug_str:00000000000001bb .LASF34
     /tmp/ccjcfE1Y.s:2960   .debug_str:0000000000000268 .LASF35
     /tmp/ccjcfE1Y.s:3110   .debug_str:000000000000071e .LASF61
     /tmp/ccjcfE1Y.s:2994   .debug_str:000000000000032f .LASF37
     /tmp/ccjcfE1Y.s:3016   .debug_str:00000000000003d8 .LASF38
     /tmp/ccjcfE1Y.s:2870   .debug_str:000000000000000a .LASF39
     /tmp/ccjcfE1Y.s:3022   .debug_str:00000000000003f4 .LASF40
     /tmp/ccjcfE1Y.s:3020   .debug_str:00000000000003ec .LASF41
     /tmp/ccjcfE1Y.s:2970   .debug_str:000000000000029b .LASF42
     /tmp/ccjcfE1Y.s:2996   .debug_str:0000000000000338 .LASF116
     /tmp/ccjcfE1Y.s:3086   .debug_str:000000000000065c .LASF117
     /tmp/ccjcfE1Y.s:2946   .debug_str:00000000000001ff .LASF43
     /tmp/ccjcfE1Y.s:2988   .debug_str:000000000000030a .LASF118
     /tmp/ccjcfE1Y.s:2922   .debug_str:000000000000016d .LASF44
     /tmp/ccjcfE1Y.s:3006   .debug_str:000000000000038f .LASF45
     /tmp/ccjcfE1Y.s:2962   .debug_str:0000000000000274 .LASF46
     /tmp/ccjcfE1Y.s:3088   .debug_str:0000000000000672 .LASF47
     /tmp/ccjcfE1Y.s:3074   .debug_str:0000000000000561 .LASF48
     /tmp/ccjcfE1Y.s:2928   .debug_str:0000000000000187 .LASF49
     /tmp/ccjcfE1Y.s:3004   .debug_str:0000000000000384 .LASF50
     /tmp/ccjcfE1Y.s:2884   .debug_str:0000000000000064 .LASF51
     /tmp/ccjcfE1Y.s:3054   .debug_str:00000000000004e1 .LASF103
     /tmp/ccjcfE1Y.s:2942   .debug_str:00000000000001df .LASF52
     /tmp/ccjcfE1Y.s:2898   .debug_str:00000000000000cc .LASF53
     /tmp/ccjcfE1Y.s:3094   .debug_str:000000000000069e .LASF54
     /tmp/ccjcfE1Y.s:3036   .debug_str:0000000000000459 .LASF55
     /tmp/ccjcfE1Y.s:2948   .debug_str:0000000000000209 .LASF56
     /tmp/ccjcfE1Y.s:2888   .debug_str:000000000000008f .LASF57
     /tmp/ccjcfE1Y.s:3078   .debug_str:000000000000062e .LASF58
     /tmp/ccjcfE1Y.s:3096   .debug_str:00000000000006ad .LASF59
     /tmp/ccjcfE1Y.s:2878   .debug_str:0000000000000034 .LASF60
     /tmp/ccjcfE1Y.s:2914   .debug_str:0000000000000136 .LASF62
     /tmp/ccjcfE1Y.s:2998   .debug_str:0000000000000343 .LASF63
     /tmp/ccjcfE1Y.s:3058   .debug_str:00000000000004f3 .LASF64
     /tmp/ccjcfE1Y.s:3050   .debug_str:00000000000004cf .LASF119
     /tmp/ccjcfE1Y.s:2916   .debug_str:0000000000000142 .LASF65
     /tmp/ccjcfE1Y.s:2974   .debug_str:00000000000002a6 .LASF66
     /tmp/ccjcfE1Y.s:2990   .debug_str:000000000000030f .LASF67
GAS LISTING /tmp/ccjcfE1Y.s 			page 22


     /tmp/ccjcfE1Y.s:2944   .debug_str:00000000000001e4 .LASF68
     /tmp/ccjcfE1Y.s:3018   .debug_str:00000000000003de .LASF69
     /tmp/ccjcfE1Y.s:2932   .debug_str:00000000000001a9 .LASF70
     /tmp/ccjcfE1Y.s:2908   .debug_str:000000000000010f .LASF71
     /tmp/ccjcfE1Y.s:3092   .debug_str:0000000000000695 .LASF72
     /tmp/ccjcfE1Y.s:2868   .debug_str:0000000000000000 .LASF73
     /tmp/ccjcfE1Y.s:3066   .debug_str:0000000000000532 .LASF74
     /tmp/ccjcfE1Y.s:3038   .debug_str:0000000000000460 .LASF75
     /tmp/ccjcfE1Y.s:3082   .debug_str:000000000000064c .LASF76
     /tmp/ccjcfE1Y.s:2934   .debug_str:00000000000001b5 .LASF77
     /tmp/ccjcfE1Y.s:2920   .debug_str:0000000000000162 .LASF78
     /tmp/ccjcfE1Y.s:2882   .debug_str:0000000000000050 .LASF80
     /tmp/ccjcfE1Y.s:638    .text:00000000000001e8 .LFB30
     /tmp/ccjcfE1Y.s:695    .text:0000000000000218 .LFE30
     /tmp/ccjcfE1Y.s:2575   .debug_loc:0000000000000000 .LLST25
     /tmp/ccjcfE1Y.s:2589   .debug_loc:0000000000000039 .LLST26
     /tmp/ccjcfE1Y.s:657    .text:00000000000001f8 .LBB44
     /tmp/ccjcfE1Y.s:674    .text:0000000000000204 .LBE44
     /tmp/ccjcfE1Y.s:2596   .debug_loc:000000000000005c .LLST27
     /tmp/ccjcfE1Y.s:2910   .debug_str:000000000000011f .LASF79
     /tmp/ccjcfE1Y.s:2984   .debug_str:00000000000002f4 .LASF81
     /tmp/ccjcfE1Y.s:575    .text:00000000000001b8 .LFB29
     /tmp/ccjcfE1Y.s:632    .text:00000000000001e8 .LFE29
     /tmp/ccjcfE1Y.s:2605   .debug_loc:0000000000000081 .LLST22
     /tmp/ccjcfE1Y.s:2619   .debug_loc:00000000000000ba .LLST23
     /tmp/ccjcfE1Y.s:594    .text:00000000000001c8 .LBB42
     /tmp/ccjcfE1Y.s:611    .text:00000000000001d4 .LBE42
     /tmp/ccjcfE1Y.s:2626   .debug_loc:00000000000000dd .LLST24
     /tmp/ccjcfE1Y.s:3070   .debug_str:000000000000054b .LASF82
     /tmp/ccjcfE1Y.s:3024   .debug_str:00000000000003fe .LASF83
     /tmp/ccjcfE1Y.s:512    .text:0000000000000188 .LFB28
     /tmp/ccjcfE1Y.s:569    .text:00000000000001b8 .LFE28
     /tmp/ccjcfE1Y.s:3098   .debug_str:00000000000006b3 .LASF84
     /tmp/ccjcfE1Y.s:2635   .debug_loc:0000000000000102 .LLST19
     /tmp/ccjcfE1Y.s:2649   .debug_loc:000000000000013b .LLST20
     /tmp/ccjcfE1Y.s:531    .text:0000000000000198 .LBB40
     /tmp/ccjcfE1Y.s:548    .text:00000000000001a4 .LBE40
     /tmp/ccjcfE1Y.s:2656   .debug_loc:000000000000015e .LLST21
     /tmp/ccjcfE1Y.s:2938   .debug_str:00000000000001c3 .LASF85
     /tmp/ccjcfE1Y.s:2978   .debug_str:00000000000002bc .LASF86
     /tmp/ccjcfE1Y.s:444    .text:0000000000000154 .LFB27
     /tmp/ccjcfE1Y.s:506    .text:0000000000000188 .LFE27
     /tmp/ccjcfE1Y.s:2665   .debug_loc:0000000000000183 .LLST16
     /tmp/ccjcfE1Y.s:3112   .debug_str:0000000000000734 .LASF87
     /tmp/ccjcfE1Y.s:2679   .debug_loc:00000000000001bc .LLST17
     /tmp/ccjcfE1Y.s:468    .text:0000000000000168 .LBB38
     /tmp/ccjcfE1Y.s:485    .text:0000000000000174 .LBE38
     /tmp/ccjcfE1Y.s:2686   .debug_loc:00000000000001df .LLST18
     /tmp/ccjcfE1Y.s:2982   .debug_str:00000000000002e4 .LASF88
     /tmp/ccjcfE1Y.s:3046   .debug_str:00000000000004ae .LASF89
     /tmp/ccjcfE1Y.s:401    .text:0000000000000130 .LFB26
     /tmp/ccjcfE1Y.s:438    .text:0000000000000154 .LFE26
     /tmp/ccjcfE1Y.s:412    .text:000000000000013c .LBB36
     /tmp/ccjcfE1Y.s:429    .text:0000000000000148 .LBE36
     /tmp/ccjcfE1Y.s:2695   .debug_loc:0000000000000204 .LLST15
     /tmp/ccjcfE1Y.s:2880   .debug_str:0000000000000044 .LASF90
     /tmp/ccjcfE1Y.s:3030   .debug_str:000000000000042a .LASF91
GAS LISTING /tmp/ccjcfE1Y.s 			page 23


     /tmp/ccjcfE1Y.s:346    .text:0000000000000104 .LFB25
     /tmp/ccjcfE1Y.s:395    .text:0000000000000130 .LFE25
     /tmp/ccjcfE1Y.s:2703   .debug_loc:0000000000000228 .LLST13
     /tmp/ccjcfE1Y.s:357    .text:0000000000000110 .LBB34
     /tmp/ccjcfE1Y.s:374    .text:000000000000011c .LBE34
     /tmp/ccjcfE1Y.s:2710   .debug_loc:000000000000024b .LLST14
     /tmp/ccjcfE1Y.s:2926   .debug_str:0000000000000179 .LASF92
     /tmp/ccjcfE1Y.s:3040   .debug_str:000000000000046b .LASF93
     /tmp/ccjcfE1Y.s:273    .text:00000000000000cc .LFB24
     /tmp/ccjcfE1Y.s:340    .text:0000000000000104 .LFE24
     /tmp/ccjcfE1Y.s:2718   .debug_loc:000000000000026f .LLST10
     /tmp/ccjcfE1Y.s:2886   .debug_str:0000000000000081 .LASF94
     /tmp/ccjcfE1Y.s:2732   .debug_loc:00000000000002a8 .LLST11
     /tmp/ccjcfE1Y.s:302    .text:00000000000000e4 .LBB32
     /tmp/ccjcfE1Y.s:319    .text:00000000000000f0 .LBE32
     /tmp/ccjcfE1Y.s:2739   .debug_loc:00000000000002cb .LLST12
     /tmp/ccjcfE1Y.s:3008   .debug_str:0000000000000394 .LASF95
     /tmp/ccjcfE1Y.s:3102   .debug_str:00000000000006c7 .LASF96
     /tmp/ccjcfE1Y.s:220    .text:00000000000000a4 .LFB23
     /tmp/ccjcfE1Y.s:267    .text:00000000000000cc .LFE23
     /tmp/ccjcfE1Y.s:231    .text:00000000000000b0 .LBB30
     /tmp/ccjcfE1Y.s:248    .text:00000000000000bc .LBE30
     /tmp/ccjcfE1Y.s:2747   .debug_loc:00000000000002ef .LLST9
     /tmp/ccjcfE1Y.s:3044   .debug_str:000000000000049b .LASF97
     /tmp/ccjcfE1Y.s:2900   .debug_str:00000000000000d1 .LASF98
     /tmp/ccjcfE1Y.s:167    .text:000000000000007c .LFB22
     /tmp/ccjcfE1Y.s:214    .text:00000000000000a4 .LFE22
     /tmp/ccjcfE1Y.s:178    .text:0000000000000088 .LBB28
     /tmp/ccjcfE1Y.s:195    .text:0000000000000094 .LBE28
     /tmp/ccjcfE1Y.s:2755   .debug_loc:0000000000000313 .LLST8
     /tmp/ccjcfE1Y.s:2966   .debug_str:0000000000000280 .LASF99
     /tmp/ccjcfE1Y.s:3108   .debug_str:0000000000000710 .LASF100
     /tmp/ccjcfE1Y.s:90     .text:0000000000000040 .LFB21
     /tmp/ccjcfE1Y.s:161    .text:000000000000007c .LFE21
     /tmp/ccjcfE1Y.s:2763   .debug_loc:0000000000000337 .LLST4
     /tmp/ccjcfE1Y.s:2788   .debug_loc:0000000000000399 .LLST5
     /tmp/ccjcfE1Y.s:2802   .debug_loc:00000000000003d2 .LLST6
     /tmp/ccjcfE1Y.s:113    .text:0000000000000054 .LBB26
     /tmp/ccjcfE1Y.s:130    .text:0000000000000060 .LBE26
     /tmp/ccjcfE1Y.s:2809   .debug_loc:00000000000003f5 .LLST7
     /tmp/ccjcfE1Y.s:3064   .debug_str:0000000000000528 .LASF101
     /tmp/ccjcfE1Y.s:2912   .debug_str:0000000000000128 .LASF102
     /tmp/ccjcfE1Y.s:10     .text:0000000000000000 .LFB20
     /tmp/ccjcfE1Y.s:84     .text:0000000000000040 .LFE20
     /tmp/ccjcfE1Y.s:2817   .debug_loc:0000000000000419 .LLST0
     /tmp/ccjcfE1Y.s:3028   .debug_str:0000000000000423 .LASF104
     /tmp/ccjcfE1Y.s:2831   .debug_loc:0000000000000452 .LLST1
     /tmp/ccjcfE1Y.s:3084   .debug_str:0000000000000655 .LASF105
     /tmp/ccjcfE1Y.s:2838   .debug_loc:0000000000000475 .LLST2
     /tmp/ccjcfE1Y.s:47     .text:0000000000000024 .LBB24
     /tmp/ccjcfE1Y.s:65     .text:0000000000000030 .LBE24
     /tmp/ccjcfE1Y.s:2845   .debug_loc:0000000000000498 .LLST3
     /tmp/ccjcfE1Y.s:3104   .debug_str:00000000000006e7 .LASF120
     /tmp/ccjcfE1Y.s:2904   .debug_str:00000000000000f8 .LASF121
     /tmp/ccjcfE1Y.s:2958   .debug_str:0000000000000261 .LASF122
     /tmp/ccjcfE1Y.s:641    .text:00000000000001e8 .LVL49
     /tmp/ccjcfE1Y.s:682    .text:0000000000000208 .LVL52
GAS LISTING /tmp/ccjcfE1Y.s 			page 24


     /tmp/ccjcfE1Y.s:687    .text:000000000000020c .LVL53
     /tmp/ccjcfE1Y.s:655    .text:00000000000001f8 .LVL50
     /tmp/ccjcfE1Y.s:671    .text:0000000000000204 .LVL51
     /tmp/ccjcfE1Y.s:578    .text:00000000000001b8 .LVL44
     /tmp/ccjcfE1Y.s:619    .text:00000000000001d8 .LVL47
     /tmp/ccjcfE1Y.s:624    .text:00000000000001dc .LVL48
     /tmp/ccjcfE1Y.s:592    .text:00000000000001c8 .LVL45
     /tmp/ccjcfE1Y.s:608    .text:00000000000001d4 .LVL46
     /tmp/ccjcfE1Y.s:515    .text:0000000000000188 .LVL39
     /tmp/ccjcfE1Y.s:556    .text:00000000000001a8 .LVL42
     /tmp/ccjcfE1Y.s:561    .text:00000000000001ac .LVL43
     /tmp/ccjcfE1Y.s:529    .text:0000000000000198 .LVL40
     /tmp/ccjcfE1Y.s:545    .text:00000000000001a4 .LVL41
     /tmp/ccjcfE1Y.s:447    .text:0000000000000154 .LVL34
     /tmp/ccjcfE1Y.s:493    .text:0000000000000178 .LVL37
     /tmp/ccjcfE1Y.s:498    .text:000000000000017c .LVL38
     /tmp/ccjcfE1Y.s:466    .text:0000000000000168 .LVL35
     /tmp/ccjcfE1Y.s:482    .text:0000000000000174 .LVL36
     /tmp/ccjcfE1Y.s:411    .text:000000000000013c .LVL32
     /tmp/ccjcfE1Y.s:426    .text:0000000000000148 .LVL33
     /tmp/ccjcfE1Y.s:382    .text:0000000000000120 .LVL30
     /tmp/ccjcfE1Y.s:387    .text:0000000000000124 .LVL31
     /tmp/ccjcfE1Y.s:356    .text:0000000000000110 .LVL28
     /tmp/ccjcfE1Y.s:371    .text:000000000000011c .LVL29
     /tmp/ccjcfE1Y.s:276    .text:00000000000000cc .LVL23
     /tmp/ccjcfE1Y.s:327    .text:00000000000000f4 .LVL26
     /tmp/ccjcfE1Y.s:332    .text:00000000000000f8 .LVL27
     /tmp/ccjcfE1Y.s:300    .text:00000000000000e4 .LVL24
     /tmp/ccjcfE1Y.s:316    .text:00000000000000f0 .LVL25
     /tmp/ccjcfE1Y.s:230    .text:00000000000000b0 .LVL20
     /tmp/ccjcfE1Y.s:245    .text:00000000000000bc .LVL21
     /tmp/ccjcfE1Y.s:177    .text:0000000000000088 .LVL17
     /tmp/ccjcfE1Y.s:192    .text:0000000000000094 .LVL18
     /tmp/ccjcfE1Y.s:93     .text:0000000000000040 .LVL9
     /tmp/ccjcfE1Y.s:138    .text:0000000000000064 .LVL13
     /tmp/ccjcfE1Y.s:153    .text:0000000000000074 .LVL15
     /tmp/ccjcfE1Y.s:158    .text:0000000000000078 .LVL16
     /tmp/ccjcfE1Y.s:103    .text:0000000000000050 .LVL10
     /tmp/ccjcfE1Y.s:143    .text:0000000000000068 .LVL14
     /tmp/ccjcfE1Y.s:111    .text:0000000000000054 .LVL11
     /tmp/ccjcfE1Y.s:127    .text:0000000000000060 .LVL12
     /tmp/ccjcfE1Y.s:14     .text:0000000000000000 .LVL0
     /tmp/ccjcfE1Y.s:34     .text:000000000000001c .LVL3
     /tmp/ccjcfE1Y.s:24     .text:0000000000000010 .LVL1
     /tmp/ccjcfE1Y.s:52     .text:0000000000000028 .LVL6
     /tmp/ccjcfE1Y.s:37     .text:0000000000000020 .LVL4
     /tmp/ccjcfE1Y.s:73     .text:0000000000000034 .LVL8
     /tmp/ccjcfE1Y.s:45     .text:0000000000000024 .LVL5
     /tmp/ccjcfE1Y.s:62     .text:0000000000000030 .LVL7
     /tmp/ccjcfE1Y.s:704    .debug_info:0000000000000000 .Ldebug_info0

NO UNDEFINED SYMBOLS
