GAS LISTING /tmp/ccqtyUZy.s 			page 1


   1              		.file	"TCB.cpp"
   2              		.option pic
   3              		.option norelax
   4              		.text
   5              	.Ltext0:
   6              		.align	2
   7              		.globl	_ZN3TCB12createThreadEPFvPvES0_Pm
   9              	_ZN3TCB12createThreadEPFvPvES0_Pm:
  10              	.LFB27:
  11              		.file 1 "src/TCB.cpp"
   1:src/TCB.cpp   **** #include "../h/TCB.hpp"
   2:src/TCB.cpp   **** #include "../h/Scheduler.hpp"
   3:src/TCB.cpp   **** #include  "../h/print.hpp"
   4:src/TCB.cpp   **** #include "../h/syscall_c.hpp"
   5:src/TCB.cpp   **** 
   6:src/TCB.cpp   **** extern "C" void context_switch(TCB::Context* oldContext, TCB::Context* newContext);
   7:src/TCB.cpp   **** 
   8:src/TCB.cpp   **** TCB* TCB::running=nullptr;
   9:src/TCB.cpp   **** 
  10:src/TCB.cpp   **** TCB* TCB::createThread(Body body, void *arg, uint64 *stack) {
  12              		.loc 1 10 61
  13              		.cfi_startproc
  14              		.cfi_personality 0x9b,DW.ref.__gxx_personality_v0
  15              		.cfi_lsda 0x1b,.LLSDA27
  16              	.LVL0:
  17 0000 130101FD 		addi	sp,sp,-48
  18              		.cfi_def_cfa_offset 48
  19 0004 23341102 		sd	ra,40(sp)
  20 0008 23308102 		sd	s0,32(sp)
  21 000c 233C9100 		sd	s1,24(sp)
  22 0010 23382101 		sd	s2,16(sp)
  23 0014 23343101 		sd	s3,8(sp)
  24 0018 23304101 		sd	s4,0(sp)
  25              		.cfi_offset 1, -8
  26              		.cfi_offset 8, -16
  27              		.cfi_offset 9, -24
  28              		.cfi_offset 18, -32
  29              		.cfi_offset 19, -40
  30              		.cfi_offset 20, -48
  31 001c 13040103 		addi	s0,sp,48
  32              		.cfi_def_cfa 8, 0
  33 0020 93090500 		mv	s3,a0
  34 0024 138A0500 		mv	s4,a1
  35 0028 13090600 		mv	s2,a2
  11:src/TCB.cpp   ****     return new TCB(body, arg, stack);
  36              		.loc 1 11 5
  37              	.LVL1:
  38              	.LBB17:
  39              	.LBB18:
  40              		.file 2 "src/../h/TCB.hpp"
   1:src/../h/TCB.hpp **** //
   2:src/../h/TCB.hpp **** // Created by os on 9/23/25.
   3:src/../h/TCB.hpp **** //
   4:src/../h/TCB.hpp **** 
   5:src/../h/TCB.hpp **** #ifndef PROJECT_BASE_V1_1_COPY_TCB_HPP
   6:src/../h/TCB.hpp **** #define PROJECT_BASE_V1_1_COPY_TCB_HPP
   7:src/../h/TCB.hpp **** #include "../lib/hw.h"
GAS LISTING /tmp/ccqtyUZy.s 			page 2


   8:src/../h/TCB.hpp **** #include "../h/Scheduler.hpp"
   9:src/../h/TCB.hpp **** #include "../h/Riscv.hpp"
  10:src/../h/TCB.hpp **** #include "../h/MemoryAllocator.hpp"
  11:src/../h/TCB.hpp **** class TCB
  12:src/../h/TCB.hpp **** {
  13:src/../h/TCB.hpp **** public:
  14:src/../h/TCB.hpp ****     void* operator new(size_t size)
  15:src/../h/TCB.hpp **** {
  16:src/../h/TCB.hpp ****     return MemoryAllocator::Instance()->mem_alloc(size);
  41              		.loc 2 16 5
  42              	.LEHB0:
  43              		.loc 2 16 50 is_stmt 0
  44 002c 97000000 		call	_ZN15MemoryAllocator8InstanceEv@plt
  44      E7800000 
  45              	.LVL2:
  46 0034 93058003 		li	a1,56
  47 0038 97000000 		call	_ZN15MemoryAllocator9mem_allocEm@plt
  47      E7800000 
  48              	.LVL3:
  49              	.LEHE0:
  50 0040 93040500 		mv	s1,a0
  51              	.LVL4:
  52              	.LBE18:
  53              	.LBE17:
  54              	.LBB19:
  55              	.LBB20:
  17:src/../h/TCB.hpp **** }
  18:src/../h/TCB.hpp **** 
  19:src/../h/TCB.hpp ****     void operator delete(void* ptr)
  20:src/../h/TCB.hpp ****     {
  21:src/../h/TCB.hpp ****         return MemoryAllocator::Instance()->mem_free(ptr);
  22:src/../h/TCB.hpp ****     }
  23:src/../h/TCB.hpp **** 
  24:src/../h/TCB.hpp **** 
  25:src/../h/TCB.hpp ****     using Body=void(*)(void*);
  26:src/../h/TCB.hpp **** 
  27:src/../h/TCB.hpp ****     ~TCB()
  28:src/../h/TCB.hpp ****     {
  29:src/../h/TCB.hpp ****         delete stack;
  30:src/../h/TCB.hpp ****     }
  31:src/../h/TCB.hpp **** 
  32:src/../h/TCB.hpp ****     static TCB* createThread(Body body, void* arg, uint64* stack);
  33:src/../h/TCB.hpp **** 
  34:src/../h/TCB.hpp ****     static void dispatch();
  35:src/../h/TCB.hpp ****     static int exit();
  36:src/../h/TCB.hpp **** 
  37:src/../h/TCB.hpp ****     bool isFinished() const { return finished;}
  38:src/../h/TCB.hpp **** 
  39:src/../h/TCB.hpp ****     void setSysThread(bool sysThread) { this->sysThread = sysThread; }
  40:src/../h/TCB.hpp **** 
  41:src/../h/TCB.hpp ****     bool isSysThread() const { return sysThread; }
  42:src/../h/TCB.hpp **** 
  43:src/../h/TCB.hpp **** 
  44:src/../h/TCB.hpp ****     static TCB* running;
  45:src/../h/TCB.hpp **** 
  46:src/../h/TCB.hpp ****     struct Context
  47:src/../h/TCB.hpp ****     {
GAS LISTING /tmp/ccqtyUZy.s 			page 3


  48:src/../h/TCB.hpp ****         uint64 ra;
  49:src/../h/TCB.hpp ****         uint64 sp;
  50:src/../h/TCB.hpp ****     };
  51:src/../h/TCB.hpp **** 
  52:src/../h/TCB.hpp **** private:
  53:src/../h/TCB.hpp ****     TCB(Body body, void* arg, uint64* stackMem,bool sysThread=false)
  54:src/../h/TCB.hpp ****         : finished(false),
  55:src/../h/TCB.hpp ****           stack(stackMem),
  56:src/../h/TCB.hpp ****           arg(arg),   // now in correct order
  57:src/../h/TCB.hpp ****           context({
  58:src/../h/TCB.hpp ****               body != nullptr ? (uint64)&TCBWrapper : 0,
  59:src/../h/TCB.hpp ****               body != nullptr ? (uint64)((char*)stackMem + DEFAULT_STACK_SIZE) : 0
  60:src/../h/TCB.hpp ****           }),
  61:src/../h/TCB.hpp ****           body(body)
  56              		.loc 2 61 20
  57 0044 23000500 		sb	zero,0(a0)
  58 0048 23342501 		sd	s2,8(a0)
  59 004c 23384501 		sd	s4,16(a0)
  58:src/../h/TCB.hpp ****               body != nullptr ? (uint64)((char*)stackMem + DEFAULT_STACK_SIZE) : 0
  60              		.loc 2 58 31
  61 0050 63820904 		beqz	s3,.L7
  62 0054 97070000 		lla	a5,_ZN3TCB10TCBWrapperEv
  62      93870700 
  63              	.L2:
  64              		.loc 2 61 20
  65 005c 23B0F402 		sd	a5,32(s1)
  59:src/../h/TCB.hpp ****           }),
  66              		.loc 2 59 31
  67 0060 638E0902 		beqz	s3,.L8
  59:src/../h/TCB.hpp ****           }),
  68              		.loc 2 59 58
  69 0064 37160000 		li	a2,4096
  70 0068 3309C900 		add	s2,s2,a2
  71              	.LVL5:
  72              	.L3:
  73              		.loc 2 61 20
  74 006c 23B42403 		sd	s2,40(s1)
  75 0070 23B83403 		sd	s3,48(s1)
  62:src/../h/TCB.hpp ****     {
  63:src/../h/TCB.hpp ****         this->sysThread = sysThread;
  76              		.loc 2 63 9 is_stmt 1
  77              		.loc 2 63 25 is_stmt 0
  78 0074 238C0400 		sb	zero,24(s1)
  64:src/../h/TCB.hpp ****         if (running == nullptr) {
  79              		.loc 2 64 9 is_stmt 1
  80              		.loc 2 64 21 is_stmt 0
  81 0078 97070000 		ld	a5,.LANCHOR0
  81      83B70700 
  82              		.loc 2 64 9
  83 0080 63820702 		beqz	a5,.L11
  65:src/../h/TCB.hpp ****             running = this;
  66:src/../h/TCB.hpp ****         } else {
  67:src/../h/TCB.hpp ****             Scheduler::put(this);
  84              		.loc 2 67 13 is_stmt 1
  85              		.loc 2 67 27 is_stmt 0
  86 0084 13850400 		mv	a0,s1
  87              	.LEHB1:
GAS LISTING /tmp/ccqtyUZy.s 			page 4


  88 0088 97000000 		call	_ZN9Scheduler3putEP3TCB@plt
  88      E7800000 
  89              	.LVL6:
  90              	.LEHE1:
  91 0090 6F00C001 		j	.L1
  92              	.LVL7:
  93              	.L7:
  58:src/../h/TCB.hpp ****               body != nullptr ? (uint64)((char*)stackMem + DEFAULT_STACK_SIZE) : 0
  94              		.loc 2 58 31
  95 0094 93070000 		li	a5,0
  96 0098 6FF05FFC 		j	.L2
  97              	.L8:
  59:src/../h/TCB.hpp ****           }),
  98              		.loc 2 59 31
  99 009c 13090000 		li	s2,0
 100              	.LVL8:
 101 00a0 6FF0DFFC 		j	.L3
 102              	.L11:
  65:src/../h/TCB.hpp ****             running = this;
 103              		.loc 2 65 13 is_stmt 1
  65:src/../h/TCB.hpp ****             running = this;
 104              		.loc 2 65 21 is_stmt 0
 105 00a4 97070000 		sd	s1,.LANCHOR0,a5
 105      23B09700 
 106              	.LVL9:
 107              	.L1:
 108              	.LBE20:
 109              	.LBE19:
  12:src/TCB.cpp   **** }
 110              		.loc 1 12 1
 111 00ac 13850400 		mv	a0,s1
 112 00b0 83308102 		ld	ra,40(sp)
 113              		.cfi_remember_state
 114              		.cfi_restore 1
 115 00b4 03340102 		ld	s0,32(sp)
 116              		.cfi_restore 8
 117              		.cfi_def_cfa 2, 48
 118 00b8 83348101 		ld	s1,24(sp)
 119              		.cfi_restore 9
 120              	.LVL10:
 121 00bc 03390101 		ld	s2,16(sp)
 122              		.cfi_restore 18
 123 00c0 83398100 		ld	s3,8(sp)
 124              		.cfi_restore 19
 125              	.LVL11:
 126 00c4 033A0100 		ld	s4,0(sp)
 127              		.cfi_restore 20
 128              	.LVL12:
 129 00c8 13010103 		addi	sp,sp,48
 130              		.cfi_def_cfa_offset 0
 131 00cc 67800000 		jr	ra
 132              	.LVL13:
 133              	.L9:
 134              		.cfi_restore_state
 135 00d0 13090500 		mv	s2,a0
 136              	.LVL14:
 137              	.LBB21:
GAS LISTING /tmp/ccqtyUZy.s 			page 5


 138              	.LBB22:
  21:src/../h/TCB.hpp ****     }
 139              		.loc 2 21 9 is_stmt 1
  21:src/../h/TCB.hpp ****     }
 140              		.loc 2 21 53 is_stmt 0
 141 00d4 97000000 		call	_ZN15MemoryAllocator8InstanceEv@plt
 141      E7800000 
 142              	.LVL15:
 143 00dc 93850400 		mv	a1,s1
 144 00e0 97000000 		call	_ZN15MemoryAllocator8mem_freeEPv@plt
 144      E7800000 
 145              	.LVL16:
 146 00e8 13050900 		mv	a0,s2
 147              	.LEHB2:
 148 00ec 97000000 		call	_Unwind_Resume@plt
 148      E7800000 
 149              	.LVL17:
 150              	.LEHE2:
 151              	.LBE22:
 152              	.LBE21:
 153              		.cfi_endproc
 154              	.LFE27:
 155              		.globl	__gxx_personality_v0
 156              		.section	.gcc_except_table,"a",@progbits
 157              	.LLSDA27:
 158 0000 FF       		.byte	0xff
 159 0001 FF       		.byte	0xff
 160 0002 03       		.byte	0x3
 161 0003 27       		.byte	0x27
 162 0004 00000000 		.4byte	.LEHB0-.LFB27
 163 0008 00000000 		.4byte	.LEHE0-.LEHB0
 164 000c 00000000 		.4byte	0
 165 0010 00       		.byte	0
 166 0011 00000000 		.4byte	.LEHB1-.LFB27
 167 0015 00000000 		.4byte	.LEHE1-.LEHB1
 168 0019 00000000 		.4byte	.L9-.LFB27
 169 001d 00       		.byte	0
 170 001e 00000000 		.4byte	.LEHB2-.LFB27
 171 0022 00000000 		.4byte	.LEHE2-.LEHB2
 172 0026 00000000 		.4byte	0
 173 002a 00       		.byte	0
 174              		.text
 176              		.align	2
 177              		.globl	_ZN3TCB8dispatchEv
 179              	_ZN3TCB8dispatchEv:
 180              	.LFB28:
  13:src/TCB.cpp   **** 
  14:src/TCB.cpp   **** void TCB::dispatch() {
 181              		.loc 1 14 22 is_stmt 1
 182              		.cfi_startproc
 183 00f4 130101FE 		addi	sp,sp,-32
 184              		.cfi_def_cfa_offset 32
 185 00f8 233C1100 		sd	ra,24(sp)
 186 00fc 23388100 		sd	s0,16(sp)
 187 0100 23349100 		sd	s1,8(sp)
 188              		.cfi_offset 1, -8
 189              		.cfi_offset 8, -16
GAS LISTING /tmp/ccqtyUZy.s 			page 6


 190              		.cfi_offset 9, -24
 191 0104 13040102 		addi	s0,sp,32
 192              		.cfi_def_cfa 8, 0
  15:src/TCB.cpp   ****     //printString("TCB::dispatch()\n");
  16:src/TCB.cpp   ****     TCB *old=running;
 193              		.loc 1 16 5
 194              		.loc 1 16 10 is_stmt 0
 195 0108 97040000 		ld	s1,.LANCHOR0
 195      83B40400 
 196              	.LVL18:
  17:src/TCB.cpp   ****     if (!old->isFinished()) {
 197              		.loc 1 17 5 is_stmt 1
 198              	.LBB23:
 199              	.LBB24:
  37:src/../h/TCB.hpp **** 
 200              		.loc 2 37 31
  37:src/../h/TCB.hpp **** 
 201              		.loc 2 37 38 is_stmt 0
 202 0110 83C70400 		lbu	a5,0(s1)
 203              	.LVL19:
 204              	.LBE24:
 205              	.LBE23:
 206              		.loc 1 17 5
 207 0114 638C0702 		beqz	a5,.L15
 208              	.L13:
  18:src/TCB.cpp   ****         Scheduler::put(old);
  19:src/TCB.cpp   ****     }
  20:src/TCB.cpp   ****     running=Scheduler::get();
 209              		.loc 1 20 5 is_stmt 1
 210              		.loc 1 20 27 is_stmt 0
 211 0118 97000000 		call	_ZN9Scheduler3getEv@plt
 211      E7800000 
 212              	.LVL20:
 213              		.loc 1 20 12
 214 0120 97070000 		sd	a0,.LANCHOR0,a5
 214      23B0A700 
  21:src/TCB.cpp   **** 
  22:src/TCB.cpp   **** 
  23:src/TCB.cpp   ****     //Riscv::restorePrivilege();
  24:src/TCB.cpp   ****     context_switch(&old->context, &running->context);
 215              		.loc 1 24 5 is_stmt 1
 216              		.loc 1 24 19 is_stmt 0
 217 0128 93050502 		addi	a1,a0,32
 218 012c 13850402 		addi	a0,s1,32
 219 0130 97000000 		call	context_switch@plt
 219      E7800000 
 220              	.LVL21:
  25:src/TCB.cpp   **** }
 221              		.loc 1 25 1
 222 0138 83308101 		ld	ra,24(sp)
 223              		.cfi_remember_state
 224              		.cfi_restore 1
 225 013c 03340101 		ld	s0,16(sp)
 226              		.cfi_restore 8
 227              		.cfi_def_cfa 2, 32
 228 0140 83348100 		ld	s1,8(sp)
 229              		.cfi_restore 9
GAS LISTING /tmp/ccqtyUZy.s 			page 7


 230              	.LVL22:
 231 0144 13010102 		addi	sp,sp,32
 232              		.cfi_def_cfa_offset 0
 233 0148 67800000 		jr	ra
 234              	.LVL23:
 235              	.L15:
 236              		.cfi_restore_state
  18:src/TCB.cpp   ****         Scheduler::put(old);
 237              		.loc 1 18 9 is_stmt 1
  18:src/TCB.cpp   ****         Scheduler::put(old);
 238              		.loc 1 18 23 is_stmt 0
 239 014c 13850400 		mv	a0,s1
 240 0150 97000000 		call	_ZN9Scheduler3putEP3TCB@plt
 240      E7800000 
 241              	.LVL24:
 242 0158 6FF01FFC 		j	.L13
 243              		.cfi_endproc
 244              	.LFE28:
 246              		.align	2
 247              		.globl	_ZN3TCB4exitEv
 249              	_ZN3TCB4exitEv:
 250              	.LFB29:
  26:src/TCB.cpp   **** 
  27:src/TCB.cpp   **** 
  28:src/TCB.cpp   **** 
  29:src/TCB.cpp   **** int TCB::exit() {
 251              		.loc 1 29 17 is_stmt 1
 252              		.cfi_startproc
  30:src/TCB.cpp   ****     if (running->isFinished()) {
 253              		.loc 1 30 5
 254              		.loc 1 30 28 is_stmt 0
 255 015c 97070000 		ld	a5,.LANCHOR0
 255      83B70700 
 256              	.LVL25:
 257              	.LBB25:
 258              	.LBB26:
  37:src/../h/TCB.hpp **** 
 259              		.loc 2 37 31 is_stmt 1
  37:src/../h/TCB.hpp **** 
 260              		.loc 2 37 38 is_stmt 0
 261 0164 03C70700 		lbu	a4,0(a5)
 262              	.LVL26:
 263              	.LBE26:
 264              	.LBE25:
 265              		.loc 1 30 5
 266 0168 631C0702 		bnez	a4,.L18
  29:src/TCB.cpp   ****     if (running->isFinished()) {
 267              		.loc 1 29 17
 268 016c 130101FF 		addi	sp,sp,-16
 269              		.cfi_def_cfa_offset 16
 270 0170 23341100 		sd	ra,8(sp)
 271 0174 23308100 		sd	s0,0(sp)
 272              		.cfi_offset 1, -8
 273              		.cfi_offset 8, -16
 274 0178 13040101 		addi	s0,sp,16
 275              		.cfi_def_cfa 8, 0
  31:src/TCB.cpp   ****         return -1;
GAS LISTING /tmp/ccqtyUZy.s 			page 8


  32:src/TCB.cpp   ****     }
  33:src/TCB.cpp   ****     running->finished=true;
 276              		.loc 1 33 5 is_stmt 1
 277              		.loc 1 33 22 is_stmt 0
 278 017c 13071000 		li	a4,1
 279 0180 2380E700 		sb	a4,0(a5)
  34:src/TCB.cpp   ****     thread_dispatch();
 280              		.loc 1 34 5 is_stmt 1
 281              		.loc 1 34 20 is_stmt 0
 282 0184 97000000 		call	_Z15thread_dispatchv@plt
 282      E7800000 
 283              	.LVL27:
  35:src/TCB.cpp   ****     return 0;
 284              		.loc 1 35 5 is_stmt 1
 285              		.loc 1 35 12 is_stmt 0
 286 018c 13050000 		li	a0,0
  36:src/TCB.cpp   **** }
 287              		.loc 1 36 1
 288 0190 83308100 		ld	ra,8(sp)
 289              		.cfi_restore 1
 290 0194 03340100 		ld	s0,0(sp)
 291              		.cfi_restore 8
 292              		.cfi_def_cfa 2, 16
 293 0198 13010101 		addi	sp,sp,16
 294              		.cfi_def_cfa_offset 0
 295 019c 67800000 		jr	ra
 296              	.L18:
  31:src/TCB.cpp   ****     }
 297              		.loc 1 31 17
 298 01a0 1305F0FF 		li	a0,-1
 299              		.loc 1 36 1
 300 01a4 67800000 		ret
 301              		.cfi_endproc
 302              	.LFE29:
 304              		.align	2
 305              		.globl	_ZN3TCB10TCBWrapperEv
 307              	_ZN3TCB10TCBWrapperEv:
 308              	.LFB30:
  37:src/TCB.cpp   **** 
  38:src/TCB.cpp   **** void TCB::TCBWrapper() {
 309              		.loc 1 38 24 is_stmt 1
 310              		.cfi_startproc
 311 01a8 130101FF 		addi	sp,sp,-16
 312              		.cfi_def_cfa_offset 16
 313 01ac 23341100 		sd	ra,8(sp)
 314 01b0 23308100 		sd	s0,0(sp)
 315              		.cfi_offset 1, -8
 316              		.cfi_offset 8, -16
 317 01b4 13040101 		addi	s0,sp,16
 318              		.cfi_def_cfa 8, 0
  39:src/TCB.cpp   ****     //printString("Entered wrapper\n");
  40:src/TCB.cpp   ****     //Riscv::restorePrivilege();
  41:src/TCB.cpp   ****     Riscv::popSppSpie();
 319              		.loc 1 41 5
 320              		.loc 1 41 22 is_stmt 0
 321 01b8 97000000 		call	_ZN5Riscv10popSppSpieEv@plt
 321      E7800000 
GAS LISTING /tmp/ccqtyUZy.s 			page 9


 322              	.LVL28:
  42:src/TCB.cpp   ****     running->body(running->arg);
 323              		.loc 1 42 5 is_stmt 1
 324              		.loc 1 42 14 is_stmt 0
 325 01c0 97070000 		ld	a5,.LANCHOR0
 325      83B70700 
 326 01c8 03B70703 		ld	a4,48(a5)
 327              		.loc 1 42 18
 328 01cc 03B50701 		ld	a0,16(a5)
 329 01d0 E7000700 		jalr	a4
 330              	.LVL29:
  43:src/TCB.cpp   ****     exit();
 331              		.loc 1 43 5 is_stmt 1
 332              		.loc 1 43 9 is_stmt 0
 333 01d4 97000000 		call	_ZN3TCB4exitEv
 333      E7800000 
 334              	.LVL30:
  44:src/TCB.cpp   **** }...
 335              		.loc 1 44 1
 336 01dc 83308100 		ld	ra,8(sp)
 337              		.cfi_restore 1
 338 01e0 03340100 		ld	s0,0(sp)
 339              		.cfi_restore 8
 340              		.cfi_def_cfa 2, 16
 341 01e4 13010101 		addi	sp,sp,16
 342              		.cfi_def_cfa_offset 0
 343 01e8 67800000 		jr	ra
 344              		.cfi_endproc
 345              	.LFE30:
 347              		.globl	_ZN3TCB7runningE
 348              		.bss
 349              		.align	3
 350              		.set	.LANCHOR0,. + 0
 353              	_ZN3TCB7runningE:
 354 0000 00000000 		.zero	8
 354      00000000 
 355              		.text
 356              	.Letext0:
 357              		.file 3 "src/../h/../lib/hw.h"
 358              		.file 4 "src/../h/../h/Scheduler.hpp"
 359              		.file 5 "src/../h/../h/Riscv.hpp"
 360              		.file 6 "src/../h/../h/MemoryAllocator.hpp"
 361              		.file 7 "src/../h/syscall_c.hpp"
 2712              		.align	3
 2715              	DW.ref.__gxx_personality_v0:
 2716 0000 00000000 		.dword	__gxx_personality_v0
 2716      00000000 
 2717              		.ident	"GCC: (Ubuntu 9.4.0-1ubuntu1~20.04) 9.4.0"
 2718              		.section	.note.GNU-stack,"",@progbits
GAS LISTING /tmp/ccqtyUZy.s 			page 10


DEFINED SYMBOLS
                            *ABS*:0000000000000000 TCB.cpp
     /tmp/ccqtyUZy.s:9      .text:0000000000000000 _ZN3TCB12createThreadEPFvPvES0_Pm
     /tmp/ccqtyUZy.s:13     .text:0000000000000000 .L0 
     /tmp/ccqtyUZy.s:2715   .data.rel.local.DW.ref.__gxx_personality_v0:0000000000000000 DW.ref.__gxx_personality_v0
     /tmp/ccqtyUZy.s:17     .text:0000000000000000 .L0 
     /tmp/ccqtyUZy.s:18     .text:0000000000000004 .L0 
     /tmp/ccqtyUZy.s:25     .text:000000000000001c .L0 
     /tmp/ccqtyUZy.s:26     .text:000000000000001c .L0 
     /tmp/ccqtyUZy.s:27     .text:000000000000001c .L0 
     /tmp/ccqtyUZy.s:28     .text:000000000000001c .L0 
     /tmp/ccqtyUZy.s:29     .text:000000000000001c .L0 
     /tmp/ccqtyUZy.s:30     .text:000000000000001c .L0 
     /tmp/ccqtyUZy.s:32     .text:0000000000000020 .L0 
     /tmp/ccqtyUZy.s:41     .text:000000000000002c .L0 
     /tmp/ccqtyUZy.s:43     .text:000000000000002c .L0 
     /tmp/ccqtyUZy.s:44     .text:000000000000002c .L0 
     /tmp/ccqtyUZy.s:57     .text:0000000000000044 .L0 
     /tmp/ccqtyUZy.s:61     .text:0000000000000050 .L0 
     /tmp/ccqtyUZy.s:307    .text:00000000000001a8 _ZN3TCB10TCBWrapperEv
     /tmp/ccqtyUZy.s:65     .text:000000000000005c .L0 
     /tmp/ccqtyUZy.s:67     .text:0000000000000060 .L0 
     /tmp/ccqtyUZy.s:69     .text:0000000000000064 .L0 
     /tmp/ccqtyUZy.s:74     .text:000000000000006c .L0 
     /tmp/ccqtyUZy.s:77     .text:0000000000000074 .L0 
     /tmp/ccqtyUZy.s:78     .text:0000000000000074 .L0 
     /tmp/ccqtyUZy.s:80     .text:0000000000000078 .L0 
     /tmp/ccqtyUZy.s:81     .text:0000000000000078 .L0 
     /tmp/ccqtyUZy.s:83     .text:0000000000000080 .L0 
     /tmp/ccqtyUZy.s:85     .text:0000000000000084 .L0 
     /tmp/ccqtyUZy.s:86     .text:0000000000000084 .L0 
     /tmp/ccqtyUZy.s:95     .text:0000000000000094 .L0 
     /tmp/ccqtyUZy.s:99     .text:000000000000009c .L0 
     /tmp/ccqtyUZy.s:104    .text:00000000000000a4 .L0 
     /tmp/ccqtyUZy.s:105    .text:00000000000000a4 .L0 
     /tmp/ccqtyUZy.s:111    .text:00000000000000ac .L0 
     /tmp/ccqtyUZy.s:113    .text:00000000000000b4 .L0 
     /tmp/ccqtyUZy.s:114    .text:00000000000000b4 .L0 
     /tmp/ccqtyUZy.s:116    .text:00000000000000b8 .L0 
     /tmp/ccqtyUZy.s:117    .text:00000000000000b8 .L0 
     /tmp/ccqtyUZy.s:119    .text:00000000000000bc .L0 
     /tmp/ccqtyUZy.s:122    .text:00000000000000c0 .L0 
     /tmp/ccqtyUZy.s:124    .text:00000000000000c4 .L0 
     /tmp/ccqtyUZy.s:127    .text:00000000000000c8 .L0 
     /tmp/ccqtyUZy.s:130    .text:00000000000000cc .L0 
     /tmp/ccqtyUZy.s:134    .text:00000000000000d0 .L0 
     /tmp/ccqtyUZy.s:140    .text:00000000000000d4 .L0 
     /tmp/ccqtyUZy.s:141    .text:00000000000000d4 .L0 
     /tmp/ccqtyUZy.s:153    .text:00000000000000f4 .L0 
     /tmp/ccqtyUZy.s:179    .text:00000000000000f4 _ZN3TCB8dispatchEv
     /tmp/ccqtyUZy.s:182    .text:00000000000000f4 .L0 
     /tmp/ccqtyUZy.s:183    .text:00000000000000f4 .L0 
     /tmp/ccqtyUZy.s:184    .text:00000000000000f8 .L0 
     /tmp/ccqtyUZy.s:188    .text:0000000000000104 .L0 
     /tmp/ccqtyUZy.s:189    .text:0000000000000104 .L0 
     /tmp/ccqtyUZy.s:190    .text:0000000000000104 .L0 
     /tmp/ccqtyUZy.s:192    .text:0000000000000108 .L0 
GAS LISTING /tmp/ccqtyUZy.s 			page 11


     /tmp/ccqtyUZy.s:194    .text:0000000000000108 .L0 
     /tmp/ccqtyUZy.s:195    .text:0000000000000108 .L0 
     /tmp/ccqtyUZy.s:200    .text:0000000000000110 .L0 
     /tmp/ccqtyUZy.s:201    .text:0000000000000110 .L0 
     /tmp/ccqtyUZy.s:202    .text:0000000000000110 .L0 
     /tmp/ccqtyUZy.s:207    .text:0000000000000114 .L0 
     /tmp/ccqtyUZy.s:210    .text:0000000000000118 .L0 
     /tmp/ccqtyUZy.s:211    .text:0000000000000118 .L0 
     /tmp/ccqtyUZy.s:214    .text:0000000000000120 .L0 
     /tmp/ccqtyUZy.s:216    .text:0000000000000128 .L0 
     /tmp/ccqtyUZy.s:217    .text:0000000000000128 .L0 
     /tmp/ccqtyUZy.s:222    .text:0000000000000138 .L0 
     /tmp/ccqtyUZy.s:223    .text:000000000000013c .L0 
     /tmp/ccqtyUZy.s:224    .text:000000000000013c .L0 
     /tmp/ccqtyUZy.s:226    .text:0000000000000140 .L0 
     /tmp/ccqtyUZy.s:227    .text:0000000000000140 .L0 
     /tmp/ccqtyUZy.s:229    .text:0000000000000144 .L0 
     /tmp/ccqtyUZy.s:232    .text:0000000000000148 .L0 
     /tmp/ccqtyUZy.s:236    .text:000000000000014c .L0 
     /tmp/ccqtyUZy.s:238    .text:000000000000014c .L0 
     /tmp/ccqtyUZy.s:239    .text:000000000000014c .L0 
     /tmp/ccqtyUZy.s:243    .text:000000000000015c .L0 
     /tmp/ccqtyUZy.s:249    .text:000000000000015c _ZN3TCB4exitEv
     /tmp/ccqtyUZy.s:252    .text:000000000000015c .L0 
     /tmp/ccqtyUZy.s:253    .text:000000000000015c .L0 
     /tmp/ccqtyUZy.s:254    .text:000000000000015c .L0 
     /tmp/ccqtyUZy.s:255    .text:000000000000015c .L0 
     /tmp/ccqtyUZy.s:260    .text:0000000000000164 .L0 
     /tmp/ccqtyUZy.s:261    .text:0000000000000164 .L0 
     /tmp/ccqtyUZy.s:266    .text:0000000000000168 .L0 
     /tmp/ccqtyUZy.s:268    .text:000000000000016c .L0 
     /tmp/ccqtyUZy.s:269    .text:0000000000000170 .L0 
     /tmp/ccqtyUZy.s:272    .text:0000000000000178 .L0 
     /tmp/ccqtyUZy.s:273    .text:0000000000000178 .L0 
     /tmp/ccqtyUZy.s:275    .text:000000000000017c .L0 
     /tmp/ccqtyUZy.s:277    .text:000000000000017c .L0 
     /tmp/ccqtyUZy.s:278    .text:000000000000017c .L0 
     /tmp/ccqtyUZy.s:281    .text:0000000000000184 .L0 
     /tmp/ccqtyUZy.s:282    .text:0000000000000184 .L0 
     /tmp/ccqtyUZy.s:285    .text:000000000000018c .L0 
     /tmp/ccqtyUZy.s:286    .text:000000000000018c .L0 
     /tmp/ccqtyUZy.s:288    .text:0000000000000190 .L0 
     /tmp/ccqtyUZy.s:289    .text:0000000000000194 .L0 
     /tmp/ccqtyUZy.s:291    .text:0000000000000198 .L0 
     /tmp/ccqtyUZy.s:292    .text:0000000000000198 .L0 
     /tmp/ccqtyUZy.s:294    .text:000000000000019c .L0 
     /tmp/ccqtyUZy.s:298    .text:00000000000001a0 .L0 
     /tmp/ccqtyUZy.s:300    .text:00000000000001a4 .L0 
     /tmp/ccqtyUZy.s:301    .text:00000000000001a8 .L0 
     /tmp/ccqtyUZy.s:310    .text:00000000000001a8 .L0 
     /tmp/ccqtyUZy.s:311    .text:00000000000001a8 .L0 
     /tmp/ccqtyUZy.s:312    .text:00000000000001ac .L0 
     /tmp/ccqtyUZy.s:315    .text:00000000000001b4 .L0 
     /tmp/ccqtyUZy.s:316    .text:00000000000001b4 .L0 
     /tmp/ccqtyUZy.s:318    .text:00000000000001b8 .L0 
     /tmp/ccqtyUZy.s:320    .text:00000000000001b8 .L0 
     /tmp/ccqtyUZy.s:321    .text:00000000000001b8 .L0 
GAS LISTING /tmp/ccqtyUZy.s 			page 12


     /tmp/ccqtyUZy.s:324    .text:00000000000001c0 .L0 
     /tmp/ccqtyUZy.s:325    .text:00000000000001c0 .L0 
     /tmp/ccqtyUZy.s:328    .text:00000000000001cc .L0 
     /tmp/ccqtyUZy.s:332    .text:00000000000001d4 .L0 
     /tmp/ccqtyUZy.s:333    .text:00000000000001d4 .L0 
     /tmp/ccqtyUZy.s:336    .text:00000000000001dc .L0 
     /tmp/ccqtyUZy.s:337    .text:00000000000001e0 .L0 
     /tmp/ccqtyUZy.s:339    .text:00000000000001e4 .L0 
     /tmp/ccqtyUZy.s:340    .text:00000000000001e4 .L0 
     /tmp/ccqtyUZy.s:342    .text:00000000000001e8 .L0 
     /tmp/ccqtyUZy.s:344    .text:00000000000001ec .L0 
     /tmp/ccqtyUZy.s:353    .bss:0000000000000000 _ZN3TCB7runningE
     /tmp/ccqtyUZy.s:350    .bss:0000000000000000 .LANCHOR0
     /tmp/ccqtyUZy.s:362    .text:00000000000001ec .L0 
     /tmp/ccqtyUZy.s:62     .text:0000000000000054 .L0 
     /tmp/ccqtyUZy.s:81     .text:0000000000000078 .L0 
     /tmp/ccqtyUZy.s:105    .text:00000000000000a4 .L0 
     /tmp/ccqtyUZy.s:195    .text:0000000000000108 .L0 
     /tmp/ccqtyUZy.s:214    .text:0000000000000120 .L0 
     /tmp/ccqtyUZy.s:255    .text:000000000000015c .L0 
     /tmp/ccqtyUZy.s:325    .text:00000000000001c0 .L0 
     /tmp/ccqtyUZy.s:93     .text:0000000000000094 .L7
     /tmp/ccqtyUZy.s:97     .text:000000000000009c .L8
     /tmp/ccqtyUZy.s:102    .text:00000000000000a4 .L11
     /tmp/ccqtyUZy.s:107    .text:00000000000000ac .L1
     /tmp/ccqtyUZy.s:63     .text:000000000000005c .L2
     /tmp/ccqtyUZy.s:72     .text:000000000000006c .L3
     /tmp/ccqtyUZy.s:235    .text:000000000000014c .L15
     /tmp/ccqtyUZy.s:208    .text:0000000000000118 .L13
     /tmp/ccqtyUZy.s:296    .text:00000000000001a0 .L18
     /tmp/ccqtyUZy.s:42     .text:000000000000002c .LEHB0
     /tmp/ccqtyUZy.s:10     .text:0000000000000000 .LFB27
     /tmp/ccqtyUZy.s:49     .text:0000000000000040 .LEHE0
     /tmp/ccqtyUZy.s:87     .text:0000000000000088 .LEHB1
     /tmp/ccqtyUZy.s:90     .text:0000000000000090 .LEHE1
     /tmp/ccqtyUZy.s:133    .text:00000000000000d0 .L9
     /tmp/ccqtyUZy.s:147    .text:00000000000000ec .LEHB2
     /tmp/ccqtyUZy.s:150    .text:00000000000000f4 .LEHE2
     /tmp/ccqtyUZy.s:1405   .debug_abbrev:0000000000000000 .Ldebug_abbrev0
     /tmp/ccqtyUZy.s:2663   .debug_str:0000000000000599 .LASF104
     /tmp/ccqtyUZy.s:2493   .debug_str:000000000000004a .LASF105
     /tmp/ccqtyUZy.s:2585   .debug_str:000000000000030c .LASF106
     /tmp/ccqtyUZy.s:5      .text:0000000000000000 .Ltext0
     /tmp/ccqtyUZy.s:356    .text:00000000000001ec .Letext0
     /tmp/ccqtyUZy.s:2477   .debug_line:0000000000000000 .Ldebug_line0
     /tmp/ccqtyUZy.s:2593   .debug_str:0000000000000379 .LASF0
     /tmp/ccqtyUZy.s:2605   .debug_str:00000000000003c9 .LASF1
     /tmp/ccqtyUZy.s:2583   .debug_str:00000000000002fe .LASF2
     /tmp/ccqtyUZy.s:2553   .debug_str:0000000000000238 .LASF4
     /tmp/ccqtyUZy.s:2645   .debug_str:000000000000050a .LASF3
     /tmp/ccqtyUZy.s:2491   .debug_str:0000000000000043 .LASF5
     /tmp/ccqtyUZy.s:2611   .debug_str:00000000000003fe .LASF6
     /tmp/ccqtyUZy.s:2591   .debug_str:0000000000000366 .LASF7
     /tmp/ccqtyUZy.s:2681   .debug_str:00000000000006ed .LASF8
     /tmp/ccqtyUZy.s:2543   .debug_str:00000000000001e1 .LASF9
     /tmp/ccqtyUZy.s:2621   .debug_str:0000000000000443 .LASF10
     /tmp/ccqtyUZy.s:2667   .debug_str:0000000000000674 .LASF11
GAS LISTING /tmp/ccqtyUZy.s 			page 13


     /tmp/ccqtyUZy.s:2567   .debug_str:000000000000028e .LASF12
     /tmp/ccqtyUZy.s:2481   .debug_str:000000000000000f .LASF13
     /tmp/ccqtyUZy.s:2501   .debug_str:0000000000000088 .LASF14
     /tmp/ccqtyUZy.s:2639   .debug_str:00000000000004be .LASF15
     /tmp/ccqtyUZy.s:2511   .debug_str:00000000000000c9 .LASF16
     /tmp/ccqtyUZy.s:2619   .debug_str:0000000000000439 .LASF17
     /tmp/ccqtyUZy.s:2499   .debug_str:0000000000000070 .LASF34
     /tmp/ccqtyUZy.s:2549   .debug_str:000000000000020b .LASF107
     /tmp/ccqtyUZy.s:2569   .debug_str:000000000000029e .LASF32
     /tmp/ccqtyUZy.s:2483   .debug_str:000000000000001f .LASF77
     /tmp/ccqtyUZy.s:2687   .debug_str:0000000000000728 .LASF19
     /tmp/ccqtyUZy.s:2659   .debug_str:0000000000000581 .LASF21
     /tmp/ccqtyUZy.s:2653   .debug_str:0000000000000550 .LASF18
     /tmp/ccqtyUZy.s:2635   .debug_str:00000000000004a6 .LASF43
     /tmp/ccqtyUZy.s:2523   .debug_str:0000000000000146 .LASF20
     /tmp/ccqtyUZy.s:2629   .debug_str:000000000000047c .LASF22
     /tmp/ccqtyUZy.s:2565   .debug_str:0000000000000281 .LASF23
     /tmp/ccqtyUZy.s:2695   .debug_str:0000000000000752 .LASF24
     /tmp/ccqtyUZy.s:2631   .debug_str:0000000000000488 .LASF95
     /tmp/ccqtyUZy.s:2595   .debug_str:0000000000000386 .LASF66
     /tmp/ccqtyUZy.s:2529   .debug_str:000000000000015d .LASF68
     /tmp/ccqtyUZy.s:2573   .debug_str:00000000000002a9 .LASF25
     /tmp/ccqtyUZy.s:2497   .debug_str:0000000000000061 .LASF48
     /tmp/ccqtyUZy.s:2613   .debug_str:0000000000000411 .LASF28
     /tmp/ccqtyUZy.s:2541   .debug_str:00000000000001ca .LASF30
     /tmp/ccqtyUZy.s:2545   .debug_str:00000000000001ef .LASF26
     /tmp/ccqtyUZy.s:2533   .debug_str:0000000000000175 .LASF27
     /tmp/ccqtyUZy.s:2677   .debug_str:00000000000006c9 .LASF29
     /tmp/ccqtyUZy.s:2587   .debug_str:0000000000000338 .LASF31
     /tmp/ccqtyUZy.s:2527   .debug_str:0000000000000155 .LASF33
     /tmp/ccqtyUZy.s:2603   .debug_str:00000000000003b2 .LASF35
     /tmp/ccqtyUZy.s:2557   .debug_str:0000000000000260 .LASF36
     /tmp/ccqtyUZy.s:2597   .debug_str:000000000000038f .LASF37
     /tmp/ccqtyUZy.s:2525   .debug_str:000000000000014b .LASF38
     /tmp/ccqtyUZy.s:2563   .debug_str:0000000000000279 .LASF39
     /tmp/ccqtyUZy.s:2559   .debug_str:0000000000000269 .LASF40
     /tmp/ccqtyUZy.s:2579   .debug_str:00000000000002d3 .LASF108
     /tmp/ccqtyUZy.s:2675   .debug_str:00000000000006b3 .LASF109
     /tmp/ccqtyUZy.s:2535   .debug_str:000000000000018d .LASF110
     /tmp/ccqtyUZy.s:2503   .debug_str:0000000000000094 .LASF41
     /tmp/ccqtyUZy.s:2669   .debug_str:0000000000000683 .LASF42
     /tmp/ccqtyUZy.s:2589   .debug_str:0000000000000350 .LASF44
     /tmp/ccqtyUZy.s:2689   .debug_str:0000000000000735 .LASF45
     /tmp/ccqtyUZy.s:2647   .debug_str:000000000000051c .LASF46
     /tmp/ccqtyUZy.s:2657   .debug_str:0000000000000578 .LASF47
     /tmp/ccqtyUZy.s:2577   .debug_str:00000000000002be .LASF49
     /tmp/ccqtyUZy.s:2607   .debug_str:00000000000003dc .LASF50
     /tmp/ccqtyUZy.s:2551   .debug_str:000000000000021f .LASF51
     /tmp/ccqtyUZy.s:2651   .debug_str:0000000000000544 .LASF52
     /tmp/ccqtyUZy.s:2633   .debug_str:000000000000048d .LASF53
     /tmp/ccqtyUZy.s:2495   .debug_str:0000000000000056 .LASF54
     /tmp/ccqtyUZy.s:2679   .debug_str:00000000000006d5 .LASF55
     /tmp/ccqtyUZy.s:2507   .debug_str:00000000000000a7 .LASF56
     /tmp/ccqtyUZy.s:2617   .debug_str:0000000000000423 .LASF57
     /tmp/ccqtyUZy.s:2703   .debug_str:00000000000007ee .LASF58
     /tmp/ccqtyUZy.s:2643   .debug_str:00000000000004f2 .LASF59
     /tmp/ccqtyUZy.s:2561   .debug_str:000000000000026e .LASF60
GAS LISTING /tmp/ccqtyUZy.s 			page 14


     /tmp/ccqtyUZy.s:2655   .debug_str:0000000000000560 .LASF61
     /tmp/ccqtyUZy.s:2487   .debug_str:0000000000000033 .LASF62
     /tmp/ccqtyUZy.s:2649   .debug_str:0000000000000531 .LASF63
     /tmp/ccqtyUZy.s:2615   .debug_str:000000000000041c .LASF64
     /tmp/ccqtyUZy.s:2513   .debug_str:00000000000000df .LASF65
     /tmp/ccqtyUZy.s:2691   .debug_str:000000000000073e .LASF67
     /tmp/ccqtyUZy.s:2623   .debug_str:0000000000000452 .LASF69
     /tmp/ccqtyUZy.s:2673   .debug_str:00000000000006a2 .LASF70
     /tmp/ccqtyUZy.s:2641   .debug_str:00000000000004d4 .LASF71
     /tmp/ccqtyUZy.s:2637   .debug_str:00000000000004b3 .LASF72
     /tmp/ccqtyUZy.s:2697   .debug_str:0000000000000774 .LASF73
     /tmp/ccqtyUZy.s:2609   .debug_str:00000000000003e8 .LASF74
     /tmp/ccqtyUZy.s:2539   .debug_str:00000000000001a7 .LASF75
     /tmp/ccqtyUZy.s:2575   .debug_str:00000000000002ae .LASF76
     /tmp/ccqtyUZy.s:2505   .debug_str:000000000000009a .LASF78
     /tmp/ccqtyUZy.s:2571   .debug_str:00000000000002a4 .LASF79
     /tmp/ccqtyUZy.s:2705   .debug_str:00000000000007f9 .LASF80
     /tmp/ccqtyUZy.s:2693   .debug_str:000000000000074d .LASF81
     /tmp/ccqtyUZy.s:2599   .debug_str:0000000000000395 .LASF82
     /tmp/ccqtyUZy.s:2581   .debug_str:00000000000002de .LASF83
     /tmp/ccqtyUZy.s:2683   .debug_str:00000000000006fd .LASF84
     /tmp/ccqtyUZy.s:2685   .debug_str:0000000000000707 .LASF85
     /tmp/ccqtyUZy.s:2625   .debug_str:000000000000046e .LASF86
     /tmp/ccqtyUZy.s:2555   .debug_str:000000000000023f .LASF87
     /tmp/ccqtyUZy.s:2479   .debug_str:0000000000000000 .LASF88
     /tmp/ccqtyUZy.s:2519   .debug_str:0000000000000106 .LASF89
     /tmp/ccqtyUZy.s:2601   .debug_str:000000000000039e .LASF90
     /tmp/ccqtyUZy.s:2701   .debug_str:00000000000007c2 .LASF91
     /tmp/ccqtyUZy.s:2521   .debug_str:000000000000012d .LASF92
     /tmp/ccqtyUZy.s:2661   .debug_str:000000000000058d .LASF93
     /tmp/ccqtyUZy.s:2699   .debug_str:000000000000078c .LASF94
     /tmp/ccqtyUZy.s:2517   .debug_str:0000000000000101 .LASF96
     /tmp/ccqtyUZy.s:2485   .debug_str:0000000000000027 .LASF97
     /tmp/ccqtyUZy.s:2531   .debug_str:0000000000000170 .LASF98
     /tmp/ccqtyUZy.s:2707   .debug_str:00000000000007fe .LASF111
     /tmp/ccqtyUZy.s:308    .text:00000000000001a8 .LFB30
     /tmp/ccqtyUZy.s:345    .text:00000000000001ec .LFE30
     /tmp/ccqtyUZy.s:322    .text:00000000000001c0 .LVL28
     /tmp/ccqtyUZy.s:334    .text:00000000000001dc .LVL30
     /tmp/ccqtyUZy.s:250    .text:000000000000015c .LFB29
     /tmp/ccqtyUZy.s:302    .text:00000000000001a8 .LFE29
     /tmp/ccqtyUZy.s:257    .text:0000000000000164 .LBB25
     /tmp/ccqtyUZy.s:264    .text:0000000000000168 .LBE25
     /tmp/ccqtyUZy.s:2254   .debug_loc:0000000000000000 .LLST11
     /tmp/ccqtyUZy.s:283    .text:000000000000018c .LVL27
     /tmp/ccqtyUZy.s:180    .text:00000000000000f4 .LFB28
     /tmp/ccqtyUZy.s:244    .text:000000000000015c .LFE28
     /tmp/ccqtyUZy.s:2261   .debug_loc:0000000000000023 .LLST9
     /tmp/ccqtyUZy.s:198    .text:0000000000000110 .LBB23
     /tmp/ccqtyUZy.s:205    .text:0000000000000114 .LBE23
     /tmp/ccqtyUZy.s:2272   .debug_loc:0000000000000059 .LLST10
     /tmp/ccqtyUZy.s:212    .text:0000000000000120 .LVL20
     /tmp/ccqtyUZy.s:220    .text:0000000000000138 .LVL21
     /tmp/ccqtyUZy.s:241    .text:0000000000000158 .LVL24
     /tmp/ccqtyUZy.s:154    .text:00000000000000f4 .LFE27
     /tmp/ccqtyUZy.s:2279   .debug_loc:000000000000007c .LLST0
     /tmp/ccqtyUZy.s:2301   .debug_loc:00000000000000db .LLST1
GAS LISTING /tmp/ccqtyUZy.s 			page 15


     /tmp/ccqtyUZy.s:2323   .debug_loc:000000000000013a .LLST2
     /tmp/ccqtyUZy.s:38     .text:000000000000002c .LBB17
     /tmp/ccqtyUZy.s:53     .text:0000000000000044 .LBE17
     /tmp/ccqtyUZy.s:2362   .debug_loc:00000000000001d7 .LLST3
     /tmp/ccqtyUZy.s:45     .text:0000000000000034 .LVL2
     /tmp/ccqtyUZy.s:48     .text:0000000000000040 .LVL3
     /tmp/ccqtyUZy.s:54     .text:0000000000000044 .LBB19
     /tmp/ccqtyUZy.s:109    .text:00000000000000ac .LBE19
     /tmp/ccqtyUZy.s:2371   .debug_loc:00000000000001fc .LLST4
     /tmp/ccqtyUZy.s:2406   .debug_loc:0000000000000286 .LLST5
     /tmp/ccqtyUZy.s:2424   .debug_loc:00000000000002d2 .LLST6
     /tmp/ccqtyUZy.s:2442   .debug_loc:000000000000031e .LLST7
     /tmp/ccqtyUZy.s:89     .text:0000000000000090 .LVL6
     /tmp/ccqtyUZy.s:137    .text:00000000000000d4 .LBB21
     /tmp/ccqtyUZy.s:152    .text:00000000000000f4 .LBE21
     /tmp/ccqtyUZy.s:2457   .debug_loc:0000000000000367 .LLST8
     /tmp/ccqtyUZy.s:142    .text:00000000000000dc .LVL15
     /tmp/ccqtyUZy.s:145    .text:00000000000000e8 .LVL16
     /tmp/ccqtyUZy.s:149    .text:00000000000000f4 .LVL17
     /tmp/ccqtyUZy.s:2627   .debug_str:0000000000000477 .LASF100
     /tmp/ccqtyUZy.s:2489   .debug_str:000000000000003a .LASF99
     /tmp/ccqtyUZy.s:2665   .debug_str:000000000000065d .LASF112
     /tmp/ccqtyUZy.s:2671   .debug_str:000000000000068d .LASF101
     /tmp/ccqtyUZy.s:2537   .debug_str:0000000000000197 .LASF103
     /tmp/ccqtyUZy.s:2515   .debug_str:00000000000000f2 .LASF102
     /tmp/ccqtyUZy.s:2547   .debug_str:00000000000001fc .LASF113
     /tmp/ccqtyUZy.s:2509   .debug_str:00000000000000b1 .LASF114
     /tmp/ccqtyUZy.s:256    .text:0000000000000164 .LVL25
     /tmp/ccqtyUZy.s:262    .text:0000000000000168 .LVL26
     /tmp/ccqtyUZy.s:196    .text:0000000000000110 .LVL18
     /tmp/ccqtyUZy.s:230    .text:0000000000000144 .LVL22
     /tmp/ccqtyUZy.s:234    .text:000000000000014c .LVL23
     /tmp/ccqtyUZy.s:203    .text:0000000000000114 .LVL19
     /tmp/ccqtyUZy.s:16     .text:0000000000000000 .LVL0
     /tmp/ccqtyUZy.s:125    .text:00000000000000c4 .LVL11
     /tmp/ccqtyUZy.s:132    .text:00000000000000d0 .LVL13
     /tmp/ccqtyUZy.s:128    .text:00000000000000c8 .LVL12
     /tmp/ccqtyUZy.s:71     .text:000000000000006c .LVL5
     /tmp/ccqtyUZy.s:92     .text:0000000000000094 .LVL7
     /tmp/ccqtyUZy.s:100    .text:00000000000000a0 .LVL8
     /tmp/ccqtyUZy.s:106    .text:00000000000000ac .LVL9
     /tmp/ccqtyUZy.s:37     .text:000000000000002c .LVL1
     /tmp/ccqtyUZy.s:51     .text:0000000000000044 .LVL4
     /tmp/ccqtyUZy.s:120    .text:00000000000000bc .LVL10
     /tmp/ccqtyUZy.s:136    .text:00000000000000d4 .LVL14
     /tmp/ccqtyUZy.s:363    .debug_info:0000000000000000 .Ldebug_info0
     /tmp/ccqtyUZy.s:157    .gcc_except_table:0000000000000000 .LLSDA27

UNDEFINED SYMBOLS
_ZN15MemoryAllocator8InstanceEv
_ZN15MemoryAllocator9mem_allocEm
_ZN9Scheduler3putEP3TCB
_ZN15MemoryAllocator8mem_freeEPv
_Unwind_Resume
__gxx_personality_v0
_ZN9Scheduler3getEv
context_switch
GAS LISTING /tmp/ccqtyUZy.s 			page 16


_Z15thread_dispatchv
_ZN5Riscv10popSppSpieEv
