GAS LISTING /tmp/cc9ghjxq.s 			page 1


   1              		.file	"workers.cpp"
   2              		.option pic
   3              		.option norelax
   4              		.text
   5              	.Ltext0:
   6              		.align	2
   7              		.globl	_Z9fibonaccim
   9              	_Z9fibonaccim:
  10              	.LFB29:
  11              		.file 1 "src/workers.cpp"
   1:src/workers.cpp **** //
   2:src/workers.cpp **** // Created by os on 9/24/25.
   3:src/workers.cpp **** //
   4:src/workers.cpp **** #include "../h/workers.hpp"
   5:src/workers.cpp **** #include "../lib/hw.h"
   6:src/workers.cpp **** 
   7:src/workers.cpp **** #include "../h/print.hpp"
   8:src/workers.cpp **** #include "../h/syscall_c.hpp"
   9:src/workers.cpp **** #include "../h/syscall_cpp.hpp"
  10:src/workers.cpp **** 
  11:src/workers.cpp **** uint64 fibonacci(uint64 n) {
  12              		.loc 1 11 28
  13              		.cfi_startproc
  14              	.LVL0:
  15 0000 130101FE 		addi	sp,sp,-32
  16              		.cfi_def_cfa_offset 32
  17 0004 233C1100 		sd	ra,24(sp)
  18 0008 23388100 		sd	s0,16(sp)
  19 000c 23349100 		sd	s1,8(sp)
  20 0010 23302101 		sd	s2,0(sp)
  21              		.cfi_offset 1, -8
  22              		.cfi_offset 8, -16
  23              		.cfi_offset 9, -24
  24              		.cfi_offset 18, -32
  25 0014 13040102 		addi	s0,sp,32
  26              		.cfi_def_cfa 8, 0
  27 0018 93040500 		mv	s1,a0
  12:src/workers.cpp ****     if (n == 0 || n == 1) { return n; }
  28              		.loc 1 12 5
  29 001c 93071000 		li	a5,1
  30 0020 63F6A702 		bleu	a0,a5,.L1
  13:src/workers.cpp ****     if (n % 4 == 0) thread_dispatch();
  31              		.loc 1 13 5
  32              		.loc 1 13 11 is_stmt 0
  33 0024 93773500 		andi	a5,a0,3
  34              		.loc 1 13 5
  35 0028 638E0702 		beqz	a5,.L6
  36              	.LVL1:
  37              	.L3:
  14:src/workers.cpp ****     return fibonacci(n - 1) + fibonacci(n - 2);
  38              		.loc 1 14 5 is_stmt 1
  39              		.loc 1 14 21 is_stmt 0
  40 002c 1385F4FF 		addi	a0,s1,-1
  41 0030 97000000 		call	_Z9fibonaccim
  41      E7800000 
  42              	.LVL2:
  43 0038 13090500 		mv	s2,a0
GAS LISTING /tmp/cc9ghjxq.s 			page 2


  44              		.loc 1 14 40
  45 003c 1385E4FF 		addi	a0,s1,-2
  46 0040 97000000 		call	_Z9fibonaccim
  46      E7800000 
  47              	.LVL3:
  48              		.loc 1 14 46
  49 0048 3305A900 		add	a0,s2,a0
  50              	.L1:
  15:src/workers.cpp **** }
  51              		.loc 1 15 1
  52 004c 83308101 		ld	ra,24(sp)
  53              		.cfi_remember_state
  54              		.cfi_restore 1
  55 0050 03340101 		ld	s0,16(sp)
  56              		.cfi_restore 8
  57              		.cfi_def_cfa 2, 32
  58 0054 83348100 		ld	s1,8(sp)
  59              		.cfi_restore 9
  60              	.LVL4:
  61 0058 03390100 		ld	s2,0(sp)
  62              		.cfi_restore 18
  63 005c 13010102 		addi	sp,sp,32
  64              		.cfi_def_cfa_offset 0
  65 0060 67800000 		jr	ra
  66              	.LVL5:
  67              	.L6:
  68              		.cfi_restore_state
  13:src/workers.cpp ****     if (n % 4 == 0) thread_dispatch();
  69              		.loc 1 13 21 is_stmt 1 discriminator 1
  13:src/workers.cpp ****     if (n % 4 == 0) thread_dispatch();
  70              		.loc 1 13 36 is_stmt 0 discriminator 1
  71 0064 97000000 		call	_Z15thread_dispatchv@plt
  71      E7800000 
  72              	.LVL6:
  73 006c 6FF01FFC 		j	.L3
  74              		.cfi_endproc
  75              	.LFE29:
  77              		.section	.rodata.str1.8,"aMS",@progbits,1
  78              		.align	3
  79              	.LC0:
  80 0000 4661696C 		.string	"Failed\n"
  80      65640A00 
  81              		.text
  82              		.align	2
  83              		.globl	_Z13initSemaphorev
  85              	_Z13initSemaphorev:
  86              	.LFB30:
  16:src/workers.cpp **** 
  17:src/workers.cpp **** Semaphore* semaphore;
  18:src/workers.cpp **** 
  19:src/workers.cpp **** void initSemaphore() {
  87              		.loc 1 19 22 is_stmt 1
  88              		.cfi_startproc
  89              		.cfi_personality 0x9b,DW.ref.__gxx_personality_v0
  90              		.cfi_lsda 0x1b,.LLSDA30
  20:src/workers.cpp ****     if (semaphore) {
  91              		.loc 1 20 5
GAS LISTING /tmp/cc9ghjxq.s 			page 3


  92              		.loc 1 20 18 is_stmt 0
  93 0070 97070000 		ld	a5,.LANCHOR0
  93      83B70700 
  94              		.loc 1 20 5
  95 0078 63840700 		beqz	a5,.L15
  96 007c 67800000 		ret
  97              	.L15:
  19:src/workers.cpp ****     if (semaphore) {
  98              		.loc 1 19 22
  99 0080 130101FE 		addi	sp,sp,-32
 100              		.cfi_def_cfa_offset 32
 101 0084 233C1100 		sd	ra,24(sp)
 102 0088 23388100 		sd	s0,16(sp)
 103 008c 23349100 		sd	s1,8(sp)
 104 0090 23302101 		sd	s2,0(sp)
 105              		.cfi_offset 1, -8
 106              		.cfi_offset 8, -16
 107              		.cfi_offset 9, -24
 108              		.cfi_offset 18, -32
 109 0094 13040102 		addi	s0,sp,32
 110              		.cfi_def_cfa 8, 0
  21:src/workers.cpp ****         return;
  22:src/workers.cpp ****     }
  23:src/workers.cpp ****     semaphore = new Semaphore(1);
 111              		.loc 1 23 5 is_stmt 1
 112              		.loc 1 23 32 is_stmt 0
 113 0098 13050001 		li	a0,16
 114              	.LEHB0:
 115 009c 97000000 		call	_Znwm@plt
 115      E7800000 
 116              	.LVL7:
 117              	.LEHE0:
 118 00a4 93040500 		mv	s1,a0
 119 00a8 93051000 		li	a1,1
 120              	.LEHB1:
 121 00ac 97000000 		call	_ZN9SemaphoreC1Ej@plt
 121      E7800000 
 122              	.LVL8:
 123              	.LEHE1:
 124              		.loc 1 23 15 discriminator 2
 125 00b4 97070000 		sd	s1,.LANCHOR0,a5
 125      23B09700 
  24:src/workers.cpp ****     if (semaphore == nullptr) {
 126              		.loc 1 24 5 is_stmt 1 discriminator 2
 127 00bc 638E0400 		beqz	s1,.L16
 128              	.L7:
  25:src/workers.cpp ****         pprintString("Failed\n");
  26:src/workers.cpp **** 
  27:src/workers.cpp ****     }
  28:src/workers.cpp **** }
 129              		.loc 1 28 1 is_stmt 0
 130 00c0 83308101 		ld	ra,24(sp)
 131              		.cfi_remember_state
 132              		.cfi_restore 1
 133 00c4 03340101 		ld	s0,16(sp)
 134              		.cfi_restore 8
 135              		.cfi_def_cfa 2, 32
GAS LISTING /tmp/cc9ghjxq.s 			page 4


 136 00c8 83348100 		ld	s1,8(sp)
 137              		.cfi_restore 9
 138 00cc 03390100 		ld	s2,0(sp)
 139              		.cfi_restore 18
 140 00d0 13010102 		addi	sp,sp,32
 141              		.cfi_def_cfa_offset 0
 142 00d4 67800000 		jr	ra
 143              	.L16:
 144              		.cfi_restore_state
  25:src/workers.cpp ****         pprintString("Failed\n");
 145              		.loc 1 25 9 is_stmt 1
  25:src/workers.cpp ****         pprintString("Failed\n");
 146              		.loc 1 25 21 is_stmt 0
 147 00d8 17050000 		lla	a0,.LC0
 147      13050500 
 148              	.LEHB2:
 149 00e0 97000000 		call	_Z12pprintStringPKc@plt
 149      E7800000 
 150              	.LVL9:
 151              	.LEHE2:
 152 00e8 6FF09FFD 		j	.L7
 153              	.L10:
 154 00ec 13090500 		mv	s2,a0
  23:src/workers.cpp ****     if (semaphore == nullptr) {
 155              		.loc 1 23 32
 156 00f0 13850400 		mv	a0,s1
 157 00f4 97000000 		call	_ZdlPv@plt
 157      E7800000 
 158              	.LVL10:
 159 00fc 13050900 		mv	a0,s2
 160              	.LEHB3:
 161 0100 97000000 		call	_Unwind_Resume@plt
 161      E7800000 
 162              	.LVL11:
 163              	.LEHE3:
 164              		.cfi_endproc
 165              	.LFE30:
 166              		.globl	__gxx_personality_v0
 167              		.section	.gcc_except_table,"a",@progbits
 168              	.LLSDA30:
 169 0000 FF       		.byte	0xff
 170 0001 FF       		.byte	0xff
 171 0002 03       		.byte	0x3
 172 0003 34       		.byte	0x34
 173 0004 00000000 		.4byte	.LEHB0-.LFB30
 174 0008 00000000 		.4byte	.LEHE0-.LEHB0
 175 000c 00000000 		.4byte	0
 176 0010 00       		.byte	0
 177 0011 00000000 		.4byte	.LEHB1-.LFB30
 178 0015 00000000 		.4byte	.LEHE1-.LEHB1
 179 0019 00000000 		.4byte	.L10-.LFB30
 180 001d 00       		.byte	0
 181 001e 00000000 		.4byte	.LEHB2-.LFB30
 182 0022 00000000 		.4byte	.LEHE2-.LEHB2
 183 0026 00000000 		.4byte	0
 184 002a 00       		.byte	0
 185 002b 00000000 		.4byte	.LEHB3-.LFB30
GAS LISTING /tmp/cc9ghjxq.s 			page 5


 186 002f 00000000 		.4byte	.LEHE3-.LEHB3
 187 0033 00000000 		.4byte	0
 188 0037 00       		.byte	0
 189              		.text
 191              		.section	.rodata.str1.8
 192              		.align	3
 193              	.LC1:
 194 0008 413A2069 		.string	"A: i="
 194      3D00
 195 000e 0000     		.align	3
 196              	.LC2:
 197 0010 0A00     		.string	"\n"
 198 0012 00000000 		.align	3
 198      0000
 199              	.LC3:
 200 0018 41206669 		.string	"A finished!\n"
 200      6E697368 
 200      6564210A 
 200      00
 201              		.text
 202              		.align	2
 203              		.globl	_Z11workerBodyAv
 205              	_Z11workerBodyAv:
 206              	.LFB31:
  29:src/workers.cpp **** 
  30:src/workers.cpp **** void workerBodyA() {
 207              		.loc 1 30 20 is_stmt 1
 208              		.cfi_startproc
 209 0108 130101FE 		addi	sp,sp,-32
 210              		.cfi_def_cfa_offset 32
 211 010c 233C1100 		sd	ra,24(sp)
 212 0110 23388100 		sd	s0,16(sp)
 213 0114 23349100 		sd	s1,8(sp)
 214              		.cfi_offset 1, -8
 215              		.cfi_offset 8, -16
 216              		.cfi_offset 9, -24
 217 0118 13040102 		addi	s0,sp,32
 218              		.cfi_def_cfa 8, 0
  31:src/workers.cpp ****    initSemaphore();
 219              		.loc 1 31 4
 220              		.loc 1 31 17 is_stmt 0
 221 011c 97000000 		call	_Z13initSemaphorev
 221      E7800000 
 222              	.LVL12:
  32:src/workers.cpp ****    //semaphore->wait();
  33:src/workers.cpp ****     // uint8 i = 0;
  34:src/workers.cpp ****     // for (; i < 3; i++) { pprintString("A: i="); printInteger(i); pprintString("\n"); }
  35:src/workers.cpp **** 
  36:src/workers.cpp ****     // pprintString("A: yield\n");
  37:src/workers.cpp ****     // __asm__ ("li t1, 7");
  38:src/workers.cpp ****     // thread_dispatch();
  39:src/workers.cpp **** 
  40:src/workers.cpp ****     // uint64 t1 = 0;
  41:src/workers.cpp ****     // __asm__ ("mv %[t1], t1" : [t1] "=r"(t1));
  42:src/workers.cpp ****     // pprintString("A: t1="); printInteger(t1); pprintString("\n");
  43:src/workers.cpp **** 
  44:src/workers.cpp ****     // uint64 result = fibonacci(20);
GAS LISTING /tmp/cc9ghjxq.s 			page 6


  45:src/workers.cpp ****     // pprintString("A: fibonaci="); printInteger(result); pprintString("\n");
  46:src/workers.cpp **** 
  47:src/workers.cpp ****     //for (; i < 6; i++) { pprintString("A: i="); printInteger(i); pprintString("\n"); }
  48:src/workers.cpp ****     time_sleep(40);
 223              		.loc 1 48 5 is_stmt 1
 224              		.loc 1 48 15 is_stmt 0
 225 0124 13058002 		li	a0,40
 226 0128 97000000 		call	_Z10time_sleepm@plt
 226      E7800000 
 227              	.LVL13:
  49:src/workers.cpp ****     for (uint64 i = 0; i < 10; i++) {
 228              		.loc 1 49 5 is_stmt 1
 229              	.LBB2:
 230              		.loc 1 49 17 is_stmt 0
 231 0130 93040000 		li	s1,0
 232 0134 6F000003 		j	.L23
 233              	.LVL14:
 234              	.L20:
 235              	.LBB3:
 236              	.LBB4:
  50:src/workers.cpp ****         pprintString("A: i="); printInteger(i); pprintString("\n");
  51:src/workers.cpp ****         for (uint64 j = 0; j < 10000; j++) {
 237              		.loc 1 51 9 is_stmt 1 discriminator 2
 238 0138 93861600 		addi	a3,a3,1
 239              	.LVL15:
 240              	.L22:
 241              		.loc 1 51 30 discriminator 1
 242 013c B7270000 		li	a5,8192
 243 0140 9387F770 		addi	a5,a5,1807
 244 0144 63EED700 		bgtu	a3,a5,.L19
 245              	.LBB5:
  52:src/workers.cpp ****             for (uint64 k = 0; k < 30000; k++) { /* busy wait */ }
 246              		.loc 1 52 25 is_stmt 0
 247 0148 13070000 		li	a4,0
 248              	.L21:
 249              	.LVL16:
 250              		.loc 1 52 34 is_stmt 1 discriminator 3
 251 014c B7770000 		li	a5,28672
 252 0150 9387F752 		addi	a5,a5,1327
 253 0154 E3E2E7FE 		bgtu	a4,a5,.L20
 254              		.loc 1 52 13 discriminator 2
 255 0158 13071700 		addi	a4,a4,1
 256              	.LVL17:
 257 015c 6FF01FFF 		j	.L21
 258              	.LVL18:
 259              	.L19:
 260              	.LBE5:
 261              	.LBE4:
 262              	.LBE3:
  49:src/workers.cpp ****     for (uint64 i = 0; i < 10; i++) {
 263              		.loc 1 49 5 discriminator 2
 264 0160 93841400 		addi	s1,s1,1
 265              	.LVL19:
 266              	.L23:
  49:src/workers.cpp ****     for (uint64 i = 0; i < 10; i++) {
 267              		.loc 1 49 26 discriminator 1
 268 0164 93079000 		li	a5,9
GAS LISTING /tmp/cc9ghjxq.s 			page 7


 269 0168 63EC9702 		bgtu	s1,a5,.L18
 270              	.LBB7:
  50:src/workers.cpp ****         pprintString("A: i="); printInteger(i); pprintString("\n");
 271              		.loc 1 50 9
  50:src/workers.cpp ****         pprintString("A: i="); printInteger(i); pprintString("\n");
 272              		.loc 1 50 21 is_stmt 0
 273 016c 17050000 		lla	a0,.LC1
 273      13050500 
 274 0174 97000000 		call	_Z12pprintStringPKc@plt
 274      E7800000 
 275              	.LVL20:
  50:src/workers.cpp ****         pprintString("A: i="); printInteger(i); pprintString("\n");
 276              		.loc 1 50 32 is_stmt 1
  50:src/workers.cpp ****         pprintString("A: i="); printInteger(i); pprintString("\n");
 277              		.loc 1 50 44 is_stmt 0
 278 017c 13850400 		mv	a0,s1
 279 0180 97000000 		call	_Z12printIntegerm@plt
 279      E7800000 
 280              	.LVL21:
  50:src/workers.cpp ****         pprintString("A: i="); printInteger(i); pprintString("\n");
 281              		.loc 1 50 49 is_stmt 1
  50:src/workers.cpp ****         pprintString("A: i="); printInteger(i); pprintString("\n");
 282              		.loc 1 50 61 is_stmt 0
 283 0188 17050000 		lla	a0,.LC2
 283      13050500 
 284 0190 97000000 		call	_Z12pprintStringPKc@plt
 284      E7800000 
 285              	.LVL22:
  51:src/workers.cpp ****             for (uint64 k = 0; k < 30000; k++) { /* busy wait */ }
 286              		.loc 1 51 9 is_stmt 1
 287              	.LBB6:
  51:src/workers.cpp ****             for (uint64 k = 0; k < 30000; k++) { /* busy wait */ }
 288              		.loc 1 51 21 is_stmt 0
 289 0198 93060000 		li	a3,0
 290 019c 6FF01FFA 		j	.L22
 291              	.LVL23:
 292              	.L18:
 293              	.LBE6:
 294              	.LBE7:
 295              	.LBE2:
  53:src/workers.cpp ****             // TCB::yield();
  54:src/workers.cpp ****         }
  55:src/workers.cpp ****     }
  56:src/workers.cpp ****     pprintString("A finished!\n");
 296              		.loc 1 56 5 is_stmt 1
 297              		.loc 1 56 17 is_stmt 0
 298 01a0 17050000 		lla	a0,.LC3
 298      13050500 
 299 01a8 97000000 		call	_Z12pprintStringPKc@plt
 299      E7800000 
 300              	.LVL24:
  57:src/workers.cpp ****     //semaphore->signal();
  58:src/workers.cpp **** 
  59:src/workers.cpp **** }
 301              		.loc 1 59 1
 302 01b0 83308101 		ld	ra,24(sp)
 303              		.cfi_restore 1
GAS LISTING /tmp/cc9ghjxq.s 			page 8


 304 01b4 03340101 		ld	s0,16(sp)
 305              		.cfi_restore 8
 306              		.cfi_def_cfa 2, 32
 307 01b8 83348100 		ld	s1,8(sp)
 308              		.cfi_restore 9
 309              	.LVL25:
 310 01bc 13010102 		addi	sp,sp,32
 311              		.cfi_def_cfa_offset 0
 312 01c0 67800000 		jr	ra
 313              		.cfi_endproc
 314              	.LFE31:
 316              		.section	.rodata.str1.8
 317 0025 000000   		.align	3
 318              	.LC4:
 319 0028 423A2069 		.string	"B: i="
 319      3D00
 320 002e 0000     		.align	3
 321              	.LC5:
 322 0030 42206669 		.string	"B finished!\n"
 322      6E697368 
 322      6564210A 
 322      00
 323              		.text
 324              		.align	2
 325              		.globl	_Z11workerBodyBv
 327              	_Z11workerBodyBv:
 328              	.LFB32:
  60:src/workers.cpp **** 
  61:src/workers.cpp **** void workerBodyB() {
 329              		.loc 1 61 20 is_stmt 1
 330              		.cfi_startproc
 331 01c4 130101FE 		addi	sp,sp,-32
 332              		.cfi_def_cfa_offset 32
 333 01c8 233C1100 		sd	ra,24(sp)
 334 01cc 23388100 		sd	s0,16(sp)
 335 01d0 23349100 		sd	s1,8(sp)
 336              		.cfi_offset 1, -8
 337              		.cfi_offset 8, -16
 338              		.cfi_offset 9, -24
 339 01d4 13040102 		addi	s0,sp,32
 340              		.cfi_def_cfa 8, 0
  62:src/workers.cpp ****     initSemaphore();
 341              		.loc 1 62 5
 342              		.loc 1 62 18 is_stmt 0
 343 01d8 97000000 		call	_Z13initSemaphorev
 343      E7800000 
 344              	.LVL26:
  63:src/workers.cpp ****     semaphore->wait();
 345              		.loc 1 63 5 is_stmt 1
 346              		.loc 1 63 20 is_stmt 0
 347 01e0 17050000 		ld	a0,.LANCHOR0
 347      03350500 
 348 01e8 97000000 		call	_ZN9Semaphore4waitEv@plt
 348      E7800000 
 349              	.LVL27:
  64:src/workers.cpp ****     // uint8 i = 10;
  65:src/workers.cpp ****     // for (; i < 13; i++) { pprintString("B: i="); printInteger(i); pprintString("\n"); }
GAS LISTING /tmp/cc9ghjxq.s 			page 9


  66:src/workers.cpp **** 
  67:src/workers.cpp ****     // pprintString("B: yield\n");
  68:src/workers.cpp ****     // __asm__ ("li t1, 5");
  69:src/workers.cpp ****     // thread_dispatch();
  70:src/workers.cpp **** 
  71:src/workers.cpp ****     // uint64 result = fibonacci(23);
  72:src/workers.cpp ****     // pprintString("B: fibonaci="); printInteger(result); pprintString("\n");
  73:src/workers.cpp **** 
  74:src/workers.cpp ****     //for (; i < 16; i++) { pprintString("B: i="); printInteger(i); pprintString("\n"); }
  75:src/workers.cpp ****     time_sleep(10);
 350              		.loc 1 75 5 is_stmt 1
 351              		.loc 1 75 15 is_stmt 0
 352 01f0 1305A000 		li	a0,10
 353 01f4 97000000 		call	_Z10time_sleepm@plt
 353      E7800000 
 354              	.LVL28:
  76:src/workers.cpp ****     for (uint64 i = 0; i < 16; i++) {
 355              		.loc 1 76 5 is_stmt 1
 356              	.LBB8:
 357              		.loc 1 76 17 is_stmt 0
 358 01fc 93040000 		li	s1,0
 359 0200 6F000003 		j	.L31
 360              	.LVL29:
 361              	.L28:
 362              	.LBB9:
 363              	.LBB10:
  77:src/workers.cpp ****         pprintString("B: i="); printInteger(i); pprintString("\n");
  78:src/workers.cpp ****         for (uint64 j = 0; j < 10000; j++) {
 364              		.loc 1 78 9 is_stmt 1 discriminator 2
 365 0204 93861600 		addi	a3,a3,1
 366              	.LVL30:
 367              	.L30:
 368              		.loc 1 78 30 discriminator 1
 369 0208 B7270000 		li	a5,8192
 370 020c 9387F770 		addi	a5,a5,1807
 371 0210 63EED700 		bgtu	a3,a5,.L27
 372              	.LBB11:
  79:src/workers.cpp ****             for (uint64 k = 0; k < 30000; k++) { /* busy wait */ }
 373              		.loc 1 79 25 is_stmt 0
 374 0214 13070000 		li	a4,0
 375              	.L29:
 376              	.LVL31:
 377              		.loc 1 79 34 is_stmt 1 discriminator 3
 378 0218 B7770000 		li	a5,28672
 379 021c 9387F752 		addi	a5,a5,1327
 380 0220 E3E2E7FE 		bgtu	a4,a5,.L28
 381              		.loc 1 79 13 discriminator 2
 382 0224 13071700 		addi	a4,a4,1
 383              	.LVL32:
 384 0228 6FF01FFF 		j	.L29
 385              	.LVL33:
 386              	.L27:
 387              	.LBE11:
 388              	.LBE10:
 389              	.LBE9:
  76:src/workers.cpp ****     for (uint64 i = 0; i < 16; i++) {
 390              		.loc 1 76 5 discriminator 2
GAS LISTING /tmp/cc9ghjxq.s 			page 10


 391 022c 93841400 		addi	s1,s1,1
 392              	.LVL34:
 393              	.L31:
  76:src/workers.cpp ****     for (uint64 i = 0; i < 16; i++) {
 394              		.loc 1 76 26 discriminator 1
 395 0230 9307F000 		li	a5,15
 396 0234 63EC9702 		bgtu	s1,a5,.L26
 397              	.LBB13:
  77:src/workers.cpp ****         pprintString("B: i="); printInteger(i); pprintString("\n");
 398              		.loc 1 77 9
  77:src/workers.cpp ****         pprintString("B: i="); printInteger(i); pprintString("\n");
 399              		.loc 1 77 21 is_stmt 0
 400 0238 17050000 		lla	a0,.LC4
 400      13050500 
 401 0240 97000000 		call	_Z12pprintStringPKc@plt
 401      E7800000 
 402              	.LVL35:
  77:src/workers.cpp ****         pprintString("B: i="); printInteger(i); pprintString("\n");
 403              		.loc 1 77 32 is_stmt 1
  77:src/workers.cpp ****         pprintString("B: i="); printInteger(i); pprintString("\n");
 404              		.loc 1 77 44 is_stmt 0
 405 0248 13850400 		mv	a0,s1
 406 024c 97000000 		call	_Z12printIntegerm@plt
 406      E7800000 
 407              	.LVL36:
  77:src/workers.cpp ****         pprintString("B: i="); printInteger(i); pprintString("\n");
 408              		.loc 1 77 49 is_stmt 1
  77:src/workers.cpp ****         pprintString("B: i="); printInteger(i); pprintString("\n");
 409              		.loc 1 77 61 is_stmt 0
 410 0254 17050000 		lla	a0,.LC2
 410      13050500 
 411 025c 97000000 		call	_Z12pprintStringPKc@plt
 411      E7800000 
 412              	.LVL37:
  78:src/workers.cpp ****             for (uint64 k = 0; k < 30000; k++) { /* busy wait */ }
 413              		.loc 1 78 9 is_stmt 1
 414              	.LBB12:
  78:src/workers.cpp ****             for (uint64 k = 0; k < 30000; k++) { /* busy wait */ }
 415              		.loc 1 78 21 is_stmt 0
 416 0264 93060000 		li	a3,0
 417 0268 6FF01FFA 		j	.L30
 418              	.LVL38:
 419              	.L26:
 420              	.LBE12:
 421              	.LBE13:
 422              	.LBE8:
  80:src/workers.cpp ****             // TCB::yield();
  81:src/workers.cpp ****         }
  82:src/workers.cpp ****     }
  83:src/workers.cpp ****     pprintString("B finished!\n");
 423              		.loc 1 83 5 is_stmt 1
 424              		.loc 1 83 17 is_stmt 0
 425 026c 17050000 		lla	a0,.LC5
 425      13050500 
 426 0274 97000000 		call	_Z12pprintStringPKc@plt
 426      E7800000 
 427              	.LVL39:
GAS LISTING /tmp/cc9ghjxq.s 			page 11


  84:src/workers.cpp ****     semaphore->signal();
 428              		.loc 1 84 5 is_stmt 1
 429              		.loc 1 84 22 is_stmt 0
 430 027c 17050000 		ld	a0,.LANCHOR0
 430      03350500 
 431 0284 97000000 		call	_ZN9Semaphore6signalEv@plt
 431      E7800000 
 432              	.LVL40:
  85:src/workers.cpp **** }
 433              		.loc 1 85 1
 434 028c 83308101 		ld	ra,24(sp)
 435              		.cfi_restore 1
 436 0290 03340101 		ld	s0,16(sp)
 437              		.cfi_restore 8
 438              		.cfi_def_cfa 2, 32
 439 0294 83348100 		ld	s1,8(sp)
 440              		.cfi_restore 9
 441              	.LVL41:
 442 0298 13010102 		addi	sp,sp,32
 443              		.cfi_def_cfa_offset 0
 444 029c 67800000 		jr	ra
 445              		.cfi_endproc
 446              	.LFE32:
 448              		.section	.rodata.str1.8
 449 003d 000000   		.align	3
 450              	.LC6:
 451 0040 433A2069 		.string	"C: i="
 451      3D00
 452 0046 0000     		.align	3
 453              	.LC7:
 454 0048 43206669 		.string	"C finished!\n"
 454      6E697368 
 454      6564210A 
 454      00
 455              		.text
 456              		.align	2
 457              		.globl	_Z11workerBodyCv
 459              	_Z11workerBodyCv:
 460              	.LFB33:
  86:src/workers.cpp **** 
  87:src/workers.cpp **** void workerBodyC() {
 461              		.loc 1 87 20 is_stmt 1
 462              		.cfi_startproc
 463 02a0 130101FE 		addi	sp,sp,-32
 464              		.cfi_def_cfa_offset 32
 465 02a4 233C1100 		sd	ra,24(sp)
 466 02a8 23388100 		sd	s0,16(sp)
 467 02ac 23349100 		sd	s1,8(sp)
 468              		.cfi_offset 1, -8
 469              		.cfi_offset 8, -16
 470              		.cfi_offset 9, -24
 471 02b0 13040102 		addi	s0,sp,32
 472              		.cfi_def_cfa 8, 0
  88:src/workers.cpp ****     initSemaphore();
 473              		.loc 1 88 5
 474              		.loc 1 88 18 is_stmt 0
 475 02b4 97000000 		call	_Z13initSemaphorev
GAS LISTING /tmp/cc9ghjxq.s 			page 12


 475      E7800000 
 476              	.LVL42:
  89:src/workers.cpp ****     semaphore->wait();
 477              		.loc 1 89 5 is_stmt 1
 478              		.loc 1 89 20 is_stmt 0
 479 02bc 17050000 		ld	a0,.LANCHOR0
 479      03350500 
 480 02c4 97000000 		call	_ZN9Semaphore4waitEv@plt
 480      E7800000 
 481              	.LVL43:
  90:src/workers.cpp ****     time_sleep(8);
 482              		.loc 1 90 5 is_stmt 1
 483              		.loc 1 90 15 is_stmt 0
 484 02cc 13058000 		li	a0,8
 485 02d0 97000000 		call	_Z10time_sleepm@plt
 485      E7800000 
 486              	.LVL44:
  91:src/workers.cpp ****     for (uint64 i = 0; i < 5; i++) {
 487              		.loc 1 91 5 is_stmt 1
 488              	.LBB14:
 489              		.loc 1 91 17 is_stmt 0
 490 02d8 93040000 		li	s1,0
 491 02dc 6F000003 		j	.L39
 492              	.LVL45:
 493              	.L36:
 494              	.LBB15:
 495              	.LBB16:
  92:src/workers.cpp ****         pprintString("C: i="); printInteger(i); pprintString("\n");
  93:src/workers.cpp ****         for (uint64 j = 0; j < 10000; j++) {
 496              		.loc 1 93 9 is_stmt 1 discriminator 2
 497 02e0 93861600 		addi	a3,a3,1
 498              	.LVL46:
 499              	.L38:
 500              		.loc 1 93 30 discriminator 1
 501 02e4 B7270000 		li	a5,8192
 502 02e8 9387F770 		addi	a5,a5,1807
 503 02ec 63EED700 		bgtu	a3,a5,.L35
 504              	.LBB17:
  94:src/workers.cpp ****             for (uint64 k = 0; k < 30000; k++) { /* busy wait */ }
 505              		.loc 1 94 25 is_stmt 0
 506 02f0 13070000 		li	a4,0
 507              	.L37:
 508              	.LVL47:
 509              		.loc 1 94 34 is_stmt 1 discriminator 3
 510 02f4 B7770000 		li	a5,28672
 511 02f8 9387F752 		addi	a5,a5,1327
 512 02fc E3E2E7FE 		bgtu	a4,a5,.L36
 513              		.loc 1 94 13 discriminator 2
 514 0300 13071700 		addi	a4,a4,1
 515              	.LVL48:
 516 0304 6FF01FFF 		j	.L37
 517              	.LVL49:
 518              	.L35:
 519              	.LBE17:
 520              	.LBE16:
 521              	.LBE15:
  91:src/workers.cpp ****     for (uint64 i = 0; i < 5; i++) {
GAS LISTING /tmp/cc9ghjxq.s 			page 13


 522              		.loc 1 91 5 discriminator 2
 523 0308 93841400 		addi	s1,s1,1
 524              	.LVL50:
 525              	.L39:
  91:src/workers.cpp ****     for (uint64 i = 0; i < 5; i++) {
 526              		.loc 1 91 26 discriminator 1
 527 030c 93074000 		li	a5,4
 528 0310 63EC9702 		bgtu	s1,a5,.L34
 529              	.LBB19:
  92:src/workers.cpp ****         pprintString("C: i="); printInteger(i); pprintString("\n");
 530              		.loc 1 92 9
  92:src/workers.cpp ****         pprintString("C: i="); printInteger(i); pprintString("\n");
 531              		.loc 1 92 21 is_stmt 0
 532 0314 17050000 		lla	a0,.LC6
 532      13050500 
 533 031c 97000000 		call	_Z12pprintStringPKc@plt
 533      E7800000 
 534              	.LVL51:
  92:src/workers.cpp ****         pprintString("C: i="); printInteger(i); pprintString("\n");
 535              		.loc 1 92 32 is_stmt 1
  92:src/workers.cpp ****         pprintString("C: i="); printInteger(i); pprintString("\n");
 536              		.loc 1 92 44 is_stmt 0
 537 0324 13850400 		mv	a0,s1
 538 0328 97000000 		call	_Z12printIntegerm@plt
 538      E7800000 
 539              	.LVL52:
  92:src/workers.cpp ****         pprintString("C: i="); printInteger(i); pprintString("\n");
 540              		.loc 1 92 49 is_stmt 1
  92:src/workers.cpp ****         pprintString("C: i="); printInteger(i); pprintString("\n");
 541              		.loc 1 92 61 is_stmt 0
 542 0330 17050000 		lla	a0,.LC2
 542      13050500 
 543 0338 97000000 		call	_Z12pprintStringPKc@plt
 543      E7800000 
 544              	.LVL53:
  93:src/workers.cpp ****             for (uint64 k = 0; k < 30000; k++) { /* busy wait */ }
 545              		.loc 1 93 9 is_stmt 1
 546              	.LBB18:
  93:src/workers.cpp ****             for (uint64 k = 0; k < 30000; k++) { /* busy wait */ }
 547              		.loc 1 93 21 is_stmt 0
 548 0340 93060000 		li	a3,0
 549 0344 6FF01FFA 		j	.L38
 550              	.LVL54:
 551              	.L34:
 552              	.LBE18:
 553              	.LBE19:
 554              	.LBE14:
  95:src/workers.cpp ****             // TCB::yield();
  96:src/workers.cpp ****         }
  97:src/workers.cpp ****     }
  98:src/workers.cpp ****     pprintString("C finished!\n");
 555              		.loc 1 98 5 is_stmt 1
 556              		.loc 1 98 17 is_stmt 0
 557 0348 17050000 		lla	a0,.LC7
 557      13050500 
 558 0350 97000000 		call	_Z12pprintStringPKc@plt
 558      E7800000 
GAS LISTING /tmp/cc9ghjxq.s 			page 14


 559              	.LVL55:
  99:src/workers.cpp ****     // uint8 i = 20;
 100:src/workers.cpp ****     // for (; i < 28; i++) {
 101:src/workers.cpp ****     //     pprintString("C: i="); printInteger(i); pprintString("\n");
 102:src/workers.cpp ****     //     for (uint64 j = 0; j < 10000; j++) {
 103:src/workers.cpp ****     //         for (uint64 k = 0; k < 30000; k++) { /* busy wait */ }
 104:src/workers.cpp ****     //         // TCB::yield();
 105:src/workers.cpp ****     //     }
 106:src/workers.cpp ****     // }
 107:src/workers.cpp ****     //
 108:src/workers.cpp ****     // pprintString("C: yield\n");
 109:src/workers.cpp ****     // __asm__ ("li t1, 9");
 110:src/workers.cpp ****     // thread_dispatch();
 111:src/workers.cpp ****     //
 112:src/workers.cpp ****     // uint64 result = fibonacci(35);
 113:src/workers.cpp ****     // pprintString("C: fibonaci="); printInteger(result); pprintString("\n");
 114:src/workers.cpp ****     //
 115:src/workers.cpp ****     // for (; i < 26; i++) { pprintString("C: i="); printInteger(i); pprintString("\n"); }
 116:src/workers.cpp ****     // pprintString("C finished!\n");
 117:src/workers.cpp ****     semaphore->signal();
 560              		.loc 1 117 5 is_stmt 1
 561              		.loc 1 117 22 is_stmt 0
 562 0358 17050000 		ld	a0,.LANCHOR0
 562      03350500 
 563 0360 97000000 		call	_ZN9Semaphore6signalEv@plt
 563      E7800000 
 564              	.LVL56:
 118:src/workers.cpp **** }
 565              		.loc 1 118 1
 566 0368 83308101 		ld	ra,24(sp)
 567              		.cfi_restore 1
 568 036c 03340101 		ld	s0,16(sp)
 569              		.cfi_restore 8
 570              		.cfi_def_cfa 2, 32
 571 0370 83348100 		ld	s1,8(sp)
 572              		.cfi_restore 9
 573              	.LVL57:
 574 0374 13010102 		addi	sp,sp,32
 575              		.cfi_def_cfa_offset 0
 576 0378 67800000 		jr	ra
 577              		.cfi_endproc
 578              	.LFE33:
 580              		.section	.rodata.str1.8
 581 0055 000000   		.align	3
 582              	.LC8:
 583 0058 54752073 		.string	"Tu sam\n"
 583      616D0A00 
 584              		.text
 585              		.align	2
 586              		.globl	_ZN7WorkerP11workerBodyPEPv
 588              	_ZN7WorkerP11workerBodyPEPv:
 589              	.LFB34:
 119:src/workers.cpp **** 
 120:src/workers.cpp **** 
 121:src/workers.cpp **** 
 122:src/workers.cpp **** 
 123:src/workers.cpp **** void WorkerP::workerBodyP(void* arg) {
GAS LISTING /tmp/cc9ghjxq.s 			page 15


 590              		.loc 1 123 38 is_stmt 1
 591              		.cfi_startproc
 592              	.LVL58:
 593 037c 130101FE 		addi	sp,sp,-32
 594              		.cfi_def_cfa_offset 32
 595 0380 233C1100 		sd	ra,24(sp)
 596 0384 23388100 		sd	s0,16(sp)
 597 0388 23349100 		sd	s1,8(sp)
 598              		.cfi_offset 1, -8
 599              		.cfi_offset 8, -16
 600              		.cfi_offset 9, -24
 601 038c 13040102 		addi	s0,sp,32
 602              		.cfi_def_cfa 8, 0
 603 0390 93040500 		mv	s1,a0
 124:src/workers.cpp ****     static int da=0;
 604              		.loc 1 124 5
 125:src/workers.cpp ****     pprintString("Tu sam\n");
 605              		.loc 1 125 5
 606              		.loc 1 125 17 is_stmt 0
 607 0394 17050000 		lla	a0,.LC8
 607      13050500 
 608              	.LVL59:
 609 039c 97000000 		call	_Z12pprintStringPKc@plt
 609      E7800000 
 610              	.LVL60:
 126:src/workers.cpp ****     da++;
 611              		.loc 1 126 5 is_stmt 1
 612              		.loc 1 126 7 is_stmt 0
 613 03a4 17070000 		lla	a4,.LANCHOR0
 613      13070700 
 614 03ac 83278700 		lw	a5,8(a4)
 615 03b0 9B871700 		addiw	a5,a5,1
 616 03b4 9B860700 		sext.w	a3,a5
 617 03b8 2324F700 		sw	a5,8(a4)
 127:src/workers.cpp ****     if (da==4) {
 618              		.loc 1 127 5 is_stmt 1
 619 03bc 93074000 		li	a5,4
 620 03c0 638CF600 		beq	a3,a5,.L44
 621              	.L41:
 128:src/workers.cpp ****         terminate();
 129:src/workers.cpp ****     }
 130:src/workers.cpp **** 
 131:src/workers.cpp **** }
 622              		.loc 1 131 1 is_stmt 0
 623 03c4 83308101 		ld	ra,24(sp)
 624              		.cfi_remember_state
 625              		.cfi_restore 1
 626 03c8 03340101 		ld	s0,16(sp)
 627              		.cfi_restore 8
 628              		.cfi_def_cfa 2, 32
 629 03cc 83348100 		ld	s1,8(sp)
 630              		.cfi_restore 9
 631              	.LVL61:
 632 03d0 13010102 		addi	sp,sp,32
 633              		.cfi_def_cfa_offset 0
 634 03d4 67800000 		jr	ra
 635              	.LVL62:
GAS LISTING /tmp/cc9ghjxq.s 			page 16


 636              	.L44:
 637              		.cfi_restore_state
 128:src/workers.cpp ****         terminate();
 638              		.loc 1 128 9 is_stmt 1
 128:src/workers.cpp ****         terminate();
 639              		.loc 1 128 18 is_stmt 0
 640 03d8 13850400 		mv	a0,s1
 641 03dc 97000000 		call	_ZN14PeriodicThread9terminateEv@plt
 641      E7800000 
 642              	.LVL63:
 643              		.loc 1 131 1
 644 03e4 6FF01FFE 		j	.L41
 645              		.cfi_endproc
 646              	.LFE34:
 648              		.globl	semaphore
 649              		.bss
 650              		.align	3
 651              		.set	.LANCHOR0,. + 0
 654              	semaphore:
 655 0000 00000000 		.zero	8
 655      00000000 
 658              	_ZZN7WorkerP11workerBodyPEPvE2da:
 659 0008 00000000 		.zero	4
 660              		.text
 661              	.Letext0:
 662              		.file 2 "src/../h/../lib/hw.h"
 663              		.file 3 "src/../h/../h/syscall_cpp.hpp"
 664              		.file 4 "src/../h/syscall_c.hpp"
 665              		.file 5 "src/../h/print.hpp"
 666              		.file 6 "src/../h/workers.hpp"
 2380              		.align	3
 2383              	DW.ref.__gxx_personality_v0:
 2384 0000 00000000 		.dword	__gxx_personality_v0
 2384      00000000 
 2385              		.ident	"GCC: (Ubuntu 9.4.0-1ubuntu1~20.04) 9.4.0"
 2386              		.section	.note.GNU-stack,"",@progbits
GAS LISTING /tmp/cc9ghjxq.s 			page 17


DEFINED SYMBOLS
                            *ABS*:0000000000000000 workers.cpp
     /tmp/cc9ghjxq.s:9      .text:0000000000000000 _Z9fibonaccim
     /tmp/cc9ghjxq.s:13     .text:0000000000000000 .L0 
     /tmp/cc9ghjxq.s:15     .text:0000000000000000 .L0 
     /tmp/cc9ghjxq.s:16     .text:0000000000000004 .L0 
     /tmp/cc9ghjxq.s:21     .text:0000000000000014 .L0 
     /tmp/cc9ghjxq.s:22     .text:0000000000000014 .L0 
     /tmp/cc9ghjxq.s:23     .text:0000000000000014 .L0 
     /tmp/cc9ghjxq.s:24     .text:0000000000000014 .L0 
     /tmp/cc9ghjxq.s:26     .text:0000000000000018 .L0 
     /tmp/cc9ghjxq.s:29     .text:000000000000001c .L0 
     /tmp/cc9ghjxq.s:32     .text:0000000000000024 .L0 
     /tmp/cc9ghjxq.s:33     .text:0000000000000024 .L0 
     /tmp/cc9ghjxq.s:35     .text:0000000000000028 .L0 
     /tmp/cc9ghjxq.s:39     .text:000000000000002c .L0 
     /tmp/cc9ghjxq.s:40     .text:000000000000002c .L0 
     /tmp/cc9ghjxq.s:45     .text:000000000000003c .L0 
     /tmp/cc9ghjxq.s:49     .text:0000000000000048 .L0 
     /tmp/cc9ghjxq.s:52     .text:000000000000004c .L0 
     /tmp/cc9ghjxq.s:53     .text:0000000000000050 .L0 
     /tmp/cc9ghjxq.s:54     .text:0000000000000050 .L0 
     /tmp/cc9ghjxq.s:56     .text:0000000000000054 .L0 
     /tmp/cc9ghjxq.s:57     .text:0000000000000054 .L0 
     /tmp/cc9ghjxq.s:59     .text:0000000000000058 .L0 
     /tmp/cc9ghjxq.s:62     .text:000000000000005c .L0 
     /tmp/cc9ghjxq.s:64     .text:0000000000000060 .L0 
     /tmp/cc9ghjxq.s:68     .text:0000000000000064 .L0 
     /tmp/cc9ghjxq.s:70     .text:0000000000000064 .L0 
     /tmp/cc9ghjxq.s:71     .text:0000000000000064 .L0 
     /tmp/cc9ghjxq.s:74     .text:0000000000000070 .L0 
     /tmp/cc9ghjxq.s:85     .text:0000000000000070 _Z13initSemaphorev
     /tmp/cc9ghjxq.s:88     .text:0000000000000070 .L0 
     /tmp/cc9ghjxq.s:2383   .data.rel.local.DW.ref.__gxx_personality_v0:0000000000000000 DW.ref.__gxx_personality_v0
     /tmp/cc9ghjxq.s:91     .text:0000000000000070 .L0 
     /tmp/cc9ghjxq.s:92     .text:0000000000000070 .L0 
     /tmp/cc9ghjxq.s:93     .text:0000000000000070 .L0 
     /tmp/cc9ghjxq.s:95     .text:0000000000000078 .L0 
     /tmp/cc9ghjxq.s:99     .text:0000000000000080 .L0 
     /tmp/cc9ghjxq.s:100    .text:0000000000000084 .L0 
     /tmp/cc9ghjxq.s:105    .text:0000000000000094 .L0 
     /tmp/cc9ghjxq.s:106    .text:0000000000000094 .L0 
     /tmp/cc9ghjxq.s:107    .text:0000000000000094 .L0 
     /tmp/cc9ghjxq.s:108    .text:0000000000000094 .L0 
     /tmp/cc9ghjxq.s:110    .text:0000000000000098 .L0 
     /tmp/cc9ghjxq.s:112    .text:0000000000000098 .L0 
     /tmp/cc9ghjxq.s:113    .text:0000000000000098 .L0 
     /tmp/cc9ghjxq.s:125    .text:00000000000000b4 .L0 
     /tmp/cc9ghjxq.s:127    .text:00000000000000bc .L0 
     /tmp/cc9ghjxq.s:130    .text:00000000000000c0 .L0 
     /tmp/cc9ghjxq.s:131    .text:00000000000000c4 .L0 
     /tmp/cc9ghjxq.s:132    .text:00000000000000c4 .L0 
     /tmp/cc9ghjxq.s:134    .text:00000000000000c8 .L0 
     /tmp/cc9ghjxq.s:135    .text:00000000000000c8 .L0 
     /tmp/cc9ghjxq.s:137    .text:00000000000000cc .L0 
     /tmp/cc9ghjxq.s:139    .text:00000000000000d0 .L0 
     /tmp/cc9ghjxq.s:141    .text:00000000000000d4 .L0 
GAS LISTING /tmp/cc9ghjxq.s 			page 18


     /tmp/cc9ghjxq.s:144    .text:00000000000000d8 .L0 
     /tmp/cc9ghjxq.s:146    .text:00000000000000d8 .L0 
     /tmp/cc9ghjxq.s:147    .text:00000000000000d8 .L0 
     /tmp/cc9ghjxq.s:156    .text:00000000000000f0 .L0 
     /tmp/cc9ghjxq.s:164    .text:0000000000000108 .L0 
     /tmp/cc9ghjxq.s:205    .text:0000000000000108 _Z11workerBodyAv
     /tmp/cc9ghjxq.s:208    .text:0000000000000108 .L0 
     /tmp/cc9ghjxq.s:209    .text:0000000000000108 .L0 
     /tmp/cc9ghjxq.s:210    .text:000000000000010c .L0 
     /tmp/cc9ghjxq.s:214    .text:0000000000000118 .L0 
     /tmp/cc9ghjxq.s:215    .text:0000000000000118 .L0 
     /tmp/cc9ghjxq.s:216    .text:0000000000000118 .L0 
     /tmp/cc9ghjxq.s:218    .text:000000000000011c .L0 
     /tmp/cc9ghjxq.s:220    .text:000000000000011c .L0 
     /tmp/cc9ghjxq.s:221    .text:000000000000011c .L0 
     /tmp/cc9ghjxq.s:224    .text:0000000000000124 .L0 
     /tmp/cc9ghjxq.s:225    .text:0000000000000124 .L0 
     /tmp/cc9ghjxq.s:230    .text:0000000000000130 .L0 
     /tmp/cc9ghjxq.s:231    .text:0000000000000130 .L0 
     /tmp/cc9ghjxq.s:238    .text:0000000000000138 .L0 
     /tmp/cc9ghjxq.s:242    .text:000000000000013c .L0 
     /tmp/cc9ghjxq.s:247    .text:0000000000000148 .L0 
     /tmp/cc9ghjxq.s:251    .text:000000000000014c .L0 
     /tmp/cc9ghjxq.s:255    .text:0000000000000158 .L0 
     /tmp/cc9ghjxq.s:264    .text:0000000000000160 .L0 
     /tmp/cc9ghjxq.s:268    .text:0000000000000164 .L0 
     /tmp/cc9ghjxq.s:272    .text:000000000000016c .L0 
     /tmp/cc9ghjxq.s:273    .text:000000000000016c .L0 
     /tmp/cc9ghjxq.s:277    .text:000000000000017c .L0 
     /tmp/cc9ghjxq.s:278    .text:000000000000017c .L0 
     /tmp/cc9ghjxq.s:282    .text:0000000000000188 .L0 
     /tmp/cc9ghjxq.s:283    .text:0000000000000188 .L0 
     /tmp/cc9ghjxq.s:288    .text:0000000000000198 .L0 
     /tmp/cc9ghjxq.s:289    .text:0000000000000198 .L0 
     /tmp/cc9ghjxq.s:297    .text:00000000000001a0 .L0 
     /tmp/cc9ghjxq.s:298    .text:00000000000001a0 .L0 
     /tmp/cc9ghjxq.s:302    .text:00000000000001b0 .L0 
     /tmp/cc9ghjxq.s:303    .text:00000000000001b4 .L0 
     /tmp/cc9ghjxq.s:305    .text:00000000000001b8 .L0 
     /tmp/cc9ghjxq.s:306    .text:00000000000001b8 .L0 
     /tmp/cc9ghjxq.s:308    .text:00000000000001bc .L0 
     /tmp/cc9ghjxq.s:311    .text:00000000000001c0 .L0 
     /tmp/cc9ghjxq.s:313    .text:00000000000001c4 .L0 
     /tmp/cc9ghjxq.s:327    .text:00000000000001c4 _Z11workerBodyBv
     /tmp/cc9ghjxq.s:330    .text:00000000000001c4 .L0 
     /tmp/cc9ghjxq.s:331    .text:00000000000001c4 .L0 
     /tmp/cc9ghjxq.s:332    .text:00000000000001c8 .L0 
     /tmp/cc9ghjxq.s:336    .text:00000000000001d4 .L0 
     /tmp/cc9ghjxq.s:337    .text:00000000000001d4 .L0 
     /tmp/cc9ghjxq.s:338    .text:00000000000001d4 .L0 
     /tmp/cc9ghjxq.s:340    .text:00000000000001d8 .L0 
     /tmp/cc9ghjxq.s:342    .text:00000000000001d8 .L0 
     /tmp/cc9ghjxq.s:343    .text:00000000000001d8 .L0 
     /tmp/cc9ghjxq.s:346    .text:00000000000001e0 .L0 
     /tmp/cc9ghjxq.s:347    .text:00000000000001e0 .L0 
     /tmp/cc9ghjxq.s:351    .text:00000000000001f0 .L0 
     /tmp/cc9ghjxq.s:352    .text:00000000000001f0 .L0 
GAS LISTING /tmp/cc9ghjxq.s 			page 19


     /tmp/cc9ghjxq.s:357    .text:00000000000001fc .L0 
     /tmp/cc9ghjxq.s:358    .text:00000000000001fc .L0 
     /tmp/cc9ghjxq.s:365    .text:0000000000000204 .L0 
     /tmp/cc9ghjxq.s:369    .text:0000000000000208 .L0 
     /tmp/cc9ghjxq.s:374    .text:0000000000000214 .L0 
     /tmp/cc9ghjxq.s:378    .text:0000000000000218 .L0 
     /tmp/cc9ghjxq.s:382    .text:0000000000000224 .L0 
     /tmp/cc9ghjxq.s:391    .text:000000000000022c .L0 
     /tmp/cc9ghjxq.s:395    .text:0000000000000230 .L0 
     /tmp/cc9ghjxq.s:399    .text:0000000000000238 .L0 
     /tmp/cc9ghjxq.s:400    .text:0000000000000238 .L0 
     /tmp/cc9ghjxq.s:404    .text:0000000000000248 .L0 
     /tmp/cc9ghjxq.s:405    .text:0000000000000248 .L0 
     /tmp/cc9ghjxq.s:409    .text:0000000000000254 .L0 
     /tmp/cc9ghjxq.s:410    .text:0000000000000254 .L0 
     /tmp/cc9ghjxq.s:415    .text:0000000000000264 .L0 
     /tmp/cc9ghjxq.s:416    .text:0000000000000264 .L0 
     /tmp/cc9ghjxq.s:424    .text:000000000000026c .L0 
     /tmp/cc9ghjxq.s:425    .text:000000000000026c .L0 
     /tmp/cc9ghjxq.s:429    .text:000000000000027c .L0 
     /tmp/cc9ghjxq.s:430    .text:000000000000027c .L0 
     /tmp/cc9ghjxq.s:434    .text:000000000000028c .L0 
     /tmp/cc9ghjxq.s:435    .text:0000000000000290 .L0 
     /tmp/cc9ghjxq.s:437    .text:0000000000000294 .L0 
     /tmp/cc9ghjxq.s:438    .text:0000000000000294 .L0 
     /tmp/cc9ghjxq.s:440    .text:0000000000000298 .L0 
     /tmp/cc9ghjxq.s:443    .text:000000000000029c .L0 
     /tmp/cc9ghjxq.s:445    .text:00000000000002a0 .L0 
     /tmp/cc9ghjxq.s:459    .text:00000000000002a0 _Z11workerBodyCv
     /tmp/cc9ghjxq.s:462    .text:00000000000002a0 .L0 
     /tmp/cc9ghjxq.s:463    .text:00000000000002a0 .L0 
     /tmp/cc9ghjxq.s:464    .text:00000000000002a4 .L0 
     /tmp/cc9ghjxq.s:468    .text:00000000000002b0 .L0 
     /tmp/cc9ghjxq.s:469    .text:00000000000002b0 .L0 
     /tmp/cc9ghjxq.s:470    .text:00000000000002b0 .L0 
     /tmp/cc9ghjxq.s:472    .text:00000000000002b4 .L0 
     /tmp/cc9ghjxq.s:474    .text:00000000000002b4 .L0 
     /tmp/cc9ghjxq.s:475    .text:00000000000002b4 .L0 
     /tmp/cc9ghjxq.s:478    .text:00000000000002bc .L0 
     /tmp/cc9ghjxq.s:479    .text:00000000000002bc .L0 
     /tmp/cc9ghjxq.s:483    .text:00000000000002cc .L0 
     /tmp/cc9ghjxq.s:484    .text:00000000000002cc .L0 
     /tmp/cc9ghjxq.s:489    .text:00000000000002d8 .L0 
     /tmp/cc9ghjxq.s:490    .text:00000000000002d8 .L0 
     /tmp/cc9ghjxq.s:497    .text:00000000000002e0 .L0 
     /tmp/cc9ghjxq.s:501    .text:00000000000002e4 .L0 
     /tmp/cc9ghjxq.s:506    .text:00000000000002f0 .L0 
     /tmp/cc9ghjxq.s:510    .text:00000000000002f4 .L0 
     /tmp/cc9ghjxq.s:514    .text:0000000000000300 .L0 
     /tmp/cc9ghjxq.s:523    .text:0000000000000308 .L0 
     /tmp/cc9ghjxq.s:527    .text:000000000000030c .L0 
     /tmp/cc9ghjxq.s:531    .text:0000000000000314 .L0 
     /tmp/cc9ghjxq.s:532    .text:0000000000000314 .L0 
     /tmp/cc9ghjxq.s:536    .text:0000000000000324 .L0 
     /tmp/cc9ghjxq.s:537    .text:0000000000000324 .L0 
     /tmp/cc9ghjxq.s:541    .text:0000000000000330 .L0 
     /tmp/cc9ghjxq.s:542    .text:0000000000000330 .L0 
GAS LISTING /tmp/cc9ghjxq.s 			page 20


     /tmp/cc9ghjxq.s:547    .text:0000000000000340 .L0 
     /tmp/cc9ghjxq.s:548    .text:0000000000000340 .L0 
     /tmp/cc9ghjxq.s:556    .text:0000000000000348 .L0 
     /tmp/cc9ghjxq.s:557    .text:0000000000000348 .L0 
     /tmp/cc9ghjxq.s:561    .text:0000000000000358 .L0 
     /tmp/cc9ghjxq.s:562    .text:0000000000000358 .L0 
     /tmp/cc9ghjxq.s:566    .text:0000000000000368 .L0 
     /tmp/cc9ghjxq.s:567    .text:000000000000036c .L0 
     /tmp/cc9ghjxq.s:569    .text:0000000000000370 .L0 
     /tmp/cc9ghjxq.s:570    .text:0000000000000370 .L0 
     /tmp/cc9ghjxq.s:572    .text:0000000000000374 .L0 
     /tmp/cc9ghjxq.s:575    .text:0000000000000378 .L0 
     /tmp/cc9ghjxq.s:577    .text:000000000000037c .L0 
     /tmp/cc9ghjxq.s:588    .text:000000000000037c _ZN7WorkerP11workerBodyPEPv
     /tmp/cc9ghjxq.s:591    .text:000000000000037c .L0 
     /tmp/cc9ghjxq.s:593    .text:000000000000037c .L0 
     /tmp/cc9ghjxq.s:594    .text:0000000000000380 .L0 
     /tmp/cc9ghjxq.s:598    .text:000000000000038c .L0 
     /tmp/cc9ghjxq.s:599    .text:000000000000038c .L0 
     /tmp/cc9ghjxq.s:600    .text:000000000000038c .L0 
     /tmp/cc9ghjxq.s:602    .text:0000000000000390 .L0 
     /tmp/cc9ghjxq.s:605    .text:0000000000000394 .L0 
     /tmp/cc9ghjxq.s:606    .text:0000000000000394 .L0 
     /tmp/cc9ghjxq.s:607    .text:0000000000000394 .L0 
     /tmp/cc9ghjxq.s:612    .text:00000000000003a4 .L0 
     /tmp/cc9ghjxq.s:613    .text:00000000000003a4 .L0 
     /tmp/cc9ghjxq.s:619    .text:00000000000003bc .L0 
     /tmp/cc9ghjxq.s:623    .text:00000000000003c4 .L0 
     /tmp/cc9ghjxq.s:624    .text:00000000000003c8 .L0 
     /tmp/cc9ghjxq.s:625    .text:00000000000003c8 .L0 
     /tmp/cc9ghjxq.s:627    .text:00000000000003cc .L0 
     /tmp/cc9ghjxq.s:628    .text:00000000000003cc .L0 
     /tmp/cc9ghjxq.s:630    .text:00000000000003d0 .L0 
     /tmp/cc9ghjxq.s:633    .text:00000000000003d4 .L0 
     /tmp/cc9ghjxq.s:637    .text:00000000000003d8 .L0 
     /tmp/cc9ghjxq.s:639    .text:00000000000003d8 .L0 
     /tmp/cc9ghjxq.s:640    .text:00000000000003d8 .L0 
     /tmp/cc9ghjxq.s:644    .text:00000000000003e4 .L0 
     /tmp/cc9ghjxq.s:645    .text:00000000000003e8 .L0 
     /tmp/cc9ghjxq.s:654    .bss:0000000000000000 semaphore
     /tmp/cc9ghjxq.s:651    .bss:0000000000000000 .LANCHOR0
     /tmp/cc9ghjxq.s:658    .bss:0000000000000008 _ZZN7WorkerP11workerBodyPEPvE2da
     /tmp/cc9ghjxq.s:667    .text:00000000000003e8 .L0 
     /tmp/cc9ghjxq.s:93     .text:0000000000000070 .L0 
     /tmp/cc9ghjxq.s:125    .text:00000000000000b4 .L0 
     /tmp/cc9ghjxq.s:79     .rodata.str1.8:0000000000000000 .LC0
     /tmp/cc9ghjxq.s:147    .text:00000000000000d8 .L0 
     /tmp/cc9ghjxq.s:193    .rodata.str1.8:0000000000000008 .LC1
     /tmp/cc9ghjxq.s:273    .text:000000000000016c .L0 
     /tmp/cc9ghjxq.s:196    .rodata.str1.8:0000000000000010 .LC2
     /tmp/cc9ghjxq.s:283    .text:0000000000000188 .L0 
     /tmp/cc9ghjxq.s:199    .rodata.str1.8:0000000000000018 .LC3
     /tmp/cc9ghjxq.s:298    .text:00000000000001a0 .L0 
     /tmp/cc9ghjxq.s:347    .text:00000000000001e0 .L0 
     /tmp/cc9ghjxq.s:318    .rodata.str1.8:0000000000000028 .LC4
     /tmp/cc9ghjxq.s:400    .text:0000000000000238 .L0 
     /tmp/cc9ghjxq.s:410    .text:0000000000000254 .L0 
GAS LISTING /tmp/cc9ghjxq.s 			page 21


     /tmp/cc9ghjxq.s:321    .rodata.str1.8:0000000000000030 .LC5
     /tmp/cc9ghjxq.s:425    .text:000000000000026c .L0 
     /tmp/cc9ghjxq.s:430    .text:000000000000027c .L0 
     /tmp/cc9ghjxq.s:479    .text:00000000000002bc .L0 
     /tmp/cc9ghjxq.s:450    .rodata.str1.8:0000000000000040 .LC6
     /tmp/cc9ghjxq.s:532    .text:0000000000000314 .L0 
     /tmp/cc9ghjxq.s:542    .text:0000000000000330 .L0 
     /tmp/cc9ghjxq.s:453    .rodata.str1.8:0000000000000048 .LC7
     /tmp/cc9ghjxq.s:557    .text:0000000000000348 .L0 
     /tmp/cc9ghjxq.s:562    .text:0000000000000358 .L0 
     /tmp/cc9ghjxq.s:582    .rodata.str1.8:0000000000000058 .LC8
     /tmp/cc9ghjxq.s:607    .text:0000000000000394 .L0 
     /tmp/cc9ghjxq.s:613    .text:00000000000003a4 .L0 
     /tmp/cc9ghjxq.s:50     .text:000000000000004c .L1
     /tmp/cc9ghjxq.s:67     .text:0000000000000064 .L6
     /tmp/cc9ghjxq.s:37     .text:000000000000002c .L3
     /tmp/cc9ghjxq.s:97     .text:0000000000000080 .L15
     /tmp/cc9ghjxq.s:143    .text:00000000000000d8 .L16
     /tmp/cc9ghjxq.s:128    .text:00000000000000c0 .L7
     /tmp/cc9ghjxq.s:266    .text:0000000000000164 .L23
     /tmp/cc9ghjxq.s:259    .text:0000000000000160 .L19
     /tmp/cc9ghjxq.s:234    .text:0000000000000138 .L20
     /tmp/cc9ghjxq.s:248    .text:000000000000014c .L21
     /tmp/cc9ghjxq.s:292    .text:00000000000001a0 .L18
     /tmp/cc9ghjxq.s:240    .text:000000000000013c .L22
     /tmp/cc9ghjxq.s:393    .text:0000000000000230 .L31
     /tmp/cc9ghjxq.s:386    .text:000000000000022c .L27
     /tmp/cc9ghjxq.s:361    .text:0000000000000204 .L28
     /tmp/cc9ghjxq.s:375    .text:0000000000000218 .L29
     /tmp/cc9ghjxq.s:419    .text:000000000000026c .L26
     /tmp/cc9ghjxq.s:367    .text:0000000000000208 .L30
     /tmp/cc9ghjxq.s:525    .text:000000000000030c .L39
     /tmp/cc9ghjxq.s:518    .text:0000000000000308 .L35
     /tmp/cc9ghjxq.s:493    .text:00000000000002e0 .L36
     /tmp/cc9ghjxq.s:507    .text:00000000000002f4 .L37
     /tmp/cc9ghjxq.s:551    .text:0000000000000348 .L34
     /tmp/cc9ghjxq.s:499    .text:00000000000002e4 .L38
     /tmp/cc9ghjxq.s:636    .text:00000000000003d8 .L44
     /tmp/cc9ghjxq.s:621    .text:00000000000003c4 .L41
     /tmp/cc9ghjxq.s:114    .text:000000000000009c .LEHB0
     /tmp/cc9ghjxq.s:86     .text:0000000000000070 .LFB30
     /tmp/cc9ghjxq.s:117    .text:00000000000000a4 .LEHE0
     /tmp/cc9ghjxq.s:120    .text:00000000000000ac .LEHB1
     /tmp/cc9ghjxq.s:123    .text:00000000000000b4 .LEHE1
     /tmp/cc9ghjxq.s:153    .text:00000000000000ec .L10
     /tmp/cc9ghjxq.s:148    .text:00000000000000e0 .LEHB2
     /tmp/cc9ghjxq.s:151    .text:00000000000000e8 .LEHE2
     /tmp/cc9ghjxq.s:160    .text:0000000000000100 .LEHB3
     /tmp/cc9ghjxq.s:163    .text:0000000000000108 .LEHE3
     /tmp/cc9ghjxq.s:1455   .debug_abbrev:0000000000000000 .Ldebug_abbrev0
     /tmp/cc9ghjxq.s:2355   .debug_str:0000000000000350 .LASF51
     /tmp/cc9ghjxq.s:2271   .debug_str:00000000000000a5 .LASF52
     /tmp/cc9ghjxq.s:2313   .debug_str:00000000000001d7 .LASF53
     /tmp/cc9ghjxq.s:5      .text:0000000000000000 .Ltext0
     /tmp/cc9ghjxq.s:661    .text:00000000000003e8 .Letext0
     /tmp/cc9ghjxq.s:2243   .debug_line:0000000000000000 .Ldebug_line0
     /tmp/cc9ghjxq.s:2317   .debug_str:0000000000000216 .LASF0
GAS LISTING /tmp/cc9ghjxq.s 			page 22


     /tmp/cc9ghjxq.s:2321   .debug_str:0000000000000237 .LASF1
     /tmp/cc9ghjxq.s:2311   .debug_str:00000000000001c9 .LASF2
     /tmp/cc9ghjxq.s:2303   .debug_str:0000000000000199 .LASF4
     /tmp/cc9ghjxq.s:2347   .debug_str:00000000000002fd .LASF3
     /tmp/cc9ghjxq.s:2263   .debug_str:0000000000000078 .LASF5
     /tmp/cc9ghjxq.s:2283   .debug_str:000000000000010c .LASF6
     /tmp/cc9ghjxq.s:2323   .debug_str:000000000000024a .LASF7
     /tmp/cc9ghjxq.s:2315   .debug_str:0000000000000203 .LASF8
     /tmp/cc9ghjxq.s:2367   .debug_str:000000000000045b .LASF9
     /tmp/cc9ghjxq.s:2297   .debug_str:000000000000016f .LASF10
     /tmp/cc9ghjxq.s:2331   .debug_str:0000000000000278 .LASF11
     /tmp/cc9ghjxq.s:2357   .debug_str:0000000000000414 .LASF12
     /tmp/cc9ghjxq.s:2265   .debug_str:000000000000007f .LASF13
     /tmp/cc9ghjxq.s:2253   .debug_str:000000000000002e .LASF14
     /tmp/cc9ghjxq.s:2269   .debug_str:0000000000000099 .LASF15
     /tmp/cc9ghjxq.s:2343   .debug_str:00000000000002dc .LASF16
     /tmp/cc9ghjxq.s:2281   .debug_str:00000000000000f6 .LASF17
     /tmp/cc9ghjxq.s:2289   .debug_str:0000000000000126 .LASF18
     /tmp/cc9ghjxq.s:2325   .debug_str:000000000000025d .LASF19
     /tmp/cc9ghjxq.s:2245   .debug_str:0000000000000000 .LASF27
     /tmp/cc9ghjxq.s:2337   .debug_str:00000000000002a8 .LASF20
     /tmp/cc9ghjxq.s:2287   .debug_str:0000000000000121 .LASF22
     /tmp/cc9ghjxq.s:2339   .debug_str:00000000000002bd .LASF21
     /tmp/cc9ghjxq.s:2327   .debug_str:0000000000000262 .LASF23
     /tmp/cc9ghjxq.s:2267   .debug_str:000000000000008f .LASF24
     /tmp/cc9ghjxq.s:2341   .debug_str:00000000000002d4 .LASF54
     /tmp/cc9ghjxq.s:2261   .debug_str:000000000000006c .LASF25
     /tmp/cc9ghjxq.s:2335   .debug_str:000000000000028c .LASF55
     /tmp/cc9ghjxq.s:2307   .debug_str:00000000000001b3 .LASF56
     /tmp/cc9ghjxq.s:2305   .debug_str:00000000000001a0 .LASF57
     /tmp/cc9ghjxq.s:2295   .debug_str:000000000000014d .LASF58
     /tmp/cc9ghjxq.s:2279   .debug_str:00000000000000ed .LASF26
     /tmp/cc9ghjxq.s:2275   .debug_str:00000000000000c5 .LASF59
     /tmp/cc9ghjxq.s:2329   .debug_str:0000000000000269 .LASF28
     /tmp/cc9ghjxq.s:2353   .debug_str:0000000000000330 .LASF29
     /tmp/cc9ghjxq.s:2259   .debug_str:0000000000000062 .LASF30
     /tmp/cc9ghjxq.s:2361   .debug_str:0000000000000435 .LASF60
     /tmp/cc9ghjxq.s:589    .text:000000000000037c .LFB34
     /tmp/cc9ghjxq.s:646    .text:00000000000003e8 .LFE34
     /tmp/cc9ghjxq.s:2333   .debug_str:0000000000000287 .LASF61
     /tmp/cc9ghjxq.s:2047   .debug_loc:0000000000000000 .LLST10
     /tmp/cc9ghjxq.s:2069   .debug_loc:000000000000005f .LLST11
     /tmp/cc9ghjxq.s:610    .text:00000000000003a4 .LVL60
     /tmp/cc9ghjxq.s:642    .text:00000000000003e4 .LVL63
     /tmp/cc9ghjxq.s:2251   .debug_str:0000000000000022 .LASF31
     /tmp/cc9ghjxq.s:2365   .debug_str:000000000000044a .LASF33
     /tmp/cc9ghjxq.s:460    .text:00000000000002a0 .LFB33
     /tmp/cc9ghjxq.s:578    .text:000000000000037c .LFE33
     /tmp/cc9ghjxq.s:488    .text:00000000000002d8 .LBB14
     /tmp/cc9ghjxq.s:554    .text:0000000000000348 .LBE14
     /tmp/cc9ghjxq.s:2083   .debug_loc:0000000000000098 .LLST7
     /tmp/cc9ghjxq.s:2223   .debug_ranges:0000000000000000 .Ldebug_ranges0
     /tmp/cc9ghjxq.s:2095   .debug_loc:00000000000000cf .LLST8
     /tmp/cc9ghjxq.s:504    .text:00000000000002f0 .LBB17
     /tmp/cc9ghjxq.s:519    .text:0000000000000308 .LBE17
     /tmp/cc9ghjxq.s:2107   .debug_loc:0000000000000106 .LLST9
     /tmp/cc9ghjxq.s:534    .text:0000000000000324 .LVL51
GAS LISTING /tmp/cc9ghjxq.s 			page 23


     /tmp/cc9ghjxq.s:539    .text:0000000000000330 .LVL52
     /tmp/cc9ghjxq.s:544    .text:0000000000000340 .LVL53
     /tmp/cc9ghjxq.s:476    .text:00000000000002bc .LVL42
     /tmp/cc9ghjxq.s:481    .text:00000000000002cc .LVL43
     /tmp/cc9ghjxq.s:486    .text:00000000000002d8 .LVL44
     /tmp/cc9ghjxq.s:559    .text:0000000000000358 .LVL55
     /tmp/cc9ghjxq.s:564    .text:0000000000000368 .LVL56
     /tmp/cc9ghjxq.s:2249   .debug_str:0000000000000016 .LASF32
     /tmp/cc9ghjxq.s:2257   .debug_str:0000000000000051 .LASF34
     /tmp/cc9ghjxq.s:328    .text:00000000000001c4 .LFB32
     /tmp/cc9ghjxq.s:446    .text:00000000000002a0 .LFE32
     /tmp/cc9ghjxq.s:356    .text:00000000000001fc .LBB8
     /tmp/cc9ghjxq.s:422    .text:000000000000026c .LBE8
     /tmp/cc9ghjxq.s:2118   .debug_loc:000000000000013c .LLST4
     /tmp/cc9ghjxq.s:2130   .debug_loc:0000000000000173 .LLST5
     /tmp/cc9ghjxq.s:372    .text:0000000000000214 .LBB11
     /tmp/cc9ghjxq.s:387    .text:000000000000022c .LBE11
     /tmp/cc9ghjxq.s:2142   .debug_loc:00000000000001aa .LLST6
     /tmp/cc9ghjxq.s:402    .text:0000000000000248 .LVL35
     /tmp/cc9ghjxq.s:407    .text:0000000000000254 .LVL36
     /tmp/cc9ghjxq.s:412    .text:0000000000000264 .LVL37
     /tmp/cc9ghjxq.s:344    .text:00000000000001e0 .LVL26
     /tmp/cc9ghjxq.s:349    .text:00000000000001f0 .LVL27
     /tmp/cc9ghjxq.s:354    .text:00000000000001fc .LVL28
     /tmp/cc9ghjxq.s:427    .text:000000000000027c .LVL39
     /tmp/cc9ghjxq.s:432    .text:000000000000028c .LVL40
     /tmp/cc9ghjxq.s:2247   .debug_str:000000000000000a .LASF35
     /tmp/cc9ghjxq.s:2351   .debug_str:000000000000031f .LASF36
     /tmp/cc9ghjxq.s:206    .text:0000000000000108 .LFB31
     /tmp/cc9ghjxq.s:314    .text:00000000000001c4 .LFE31
     /tmp/cc9ghjxq.s:229    .text:0000000000000130 .LBB2
     /tmp/cc9ghjxq.s:295    .text:00000000000001a0 .LBE2
     /tmp/cc9ghjxq.s:2153   .debug_loc:00000000000001e0 .LLST1
     /tmp/cc9ghjxq.s:2165   .debug_loc:0000000000000217 .LLST2
     /tmp/cc9ghjxq.s:245    .text:0000000000000148 .LBB5
     /tmp/cc9ghjxq.s:260    .text:0000000000000160 .LBE5
     /tmp/cc9ghjxq.s:2177   .debug_loc:000000000000024e .LLST3
     /tmp/cc9ghjxq.s:275    .text:000000000000017c .LVL20
     /tmp/cc9ghjxq.s:280    .text:0000000000000188 .LVL21
     /tmp/cc9ghjxq.s:285    .text:0000000000000198 .LVL22
     /tmp/cc9ghjxq.s:222    .text:0000000000000124 .LVL12
     /tmp/cc9ghjxq.s:227    .text:0000000000000130 .LVL13
     /tmp/cc9ghjxq.s:300    .text:00000000000001b0 .LVL24
     /tmp/cc9ghjxq.s:2285   .debug_str:0000000000000113 .LASF37
     /tmp/cc9ghjxq.s:2255   .debug_str:000000000000003e .LASF38
     /tmp/cc9ghjxq.s:165    .text:0000000000000108 .LFE30
     /tmp/cc9ghjxq.s:116    .text:00000000000000a4 .LVL7
     /tmp/cc9ghjxq.s:122    .text:00000000000000b4 .LVL8
     /tmp/cc9ghjxq.s:150    .text:00000000000000e8 .LVL9
     /tmp/cc9ghjxq.s:158    .text:00000000000000fc .LVL10
     /tmp/cc9ghjxq.s:162    .text:0000000000000108 .LVL11
     /tmp/cc9ghjxq.s:2369   .debug_str:000000000000046b .LASF62
     /tmp/cc9ghjxq.s:2363   .debug_str:000000000000043c .LASF63
     /tmp/cc9ghjxq.s:10     .text:0000000000000000 .LFB29
     /tmp/cc9ghjxq.s:75     .text:0000000000000070 .LFE29
     /tmp/cc9ghjxq.s:2188   .debug_loc:0000000000000284 .LLST0
     /tmp/cc9ghjxq.s:42     .text:0000000000000038 .LVL2
GAS LISTING /tmp/cc9ghjxq.s 			page 24


     /tmp/cc9ghjxq.s:47     .text:0000000000000048 .LVL3
     /tmp/cc9ghjxq.s:72     .text:000000000000006c .LVL6
     /tmp/cc9ghjxq.s:2319   .debug_str:0000000000000223 .LASF39
     /tmp/cc9ghjxq.s:2301   .debug_str:000000000000018c .LASF40
     /tmp/cc9ghjxq.s:2359   .debug_str:0000000000000423 .LASF41
     /tmp/cc9ghjxq.s:2293   .debug_str:0000000000000140 .LASF42
     /tmp/cc9ghjxq.s:2373   .debug_str:0000000000000482 .LASF43
     /tmp/cc9ghjxq.s:2345   .debug_str:00000000000002f2 .LASF44
     /tmp/cc9ghjxq.s:2309   .debug_str:00000000000001c3 .LASF45
     /tmp/cc9ghjxq.s:2371   .debug_str:0000000000000475 .LASF46
     /tmp/cc9ghjxq.s:2375   .debug_str:0000000000000492 .LASF47
     /tmp/cc9ghjxq.s:2349   .debug_str:000000000000030f .LASF48
     /tmp/cc9ghjxq.s:2299   .debug_str:000000000000017d .LASF64
     /tmp/cc9ghjxq.s:2277   .debug_str:00000000000000d5 .LASF65
     /tmp/cc9ghjxq.s:2291   .debug_str:000000000000012b .LASF49
     /tmp/cc9ghjxq.s:2273   .debug_str:00000000000000b5 .LASF50
     /tmp/cc9ghjxq.s:592    .text:000000000000037c .LVL58
     /tmp/cc9ghjxq.s:608    .text:000000000000039c .LVL59
     /tmp/cc9ghjxq.s:631    .text:00000000000003d0 .LVL61
     /tmp/cc9ghjxq.s:635    .text:00000000000003d8 .LVL62
     /tmp/cc9ghjxq.s:492    .text:00000000000002e0 .LVL45
     /tmp/cc9ghjxq.s:573    .text:0000000000000374 .LVL57
     /tmp/cc9ghjxq.s:524    .text:000000000000030c .LVL50
     /tmp/cc9ghjxq.s:550    .text:0000000000000348 .LVL54
     /tmp/cc9ghjxq.s:498    .text:00000000000002e4 .LVL46
     /tmp/cc9ghjxq.s:508    .text:00000000000002f4 .LVL47
     /tmp/cc9ghjxq.s:517    .text:0000000000000308 .LVL49
     /tmp/cc9ghjxq.s:360    .text:0000000000000204 .LVL29
     /tmp/cc9ghjxq.s:441    .text:0000000000000298 .LVL41
     /tmp/cc9ghjxq.s:392    .text:0000000000000230 .LVL34
     /tmp/cc9ghjxq.s:418    .text:000000000000026c .LVL38
     /tmp/cc9ghjxq.s:366    .text:0000000000000208 .LVL30
     /tmp/cc9ghjxq.s:376    .text:0000000000000218 .LVL31
     /tmp/cc9ghjxq.s:385    .text:000000000000022c .LVL33
     /tmp/cc9ghjxq.s:233    .text:0000000000000138 .LVL14
     /tmp/cc9ghjxq.s:309    .text:00000000000001bc .LVL25
     /tmp/cc9ghjxq.s:265    .text:0000000000000164 .LVL19
     /tmp/cc9ghjxq.s:291    .text:00000000000001a0 .LVL23
     /tmp/cc9ghjxq.s:239    .text:000000000000013c .LVL15
     /tmp/cc9ghjxq.s:249    .text:000000000000014c .LVL16
     /tmp/cc9ghjxq.s:258    .text:0000000000000160 .LVL18
     /tmp/cc9ghjxq.s:14     .text:0000000000000000 .LVL0
     /tmp/cc9ghjxq.s:36     .text:000000000000002c .LVL1
     /tmp/cc9ghjxq.s:60     .text:0000000000000058 .LVL4
     /tmp/cc9ghjxq.s:66     .text:0000000000000064 .LVL5
     /tmp/cc9ghjxq.s:668    .debug_info:0000000000000000 .Ldebug_info0
     /tmp/cc9ghjxq.s:236    .text:0000000000000138 .LBB4
     /tmp/cc9ghjxq.s:261    .text:0000000000000160 .LBE4
     /tmp/cc9ghjxq.s:287    .text:0000000000000198 .LBB6
     /tmp/cc9ghjxq.s:293    .text:00000000000001a0 .LBE6
     /tmp/cc9ghjxq.s:363    .text:0000000000000204 .LBB10
     /tmp/cc9ghjxq.s:388    .text:000000000000022c .LBE10
     /tmp/cc9ghjxq.s:414    .text:0000000000000264 .LBB12
     /tmp/cc9ghjxq.s:420    .text:000000000000026c .LBE12
     /tmp/cc9ghjxq.s:495    .text:00000000000002e0 .LBB16
     /tmp/cc9ghjxq.s:520    .text:0000000000000308 .LBE16
     /tmp/cc9ghjxq.s:546    .text:0000000000000340 .LBB18
GAS LISTING /tmp/cc9ghjxq.s 			page 25


     /tmp/cc9ghjxq.s:552    .text:0000000000000348 .LBE18
     /tmp/cc9ghjxq.s:168    .gcc_except_table:0000000000000000 .LLSDA30

UNDEFINED SYMBOLS
_Z15thread_dispatchv
_Znwm
_ZN9SemaphoreC1Ej
_Z12pprintStringPKc
_ZdlPv
_Unwind_Resume
__gxx_personality_v0
_Z10time_sleepm
_Z12printIntegerm
_ZN9Semaphore4waitEv
_ZN9Semaphore6signalEv
_ZN14PeriodicThread9terminateEv
